[ 2017-05-29T13:21:09+08:00 ] ::1 /work/
INFO: [ app_init ] --START--
INFO: Run Behavior\BuildLiteBehavior [ RunTime:0.000021s ]
INFO: [ app_init ] --END-- [ RunTime:0.000763s ]
INFO: [ app_begin ] --START--
INFO: Run Behavior\ReadHtmlCacheBehavior [ RunTime:0.001321s ]
INFO: [ app_begin ] --END-- [ RunTime:0.001389s ]
INFO: [ view_parse ] --START--
INFO: [ template_filter ] --START--
INFO: Run Behavior\ContentReplaceBehavior [ RunTime:0.000084s ]
INFO: [ template_filter ] --END-- [ RunTime:0.000130s ]
NOTIC: [8] Undefined variable: login /Users/hunkhe/Desktop/hf161028/work/Application/Runtime/Cache/Home/3c2cb086f96d013b5e3406943f509c9c.php 第 175 行.
INFO: Run Behavior\ParseTemplateBehavior [ RunTime:0.023969s ]
INFO: [ view_parse ] --END-- [ RunTime:0.024022s ]
INFO: [ view_filter ] --START--
INFO: Run Behavior\WriteHtmlCacheBehavior [ RunTime:0.001620s ]
INFO: [ view_filter ] --END-- [ RunTime:0.001674s ]
NOTIC: [2] Cannot modify header information - headers already sent by (output started at /Users/hunkhe/Desktop/hf161028/work/Application/Home/Controller/UserController.class.php:13) /Users/hunkhe/Desktop/hf161028/work/ThinkPHP/Library/Think/View.class.php 第 91 行.
NOTIC: [2] Cannot modify header information - headers already sent by (output started at /Users/hunkhe/Desktop/hf161028/work/Application/Home/Controller/UserController.class.php:13) /Users/hunkhe/Desktop/hf161028/work/ThinkPHP/Library/Think/View.class.php 第 92 行.
NOTIC: [2] Cannot modify header information - headers already sent by (output started at /Users/hunkhe/Desktop/hf161028/work/Application/Home/Controller/UserController.class.php:13) /Users/hunkhe/Desktop/hf161028/work/ThinkPHP/Library/Think/View.class.php 第 93 行.
INFO: [ app_end ] --START--
INFO: Run Behavior\ShowPageTraceBehavior [ RunTime:0.002047s ]
INFO: [ app_end ] --END-- [ RunTime:0.002108s ]

[ 2017-05-29T13:24:01+08:00 ] ::1 /work/
INFO: [ app_init ] --START--
INFO: Run Behavior\BuildLiteBehavior [ RunTime:0.000013s ]
INFO: [ app_init ] --END-- [ RunTime:0.000427s ]
INFO: [ app_begin ] --START--
INFO: Run Behavior\ReadHtmlCacheBehavior [ RunTime:0.000478s ]
INFO: [ app_begin ] --END-- [ RunTime:0.000512s ]
INFO: [ view_parse ] --START--
INFO: [ template_filter ] --START--
INFO: Run Behavior\ContentReplaceBehavior [ RunTime:0.000076s ]
INFO: [ template_filter ] --END-- [ RunTime:0.000117s ]
NOTIC: [8] Undefined variable: login /Users/hunkhe/Desktop/hf161028/work/Application/Runtime/Cache/Home/3c2cb086f96d013b5e3406943f509c9c.php 第 175 行.
INFO: Run Behavior\ParseTemplateBehavior [ RunTime:0.007764s ]
INFO: [ view_parse ] --END-- [ RunTime:0.007815s ]
INFO: [ view_filter ] --START--
INFO: Run Behavior\WriteHtmlCacheBehavior [ RunTime:0.000150s ]
INFO: [ view_filter ] --END-- [ RunTime:0.000178s ]
NOTIC: [2] Cannot modify header information - headers already sent by (output started at /Users/hunkhe/Desktop/hf161028/work/Application/Home/Controller/UserController.class.php:13) /Users/hunkhe/Desktop/hf161028/work/ThinkPHP/Library/Think/View.class.php 第 91 行.
NOTIC: [2] Cannot modify header information - headers already sent by (output started at /Users/hunkhe/Desktop/hf161028/work/Application/Home/Controller/UserController.class.php:13) /Users/hunkhe/Desktop/hf161028/work/ThinkPHP/Library/Think/View.class.php 第 92 行.
NOTIC: [2] Cannot modify header information - headers already sent by (output started at /Users/hunkhe/Desktop/hf161028/work/Application/Home/Controller/UserController.class.php:13) /Users/hunkhe/Desktop/hf161028/work/ThinkPHP/Library/Think/View.class.php 第 93 行.
INFO: [ app_end ] --START--
INFO: Run Behavior\ShowPageTraceBehavior [ RunTime:0.000628s ]
INFO: [ app_end ] --END-- [ RunTime:0.000677s ]

[ 2017-05-29T13:24:02+08:00 ] ::1 /work/
INFO: [ app_init ] --START--
INFO: Run Behavior\BuildLiteBehavior [ RunTime:0.000022s ]
INFO: [ app_init ] --END-- [ RunTime:0.000694s ]
INFO: [ app_begin ] --START--
INFO: Run Behavior\ReadHtmlCacheBehavior [ RunTime:0.000731s ]
INFO: [ app_begin ] --END-- [ RunTime:0.000791s ]
INFO: [ view_parse ] --START--
INFO: [ template_filter ] --START--
INFO: Run Behavior\ContentReplaceBehavior [ RunTime:0.000067s ]
INFO: [ template_filter ] --END-- [ RunTime:0.000107s ]
NOTIC: [8] Undefined variable: login /Users/hunkhe/Desktop/hf161028/work/Application/Runtime/Cache/Home/3c2cb086f96d013b5e3406943f509c9c.php 第 175 行.
INFO: Run Behavior\ParseTemplateBehavior [ RunTime:0.007863s ]
INFO: [ view_parse ] --END-- [ RunTime:0.007909s ]
INFO: [ view_filter ] --START--
INFO: Run Behavior\WriteHtmlCacheBehavior [ RunTime:0.000155s ]
INFO: [ view_filter ] --END-- [ RunTime:0.000184s ]
NOTIC: [2] Cannot modify header information - headers already sent by (output started at /Users/hunkhe/Desktop/hf161028/work/Application/Home/Controller/UserController.class.php:13) /Users/hunkhe/Desktop/hf161028/work/ThinkPHP/Library/Think/View.class.php 第 91 行.
NOTIC: [2] Cannot modify header information - headers already sent by (output started at /Users/hunkhe/Desktop/hf161028/work/Application/Home/Controller/UserController.class.php:13) /Users/hunkhe/Desktop/hf161028/work/ThinkPHP/Library/Think/View.class.php 第 92 行.
NOTIC: [2] Cannot modify header information - headers already sent by (output started at /Users/hunkhe/Desktop/hf161028/work/Application/Home/Controller/UserController.class.php:13) /Users/hunkhe/Desktop/hf161028/work/ThinkPHP/Library/Think/View.class.php 第 93 行.
INFO: [ app_end ] --START--
INFO: Run Behavior\ShowPageTraceBehavior [ RunTime:0.000470s ]
INFO: [ app_end ] --END-- [ RunTime:0.000499s ]

[ 2017-05-29T13:26:12+08:00 ] ::1 /work/home
INFO: [ app_init ] --START--
INFO: Run Behavior\BuildLiteBehavior [ RunTime:0.000019s ]
INFO: [ app_init ] --END-- [ RunTime:0.000687s ]
INFO: [ app_begin ] --START--
INFO: Run Behavior\ReadHtmlCacheBehavior [ RunTime:0.000897s ]
INFO: [ app_begin ] --END-- [ RunTime:0.000997s ]
ERR: 无法加载控制器:Home

[ 2017-05-29T13:27:57+08:00 ] ::1 /work/
INFO: [ app_init ] --START--
INFO: Run Behavior\BuildLiteBehavior [ RunTime:0.000025s ]
INFO: [ app_init ] --END-- [ RunTime:0.000483s ]
INFO: [ app_begin ] --START--
INFO: Run Behavior\ReadHtmlCacheBehavior [ RunTime:0.000497s ]
INFO: [ app_begin ] --END-- [ RunTime:0.000538s ]
INFO: [ view_parse ] --START--
INFO: [ template_filter ] --START--
INFO: Run Behavior\ContentReplaceBehavior [ RunTime:0.000121s ]
INFO: [ template_filter ] --END-- [ RunTime:0.000179s ]
NOTIC: [8] Undefined variable: login /Users/hunkhe/Desktop/hf161028/work/Application/Runtime/Cache/Home/3c2cb086f96d013b5e3406943f509c9c.php 第 175 行.
INFO: Run Behavior\ParseTemplateBehavior [ RunTime:0.013098s ]
INFO: [ view_parse ] --END-- [ RunTime:0.013148s ]
INFO: [ view_filter ] --START--
INFO: Run Behavior\WriteHtmlCacheBehavior [ RunTime:0.000195s ]
INFO: [ view_filter ] --END-- [ RunTime:0.000222s ]
NOTIC: [2] Cannot modify header information - headers already sent by (output started at /Users/hunkhe/Desktop/hf161028/work/Application/Home/Controller/UserController.class.php:13) /Users/hunkhe/Desktop/hf161028/work/ThinkPHP/Library/Think/View.class.php 第 91 行.
NOTIC: [2] Cannot modify header information - headers already sent by (output started at /Users/hunkhe/Desktop/hf161028/work/Application/Home/Controller/UserController.class.php:13) /Users/hunkhe/Desktop/hf161028/work/ThinkPHP/Library/Think/View.class.php 第 92 行.
NOTIC: [2] Cannot modify header information - headers already sent by (output started at /Users/hunkhe/Desktop/hf161028/work/Application/Home/Controller/UserController.class.php:13) /Users/hunkhe/Desktop/hf161028/work/ThinkPHP/Library/Think/View.class.php 第 93 行.
INFO: [ app_end ] --START--
INFO: Run Behavior\ShowPageTraceBehavior [ RunTime:0.000505s ]
INFO: [ app_end ] --END-- [ RunTime:0.000534s ]

[ 2017-05-29T13:29:37+08:00 ] ::1 /work/
INFO: [ app_init ] --START--
INFO: Run Behavior\BuildLiteBehavior [ RunTime:0.000036s ]
INFO: [ app_init ] --END-- [ RunTime:0.000750s ]
INFO: [ app_begin ] --START--
INFO: Run Behavior\ReadHtmlCacheBehavior [ RunTime:0.000779s ]
INFO: [ app_begin ] --END-- [ RunTime:0.000854s ]
INFO: [ view_parse ] --START--
INFO: [ template_filter ] --START--
INFO: Run Behavior\ContentReplaceBehavior [ RunTime:0.000108s ]
INFO: [ template_filter ] --END-- [ RunTime:0.000161s ]
NOTIC: [8] Undefined variable: login /Users/hunkhe/Desktop/hf161028/work/Application/Runtime/Cache/Home/3c2cb086f96d013b5e3406943f509c9c.php 第 175 行.
INFO: Run Behavior\ParseTemplateBehavior [ RunTime:0.010482s ]
INFO: [ view_parse ] --END-- [ RunTime:0.010564s ]
INFO: [ view_filter ] --START--
INFO: Run Behavior\WriteHtmlCacheBehavior [ RunTime:0.000368s ]
INFO: [ view_filter ] --END-- [ RunTime:0.000431s ]
NOTIC: [2] Cannot modify header information - headers already sent by (output started at /Users/hunkhe/Desktop/hf161028/work/Application/Home/Controller/UserController.class.php:13) /Users/hunkhe/Desktop/hf161028/work/ThinkPHP/Library/Think/View.class.php 第 91 行.
NOTIC: [2] Cannot modify header information - headers already sent by (output started at /Users/hunkhe/Desktop/hf161028/work/Application/Home/Controller/UserController.class.php:13) /Users/hunkhe/Desktop/hf161028/work/ThinkPHP/Library/Think/View.class.php 第 92 行.
NOTIC: [2] Cannot modify header information - headers already sent by (output started at /Users/hunkhe/Desktop/hf161028/work/Application/Home/Controller/UserController.class.php:13) /Users/hunkhe/Desktop/hf161028/work/ThinkPHP/Library/Think/View.class.php 第 93 行.
INFO: [ app_end ] --START--
INFO: Run Behavior\ShowPageTraceBehavior [ RunTime:0.000953s ]
INFO: [ app_end ] --END-- [ RunTime:0.001009s ]

[ 2017-05-29T13:29:38+08:00 ] ::1 /work/
INFO: [ app_init ] --START--
INFO: Run Behavior\BuildLiteBehavior [ RunTime:0.000023s ]
INFO: [ app_init ] --END-- [ RunTime:0.001009s ]
INFO: [ app_begin ] --START--
INFO: Run Behavior\ReadHtmlCacheBehavior [ RunTime:0.000794s ]
INFO: [ app_begin ] --END-- [ RunTime:0.000871s ]
INFO: [ view_parse ] --START--
INFO: [ template_filter ] --START--
INFO: Run Behavior\ContentReplaceBehavior [ RunTime:0.000100s ]
INFO: [ template_filter ] --END-- [ RunTime:0.000191s ]
NOTIC: [8] Undefined variable: login /Users/hunkhe/Desktop/hf161028/work/Application/Runtime/Cache/Home/3c2cb086f96d013b5e3406943f509c9c.php 第 175 行.
INFO: Run Behavior\ParseTemplateBehavior [ RunTime:0.012387s ]
INFO: [ view_parse ] --END-- [ RunTime:0.012451s ]
INFO: [ view_filter ] --START--
INFO: Run Behavior\WriteHtmlCacheBehavior [ RunTime:0.000250s ]
INFO: [ view_filter ] --END-- [ RunTime:0.000326s ]
NOTIC: [2] Cannot modify header information - headers already sent by (output started at /Users/hunkhe/Desktop/hf161028/work/Application/Home/Controller/UserController.class.php:13) /Users/hunkhe/Desktop/hf161028/work/ThinkPHP/Library/Think/View.class.php 第 91 行.
NOTIC: [2] Cannot modify header information - headers already sent by (output started at /Users/hunkhe/Desktop/hf161028/work/Application/Home/Controller/UserController.class.php:13) /Users/hunkhe/Desktop/hf161028/work/ThinkPHP/Library/Think/View.class.php 第 92 行.
NOTIC: [2] Cannot modify header information - headers already sent by (output started at /Users/hunkhe/Desktop/hf161028/work/Application/Home/Controller/UserController.class.php:13) /Users/hunkhe/Desktop/hf161028/work/ThinkPHP/Library/Think/View.class.php 第 93 行.
INFO: [ app_end ] --START--
INFO: Run Behavior\ShowPageTraceBehavior [ RunTime:0.000874s ]
INFO: [ app_end ] --END-- [ RunTime:0.000937s ]

[ 2017-05-29T13:39:16+08:00 ] ::1 /work/
INFO: [ app_init ] --START--
INFO: Run Behavior\BuildLiteBehavior [ RunTime:0.000016s ]
INFO: [ app_init ] --END-- [ RunTime:0.000379s ]
INFO: [ app_begin ] --START--
INFO: Run Behavior\ReadHtmlCacheBehavior [ RunTime:0.000499s ]
INFO: [ app_begin ] --END-- [ RunTime:0.000544s ]
INFO: [ view_parse ] --START--
INFO: [ template_filter ] --START--
INFO: Run Behavior\ContentReplaceBehavior [ RunTime:0.000068s ]
INFO: [ template_filter ] --END-- [ RunTime:0.000111s ]
NOTIC: [8] Undefined variable: login /Users/hunkhe/Desktop/hf161028/work/Application/Runtime/Cache/Home/3c2cb086f96d013b5e3406943f509c9c.php 第 175 行.
INFO: Run Behavior\ParseTemplateBehavior [ RunTime:0.006830s ]
INFO: [ view_parse ] --END-- [ RunTime:0.006896s ]
INFO: [ view_filter ] --START--
INFO: Run Behavior\WriteHtmlCacheBehavior [ RunTime:0.000143s ]
INFO: [ view_filter ] --END-- [ RunTime:0.000171s ]
NOTIC: [2] Cannot modify header information - headers already sent by (output started at /Users/hunkhe/Desktop/hf161028/work/Application/Home/Controller/UserController.class.php:13) /Users/hunkhe/Desktop/hf161028/work/ThinkPHP/Library/Think/View.class.php 第 91 行.
NOTIC: [2] Cannot modify header information - headers already sent by (output started at /Users/hunkhe/Desktop/hf161028/work/Application/Home/Controller/UserController.class.php:13) /Users/hunkhe/Desktop/hf161028/work/ThinkPHP/Library/Think/View.class.php 第 92 行.
NOTIC: [2] Cannot modify header information - headers already sent by (output started at /Users/hunkhe/Desktop/hf161028/work/Application/Home/Controller/UserController.class.php:13) /Users/hunkhe/Desktop/hf161028/work/ThinkPHP/Library/Think/View.class.php 第 93 行.
INFO: [ app_end ] --START--
INFO: Run Behavior\ShowPageTraceBehavior [ RunTime:0.000488s ]
INFO: [ app_end ] --END-- [ RunTime:0.000518s ]

[ 2017-05-29T16:09:16+08:00 ] ::1 /work/
INFO: [ app_init ] --START--
INFO: Run Behavior\BuildLiteBehavior [ RunTime:0.000020s ]
INFO: [ app_init ] --END-- [ RunTime:0.001056s ]
INFO: [ app_begin ] --START--
INFO: Run Behavior\ReadHtmlCacheBehavior [ RunTime:0.000708s ]
INFO: [ app_begin ] --END-- [ RunTime:0.000768s ]
NOTIC: [2] Redis::connect(): connect() failed: Connection refused /Users/hunkhe/Desktop/hf161028/work/ThinkPHP/Library/Think/Cache/Driver/Redis.class.php 第 43 行.
ERR: Redis server went away

[ 2017-05-29T16:09:53+08:00 ] ::1 /work/
INFO: [ app_init ] --START--
INFO: Run Behavior\BuildLiteBehavior [ RunTime:0.000022s ]
INFO: [ app_init ] --END-- [ RunTime:0.000433s ]
INFO: [ app_begin ] --START--
INFO: Run Behavior\ReadHtmlCacheBehavior [ RunTime:0.000431s ]
INFO: [ app_begin ] --END-- [ RunTime:0.000465s ]
INFO: [ view_parse ] --START--
INFO: [ template_filter ] --START--
INFO: Run Behavior\ContentReplaceBehavior [ RunTime:0.000214s ]
INFO: [ template_filter ] --END-- [ RunTime:0.000313s ]
NOTIC: [8] Undefined variable: login /Users/hunkhe/Desktop/hf161028/work/Application/Runtime/Cache/Home/3c2cb086f96d013b5e3406943f509c9c.php 第 175 行.
INFO: Run Behavior\ParseTemplateBehavior [ RunTime:0.038359s ]
INFO: [ view_parse ] --END-- [ RunTime:0.038423s ]
INFO: [ view_filter ] --START--
INFO: Run Behavior\WriteHtmlCacheBehavior [ RunTime:0.001677s ]
INFO: [ view_filter ] --END-- [ RunTime:0.001756s ]
NOTIC: [2] Cannot modify header information - headers already sent by (output started at /Users/hunkhe/Desktop/hf161028/work/Application/Home/Controller/UserController.class.php:13) /Users/hunkhe/Desktop/hf161028/work/ThinkPHP/Library/Think/View.class.php 第 91 行.
NOTIC: [2] Cannot modify header information - headers already sent by (output started at /Users/hunkhe/Desktop/hf161028/work/Application/Home/Controller/UserController.class.php:13) /Users/hunkhe/Desktop/hf161028/work/ThinkPHP/Library/Think/View.class.php 第 92 行.
NOTIC: [2] Cannot modify header information - headers already sent by (output started at /Users/hunkhe/Desktop/hf161028/work/Application/Home/Controller/UserController.class.php:13) /Users/hunkhe/Desktop/hf161028/work/ThinkPHP/Library/Think/View.class.php 第 93 行.
INFO: [ app_end ] --START--
INFO: Run Behavior\ShowPageTraceBehavior [ RunTime:0.002428s ]
INFO: [ app_end ] --END-- [ RunTime:0.002844s ]

[ 2017-05-29T16:20:05+08:00 ] ::1 /work/
INFO: [ app_init ] --START--
INFO: Run Behavior\BuildLiteBehavior [ RunTime:0.000072s ]
INFO: [ app_init ] --END-- [ RunTime:0.001275s ]
INFO: [ app_begin ] --START--
INFO: Run Behavior\ReadHtmlCacheBehavior [ RunTime:0.000564s ]
INFO: [ app_begin ] --END-- [ RunTime:0.000609s ]
INFO: [ view_parse ] --START--
INFO: [ template_filter ] --START--
INFO: Run Behavior\ContentReplaceBehavior [ RunTime:0.000100s ]
INFO: [ template_filter ] --END-- [ RunTime:0.000149s ]
NOTIC: [8] Undefined variable: login /Users/hunkhe/Desktop/hf161028/work/Application/Runtime/Cache/Home/3c2cb086f96d013b5e3406943f509c9c.php 第 175 行.
INFO: Run Behavior\ParseTemplateBehavior [ RunTime:0.012335s ]
INFO: [ view_parse ] --END-- [ RunTime:0.012379s ]
INFO: [ view_filter ] --START--
INFO: Run Behavior\WriteHtmlCacheBehavior [ RunTime:0.000187s ]
INFO: [ view_filter ] --END-- [ RunTime:0.000218s ]
NOTIC: [2] Cannot modify header information - headers already sent by (output started at /Users/hunkhe/Desktop/hf161028/work/Application/Home/Controller/UserController.class.php:13) /Users/hunkhe/Desktop/hf161028/work/ThinkPHP/Library/Think/View.class.php 第 91 行.
NOTIC: [2] Cannot modify header information - headers already sent by (output started at /Users/hunkhe/Desktop/hf161028/work/Application/Home/Controller/UserController.class.php:13) /Users/hunkhe/Desktop/hf161028/work/ThinkPHP/Library/Think/View.class.php 第 92 行.
NOTIC: [2] Cannot modify header information - headers already sent by (output started at /Users/hunkhe/Desktop/hf161028/work/Application/Home/Controller/UserController.class.php:13) /Users/hunkhe/Desktop/hf161028/work/ThinkPHP/Library/Think/View.class.php 第 93 行.
INFO: [ app_end ] --START--
INFO: Run Behavior\ShowPageTraceBehavior [ RunTime:0.000550s ]
INFO: [ app_end ] --END-- [ RunTime:0.000584s ]

[ 2017-05-29T16:25:06+08:00 ] ::1 /work/
INFO: [ app_init ] --START--
INFO: Run Behavior\BuildLiteBehavior [ RunTime:0.000025s ]
INFO: [ app_init ] --END-- [ RunTime:0.000627s ]
INFO: [ app_begin ] --START--
INFO: Run Behavior\ReadHtmlCacheBehavior [ RunTime:0.000478s ]
INFO: [ app_begin ] --END-- [ RunTime:0.000517s ]
INFO: [ view_parse ] --START--
INFO: [ template_filter ] --START--
INFO: Run Behavior\ContentReplaceBehavior [ RunTime:0.000104s ]
INFO: [ template_filter ] --END-- [ RunTime:0.000153s ]
NOTIC: [8] Undefined variable: login /Users/hunkhe/Desktop/hf161028/work/Application/Runtime/Cache/Home/3c2cb086f96d013b5e3406943f509c9c.php 第 175 行.
INFO: Run Behavior\ParseTemplateBehavior [ RunTime:0.011343s ]
INFO: [ view_parse ] --END-- [ RunTime:0.011686s ]
INFO: [ view_filter ] --START--
INFO: Run Behavior\WriteHtmlCacheBehavior [ RunTime:0.000165s ]
INFO: [ view_filter ] --END-- [ RunTime:0.000194s ]
NOTIC: [2] Cannot modify header information - headers already sent by (output started at /Users/hunkhe/Desktop/hf161028/work/Application/Home/Controller/UserController.class.php:13) /Users/hunkhe/Desktop/hf161028/work/ThinkPHP/Library/Think/View.class.php 第 91 行.
NOTIC: [2] Cannot modify header information - headers already sent by (output started at /Users/hunkhe/Desktop/hf161028/work/Application/Home/Controller/UserController.class.php:13) /Users/hunkhe/Desktop/hf161028/work/ThinkPHP/Library/Think/View.class.php 第 92 行.
NOTIC: [2] Cannot modify header information - headers already sent by (output started at /Users/hunkhe/Desktop/hf161028/work/Application/Home/Controller/UserController.class.php:13) /Users/hunkhe/Desktop/hf161028/work/ThinkPHP/Library/Think/View.class.php 第 93 行.
INFO: [ app_end ] --START--
INFO: Run Behavior\ShowPageTraceBehavior [ RunTime:0.000545s ]
INFO: [ app_end ] --END-- [ RunTime:0.000579s ]

[ 2017-05-29T16:25:31+08:00 ] ::1 /work/
INFO: [ app_init ] --START--
INFO: Run Behavior\BuildLiteBehavior [ RunTime:0.000023s ]
INFO: [ app_init ] --END-- [ RunTime:0.000462s ]
INFO: [ app_begin ] --START--
INFO: Run Behavior\ReadHtmlCacheBehavior [ RunTime:0.000993s ]
INFO: [ app_begin ] --END-- [ RunTime:0.001047s ]
INFO: [ view_parse ] --START--
INFO: [ template_filter ] --START--
INFO: Run Behavior\ContentReplaceBehavior [ RunTime:0.000145s ]
INFO: [ template_filter ] --END-- [ RunTime:0.000221s ]
NOTIC: [8] Undefined variable: login /Users/hunkhe/Desktop/hf161028/work/Application/Runtime/Cache/Home/3c2cb086f96d013b5e3406943f509c9c.php 第 175 行.
INFO: Run Behavior\ParseTemplateBehavior [ RunTime:0.014787s ]
INFO: [ view_parse ] --END-- [ RunTime:0.014857s ]
INFO: [ view_filter ] --START--
INFO: Run Behavior\WriteHtmlCacheBehavior [ RunTime:0.000231s ]
INFO: [ view_filter ] --END-- [ RunTime:0.000269s ]
NOTIC: [2] Cannot modify header information - headers already sent by (output started at /Users/hunkhe/Desktop/hf161028/work/Application/Home/Controller/UserController.class.php:13) /Users/hunkhe/Desktop/hf161028/work/ThinkPHP/Library/Think/View.class.php 第 91 行.
NOTIC: [2] Cannot modify header information - headers already sent by (output started at /Users/hunkhe/Desktop/hf161028/work/Application/Home/Controller/UserController.class.php:13) /Users/hunkhe/Desktop/hf161028/work/ThinkPHP/Library/Think/View.class.php 第 92 行.
NOTIC: [2] Cannot modify header information - headers already sent by (output started at /Users/hunkhe/Desktop/hf161028/work/Application/Home/Controller/UserController.class.php:13) /Users/hunkhe/Desktop/hf161028/work/ThinkPHP/Library/Think/View.class.php 第 93 行.
INFO: [ app_end ] --START--
INFO: Run Behavior\ShowPageTraceBehavior [ RunTime:0.000571s ]
INFO: [ app_end ] --END-- [ RunTime:0.000604s ]

[ 2017-05-29T16:26:26+08:00 ] ::1 /work/
INFO: [ app_init ] --START--
INFO: Run Behavior\BuildLiteBehavior [ RunTime:0.000052s ]
INFO: [ app_init ] --END-- [ RunTime:0.000873s ]
INFO: [ app_begin ] --START--
INFO: Run Behavior\ReadHtmlCacheBehavior [ RunTime:0.000826s ]
INFO: [ app_begin ] --END-- [ RunTime:0.000910s ]
INFO: [ view_parse ] --START--
INFO: [ template_filter ] --START--
INFO: Run Behavior\ContentReplaceBehavior [ RunTime:0.000189s ]
INFO: [ template_filter ] --END-- [ RunTime:0.000290s ]
NOTIC: [8] Undefined variable: login /Users/hunkhe/Desktop/hf161028/work/Application/Runtime/Cache/Home/3c2cb086f96d013b5e3406943f509c9c.php 第 175 行.
INFO: Run Behavior\ParseTemplateBehavior [ RunTime:0.013171s ]
INFO: [ view_parse ] --END-- [ RunTime:0.013222s ]
INFO: [ view_filter ] --START--
INFO: Run Behavior\WriteHtmlCacheBehavior [ RunTime:0.000461s ]
INFO: [ view_filter ] --END-- [ RunTime:0.000530s ]
NOTIC: [2] Cannot modify header information - headers already sent by (output started at /Users/hunkhe/Desktop/hf161028/work/Application/Home/Controller/UserController.class.php:13) /Users/hunkhe/Desktop/hf161028/work/ThinkPHP/Library/Think/View.class.php 第 91 行.
NOTIC: [2] Cannot modify header information - headers already sent by (output started at /Users/hunkhe/Desktop/hf161028/work/Application/Home/Controller/UserController.class.php:13) /Users/hunkhe/Desktop/hf161028/work/ThinkPHP/Library/Think/View.class.php 第 92 行.
NOTIC: [2] Cannot modify header information - headers already sent by (output started at /Users/hunkhe/Desktop/hf161028/work/Application/Home/Controller/UserController.class.php:13) /Users/hunkhe/Desktop/hf161028/work/ThinkPHP/Library/Think/View.class.php 第 93 行.
INFO: [ app_end ] --START--
INFO: Run Behavior\ShowPageTraceBehavior [ RunTime:0.000622s ]
INFO: [ app_end ] --END-- [ RunTime:0.000665s ]

[ 2017-05-29T16:26:38+08:00 ] ::1 /work/
INFO: [ app_init ] --START--
INFO: Run Behavior\BuildLiteBehavior [ RunTime:0.000023s ]
INFO: [ app_init ] --END-- [ RunTime:0.000573s ]
INFO: [ app_begin ] --START--
INFO: Run Behavior\ReadHtmlCacheBehavior [ RunTime:0.000660s ]
INFO: [ app_begin ] --END-- [ RunTime:0.000718s ]
INFO: [ view_parse ] --START--
INFO: [ template_filter ] --START--
INFO: Run Behavior\ContentReplaceBehavior [ RunTime:0.000088s ]
INFO: [ template_filter ] --END-- [ RunTime:0.000136s ]
NOTIC: [8] Undefined variable: login /Users/hunkhe/Desktop/hf161028/work/Application/Runtime/Cache/Home/3c2cb086f96d013b5e3406943f509c9c.php 第 175 行.
INFO: Run Behavior\ParseTemplateBehavior [ RunTime:0.009499s ]
INFO: [ view_parse ] --END-- [ RunTime:0.009539s ]
INFO: [ view_filter ] --START--
INFO: Run Behavior\WriteHtmlCacheBehavior [ RunTime:0.000166s ]
INFO: [ view_filter ] --END-- [ RunTime:0.000195s ]
NOTIC: [2] Cannot modify header information - headers already sent by (output started at /Users/hunkhe/Desktop/hf161028/work/Application/Home/Controller/UserController.class.php:13) /Users/hunkhe/Desktop/hf161028/work/ThinkPHP/Library/Think/View.class.php 第 91 行.
NOTIC: [2] Cannot modify header information - headers already sent by (output started at /Users/hunkhe/Desktop/hf161028/work/Application/Home/Controller/UserController.class.php:13) /Users/hunkhe/Desktop/hf161028/work/ThinkPHP/Library/Think/View.class.php 第 92 行.
NOTIC: [2] Cannot modify header information - headers already sent by (output started at /Users/hunkhe/Desktop/hf161028/work/Application/Home/Controller/UserController.class.php:13) /Users/hunkhe/Desktop/hf161028/work/ThinkPHP/Library/Think/View.class.php 第 93 行.
INFO: [ app_end ] --START--
INFO: Run Behavior\ShowPageTraceBehavior [ RunTime:0.000604s ]
INFO: [ app_end ] --END-- [ RunTime:0.000637s ]

[ 2017-05-29T16:26:53+08:00 ] ::1 /work/
INFO: [ app_init ] --START--
INFO: Run Behavior\BuildLiteBehavior [ RunTime:0.000012s ]
INFO: [ app_init ] --END-- [ RunTime:0.000306s ]
INFO: [ app_begin ] --START--
INFO: Run Behavior\ReadHtmlCacheBehavior [ RunTime:0.000524s ]
INFO: [ app_begin ] --END-- [ RunTime:0.000564s ]
INFO: [ view_parse ] --START--
INFO: [ template_filter ] --START--
INFO: Run Behavior\ContentReplaceBehavior [ RunTime:0.000113s ]
INFO: [ template_filter ] --END-- [ RunTime:0.000177s ]
NOTIC: [8] Undefined variable: login /Users/hunkhe/Desktop/hf161028/work/Application/Runtime/Cache/Home/3c2cb086f96d013b5e3406943f509c9c.php 第 175 行.
INFO: Run Behavior\ParseTemplateBehavior [ RunTime:0.007455s ]
INFO: [ view_parse ] --END-- [ RunTime:0.007510s ]
INFO: [ view_filter ] --START--
INFO: Run Behavior\WriteHtmlCacheBehavior [ RunTime:0.000289s ]
INFO: [ view_filter ] --END-- [ RunTime:0.000335s ]
NOTIC: [2] Cannot modify header information - headers already sent by (output started at /Users/hunkhe/Desktop/hf161028/work/Application/Home/Controller/UserController.class.php:13) /Users/hunkhe/Desktop/hf161028/work/ThinkPHP/Library/Think/View.class.php 第 91 行.
NOTIC: [2] Cannot modify header information - headers already sent by (output started at /Users/hunkhe/Desktop/hf161028/work/Application/Home/Controller/UserController.class.php:13) /Users/hunkhe/Desktop/hf161028/work/ThinkPHP/Library/Think/View.class.php 第 92 行.
NOTIC: [2] Cannot modify header information - headers already sent by (output started at /Users/hunkhe/Desktop/hf161028/work/Application/Home/Controller/UserController.class.php:13) /Users/hunkhe/Desktop/hf161028/work/ThinkPHP/Library/Think/View.class.php 第 93 行.
INFO: [ app_end ] --START--
INFO: Run Behavior\ShowPageTraceBehavior [ RunTime:0.001513s ]
INFO: [ app_end ] --END-- [ RunTime:0.001609s ]

[ 2017-05-29T16:32:33+08:00 ] ::1 /work/
INFO: [ app_init ] --START--
INFO: Run Behavior\BuildLiteBehavior [ RunTime:0.000027s ]
INFO: [ app_init ] --END-- [ RunTime:0.000737s ]
INFO: [ app_begin ] --START--
INFO: Run Behavior\ReadHtmlCacheBehavior [ RunTime:0.000729s ]
INFO: [ app_begin ] --END-- [ RunTime:0.000793s ]
INFO: [ view_parse ] --START--
INFO: [ template_filter ] --START--
INFO: Run Behavior\ContentReplaceBehavior [ RunTime:0.000097s ]
INFO: [ template_filter ] --END-- [ RunTime:0.000278s ]
NOTIC: [8] Undefined variable: login /Users/hunkhe/Desktop/hf161028/work/Application/Runtime/Cache/Home/3c2cb086f96d013b5e3406943f509c9c.php 第 175 行.
INFO: Run Behavior\ParseTemplateBehavior [ RunTime:0.008522s ]
INFO: [ view_parse ] --END-- [ RunTime:0.008570s ]
INFO: [ view_filter ] --START--
INFO: Run Behavior\WriteHtmlCacheBehavior [ RunTime:0.000175s ]
INFO: [ view_filter ] --END-- [ RunTime:0.000204s ]
NOTIC: [2] Cannot modify header information - headers already sent by (output started at /Users/hunkhe/Desktop/hf161028/work/Application/Home/Controller/UserController.class.php:13) /Users/hunkhe/Desktop/hf161028/work/ThinkPHP/Library/Think/View.class.php 第 91 行.
NOTIC: [2] Cannot modify header information - headers already sent by (output started at /Users/hunkhe/Desktop/hf161028/work/Application/Home/Controller/UserController.class.php:13) /Users/hunkhe/Desktop/hf161028/work/ThinkPHP/Library/Think/View.class.php 第 92 行.
NOTIC: [2] Cannot modify header information - headers already sent by (output started at /Users/hunkhe/Desktop/hf161028/work/Application/Home/Controller/UserController.class.php:13) /Users/hunkhe/Desktop/hf161028/work/ThinkPHP/Library/Think/View.class.php 第 93 行.
INFO: [ app_end ] --START--
INFO: Run Behavior\ShowPageTraceBehavior [ RunTime:0.000527s ]
INFO: [ app_end ] --END-- [ RunTime:0.000561s ]

[ 2017-05-29T16:32:58+08:00 ] ::1 /work/
INFO: [ app_init ] --START--
INFO: Run Behavior\BuildLiteBehavior [ RunTime:0.000021s ]
INFO: [ app_init ] --END-- [ RunTime:0.000450s ]
INFO: [ app_begin ] --START--
INFO: Run Behavior\ReadHtmlCacheBehavior [ RunTime:0.000516s ]
INFO: [ app_begin ] --END-- [ RunTime:0.000557s ]
INFO: [ view_parse ] --START--
INFO: [ template_filter ] --START--
INFO: Run Behavior\ContentReplaceBehavior [ RunTime:0.000073s ]
INFO: [ template_filter ] --END-- [ RunTime:0.000118s ]
NOTIC: [8] Undefined variable: login /Users/hunkhe/Desktop/hf161028/work/Application/Runtime/Cache/Home/3c2cb086f96d013b5e3406943f509c9c.php 第 175 行.
INFO: Run Behavior\ParseTemplateBehavior [ RunTime:0.007401s ]
INFO: [ view_parse ] --END-- [ RunTime:0.007456s ]
INFO: [ view_filter ] --START--
INFO: Run Behavior\WriteHtmlCacheBehavior [ RunTime:0.000288s ]
INFO: [ view_filter ] --END-- [ RunTime:0.000385s ]
NOTIC: [2] Cannot modify header information - headers already sent by (output started at /Users/hunkhe/Desktop/hf161028/work/Application/Home/Controller/UserController.class.php:13) /Users/hunkhe/Desktop/hf161028/work/ThinkPHP/Library/Think/View.class.php 第 91 行.
NOTIC: [2] Cannot modify header information - headers already sent by (output started at /Users/hunkhe/Desktop/hf161028/work/Application/Home/Controller/UserController.class.php:13) /Users/hunkhe/Desktop/hf161028/work/ThinkPHP/Library/Think/View.class.php 第 92 行.
NOTIC: [2] Cannot modify header information - headers already sent by (output started at /Users/hunkhe/Desktop/hf161028/work/Application/Home/Controller/UserController.class.php:13) /Users/hunkhe/Desktop/hf161028/work/ThinkPHP/Library/Think/View.class.php 第 93 行.
INFO: [ app_end ] --START--
INFO: Run Behavior\ShowPageTraceBehavior [ RunTime:0.000967s ]
INFO: [ app_end ] --END-- [ RunTime:0.001037s ]

[ 2017-05-29T16:34:07+08:00 ] ::1 /work/
INFO: [ app_init ] --START--
INFO: Run Behavior\BuildLiteBehavior [ RunTime:0.000022s ]
INFO: [ app_init ] --END-- [ RunTime:0.000466s ]
INFO: [ app_begin ] --START--
INFO: Run Behavior\ReadHtmlCacheBehavior [ RunTime:0.000505s ]
INFO: [ app_begin ] --END-- [ RunTime:0.000547s ]
INFO: [ view_parse ] --START--
INFO: [ template_filter ] --START--
INFO: Run Behavior\ContentReplaceBehavior [ RunTime:0.000126s ]
INFO: [ template_filter ] --END-- [ RunTime:0.000209s ]
NOTIC: [8] Undefined variable: login /Users/hunkhe/Desktop/hf161028/work/Application/Runtime/Cache/Home/3c2cb086f96d013b5e3406943f509c9c.php 第 175 行.
INFO: Run Behavior\ParseTemplateBehavior [ RunTime:0.013772s ]
INFO: [ view_parse ] --END-- [ RunTime:0.013836s ]
INFO: [ view_filter ] --START--
INFO: Run Behavior\WriteHtmlCacheBehavior [ RunTime:0.000291s ]
INFO: [ view_filter ] --END-- [ RunTime:0.000373s ]
NOTIC: [2] Cannot modify header information - headers already sent by (output started at /Users/hunkhe/Desktop/hf161028/work/Application/Home/Controller/UserController.class.php:13) /Users/hunkhe/Desktop/hf161028/work/ThinkPHP/Library/Think/View.class.php 第 91 行.
NOTIC: [2] Cannot modify header information - headers already sent by (output started at /Users/hunkhe/Desktop/hf161028/work/Application/Home/Controller/UserController.class.php:13) /Users/hunkhe/Desktop/hf161028/work/ThinkPHP/Library/Think/View.class.php 第 92 行.
NOTIC: [2] Cannot modify header information - headers already sent by (output started at /Users/hunkhe/Desktop/hf161028/work/Application/Home/Controller/UserController.class.php:13) /Users/hunkhe/Desktop/hf161028/work/ThinkPHP/Library/Think/View.class.php 第 93 行.
INFO: [ app_end ] --START--
INFO: Run Behavior\ShowPageTraceBehavior [ RunTime:0.000673s ]
INFO: [ app_end ] --END-- [ RunTime:0.000721s ]

[ 2017-05-29T16:36:04+08:00 ] ::1 /work/
INFO: [ app_init ] --START--
INFO: Run Behavior\BuildLiteBehavior [ RunTime:0.000012s ]
INFO: [ app_init ] --END-- [ RunTime:0.000302s ]
INFO: [ app_begin ] --START--
INFO: Run Behavior\ReadHtmlCacheBehavior [ RunTime:0.000400s ]
INFO: [ app_begin ] --END-- [ RunTime:0.000434s ]
INFO: [ view_parse ] --START--
INFO: [ template_filter ] --START--
INFO: Run Behavior\ContentReplaceBehavior [ RunTime:0.000161s ]
INFO: [ template_filter ] --END-- [ RunTime:0.000227s ]
NOTIC: [8] Undefined variable: login /Users/hunkhe/Desktop/hf161028/work/Application/Runtime/Cache/Home/3c2cb086f96d013b5e3406943f509c9c.php 第 175 行.
INFO: Run Behavior\ParseTemplateBehavior [ RunTime:0.007996s ]
INFO: [ view_parse ] --END-- [ RunTime:0.008041s ]
INFO: [ view_filter ] --START--
INFO: Run Behavior\WriteHtmlCacheBehavior [ RunTime:0.000179s ]
INFO: [ view_filter ] --END-- [ RunTime:0.000210s ]
NOTIC: [2] Cannot modify header information - headers already sent by (output started at /Users/hunkhe/Desktop/hf161028/work/Application/Home/Controller/UserController.class.php:13) /Users/hunkhe/Desktop/hf161028/work/ThinkPHP/Library/Think/View.class.php 第 91 行.
NOTIC: [2] Cannot modify header information - headers already sent by (output started at /Users/hunkhe/Desktop/hf161028/work/Application/Home/Controller/UserController.class.php:13) /Users/hunkhe/Desktop/hf161028/work/ThinkPHP/Library/Think/View.class.php 第 92 行.
NOTIC: [2] Cannot modify header information - headers already sent by (output started at /Users/hunkhe/Desktop/hf161028/work/Application/Home/Controller/UserController.class.php:13) /Users/hunkhe/Desktop/hf161028/work/ThinkPHP/Library/Think/View.class.php 第 93 行.
INFO: [ app_end ] --START--
INFO: Run Behavior\ShowPageTraceBehavior [ RunTime:0.000979s ]
INFO: [ app_end ] --END-- [ RunTime:0.001029s ]

[ 2017-05-29T16:36:08+08:00 ] ::1 /work/
INFO: [ app_init ] --START--
INFO: Run Behavior\BuildLiteBehavior [ RunTime:0.000012s ]
INFO: [ app_init ] --END-- [ RunTime:0.000307s ]
INFO: [ app_begin ] --START--
INFO: Run Behavior\ReadHtmlCacheBehavior [ RunTime:0.000406s ]
INFO: [ app_begin ] --END-- [ RunTime:0.000439s ]
INFO: [ view_parse ] --START--
INFO: [ template_filter ] --START--
INFO: Run Behavior\ContentReplaceBehavior [ RunTime:0.000068s ]
INFO: [ template_filter ] --END-- [ RunTime:0.000108s ]
NOTIC: [8] Undefined variable: login /Users/hunkhe/Desktop/hf161028/work/Application/Runtime/Cache/Home/3c2cb086f96d013b5e3406943f509c9c.php 第 175 行.
INFO: Run Behavior\ParseTemplateBehavior [ RunTime:0.006245s ]
INFO: [ view_parse ] --END-- [ RunTime:0.006304s ]
INFO: [ view_filter ] --START--
INFO: Run Behavior\WriteHtmlCacheBehavior [ RunTime:0.000285s ]
INFO: [ view_filter ] --END-- [ RunTime:0.000334s ]
NOTIC: [2] Cannot modify header information - headers already sent by (output started at /Users/hunkhe/Desktop/hf161028/work/Application/Home/Controller/UserController.class.php:13) /Users/hunkhe/Desktop/hf161028/work/ThinkPHP/Library/Think/View.class.php 第 91 行.
NOTIC: [2] Cannot modify header information - headers already sent by (output started at /Users/hunkhe/Desktop/hf161028/work/Application/Home/Controller/UserController.class.php:13) /Users/hunkhe/Desktop/hf161028/work/ThinkPHP/Library/Think/View.class.php 第 92 行.
NOTIC: [2] Cannot modify header information - headers already sent by (output started at /Users/hunkhe/Desktop/hf161028/work/Application/Home/Controller/UserController.class.php:13) /Users/hunkhe/Desktop/hf161028/work/ThinkPHP/Library/Think/View.class.php 第 93 行.
INFO: [ app_end ] --START--
INFO: Run Behavior\ShowPageTraceBehavior [ RunTime:0.000491s ]
INFO: [ app_end ] --END-- [ RunTime:0.000522s ]

[ 2017-05-29T16:38:02+08:00 ] ::1 /work/
INFO: [ app_init ] --START--
INFO: Run Behavior\BuildLiteBehavior [ RunTime:0.000032s ]
INFO: [ app_init ] --END-- [ RunTime:0.000602s ]
INFO: [ app_begin ] --START--
INFO: Run Behavior\ReadHtmlCacheBehavior [ RunTime:0.000795s ]
INFO: [ app_begin ] --END-- [ RunTime:0.000855s ]
INFO: [ view_parse ] --START--
INFO: [ template_filter ] --START--
INFO: Run Behavior\ContentReplaceBehavior [ RunTime:0.000120s ]
INFO: [ template_filter ] --END-- [ RunTime:0.000184s ]
NOTIC: [8] Undefined variable: login /Users/hunkhe/Desktop/hf161028/work/Application/Runtime/Cache/Home/3c2cb086f96d013b5e3406943f509c9c.php 第 175 行.
INFO: Run Behavior\ParseTemplateBehavior [ RunTime:0.009340s ]
INFO: [ view_parse ] --END-- [ RunTime:0.009381s ]
INFO: [ view_filter ] --START--
INFO: Run Behavior\WriteHtmlCacheBehavior [ RunTime:0.000160s ]
INFO: [ view_filter ] --END-- [ RunTime:0.000186s ]
NOTIC: [2] Cannot modify header information - headers already sent by (output started at /Users/hunkhe/Desktop/hf161028/work/Application/Home/Controller/UserController.class.php:13) /Users/hunkhe/Desktop/hf161028/work/ThinkPHP/Library/Think/View.class.php 第 91 行.
NOTIC: [2] Cannot modify header information - headers already sent by (output started at /Users/hunkhe/Desktop/hf161028/work/Application/Home/Controller/UserController.class.php:13) /Users/hunkhe/Desktop/hf161028/work/ThinkPHP/Library/Think/View.class.php 第 92 行.
NOTIC: [2] Cannot modify header information - headers already sent by (output started at /Users/hunkhe/Desktop/hf161028/work/Application/Home/Controller/UserController.class.php:13) /Users/hunkhe/Desktop/hf161028/work/ThinkPHP/Library/Think/View.class.php 第 93 行.
INFO: [ app_end ] --START--
INFO: Run Behavior\ShowPageTraceBehavior [ RunTime:0.000551s ]
INFO: [ app_end ] --END-- [ RunTime:0.000589s ]

[ 2017-05-29T16:38:05+08:00 ] ::1 /work/index.php/Home/User/userCanter.html
INFO: [ app_init ] --START--
INFO: Run Behavior\BuildLiteBehavior [ RunTime:0.000014s ]
INFO: [ app_init ] --END-- [ RunTime:0.000415s ]
INFO: [ app_begin ] --START--
INFO: Run Behavior\ReadHtmlCacheBehavior [ RunTime:0.000429s ]
INFO: [ app_begin ] --END-- [ RunTime:0.000465s ]
INFO: [ view_parse ] --START--
INFO: [ template_filter ] --START--
INFO: Run Behavior\ContentReplaceBehavior [ RunTime:0.000082s ]
INFO: [ template_filter ] --END-- [ RunTime:0.000125s ]
NOTIC: [8] Undefined variable: login /Users/hunkhe/Desktop/hf161028/work/Application/Runtime/Cache/Home/d2d5dd2d7b340acb9d664bba668cab82.php 第 222 行.
INFO: Run Behavior\ParseTemplateBehavior [ RunTime:0.007639s ]
INFO: [ view_parse ] --END-- [ RunTime:0.007670s ]
INFO: [ view_filter ] --START--
INFO: Run Behavior\WriteHtmlCacheBehavior [ RunTime:0.000147s ]
INFO: [ view_filter ] --END-- [ RunTime:0.000173s ]
INFO: [ app_end ] --START--
INFO: Run Behavior\ShowPageTraceBehavior [ RunTime:0.000765s ]
INFO: [ app_end ] --END-- [ RunTime:0.000839s ]

[ 2017-05-29T16:39:34+08:00 ] ::1 /work/
INFO: [ app_init ] --START--
INFO: Run Behavior\BuildLiteBehavior [ RunTime:0.000020s ]
INFO: [ app_init ] --END-- [ RunTime:0.000420s ]
INFO: [ app_begin ] --START--
INFO: Run Behavior\ReadHtmlCacheBehavior [ RunTime:0.000426s ]
INFO: [ app_begin ] --END-- [ RunTime:0.000460s ]
INFO: [ view_parse ] --START--
INFO: [ template_filter ] --START--
INFO: Run Behavior\ContentReplaceBehavior [ RunTime:0.000094s ]
INFO: [ template_filter ] --END-- [ RunTime:0.000138s ]
NOTIC: [8] Undefined variable: login /Users/hunkhe/Desktop/hf161028/work/Application/Runtime/Cache/Home/3c2cb086f96d013b5e3406943f509c9c.php 第 175 行.
INFO: Run Behavior\ParseTemplateBehavior [ RunTime:0.011129s ]
INFO: [ view_parse ] --END-- [ RunTime:0.011170s ]
INFO: [ view_filter ] --START--
INFO: Run Behavior\WriteHtmlCacheBehavior [ RunTime:0.000158s ]
INFO: [ view_filter ] --END-- [ RunTime:0.000184s ]
NOTIC: [2] Cannot modify header information - headers already sent by (output started at /Users/hunkhe/Desktop/hf161028/work/Application/Home/Controller/UserController.class.php:13) /Users/hunkhe/Desktop/hf161028/work/ThinkPHP/Library/Think/View.class.php 第 91 行.
NOTIC: [2] Cannot modify header information - headers already sent by (output started at /Users/hunkhe/Desktop/hf161028/work/Application/Home/Controller/UserController.class.php:13) /Users/hunkhe/Desktop/hf161028/work/ThinkPHP/Library/Think/View.class.php 第 92 行.
NOTIC: [2] Cannot modify header information - headers already sent by (output started at /Users/hunkhe/Desktop/hf161028/work/Application/Home/Controller/UserController.class.php:13) /Users/hunkhe/Desktop/hf161028/work/ThinkPHP/Library/Think/View.class.php 第 93 行.
INFO: [ app_end ] --START--
INFO: Run Behavior\ShowPageTraceBehavior [ RunTime:0.000503s ]
INFO: [ app_end ] --END-- [ RunTime:0.000542s ]

[ 2017-05-29T16:39:39+08:00 ] ::1 /work/
INFO: [ app_init ] --START--
INFO: Run Behavior\BuildLiteBehavior [ RunTime:0.000012s ]
INFO: [ app_init ] --END-- [ RunTime:0.000302s ]
INFO: [ app_begin ] --START--
INFO: Run Behavior\ReadHtmlCacheBehavior [ RunTime:0.000404s ]
INFO: [ app_begin ] --END-- [ RunTime:0.000437s ]
INFO: [ view_parse ] --START--
INFO: [ template_filter ] --START--
INFO: Run Behavior\ContentReplaceBehavior [ RunTime:0.000090s ]
INFO: [ template_filter ] --END-- [ RunTime:0.000145s ]
NOTIC: [8] Undefined variable: login /Users/hunkhe/Desktop/hf161028/work/Application/Runtime/Cache/Home/3c2cb086f96d013b5e3406943f509c9c.php 第 175 行.
INFO: Run Behavior\ParseTemplateBehavior [ RunTime:0.006727s ]
INFO: [ view_parse ] --END-- [ RunTime:0.006770s ]
INFO: [ view_filter ] --START--
INFO: Run Behavior\WriteHtmlCacheBehavior [ RunTime:0.000193s ]
INFO: [ view_filter ] --END-- [ RunTime:0.000228s ]
NOTIC: [2] Cannot modify header information - headers already sent by (output started at /Users/hunkhe/Desktop/hf161028/work/Application/Home/Controller/UserController.class.php:13) /Users/hunkhe/Desktop/hf161028/work/ThinkPHP/Library/Think/View.class.php 第 91 行.
NOTIC: [2] Cannot modify header information - headers already sent by (output started at /Users/hunkhe/Desktop/hf161028/work/Application/Home/Controller/UserController.class.php:13) /Users/hunkhe/Desktop/hf161028/work/ThinkPHP/Library/Think/View.class.php 第 92 行.
NOTIC: [2] Cannot modify header information - headers already sent by (output started at /Users/hunkhe/Desktop/hf161028/work/Application/Home/Controller/UserController.class.php:13) /Users/hunkhe/Desktop/hf161028/work/ThinkPHP/Library/Think/View.class.php 第 93 行.
INFO: [ app_end ] --START--
INFO: Run Behavior\ShowPageTraceBehavior [ RunTime:0.000576s ]
INFO: [ app_end ] --END-- [ RunTime:0.000608s ]

[ 2017-05-29T16:42:06+08:00 ] ::1 /work/
INFO: [ app_init ] --START--
INFO: Run Behavior\BuildLiteBehavior [ RunTime:0.000015s ]
INFO: [ app_init ] --END-- [ RunTime:0.000367s ]
INFO: [ app_begin ] --START--
INFO: Run Behavior\ReadHtmlCacheBehavior [ RunTime:0.000600s ]
INFO: [ app_begin ] --END-- [ RunTime:0.000672s ]
INFO: [ view_parse ] --START--
INFO: [ template_filter ] --START--
INFO: Run Behavior\ContentReplaceBehavior [ RunTime:0.000107s ]
INFO: [ template_filter ] --END-- [ RunTime:0.000158s ]
NOTIC: [8] Undefined variable: login /Users/hunkhe/Desktop/hf161028/work/Application/Runtime/Cache/Home/3c2cb086f96d013b5e3406943f509c9c.php 第 175 行.
INFO: Run Behavior\ParseTemplateBehavior [ RunTime:0.010034s ]
INFO: [ view_parse ] --END-- [ RunTime:0.010079s ]
INFO: [ view_filter ] --START--
INFO: Run Behavior\WriteHtmlCacheBehavior [ RunTime:0.000227s ]
INFO: [ view_filter ] --END-- [ RunTime:0.000259s ]
NOTIC: [2] Cannot modify header information - headers already sent by (output started at /Users/hunkhe/Desktop/hf161028/work/Application/Home/Controller/UserController.class.php:13) /Users/hunkhe/Desktop/hf161028/work/ThinkPHP/Library/Think/View.class.php 第 91 行.
NOTIC: [2] Cannot modify header information - headers already sent by (output started at /Users/hunkhe/Desktop/hf161028/work/Application/Home/Controller/UserController.class.php:13) /Users/hunkhe/Desktop/hf161028/work/ThinkPHP/Library/Think/View.class.php 第 92 行.
NOTIC: [2] Cannot modify header information - headers already sent by (output started at /Users/hunkhe/Desktop/hf161028/work/Application/Home/Controller/UserController.class.php:13) /Users/hunkhe/Desktop/hf161028/work/ThinkPHP/Library/Think/View.class.php 第 93 行.
INFO: [ app_end ] --START--
INFO: Run Behavior\ShowPageTraceBehavior [ RunTime:0.000572s ]
INFO: [ app_end ] --END-- [ RunTime:0.000607s ]

[ 2017-05-29T16:42:36+08:00 ] ::1 /work/
INFO: [ app_init ] --START--
INFO: Run Behavior\BuildLiteBehavior [ RunTime:0.000014s ]
INFO: [ app_init ] --END-- [ RunTime:0.000332s ]
INFO: [ app_begin ] --START--
INFO: Run Behavior\ReadHtmlCacheBehavior [ RunTime:0.000478s ]
INFO: [ app_begin ] --END-- [ RunTime:0.000520s ]
INFO: [ view_parse ] --START--
INFO: [ template_filter ] --START--
INFO: Run Behavior\ContentReplaceBehavior [ RunTime:0.000075s ]
INFO: [ template_filter ] --END-- [ RunTime:0.000134s ]
NOTIC: [8] Undefined variable: login /Users/hunkhe/Desktop/hf161028/work/Application/Runtime/Cache/Home/3c2cb086f96d013b5e3406943f509c9c.php 第 175 行.
INFO: Run Behavior\ParseTemplateBehavior [ RunTime:0.009170s ]
INFO: [ view_parse ] --END-- [ RunTime:0.009221s ]
INFO: [ view_filter ] --START--
INFO: Run Behavior\WriteHtmlCacheBehavior [ RunTime:0.000217s ]
INFO: [ view_filter ] --END-- [ RunTime:0.000261s ]
NOTIC: [2] Cannot modify header information - headers already sent by (output started at /Users/hunkhe/Desktop/hf161028/work/Application/Home/Controller/UserController.class.php:13) /Users/hunkhe/Desktop/hf161028/work/ThinkPHP/Library/Think/View.class.php 第 91 行.
NOTIC: [2] Cannot modify header information - headers already sent by (output started at /Users/hunkhe/Desktop/hf161028/work/Application/Home/Controller/UserController.class.php:13) /Users/hunkhe/Desktop/hf161028/work/ThinkPHP/Library/Think/View.class.php 第 92 行.
NOTIC: [2] Cannot modify header information - headers already sent by (output started at /Users/hunkhe/Desktop/hf161028/work/Application/Home/Controller/UserController.class.php:13) /Users/hunkhe/Desktop/hf161028/work/ThinkPHP/Library/Think/View.class.php 第 93 行.
INFO: [ app_end ] --START--
INFO: Run Behavior\ShowPageTraceBehavior [ RunTime:0.000968s ]
INFO: [ app_end ] --END-- [ RunTime:0.001065s ]

[ 2017-05-29T22:57:39+08:00 ] ::1 /work/
INFO: [ app_init ] --START--
INFO: Run Behavior\BuildLiteBehavior [ RunTime:0.000012s ]
INFO: [ app_init ] --END-- [ RunTime:0.000309s ]
INFO: [ app_begin ] --START--
INFO: Run Behavior\ReadHtmlCacheBehavior [ RunTime:0.000411s ]
INFO: [ app_begin ] --END-- [ RunTime:0.000445s ]
INFO: [ view_parse ] --START--
INFO: [ template_filter ] --START--
INFO: Run Behavior\ContentReplaceBehavior [ RunTime:0.000090s ]
INFO: [ template_filter ] --END-- [ RunTime:0.000141s ]
NOTIC: [8] Undefined variable: login /Users/hunkhe/Desktop/hf161028/work/Application/Runtime/Cache/Home/3c2cb086f96d013b5e3406943f509c9c.php 第 175 行.
INFO: Run Behavior\ParseTemplateBehavior [ RunTime:0.015483s ]
INFO: [ view_parse ] --END-- [ RunTime:0.015545s ]
INFO: [ view_filter ] --START--
INFO: Run Behavior\WriteHtmlCacheBehavior [ RunTime:0.000202s ]
INFO: [ view_filter ] --END-- [ RunTime:0.000239s ]
NOTIC: [2] Cannot modify header information - headers already sent by (output started at /Users/hunkhe/Desktop/hf161028/work/Application/Home/Controller/UserController.class.php:13) /Users/hunkhe/Desktop/hf161028/work/ThinkPHP/Library/Think/View.class.php 第 91 行.
NOTIC: [2] Cannot modify header information - headers already sent by (output started at /Users/hunkhe/Desktop/hf161028/work/Application/Home/Controller/UserController.class.php:13) /Users/hunkhe/Desktop/hf161028/work/ThinkPHP/Library/Think/View.class.php 第 92 行.
NOTIC: [2] Cannot modify header information - headers already sent by (output started at /Users/hunkhe/Desktop/hf161028/work/Application/Home/Controller/UserController.class.php:13) /Users/hunkhe/Desktop/hf161028/work/ThinkPHP/Library/Think/View.class.php 第 93 行.
INFO: [ app_end ] --START--
INFO: Run Behavior\ShowPageTraceBehavior [ RunTime:0.000510s ]
INFO: [ app_end ] --END-- [ RunTime:0.000543s ]

[ 2017-05-29T22:57:42+08:00 ] ::1 /work/index.php/Home/Pro/index.html
INFO: [ app_init ] --START--
INFO: Run Behavior\BuildLiteBehavior [ RunTime:0.000017s ]
INFO: [ app_init ] --END-- [ RunTime:0.000429s ]
INFO: [ app_begin ] --START--
INFO: Run Behavior\ReadHtmlCacheBehavior [ RunTime:0.000655s ]
INFO: [ app_begin ] --END-- [ RunTime:0.000740s ]
INFO: [ view_parse ] --START--
INFO: [ template_filter ] --START--
INFO: Run Behavior\ContentReplaceBehavior [ RunTime:0.000078s ]
INFO: [ template_filter ] --END-- [ RunTime:0.000131s ]
INFO: Run Behavior\ParseTemplateBehavior [ RunTime:0.006637s ]
INFO: [ view_parse ] --END-- [ RunTime:0.006693s ]
INFO: [ view_filter ] --START--
INFO: Run Behavior\WriteHtmlCacheBehavior [ RunTime:0.000157s ]
INFO: [ view_filter ] --END-- [ RunTime:0.000186s ]
INFO: [ app_end ] --START--
INFO: Run Behavior\ShowPageTraceBehavior [ RunTime:0.000534s ]
INFO: [ app_end ] --END-- [ RunTime:0.000571s ]

[ 2017-05-29T22:58:16+08:00 ] ::1 /work/index.php/Home/Pro/procon
INFO: [ app_init ] --START--
INFO: Run Behavior\BuildLiteBehavior [ RunTime:0.000013s ]
INFO: [ app_init ] --END-- [ RunTime:0.000307s ]
INFO: [ app_begin ] --START--
INFO: Run Behavior\ReadHtmlCacheBehavior [ RunTime:0.000413s ]
INFO: [ app_begin ] --END-- [ RunTime:0.000446s ]
INFO: [ view_parse ] --START--
INFO: [ template_filter ] --START--
INFO: Run Behavior\ContentReplaceBehavior [ RunTime:0.000084s ]
INFO: [ template_filter ] --END-- [ RunTime:0.000132s ]
INFO: Run Behavior\ParseTemplateBehavior [ RunTime:0.006180s ]
INFO: [ view_parse ] --END-- [ RunTime:0.006243s ]
INFO: [ view_filter ] --START--
INFO: Run Behavior\WriteHtmlCacheBehavior [ RunTime:0.000208s ]
INFO: [ view_filter ] --END-- [ RunTime:0.000248s ]
INFO: [ app_end ] --START--
INFO: Run Behavior\ShowPageTraceBehavior [ RunTime:0.000656s ]
INFO: [ app_end ] --END-- [ RunTime:0.000712s ]

[ 2017-05-29T22:59:22+08:00 ] ::1 /work/index.php
INFO: [ app_init ] --START--
INFO: Run Behavior\BuildLiteBehavior [ RunTime:0.000018s ]
INFO: [ app_init ] --END-- [ RunTime:0.000505s ]
INFO: [ app_begin ] --START--
INFO: Run Behavior\ReadHtmlCacheBehavior [ RunTime:0.000671s ]
INFO: [ app_begin ] --END-- [ RunTime:0.000727s ]
INFO: [ view_parse ] --START--
INFO: [ template_filter ] --START--
INFO: Run Behavior\ContentReplaceBehavior [ RunTime:0.000088s ]
INFO: [ template_filter ] --END-- [ RunTime:0.000141s ]
NOTIC: [8] Undefined variable: login /Users/hunkhe/Desktop/hf161028/work/Application/Runtime/Cache/Home/3c2cb086f96d013b5e3406943f509c9c.php 第 175 行.
INFO: Run Behavior\ParseTemplateBehavior [ RunTime:0.013671s ]
INFO: [ view_parse ] --END-- [ RunTime:0.013712s ]
INFO: [ view_filter ] --START--
INFO: Run Behavior\WriteHtmlCacheBehavior [ RunTime:0.000145s ]
INFO: [ view_filter ] --END-- [ RunTime:0.000171s ]
NOTIC: [2] Cannot modify header information - headers already sent by (output started at /Users/hunkhe/Desktop/hf161028/work/Application/Home/Controller/UserController.class.php:13) /Users/hunkhe/Desktop/hf161028/work/ThinkPHP/Library/Think/View.class.php 第 91 行.
NOTIC: [2] Cannot modify header information - headers already sent by (output started at /Users/hunkhe/Desktop/hf161028/work/Application/Home/Controller/UserController.class.php:13) /Users/hunkhe/Desktop/hf161028/work/ThinkPHP/Library/Think/View.class.php 第 92 行.
NOTIC: [2] Cannot modify header information - headers already sent by (output started at /Users/hunkhe/Desktop/hf161028/work/Application/Home/Controller/UserController.class.php:13) /Users/hunkhe/Desktop/hf161028/work/ThinkPHP/Library/Think/View.class.php 第 93 行.
INFO: [ app_end ] --START--
INFO: Run Behavior\ShowPageTraceBehavior [ RunTime:0.000483s ]
INFO: [ app_end ] --END-- [ RunTime:0.000515s ]

