[ 2017-06-05T01:40:46+08:00 ] ::1 /work/
INFO: [ app_init ] --START--
INFO: Run Behavior\BuildLiteBehavior [ RunTime:0.000041s ]
INFO: [ app_init ] --END-- [ RunTime:0.000902s ]
INFO: [ app_begin ] --START--
INFO: Run Behavior\ReadHtmlCacheBehavior [ RunTime:0.001126s ]
INFO: [ app_begin ] --END-- [ RunTime:0.001206s ]
INFO: [ view_parse ] --START--
INFO: [ template_filter ] --START--
INFO: Run Behavior\ContentReplaceBehavior [ RunTime:0.000071s ]
INFO: [ template_filter ] --END-- [ RunTime:0.000112s ]
NOTIC: [8] Array to string conversion /Users/hunkhe/Desktop/hf161028/work/Application/Runtime/Cache/Home/3c2cb086f96d013b5e3406943f509c9c.php 第 188 行.
INFO: Run Behavior\ParseTemplateBehavior [ RunTime:0.019503s ]
INFO: [ view_parse ] --END-- [ RunTime:0.019580s ]
INFO: [ view_filter ] --START--
INFO: Run Behavior\WriteHtmlCacheBehavior [ RunTime:0.000283s ]
INFO: [ view_filter ] --END-- [ RunTime:0.000329s ]
INFO: [ app_end ] --START--
INFO: Run Behavior\ShowPageTraceBehavior [ RunTime:0.000885s ]
INFO: [ app_end ] --END-- [ RunTime:0.000970s ]

[ 2017-06-05T01:40:46+08:00 ] ::1 /work/index.php/Home/Pro/scech.html
INFO: [ app_init ] --START--
INFO: Run Behavior\BuildLiteBehavior [ RunTime:0.000087s ]
INFO: [ app_init ] --END-- [ RunTime:0.002316s ]
INFO: [ app_begin ] --START--
INFO: Run Behavior\ReadHtmlCacheBehavior [ RunTime:0.001386s ]
INFO: [ app_begin ] --END-- [ RunTime:0.001480s ]
SQL: SHOW COLUMNS FROM `mf_shop` [ RunTime:0.0051s ]
SQL: SELECT `s_name`,`s_pri`,`s_img`,`s_num` FROM `mf_shop` WHERE `s_num` > 0 ORDER BY s_num LIMIT 4   [ RunTime:0.0009s ]
NOTIC: [8] Use of undefined constant AJAX_MSG - assumed 'AJAX_MSG' /Users/hunkhe/Desktop/hf161028/work/Application/Home/Controller/ProController.class.php 第 26 行.
INFO: [ app_end ] --START--
INFO: Run Behavior\ShowPageTraceBehavior [ RunTime:0.001244s ]
INFO: [ app_end ] --END-- [ RunTime:0.001358s ]

[ 2017-06-05T01:40:48+08:00 ] ::1 /work/index.php/Home/User/login.html
INFO: [ app_init ] --START--
INFO: Run Behavior\BuildLiteBehavior [ RunTime:0.000023s ]
INFO: [ app_init ] --END-- [ RunTime:0.000632s ]
INFO: [ app_begin ] --START--
INFO: Run Behavior\ReadHtmlCacheBehavior [ RunTime:0.001064s ]
INFO: [ app_begin ] --END-- [ RunTime:0.001166s ]
INFO: [ view_parse ] --START--
INFO: [ template_filter ] --START--
INFO: Run Behavior\ContentReplaceBehavior [ RunTime:0.000110s ]
INFO: [ template_filter ] --END-- [ RunTime:0.000162s ]
INFO: Run Behavior\ParseTemplateBehavior [ RunTime:0.013129s ]
INFO: [ view_parse ] --END-- [ RunTime:0.013177s ]
INFO: [ view_filter ] --START--
INFO: Run Behavior\WriteHtmlCacheBehavior [ RunTime:0.000193s ]
INFO: [ view_filter ] --END-- [ RunTime:0.000225s ]
INFO: [ app_end ] --START--
INFO: Run Behavior\ShowPageTraceBehavior [ RunTime:0.000571s ]
INFO: [ app_end ] --END-- [ RunTime:0.000607s ]

[ 2017-06-05T01:40:48+08:00 ] ::1 /work/index.php/Home/User/VerifyImg.html
INFO: [ app_init ] --START--
INFO: Run Behavior\BuildLiteBehavior [ RunTime:0.000025s ]
INFO: [ app_init ] --END-- [ RunTime:0.000589s ]
INFO: [ app_begin ] --START--
INFO: Run Behavior\ReadHtmlCacheBehavior [ RunTime:0.000698s ]
INFO: [ app_begin ] --END-- [ RunTime:0.000762s ]
INFO: [ app_end ] --START--
INFO: Run Behavior\ShowPageTraceBehavior [ RunTime:0.001145s ]
INFO: [ app_end ] --END-- [ RunTime:0.001243s ]

[ 2017-06-05T01:41:03+08:00 ] ::1 /work/index.php/Home/User/VerifyImg.html
INFO: [ app_init ] --START--
INFO: Run Behavior\BuildLiteBehavior [ RunTime:0.000012s ]
INFO: [ app_init ] --END-- [ RunTime:0.000308s ]
INFO: [ app_begin ] --START--
INFO: Run Behavior\ReadHtmlCacheBehavior [ RunTime:0.000407s ]
INFO: [ app_begin ] --END-- [ RunTime:0.000442s ]
NOTIC: [8] Use of undefined constant AJAX_MSG - assumed 'AJAX_MSG' /Users/hunkhe/Desktop/hf161028/work/Application/Home/Controller/UserController.class.php 第 81 行.
INFO: [ app_end ] --START--
INFO: Run Behavior\ShowPageTraceBehavior [ RunTime:0.000471s ]
INFO: [ app_end ] --END-- [ RunTime:0.000507s ]

[ 2017-06-05T01:41:05+08:00 ] ::1 /work/index.php/Home/User/reg.html
INFO: [ app_init ] --START--
INFO: Run Behavior\BuildLiteBehavior [ RunTime:0.000014s ]
INFO: [ app_init ] --END-- [ RunTime:0.000342s ]
INFO: [ app_begin ] --START--
INFO: Run Behavior\ReadHtmlCacheBehavior [ RunTime:0.000502s ]
INFO: [ app_begin ] --END-- [ RunTime:0.000547s ]
INFO: [ view_parse ] --START--
INFO: [ template_filter ] --START--
INFO: Run Behavior\ContentReplaceBehavior [ RunTime:0.000099s ]
INFO: [ template_filter ] --END-- [ RunTime:0.000181s ]
INFO: Run Behavior\ParseTemplateBehavior [ RunTime:0.009380s ]
INFO: [ view_parse ] --END-- [ RunTime:0.009448s ]
INFO: [ view_filter ] --START--
INFO: Run Behavior\WriteHtmlCacheBehavior [ RunTime:0.000304s ]
INFO: [ view_filter ] --END-- [ RunTime:0.000362s ]
INFO: [ app_end ] --START--
INFO: Run Behavior\ShowPageTraceBehavior [ RunTime:0.000815s ]
INFO: [ app_end ] --END-- [ RunTime:0.000869s ]

[ 2017-06-05T01:41:14+08:00 ] ::1 /work/index.php/Home/User/checkName.html
INFO: [ app_init ] --START--
INFO: Run Behavior\BuildLiteBehavior [ RunTime:0.000080s ]
INFO: [ app_init ] --END-- [ RunTime:0.000917s ]
INFO: [ app_begin ] --START--
INFO: Run Behavior\ReadHtmlCacheBehavior [ RunTime:0.001144s ]
INFO: [ app_begin ] --END-- [ RunTime:0.001275s ]
SQL: SHOW COLUMNS FROM `mf_user` [ RunTime:0.0044s ]
SQL: SELECT `account` FROM `mf_user` WHERE `account` = '123456' LIMIT 1   [ RunTime:0.0006s ]
NOTIC: [8] Use of undefined constant AJAX_MSG - assumed 'AJAX_MSG' /Users/hunkhe/Desktop/hf161028/work/Application/Home/Controller/UserController.class.php 第 63 行.
INFO: [ app_end ] --START--
INFO: Run Behavior\ShowPageTraceBehavior [ RunTime:0.000845s ]
INFO: [ app_end ] --END-- [ RunTime:0.000949s ]

[ 2017-06-05T01:41:18+08:00 ] ::1 /work/index.php/Home/User/reg.html
INFO: [ app_init ] --START--
INFO: Run Behavior\BuildLiteBehavior [ RunTime:0.000012s ]
INFO: [ app_init ] --END-- [ RunTime:0.000300s ]
INFO: [ app_begin ] --START--
INFO: Run Behavior\ReadHtmlCacheBehavior [ RunTime:0.000403s ]
INFO: [ app_begin ] --END-- [ RunTime:0.000438s ]
SQL: SHOW COLUMNS FROM `mf_user` [ RunTime:0.0039s ]
SQL: INSERT INTO `mf_user` (`account`,`pwd`) VALUES ('123456','123456') [ RunTime:0.0065s ]
NOTIC: [8] Use of undefined constant AJAX_MSG - assumed 'AJAX_MSG' /Users/hunkhe/Desktop/hf161028/work/Application/Home/Controller/UserController.class.php 第 40 行.
INFO: [ app_end ] --START--
INFO: Run Behavior\ShowPageTraceBehavior [ RunTime:0.000934s ]
INFO: [ app_end ] --END-- [ RunTime:0.001003s ]

[ 2017-06-05T01:41:19+08:00 ] ::1 /work/index.php/Home/User/login.html
INFO: [ app_init ] --START--
INFO: Run Behavior\BuildLiteBehavior [ RunTime:0.000020s ]
INFO: [ app_init ] --END-- [ RunTime:0.000433s ]
INFO: [ app_begin ] --START--
INFO: Run Behavior\ReadHtmlCacheBehavior [ RunTime:0.000688s ]
INFO: [ app_begin ] --END-- [ RunTime:0.000756s ]
INFO: [ view_parse ] --START--
INFO: [ template_filter ] --START--
INFO: Run Behavior\ContentReplaceBehavior [ RunTime:0.000091s ]
INFO: [ template_filter ] --END-- [ RunTime:0.000155s ]
INFO: Run Behavior\ParseTemplateBehavior [ RunTime:0.012154s ]
INFO: [ view_parse ] --END-- [ RunTime:0.012223s ]
INFO: [ view_filter ] --START--
INFO: Run Behavior\WriteHtmlCacheBehavior [ RunTime:0.000256s ]
INFO: [ view_filter ] --END-- [ RunTime:0.000314s ]
INFO: [ app_end ] --START--
INFO: Run Behavior\ShowPageTraceBehavior [ RunTime:0.000756s ]
INFO: [ app_end ] --END-- [ RunTime:0.000812s ]

[ 2017-06-05T01:41:19+08:00 ] ::1 /work/index.php/Home/User/VerifyImg.html
INFO: [ app_init ] --START--
INFO: Run Behavior\BuildLiteBehavior [ RunTime:0.000023s ]
INFO: [ app_init ] --END-- [ RunTime:0.000697s ]
INFO: [ app_begin ] --START--
INFO: Run Behavior\ReadHtmlCacheBehavior [ RunTime:0.000722s ]
INFO: [ app_begin ] --END-- [ RunTime:0.000792s ]
INFO: [ app_end ] --START--
INFO: Run Behavior\ShowPageTraceBehavior [ RunTime:0.001134s ]
INFO: [ app_end ] --END-- [ RunTime:0.001300s ]

[ 2017-06-05T01:41:28+08:00 ] ::1 /work/index.php/Home/User/VerifyImg.html
INFO: [ app_init ] --START--
INFO: Run Behavior\BuildLiteBehavior [ RunTime:0.000030s ]
INFO: [ app_init ] --END-- [ RunTime:0.000609s ]
INFO: [ app_begin ] --START--
INFO: Run Behavior\ReadHtmlCacheBehavior [ RunTime:0.000895s ]
INFO: [ app_begin ] --END-- [ RunTime:0.000975s ]
NOTIC: [8] Use of undefined constant AJAX_MSG - assumed 'AJAX_MSG' /Users/hunkhe/Desktop/hf161028/work/Application/Home/Controller/UserController.class.php 第 77 行.
INFO: [ app_end ] --START--
INFO: Run Behavior\ShowPageTraceBehavior [ RunTime:0.000505s ]
INFO: [ app_end ] --END-- [ RunTime:0.000548s ]

[ 2017-06-05T01:41:28+08:00 ] ::1 /work/index.php/Home/User/login.html
INFO: [ app_init ] --START--
INFO: Run Behavior\BuildLiteBehavior [ RunTime:0.000012s ]
INFO: [ app_init ] --END-- [ RunTime:0.000301s ]
INFO: [ app_begin ] --START--
INFO: Run Behavior\ReadHtmlCacheBehavior [ RunTime:0.000404s ]
INFO: [ app_begin ] --END-- [ RunTime:0.000439s ]
SQL: SHOW COLUMNS FROM `mf_user` [ RunTime:0.0042s ]
SQL: SELECT `u_id`,`account`,`nick`,`pwd`,`h_img` FROM `mf_user` WHERE `account` = '123456' AND `pwd` = '123456' LIMIT 1   [ RunTime:0.0005s ]
NOTIC: [8] Use of undefined constant AJAX_MSG - assumed 'AJAX_MSG' /Users/hunkhe/Desktop/hf161028/work/Application/Home/Controller/UserController.class.php 第 105 行.
NOTIC: [8] Use of undefined constant AJAX_LOGINS_MSG - assumed 'AJAX_LOGINS_MSG' /Users/hunkhe/Desktop/hf161028/work/Application/Home/Controller/UserController.class.php 第 107 行.
INFO: [ app_end ] --START--
INFO: Run Behavior\ShowPageTraceBehavior [ RunTime:0.000655s ]
INFO: [ app_end ] --END-- [ RunTime:0.000695s ]

[ 2017-06-05T01:41:30+08:00 ] ::1 /work/index.php/Home/User/home.html
INFO: [ app_init ] --START--
INFO: Run Behavior\BuildLiteBehavior [ RunTime:0.000016s ]
INFO: [ app_init ] --END-- [ RunTime:0.000523s ]
INFO: [ app_begin ] --START--
INFO: Run Behavior\ReadHtmlCacheBehavior [ RunTime:0.000536s ]
INFO: [ app_begin ] --END-- [ RunTime:0.000584s ]
INFO: [ view_parse ] --START--
INFO: [ template_filter ] --START--
INFO: Run Behavior\ContentReplaceBehavior [ RunTime:0.000077s ]
INFO: [ template_filter ] --END-- [ RunTime:0.000122s ]
NOTIC: [8] Array to string conversion /Users/hunkhe/Desktop/hf161028/work/Application/Runtime/Cache/Home/3c2cb086f96d013b5e3406943f509c9c.php 第 188 行.
INFO: Run Behavior\ParseTemplateBehavior [ RunTime:0.010876s ]
INFO: [ view_parse ] --END-- [ RunTime:0.010927s ]
INFO: [ view_filter ] --START--
INFO: Run Behavior\WriteHtmlCacheBehavior [ RunTime:0.000155s ]
INFO: [ view_filter ] --END-- [ RunTime:0.000182s ]
INFO: [ app_end ] --START--
INFO: Run Behavior\ShowPageTraceBehavior [ RunTime:0.000824s ]
INFO: [ app_end ] --END-- [ RunTime:0.000885s ]

[ 2017-06-05T01:41:30+08:00 ] ::1 /work/index.php/Home/Pro/scech.html
INFO: [ app_init ] --START--
INFO: Run Behavior\BuildLiteBehavior [ RunTime:0.000025s ]
INFO: [ app_init ] --END-- [ RunTime:0.000599s ]
INFO: [ app_begin ] --START--
INFO: Run Behavior\ReadHtmlCacheBehavior [ RunTime:0.000812s ]
INFO: [ app_begin ] --END-- [ RunTime:0.000891s ]
SQL: SHOW COLUMNS FROM `mf_shop` [ RunTime:0.0038s ]
SQL: SELECT `s_name`,`s_pri`,`s_img`,`s_num` FROM `mf_shop` WHERE `s_num` > 0 ORDER BY s_num LIMIT 4   [ RunTime:0.0005s ]
NOTIC: [8] Use of undefined constant AJAX_MSG - assumed 'AJAX_MSG' /Users/hunkhe/Desktop/hf161028/work/Application/Home/Controller/ProController.class.php 第 26 行.
INFO: [ app_end ] --START--
INFO: Run Behavior\ShowPageTraceBehavior [ RunTime:0.000665s ]
INFO: [ app_end ] --END-- [ RunTime:0.000729s ]

[ 2017-06-05T09:02:07+08:00 ] ::1 /work/index.php/Home/Des/index.html
INFO: [ app_init ] --START--
INFO: Run Behavior\BuildLiteBehavior [ RunTime:0.000014s ]
INFO: [ app_init ] --END-- [ RunTime:0.000365s ]
INFO: [ app_begin ] --START--
INFO: Run Behavior\ReadHtmlCacheBehavior [ RunTime:0.000526s ]
INFO: [ app_begin ] --END-- [ RunTime:0.000578s ]
INFO: [ view_parse ] --START--
INFO: [ template_filter ] --START--
INFO: Run Behavior\ContentReplaceBehavior [ RunTime:0.000136s ]
INFO: [ template_filter ] --END-- [ RunTime:0.000188s ]
INFO: Run Behavior\ParseTemplateBehavior [ RunTime:0.021068s ]
INFO: [ view_parse ] --END-- [ RunTime:0.021158s ]
INFO: [ view_filter ] --START--
INFO: Run Behavior\WriteHtmlCacheBehavior [ RunTime:0.000261s ]
INFO: [ view_filter ] --END-- [ RunTime:0.000302s ]
INFO: [ app_end ] --START--
INFO: Run Behavior\ShowPageTraceBehavior [ RunTime:0.000794s ]
INFO: [ app_end ] --END-- [ RunTime:0.000861s ]

[ 2017-06-05T09:03:08+08:00 ] ::1 /work/index.php/Home/Des/index.html
INFO: [ app_init ] --START--
INFO: Run Behavior\BuildLiteBehavior [ RunTime:0.000023s ]
INFO: [ app_init ] --END-- [ RunTime:0.000671s ]
INFO: [ app_begin ] --START--
INFO: Run Behavior\ReadHtmlCacheBehavior [ RunTime:0.000752s ]
INFO: [ app_begin ] --END-- [ RunTime:0.000847s ]
INFO: [ view_parse ] --START--
INFO: [ template_filter ] --START--
INFO: Run Behavior\ContentReplaceBehavior [ RunTime:0.000170s ]
INFO: [ template_filter ] --END-- [ RunTime:0.000234s ]
INFO: Run Behavior\ParseTemplateBehavior [ RunTime:0.018573s ]
INFO: [ view_parse ] --END-- [ RunTime:0.018617s ]
INFO: [ view_filter ] --START--
INFO: Run Behavior\WriteHtmlCacheBehavior [ RunTime:0.000160s ]
INFO: [ view_filter ] --END-- [ RunTime:0.000187s ]
INFO: [ app_end ] --START--
INFO: Run Behavior\ShowPageTraceBehavior [ RunTime:0.000957s ]
INFO: [ app_end ] --END-- [ RunTime:0.001042s ]

[ 2017-06-05T09:03:16+08:00 ] ::1 /work/index.php/Home/Des/detail.html
INFO: [ app_init ] --START--
INFO: Run Behavior\BuildLiteBehavior [ RunTime:0.000015s ]
INFO: [ app_init ] --END-- [ RunTime:0.000462s ]
INFO: [ app_begin ] --START--
INFO: Run Behavior\ReadHtmlCacheBehavior [ RunTime:0.000491s ]
INFO: [ app_begin ] --END-- [ RunTime:0.000536s ]
INFO: [ view_parse ] --START--
INFO: [ template_filter ] --START--
INFO: Run Behavior\ContentReplaceBehavior [ RunTime:0.000085s ]
INFO: [ template_filter ] --END-- [ RunTime:0.000139s ]
INFO: Run Behavior\ParseTemplateBehavior [ RunTime:0.008999s ]
INFO: [ view_parse ] --END-- [ RunTime:0.009057s ]
INFO: [ view_filter ] --START--
INFO: Run Behavior\WriteHtmlCacheBehavior [ RunTime:0.000276s ]
INFO: [ view_filter ] --END-- [ RunTime:0.000333s ]
INFO: [ app_end ] --START--
INFO: Run Behavior\ShowPageTraceBehavior [ RunTime:0.000858s ]
INFO: [ app_end ] --END-- [ RunTime:0.000933s ]

[ 2017-06-05T09:03:25+08:00 ] ::1 /work/index.php/Home/User/home.html
INFO: [ app_init ] --START--
INFO: Run Behavior\BuildLiteBehavior [ RunTime:0.000012s ]
INFO: [ app_init ] --END-- [ RunTime:0.000322s ]
INFO: [ app_begin ] --START--
INFO: Run Behavior\ReadHtmlCacheBehavior [ RunTime:0.000414s ]
INFO: [ app_begin ] --END-- [ RunTime:0.000449s ]
INFO: [ view_parse ] --START--
INFO: [ template_filter ] --START--
INFO: Run Behavior\ContentReplaceBehavior [ RunTime:0.000098s ]
INFO: [ template_filter ] --END-- [ RunTime:0.000150s ]
NOTIC: [8] Array to string conversion /Users/hunkhe/Desktop/hf161028/work/Application/Runtime/Cache/Home/3c2cb086f96d013b5e3406943f509c9c.php 第 188 行.
INFO: Run Behavior\ParseTemplateBehavior [ RunTime:0.014408s ]
INFO: [ view_parse ] --END-- [ RunTime:0.014466s ]
INFO: [ view_filter ] --START--
INFO: Run Behavior\WriteHtmlCacheBehavior [ RunTime:0.000206s ]
INFO: [ view_filter ] --END-- [ RunTime:0.000241s ]
INFO: [ app_end ] --START--
INFO: Run Behavior\ShowPageTraceBehavior [ RunTime:0.001051s ]
INFO: [ app_end ] --END-- [ RunTime:0.001122s ]

[ 2017-06-05T09:03:26+08:00 ] ::1 /work/index.php/Home/Pro/scech.html
INFO: [ app_init ] --START--
INFO: Run Behavior\BuildLiteBehavior [ RunTime:0.000013s ]
INFO: [ app_init ] --END-- [ RunTime:0.000323s ]
INFO: [ app_begin ] --START--
INFO: Run Behavior\ReadHtmlCacheBehavior [ RunTime:0.000535s ]
INFO: [ app_begin ] --END-- [ RunTime:0.000574s ]
SQL: SHOW COLUMNS FROM `mf_shop` [ RunTime:0.0041s ]
SQL: SELECT `s_name`,`s_pri`,`s_img`,`s_num` FROM `mf_shop` WHERE `s_num` > 0 ORDER BY s_num LIMIT 4   [ RunTime:0.0005s ]
NOTIC: [8] Use of undefined constant AJAX_MSG - assumed 'AJAX_MSG' /Users/hunkhe/Desktop/hf161028/work/Application/Home/Controller/ProController.class.php 第 26 行.
INFO: [ app_end ] --START--
INFO: Run Behavior\ShowPageTraceBehavior [ RunTime:0.000543s ]
INFO: [ app_end ] --END-- [ RunTime:0.000579s ]

[ 2017-06-05T09:03:30+08:00 ] ::1 /work/index.php/Home/Travel/index.html
INFO: [ app_init ] --START--
INFO: Run Behavior\BuildLiteBehavior [ RunTime:0.000016s ]
INFO: [ app_init ] --END-- [ RunTime:0.000486s ]
INFO: [ app_begin ] --START--
INFO: Run Behavior\ReadHtmlCacheBehavior [ RunTime:0.000536s ]
INFO: [ app_begin ] --END-- [ RunTime:0.000586s ]
INFO: [ view_parse ] --START--
INFO: [ template_filter ] --START--
INFO: Run Behavior\ContentReplaceBehavior [ RunTime:0.000089s ]
INFO: [ template_filter ] --END-- [ RunTime:0.000143s ]
INFO: Run Behavior\ParseTemplateBehavior [ RunTime:0.010927s ]
INFO: [ view_parse ] --END-- [ RunTime:0.010973s ]
INFO: [ view_filter ] --START--
INFO: Run Behavior\WriteHtmlCacheBehavior [ RunTime:0.000164s ]
INFO: [ view_filter ] --END-- [ RunTime:0.000191s ]
INFO: [ app_end ] --START--
INFO: Run Behavior\ShowPageTraceBehavior [ RunTime:0.000816s ]
INFO: [ app_end ] --END-- [ RunTime:0.000898s ]

[ 2017-06-05T09:03:36+08:00 ] ::1 /work/index.php/Home/Pro/index.html
INFO: [ app_init ] --START--
INFO: Run Behavior\BuildLiteBehavior [ RunTime:0.000016s ]
INFO: [ app_init ] --END-- [ RunTime:0.000568s ]
INFO: [ app_begin ] --START--
INFO: Run Behavior\ReadHtmlCacheBehavior [ RunTime:0.000437s ]
INFO: [ app_begin ] --END-- [ RunTime:0.000473s ]
INFO: [ view_parse ] --START--
INFO: [ template_filter ] --START--
INFO: Run Behavior\ContentReplaceBehavior [ RunTime:0.000079s ]
INFO: [ template_filter ] --END-- [ RunTime:0.000125s ]
INFO: Run Behavior\ParseTemplateBehavior [ RunTime:0.006582s ]
INFO: [ view_parse ] --END-- [ RunTime:0.006631s ]
INFO: [ view_filter ] --START--
INFO: Run Behavior\WriteHtmlCacheBehavior [ RunTime:0.000170s ]
INFO: [ view_filter ] --END-- [ RunTime:0.000199s ]
INFO: [ app_end ] --START--
INFO: Run Behavior\ShowPageTraceBehavior [ RunTime:0.000506s ]
INFO: [ app_end ] --END-- [ RunTime:0.000537s ]

[ 2017-06-05T09:03:40+08:00 ] ::1 /work/index.php/Home/User/userCanter.html
INFO: [ app_init ] --START--
INFO: Run Behavior\BuildLiteBehavior [ RunTime:0.000016s ]
INFO: [ app_init ] --END-- [ RunTime:0.000402s ]
INFO: [ app_begin ] --START--
INFO: Run Behavior\ReadHtmlCacheBehavior [ RunTime:0.000577s ]
INFO: [ app_begin ] --END-- [ RunTime:0.000644s ]
INFO: [ view_parse ] --START--
INFO: [ template_filter ] --START--
INFO: Run Behavior\ContentReplaceBehavior [ RunTime:0.000112s ]
INFO: [ template_filter ] --END-- [ RunTime:0.000199s ]
NOTIC: [8] Undefined variable: login /Users/hunkhe/Desktop/hf161028/work/Application/Runtime/Cache/Home/d2d5dd2d7b340acb9d664bba668cab82.php 第 216 行.
INFO: Run Behavior\ParseTemplateBehavior [ RunTime:0.010574s ]
INFO: [ view_parse ] --END-- [ RunTime:0.010615s ]
INFO: [ view_filter ] --START--
INFO: Run Behavior\WriteHtmlCacheBehavior [ RunTime:0.000181s ]
INFO: [ view_filter ] --END-- [ RunTime:0.000211s ]
INFO: [ app_end ] --START--
INFO: Run Behavior\ShowPageTraceBehavior [ RunTime:0.000714s ]
INFO: [ app_end ] --END-- [ RunTime:0.000765s ]

[ 2017-06-05T09:03:47+08:00 ] ::1 /work/index.php/Home/User/login.html
INFO: [ app_init ] --START--
INFO: Run Behavior\BuildLiteBehavior [ RunTime:0.000012s ]
INFO: [ app_init ] --END-- [ RunTime:0.000311s ]
INFO: [ app_begin ] --START--
INFO: Run Behavior\ReadHtmlCacheBehavior [ RunTime:0.000524s ]
INFO: [ app_begin ] --END-- [ RunTime:0.000566s ]
INFO: [ view_parse ] --START--
INFO: [ template_filter ] --START--
INFO: Run Behavior\ContentReplaceBehavior [ RunTime:0.000076s ]
INFO: [ template_filter ] --END-- [ RunTime:0.000126s ]
INFO: Run Behavior\ParseTemplateBehavior [ RunTime:0.010985s ]
INFO: [ view_parse ] --END-- [ RunTime:0.011029s ]
INFO: [ view_filter ] --START--
INFO: Run Behavior\WriteHtmlCacheBehavior [ RunTime:0.000182s ]
INFO: [ view_filter ] --END-- [ RunTime:0.000212s ]
INFO: [ app_end ] --START--
INFO: Run Behavior\ShowPageTraceBehavior [ RunTime:0.000738s ]
INFO: [ app_end ] --END-- [ RunTime:0.000778s ]

[ 2017-06-05T09:03:47+08:00 ] ::1 /work/index.php/Home/User/VerifyImg.html
INFO: [ app_init ] --START--
INFO: Run Behavior\BuildLiteBehavior [ RunTime:0.000015s ]
INFO: [ app_init ] --END-- [ RunTime:0.000339s ]
INFO: [ app_begin ] --START--
INFO: Run Behavior\ReadHtmlCacheBehavior [ RunTime:0.000617s ]
INFO: [ app_begin ] --END-- [ RunTime:0.000673s ]
INFO: [ app_end ] --START--
INFO: Run Behavior\ShowPageTraceBehavior [ RunTime:0.000627s ]
INFO: [ app_end ] --END-- [ RunTime:0.000698s ]

[ 2017-06-05T09:03:50+08:00 ] ::1 /work/index.php/Home/User/reg.html
INFO: [ app_init ] --START--
INFO: Run Behavior\BuildLiteBehavior [ RunTime:0.000012s ]
INFO: [ app_init ] --END-- [ RunTime:0.000307s ]
INFO: [ app_begin ] --START--
INFO: Run Behavior\ReadHtmlCacheBehavior [ RunTime:0.000436s ]
INFO: [ app_begin ] --END-- [ RunTime:0.000470s ]
INFO: [ view_parse ] --START--
INFO: [ template_filter ] --START--
INFO: Run Behavior\ContentReplaceBehavior [ RunTime:0.000066s ]
INFO: [ template_filter ] --END-- [ RunTime:0.000113s ]
INFO: Run Behavior\ParseTemplateBehavior [ RunTime:0.009395s ]
INFO: [ view_parse ] --END-- [ RunTime:0.009432s ]
INFO: [ view_filter ] --START--
INFO: Run Behavior\WriteHtmlCacheBehavior [ RunTime:0.000153s ]
INFO: [ view_filter ] --END-- [ RunTime:0.000181s ]
INFO: [ app_end ] --START--
INFO: Run Behavior\ShowPageTraceBehavior [ RunTime:0.000502s ]
INFO: [ app_end ] --END-- [ RunTime:0.000533s ]

[ 2017-06-05T09:06:45+08:00 ] ::1 /work/index.php/Home/User/home.html
INFO: [ app_init ] --START--
INFO: Run Behavior\BuildLiteBehavior [ RunTime:0.000017s ]
INFO: [ app_init ] --END-- [ RunTime:0.000438s ]
INFO: [ app_begin ] --START--
INFO: Run Behavior\ReadHtmlCacheBehavior [ RunTime:0.000416s ]
INFO: [ app_begin ] --END-- [ RunTime:0.000451s ]
INFO: [ view_parse ] --START--
INFO: [ template_filter ] --START--
INFO: Run Behavior\ContentReplaceBehavior [ RunTime:0.000115s ]
INFO: [ template_filter ] --END-- [ RunTime:0.000181s ]
NOTIC: [8] Array to string conversion /Users/hunkhe/Desktop/hf161028/work/Application/Runtime/Cache/Home/3c2cb086f96d013b5e3406943f509c9c.php 第 188 行.
INFO: Run Behavior\ParseTemplateBehavior [ RunTime:0.020344s ]
INFO: [ view_parse ] --END-- [ RunTime:0.020390s ]
INFO: [ view_filter ] --START--
INFO: Run Behavior\WriteHtmlCacheBehavior [ RunTime:0.000231s ]
INFO: [ view_filter ] --END-- [ RunTime:0.000275s ]
INFO: [ app_end ] --START--
INFO: Run Behavior\ShowPageTraceBehavior [ RunTime:0.001060s ]
INFO: [ app_end ] --END-- [ RunTime:0.001166s ]

[ 2017-06-05T09:06:46+08:00 ] ::1 /work/index.php/Home/Pro/scech.html
INFO: [ app_init ] --START--
INFO: Run Behavior\BuildLiteBehavior [ RunTime:0.000017s ]
INFO: [ app_init ] --END-- [ RunTime:0.000442s ]
INFO: [ app_begin ] --START--
INFO: Run Behavior\ReadHtmlCacheBehavior [ RunTime:0.000571s ]
INFO: [ app_begin ] --END-- [ RunTime:0.000643s ]
SQL: SHOW COLUMNS FROM `mf_shop` [ RunTime:0.0043s ]
SQL: SELECT `s_name`,`s_pri`,`s_img`,`s_num` FROM `mf_shop` WHERE `s_num` > 0 ORDER BY s_num LIMIT 4   [ RunTime:0.0045s ]
NOTIC: [8] Use of undefined constant AJAX_MSG - assumed 'AJAX_MSG' /Users/hunkhe/Desktop/hf161028/work/Application/Home/Controller/ProController.class.php 第 26 行.
INFO: [ app_end ] --START--
INFO: Run Behavior\ShowPageTraceBehavior [ RunTime:0.000655s ]
INFO: [ app_end ] --END-- [ RunTime:0.000709s ]

[ 2017-06-05T09:07:54+08:00 ] ::1 /work/index.php/Home/Des/index.html
INFO: [ app_init ] --START--
INFO: Run Behavior\BuildLiteBehavior [ RunTime:0.000016s ]
INFO: [ app_init ] --END-- [ RunTime:0.000393s ]
INFO: [ app_begin ] --START--
INFO: Run Behavior\ReadHtmlCacheBehavior [ RunTime:0.000525s ]
INFO: [ app_begin ] --END-- [ RunTime:0.000572s ]
INFO: [ view_parse ] --START--
INFO: [ template_filter ] --START--
INFO: Run Behavior\ContentReplaceBehavior [ RunTime:0.000133s ]
INFO: [ template_filter ] --END-- [ RunTime:0.000176s ]
INFO: Run Behavior\ParseTemplateBehavior [ RunTime:0.010877s ]
INFO: [ view_parse ] --END-- [ RunTime:0.010922s ]
INFO: [ view_filter ] --START--
INFO: Run Behavior\WriteHtmlCacheBehavior [ RunTime:0.000147s ]
INFO: [ view_filter ] --END-- [ RunTime:0.000173s ]
INFO: [ app_end ] --START--
INFO: Run Behavior\ShowPageTraceBehavior [ RunTime:0.001064s ]
INFO: [ app_end ] --END-- [ RunTime:0.001136s ]

[ 2017-06-05T09:08:07+08:00 ] ::1 /work/index.php/Home/Des/detail.html
INFO: [ app_init ] --START--
INFO: Run Behavior\BuildLiteBehavior [ RunTime:0.000026s ]
INFO: [ app_init ] --END-- [ RunTime:0.000512s ]
INFO: [ app_begin ] --START--
INFO: Run Behavior\ReadHtmlCacheBehavior [ RunTime:0.000575s ]
INFO: [ app_begin ] --END-- [ RunTime:0.000634s ]
INFO: [ view_parse ] --START--
INFO: [ template_filter ] --START--
INFO: Run Behavior\ContentReplaceBehavior [ RunTime:0.000121s ]
INFO: [ template_filter ] --END-- [ RunTime:0.000179s ]
INFO: Run Behavior\ParseTemplateBehavior [ RunTime:0.013925s ]
INFO: [ view_parse ] --END-- [ RunTime:0.014009s ]
INFO: [ view_filter ] --START--
INFO: Run Behavior\WriteHtmlCacheBehavior [ RunTime:0.000198s ]
INFO: [ view_filter ] --END-- [ RunTime:0.000230s ]
INFO: [ app_end ] --START--
INFO: Run Behavior\ShowPageTraceBehavior [ RunTime:0.000868s ]
INFO: [ app_end ] --END-- [ RunTime:0.000929s ]

[ 2017-06-05T09:20:47+08:00 ] ::1 /work/index.php/Home/Pro/index.html
INFO: [ app_init ] --START--
INFO: Run Behavior\BuildLiteBehavior [ RunTime:0.000013s ]
INFO: [ app_init ] --END-- [ RunTime:0.000309s ]
INFO: [ app_begin ] --START--
INFO: Run Behavior\ReadHtmlCacheBehavior [ RunTime:0.000414s ]
INFO: [ app_begin ] --END-- [ RunTime:0.000449s ]
INFO: [ view_parse ] --START--
INFO: [ template_filter ] --START--
INFO: Run Behavior\ContentReplaceBehavior [ RunTime:0.000064s ]
INFO: [ template_filter ] --END-- [ RunTime:0.000107s ]
INFO: Run Behavior\ParseTemplateBehavior [ RunTime:0.006729s ]
INFO: [ view_parse ] --END-- [ RunTime:0.006772s ]
INFO: [ view_filter ] --START--
INFO: Run Behavior\WriteHtmlCacheBehavior [ RunTime:0.000152s ]
INFO: [ view_filter ] --END-- [ RunTime:0.000180s ]
INFO: [ app_end ] --START--
INFO: Run Behavior\ShowPageTraceBehavior [ RunTime:0.000738s ]
INFO: [ app_end ] --END-- [ RunTime:0.000783s ]

[ 2017-06-05T09:20:55+08:00 ] ::1 /work/index.php/Home/Pro/procon
INFO: [ app_init ] --START--
INFO: Run Behavior\BuildLiteBehavior [ RunTime:0.000016s ]
INFO: [ app_init ] --END-- [ RunTime:0.000346s ]
INFO: [ app_begin ] --START--
INFO: Run Behavior\ReadHtmlCacheBehavior [ RunTime:0.000426s ]
INFO: [ app_begin ] --END-- [ RunTime:0.000462s ]
INFO: [ view_parse ] --START--
INFO: [ template_filter ] --START--
INFO: Run Behavior\ContentReplaceBehavior [ RunTime:0.000072s ]
INFO: [ template_filter ] --END-- [ RunTime:0.000113s ]
INFO: Run Behavior\ParseTemplateBehavior [ RunTime:0.006578s ]
INFO: [ view_parse ] --END-- [ RunTime:0.006613s ]
INFO: [ view_filter ] --START--
INFO: Run Behavior\WriteHtmlCacheBehavior [ RunTime:0.000138s ]
INFO: [ view_filter ] --END-- [ RunTime:0.000164s ]
INFO: [ app_end ] --START--
INFO: Run Behavior\ShowPageTraceBehavior [ RunTime:0.000491s ]
INFO: [ app_end ] --END-- [ RunTime:0.000520s ]

[ 2017-06-05T09:22:58+08:00 ] ::1 /work/index.php/Home/Details/Details
INFO: [ app_init ] --START--
INFO: Run Behavior\BuildLiteBehavior [ RunTime:0.000024s ]
INFO: [ app_init ] --END-- [ RunTime:0.000520s ]
INFO: [ app_begin ] --START--
INFO: Run Behavior\ReadHtmlCacheBehavior [ RunTime:0.000527s ]
INFO: [ app_begin ] --END-- [ RunTime:0.000578s ]
INFO: [ view_parse ] --START--
INFO: [ template_filter ] --START--
INFO: Run Behavior\ContentReplaceBehavior [ RunTime:0.000066s ]
INFO: [ template_filter ] --END-- [ RunTime:0.000107s ]
INFO: Run Behavior\ParseTemplateBehavior [ RunTime:0.007713s ]
INFO: [ view_parse ] --END-- [ RunTime:0.007766s ]
INFO: [ view_filter ] --START--
INFO: Run Behavior\WriteHtmlCacheBehavior [ RunTime:0.000138s ]
INFO: [ view_filter ] --END-- [ RunTime:0.000164s ]
INFO: [ app_end ] --START--
INFO: Run Behavior\ShowPageTraceBehavior [ RunTime:0.000526s ]
INFO: [ app_end ] --END-- [ RunTime:0.000557s ]

[ 2017-06-05T09:22:58+08:00 ] ::1 /work/index.php/Home/Details/Details.html
INFO: [ app_init ] --START--
INFO: Run Behavior\BuildLiteBehavior [ RunTime:0.000019s ]
INFO: [ app_init ] --END-- [ RunTime:0.000478s ]
INFO: [ app_begin ] --START--
INFO: Run Behavior\ReadHtmlCacheBehavior [ RunTime:0.000683s ]
INFO: [ app_begin ] --END-- [ RunTime:0.000758s ]
SQL: SHOW COLUMNS FROM `mf_shop` [ RunTime:0.0048s ]
SQL: SELECT * FROM `mf_shop` WHERE ( s_id=7 ) LIMIT 1   [ RunTime:0.0007s ]

[ 2017-06-05T09:22:58+08:00 ] ::1 /work/index.php/Home/Details/closing_record.html
INFO: [ app_init ] --START--
INFO: Run Behavior\BuildLiteBehavior [ RunTime:0.000024s ]
INFO: [ app_init ] --END-- [ RunTime:0.000625s ]
INFO: [ app_begin ] --START--
INFO: Run Behavior\ReadHtmlCacheBehavior [ RunTime:0.000715s ]
INFO: [ app_begin ] --END-- [ RunTime:0.000797s ]
SQL: SHOW COLUMNS FROM `mf_orderlist` [ RunTime:0.0046s ]
SQL: SELECT COUNT(*) AS tp_count FROM `mf_orderlist` LIMIT 1   [ RunTime:0.0005s ]
SQL: SELECT * FROM `mf_orderlist` ORDER BY ol_id LIMIT 0,5   [ RunTime:0.0005s ]
SQL: SHOW COLUMNS FROM `mf_shop` [ RunTime:0.0039s ]
SQL: SHOW COLUMNS FROM `mf_user` [ RunTime:0.0041s ]
SQL: SELECT `s_name` FROM `mf_shop` WHERE ( s_id=1 ) LIMIT 1   [ RunTime:0.0004s ]
SQL: SELECT `account` FROM `mf_user` WHERE ( u_id=1 ) LIMIT 1   [ RunTime:0.0003s ]
SQL: SELECT `s_name` FROM `mf_shop` WHERE ( s_id=2 ) LIMIT 1   [ RunTime:0.0004s ]
SQL: SELECT `account` FROM `mf_user` WHERE ( u_id=2 ) LIMIT 1   [ RunTime:0.0004s ]
SQL: SELECT `s_name` FROM `mf_shop` WHERE ( s_id=3 ) LIMIT 1   [ RunTime:0.0003s ]
SQL: SELECT `account` FROM `mf_user` WHERE ( u_id=1 ) LIMIT 1   [ RunTime:0.0005s ]
SQL: SELECT `s_name` FROM `mf_shop` WHERE ( s_id=5 ) LIMIT 1   [ RunTime:0.0006s ]
SQL: SELECT `account` FROM `mf_user` WHERE ( u_id=1 ) LIMIT 1   [ RunTime:0.0005s ]
SQL: SELECT `s_name` FROM `mf_shop` WHERE ( s_id=1 ) LIMIT 1   [ RunTime:0.0004s ]
SQL: SELECT `account` FROM `mf_user` WHERE ( u_id=1 ) LIMIT 1   [ RunTime:0.0004s ]

[ 2017-06-05T09:23:54+08:00 ] ::1 /work/index.php/Home/Details/Details
INFO: [ app_init ] --START--
INFO: Run Behavior\BuildLiteBehavior [ RunTime:0.000012s ]
INFO: [ app_init ] --END-- [ RunTime:0.000305s ]
INFO: [ app_begin ] --START--
INFO: Run Behavior\ReadHtmlCacheBehavior [ RunTime:0.000670s ]
INFO: [ app_begin ] --END-- [ RunTime:0.000731s ]
INFO: [ view_parse ] --START--
INFO: [ template_filter ] --START--
INFO: Run Behavior\ContentReplaceBehavior [ RunTime:0.000067s ]
INFO: [ template_filter ] --END-- [ RunTime:0.000114s ]
INFO: Run Behavior\ParseTemplateBehavior [ RunTime:0.007227s ]
INFO: [ view_parse ] --END-- [ RunTime:0.007267s ]
INFO: [ view_filter ] --START--
INFO: Run Behavior\WriteHtmlCacheBehavior [ RunTime:0.000152s ]
INFO: [ view_filter ] --END-- [ RunTime:0.000179s ]
INFO: [ app_end ] --START--
INFO: Run Behavior\ShowPageTraceBehavior [ RunTime:0.000580s ]
INFO: [ app_end ] --END-- [ RunTime:0.000614s ]

[ 2017-06-05T09:23:54+08:00 ] ::1 /work/index.php/Home/Details/Details.html
INFO: [ app_init ] --START--
INFO: Run Behavior\BuildLiteBehavior [ RunTime:0.000014s ]
INFO: [ app_init ] --END-- [ RunTime:0.000344s ]
INFO: [ app_begin ] --START--
INFO: Run Behavior\ReadHtmlCacheBehavior [ RunTime:0.000457s ]
INFO: [ app_begin ] --END-- [ RunTime:0.000500s ]
SQL: SHOW COLUMNS FROM `mf_shop` [ RunTime:0.0046s ]
SQL: SELECT * FROM `mf_shop` WHERE ( s_id=7 ) LIMIT 1   [ RunTime:0.0007s ]

[ 2017-06-05T09:23:54+08:00 ] ::1 /work/index.php/Home/Details/closing_record.html
INFO: [ app_init ] --START--
INFO: Run Behavior\BuildLiteBehavior [ RunTime:0.000022s ]
INFO: [ app_init ] --END-- [ RunTime:0.000521s ]
INFO: [ app_begin ] --START--
INFO: Run Behavior\ReadHtmlCacheBehavior [ RunTime:0.000799s ]
INFO: [ app_begin ] --END-- [ RunTime:0.000871s ]
SQL: SHOW COLUMNS FROM `mf_orderlist` [ RunTime:0.0042s ]
SQL: SELECT COUNT(*) AS tp_count FROM `mf_orderlist` LIMIT 1   [ RunTime:0.0006s ]
SQL: SELECT * FROM `mf_orderlist` ORDER BY ol_id LIMIT 0,5   [ RunTime:0.0007s ]
SQL: SHOW COLUMNS FROM `mf_shop` [ RunTime:0.0041s ]
SQL: SHOW COLUMNS FROM `mf_user` [ RunTime:0.0042s ]
SQL: SELECT `s_name` FROM `mf_shop` WHERE ( s_id=1 ) LIMIT 1   [ RunTime:0.0004s ]
SQL: SELECT `account` FROM `mf_user` WHERE ( u_id=1 ) LIMIT 1   [ RunTime:0.0003s ]
SQL: SELECT `s_name` FROM `mf_shop` WHERE ( s_id=2 ) LIMIT 1   [ RunTime:0.0009s ]
SQL: SELECT `account` FROM `mf_user` WHERE ( u_id=2 ) LIMIT 1   [ RunTime:0.0009s ]
SQL: SELECT `s_name` FROM `mf_shop` WHERE ( s_id=3 ) LIMIT 1   [ RunTime:0.0009s ]
SQL: SELECT `account` FROM `mf_user` WHERE ( u_id=1 ) LIMIT 1   [ RunTime:0.0008s ]
SQL: SELECT `s_name` FROM `mf_shop` WHERE ( s_id=5 ) LIMIT 1   [ RunTime:0.0013s ]
SQL: SELECT `account` FROM `mf_user` WHERE ( u_id=1 ) LIMIT 1   [ RunTime:0.0010s ]
SQL: SELECT `s_name` FROM `mf_shop` WHERE ( s_id=1 ) LIMIT 1   [ RunTime:0.0006s ]
SQL: SELECT `account` FROM `mf_user` WHERE ( u_id=1 ) LIMIT 1   [ RunTime:0.0003s ]

[ 2017-06-05T09:24:08+08:00 ] ::1 /work/index.php/Home/Details/Details
INFO: [ app_init ] --START--
INFO: Run Behavior\BuildLiteBehavior [ RunTime:0.000018s ]
INFO: [ app_init ] --END-- [ RunTime:0.000454s ]
INFO: [ app_begin ] --START--
INFO: Run Behavior\ReadHtmlCacheBehavior [ RunTime:0.000541s ]
INFO: [ app_begin ] --END-- [ RunTime:0.000593s ]
INFO: [ view_parse ] --START--
INFO: [ template_filter ] --START--
INFO: Run Behavior\ContentReplaceBehavior [ RunTime:0.000066s ]
INFO: [ template_filter ] --END-- [ RunTime:0.000113s ]
INFO: Run Behavior\ParseTemplateBehavior [ RunTime:0.006310s ]
INFO: [ view_parse ] --END-- [ RunTime:0.006351s ]
INFO: [ view_filter ] --START--
INFO: Run Behavior\WriteHtmlCacheBehavior [ RunTime:0.000143s ]
INFO: [ view_filter ] --END-- [ RunTime:0.000171s ]
INFO: [ app_end ] --START--
INFO: Run Behavior\ShowPageTraceBehavior [ RunTime:0.000522s ]
INFO: [ app_end ] --END-- [ RunTime:0.000555s ]

[ 2017-06-05T09:24:08+08:00 ] ::1 /work/index.php/Home/Details/closing_record.html
INFO: [ app_init ] --START--
INFO: Run Behavior\BuildLiteBehavior [ RunTime:0.000015s ]
INFO: [ app_init ] --END-- [ RunTime:0.000377s ]
INFO: [ app_begin ] --START--
INFO: Run Behavior\ReadHtmlCacheBehavior [ RunTime:0.000494s ]
INFO: [ app_begin ] --END-- [ RunTime:0.000541s ]
SQL: SHOW COLUMNS FROM `mf_orderlist` [ RunTime:0.0056s ]
SQL: SELECT COUNT(*) AS tp_count FROM `mf_orderlist` LIMIT 1   [ RunTime:0.0006s ]
SQL: SELECT * FROM `mf_orderlist` ORDER BY ol_id LIMIT 0,5   [ RunTime:0.0009s ]
SQL: SHOW COLUMNS FROM `mf_shop` [ RunTime:0.0060s ]
SQL: SHOW COLUMNS FROM `mf_user` [ RunTime:0.0040s ]
SQL: SELECT `s_name` FROM `mf_shop` WHERE ( s_id=1 ) LIMIT 1   [ RunTime:0.0004s ]
SQL: SELECT `account` FROM `mf_user` WHERE ( u_id=1 ) LIMIT 1   [ RunTime:0.0004s ]
SQL: SELECT `s_name` FROM `mf_shop` WHERE ( s_id=2 ) LIMIT 1   [ RunTime:0.0005s ]
SQL: SELECT `account` FROM `mf_user` WHERE ( u_id=2 ) LIMIT 1   [ RunTime:0.0004s ]
SQL: SELECT `s_name` FROM `mf_shop` WHERE ( s_id=3 ) LIMIT 1   [ RunTime:0.0004s ]
SQL: SELECT `account` FROM `mf_user` WHERE ( u_id=1 ) LIMIT 1   [ RunTime:0.0003s ]
SQL: SELECT `s_name` FROM `mf_shop` WHERE ( s_id=5 ) LIMIT 1   [ RunTime:0.0005s ]
SQL: SELECT `account` FROM `mf_user` WHERE ( u_id=1 ) LIMIT 1   [ RunTime:0.0005s ]
SQL: SELECT `s_name` FROM `mf_shop` WHERE ( s_id=1 ) LIMIT 1   [ RunTime:0.0005s ]
SQL: SELECT `account` FROM `mf_user` WHERE ( u_id=1 ) LIMIT 1   [ RunTime:0.0004s ]

[ 2017-06-05T09:24:08+08:00 ] ::1 /work/index.php/Home/Details/Details.html
INFO: [ app_init ] --START--
INFO: Run Behavior\BuildLiteBehavior [ RunTime:0.000021s ]
INFO: [ app_init ] --END-- [ RunTime:0.000507s ]
INFO: [ app_begin ] --START--
INFO: Run Behavior\ReadHtmlCacheBehavior [ RunTime:0.000796s ]
INFO: [ app_begin ] --END-- [ RunTime:0.004731s ]
SQL: SHOW COLUMNS FROM `mf_shop` [ RunTime:0.0038s ]
SQL: SELECT * FROM `mf_shop` WHERE ( s_id=7 ) LIMIT 1   [ RunTime:0.0005s ]

[ 2017-06-05T09:28:31+08:00 ] ::1 /work/index.php/Home/Details/Details
INFO: [ app_init ] --START--
INFO: Run Behavior\BuildLiteBehavior [ RunTime:0.000020s ]
INFO: [ app_init ] --END-- [ RunTime:0.000646s ]
INFO: [ app_begin ] --START--
INFO: Run Behavior\ReadHtmlCacheBehavior [ RunTime:0.000478s ]
INFO: [ app_begin ] --END-- [ RunTime:0.000524s ]
INFO: [ view_parse ] --START--
INFO: [ template_filter ] --START--
INFO: Run Behavior\ContentReplaceBehavior [ RunTime:0.000100s ]
INFO: [ template_filter ] --END-- [ RunTime:0.000160s ]
INFO: Run Behavior\ParseTemplateBehavior [ RunTime:0.009771s ]
INFO: [ view_parse ] --END-- [ RunTime:0.009819s ]
INFO: [ view_filter ] --START--
INFO: Run Behavior\WriteHtmlCacheBehavior [ RunTime:0.000180s ]
INFO: [ view_filter ] --END-- [ RunTime:0.000211s ]
INFO: [ app_end ] --START--
INFO: Run Behavior\ShowPageTraceBehavior [ RunTime:0.000692s ]
INFO: [ app_end ] --END-- [ RunTime:0.000753s ]

[ 2017-06-05T09:28:31+08:00 ] ::1 /work/index.php/Home/Details/Details.html
INFO: [ app_init ] --START--
INFO: Run Behavior\BuildLiteBehavior [ RunTime:0.000021s ]
INFO: [ app_init ] --END-- [ RunTime:0.000409s ]
INFO: [ app_begin ] --START--
INFO: Run Behavior\ReadHtmlCacheBehavior [ RunTime:0.000725s ]
INFO: [ app_begin ] --END-- [ RunTime:0.000811s ]
SQL: SHOW COLUMNS FROM `mf_shop` [ RunTime:0.0055s ]
SQL: SELECT * FROM `mf_shop` WHERE ( s_id=7 ) LIMIT 1   [ RunTime:0.0006s ]
NOTIC: [2] Cannot modify header information - headers already sent by (output started at /Users/hunkhe/Desktop/hf161028/work/ThinkPHP/Common/functions.php:850) /Users/hunkhe/Desktop/hf161028/work/ThinkPHP/Library/Think/Controller.class.php 第 215 行.

[ 2017-06-05T09:28:31+08:00 ] ::1 /work/index.php/Home/Details/closing_record.html
INFO: [ app_init ] --START--
INFO: Run Behavior\BuildLiteBehavior [ RunTime:0.000015s ]
INFO: [ app_init ] --END-- [ RunTime:0.000368s ]
INFO: [ app_begin ] --START--
INFO: Run Behavior\ReadHtmlCacheBehavior [ RunTime:0.000851s ]
INFO: [ app_begin ] --END-- [ RunTime:0.000942s ]
SQL: SHOW COLUMNS FROM `mf_orderlist` [ RunTime:0.0040s ]
SQL: SELECT COUNT(*) AS tp_count FROM `mf_orderlist` LIMIT 1   [ RunTime:0.0005s ]
SQL: SELECT * FROM `mf_orderlist` ORDER BY ol_id LIMIT 0,5   [ RunTime:0.0004s ]
SQL: SHOW COLUMNS FROM `mf_shop` [ RunTime:0.0048s ]
SQL: SHOW COLUMNS FROM `mf_user` [ RunTime:0.0039s ]
SQL: SELECT `s_name` FROM `mf_shop` WHERE ( s_id=1 ) LIMIT 1   [ RunTime:0.0004s ]
SQL: SELECT `account` FROM `mf_user` WHERE ( u_id=1 ) LIMIT 1   [ RunTime:0.0004s ]
SQL: SELECT `s_name` FROM `mf_shop` WHERE ( s_id=2 ) LIMIT 1   [ RunTime:0.0003s ]
SQL: SELECT `account` FROM `mf_user` WHERE ( u_id=2 ) LIMIT 1   [ RunTime:0.0003s ]
SQL: SELECT `s_name` FROM `mf_shop` WHERE ( s_id=3 ) LIMIT 1   [ RunTime:0.0002s ]
SQL: SELECT `account` FROM `mf_user` WHERE ( u_id=1 ) LIMIT 1   [ RunTime:0.0002s ]
SQL: SELECT `s_name` FROM `mf_shop` WHERE ( s_id=5 ) LIMIT 1   [ RunTime:0.0002s ]
SQL: SELECT `account` FROM `mf_user` WHERE ( u_id=1 ) LIMIT 1   [ RunTime:0.0003s ]
SQL: SELECT `s_name` FROM `mf_shop` WHERE ( s_id=1 ) LIMIT 1   [ RunTime:0.0004s ]
SQL: SELECT `account` FROM `mf_user` WHERE ( u_id=1 ) LIMIT 1   [ RunTime:0.0003s ]

[ 2017-06-05T09:28:53+08:00 ] ::1 /work/index.php/Home/Details/Details
INFO: [ app_init ] --START--
INFO: Run Behavior\BuildLiteBehavior [ RunTime:0.000019s ]
INFO: [ app_init ] --END-- [ RunTime:0.000570s ]
INFO: [ app_begin ] --START--
INFO: Run Behavior\ReadHtmlCacheBehavior [ RunTime:0.000508s ]
INFO: [ app_begin ] --END-- [ RunTime:0.000554s ]
ERR: syntax error, unexpected '$shopData' (T_VARIABLE)

[ 2017-06-05T09:28:59+08:00 ] ::1 /work/index.php/Home/Details/Details
INFO: [ app_init ] --START--
INFO: Run Behavior\BuildLiteBehavior [ RunTime:0.000015s ]
INFO: [ app_init ] --END-- [ RunTime:0.000358s ]
INFO: [ app_begin ] --START--
INFO: Run Behavior\ReadHtmlCacheBehavior [ RunTime:0.000468s ]
INFO: [ app_begin ] --END-- [ RunTime:0.000509s ]
INFO: [ view_parse ] --START--
INFO: [ template_filter ] --START--
INFO: Run Behavior\ContentReplaceBehavior [ RunTime:0.000089s ]
INFO: [ template_filter ] --END-- [ RunTime:0.000158s ]
INFO: Run Behavior\ParseTemplateBehavior [ RunTime:0.007991s ]
INFO: [ view_parse ] --END-- [ RunTime:0.008086s ]
INFO: [ view_filter ] --START--
INFO: Run Behavior\WriteHtmlCacheBehavior [ RunTime:0.000342s ]
INFO: [ view_filter ] --END-- [ RunTime:0.000382s ]
INFO: [ app_end ] --START--
INFO: Run Behavior\ShowPageTraceBehavior [ RunTime:0.000563s ]
INFO: [ app_end ] --END-- [ RunTime:0.000603s ]

[ 2017-06-05T09:28:59+08:00 ] ::1 /work/index.php/Home/Details/Details.html
INFO: [ app_init ] --START--
INFO: Run Behavior\BuildLiteBehavior [ RunTime:0.000020s ]
INFO: [ app_init ] --END-- [ RunTime:0.000516s ]
INFO: [ app_begin ] --START--
INFO: Run Behavior\ReadHtmlCacheBehavior [ RunTime:0.000684s ]
INFO: [ app_begin ] --END-- [ RunTime:0.000755s ]
SQL: SHOW COLUMNS FROM `mf_shop` [ RunTime:0.0059s ]
SQL: SELECT * FROM `mf_shop` WHERE ( s_id=7 ) LIMIT 1   [ RunTime:0.0006s ]
NOTIC: [2] Cannot modify header information - headers already sent by (output started at /Users/hunkhe/Desktop/hf161028/work/ThinkPHP/Common/functions.php:850) /Users/hunkhe/Desktop/hf161028/work/ThinkPHP/Library/Think/Controller.class.php 第 215 行.

[ 2017-06-05T09:28:59+08:00 ] ::1 /work/index.php/Home/Details/closing_record.html
INFO: [ app_init ] --START--
INFO: Run Behavior\BuildLiteBehavior [ RunTime:0.000014s ]
INFO: [ app_init ] --END-- [ RunTime:0.000344s ]
INFO: [ app_begin ] --START--
INFO: Run Behavior\ReadHtmlCacheBehavior [ RunTime:0.000484s ]
INFO: [ app_begin ] --END-- [ RunTime:0.000532s ]
SQL: SHOW COLUMNS FROM `mf_orderlist` [ RunTime:0.0040s ]
SQL: SELECT COUNT(*) AS tp_count FROM `mf_orderlist` LIMIT 1   [ RunTime:0.0005s ]
SQL: SELECT * FROM `mf_orderlist` ORDER BY ol_id LIMIT 0,5   [ RunTime:0.0007s ]
SQL: SHOW COLUMNS FROM `mf_shop` [ RunTime:0.0051s ]
SQL: SHOW COLUMNS FROM `mf_user` [ RunTime:0.0047s ]
SQL: SELECT `s_name` FROM `mf_shop` WHERE ( s_id=1 ) LIMIT 1   [ RunTime:0.0005s ]
SQL: SELECT `account` FROM `mf_user` WHERE ( u_id=1 ) LIMIT 1   [ RunTime:0.0004s ]
SQL: SELECT `s_name` FROM `mf_shop` WHERE ( s_id=2 ) LIMIT 1   [ RunTime:0.0004s ]
SQL: SELECT `account` FROM `mf_user` WHERE ( u_id=2 ) LIMIT 1   [ RunTime:0.0005s ]
SQL: SELECT `s_name` FROM `mf_shop` WHERE ( s_id=3 ) LIMIT 1   [ RunTime:0.0010s ]
SQL: SELECT `account` FROM `mf_user` WHERE ( u_id=1 ) LIMIT 1   [ RunTime:0.0007s ]
SQL: SELECT `s_name` FROM `mf_shop` WHERE ( s_id=5 ) LIMIT 1   [ RunTime:0.0004s ]
SQL: SELECT `account` FROM `mf_user` WHERE ( u_id=1 ) LIMIT 1   [ RunTime:0.0003s ]
SQL: SELECT `s_name` FROM `mf_shop` WHERE ( s_id=1 ) LIMIT 1   [ RunTime:0.0003s ]
SQL: SELECT `account` FROM `mf_user` WHERE ( u_id=1 ) LIMIT 1   [ RunTime:0.0003s ]

[ 2017-06-05T09:29:04+08:00 ] ::1 /work/index.php/Home/Details/Details
INFO: [ app_init ] --START--
INFO: Run Behavior\BuildLiteBehavior [ RunTime:0.000014s ]
INFO: [ app_init ] --END-- [ RunTime:0.000389s ]
INFO: [ app_begin ] --START--
INFO: Run Behavior\ReadHtmlCacheBehavior [ RunTime:0.000477s ]
INFO: [ app_begin ] --END-- [ RunTime:0.000521s ]
INFO: [ view_parse ] --START--
INFO: [ template_filter ] --START--
INFO: Run Behavior\ContentReplaceBehavior [ RunTime:0.000075s ]
INFO: [ template_filter ] --END-- [ RunTime:0.000128s ]
INFO: Run Behavior\ParseTemplateBehavior [ RunTime:0.007430s ]
INFO: [ view_parse ] --END-- [ RunTime:0.007465s ]
INFO: [ view_filter ] --START--
INFO: Run Behavior\WriteHtmlCacheBehavior [ RunTime:0.000144s ]
INFO: [ view_filter ] --END-- [ RunTime:0.000171s ]
INFO: [ app_end ] --START--
INFO: Run Behavior\ShowPageTraceBehavior [ RunTime:0.000707s ]
INFO: [ app_end ] --END-- [ RunTime:0.000755s ]

[ 2017-06-05T09:29:04+08:00 ] ::1 /work/index.php/Home/Details/Details.html
INFO: [ app_init ] --START--
INFO: Run Behavior\BuildLiteBehavior [ RunTime:0.000020s ]
INFO: [ app_init ] --END-- [ RunTime:0.000493s ]
INFO: [ app_begin ] --START--
INFO: Run Behavior\ReadHtmlCacheBehavior [ RunTime:0.000675s ]
INFO: [ app_begin ] --END-- [ RunTime:0.000748s ]
SQL: SHOW COLUMNS FROM `mf_shop` [ RunTime:0.0049s ]
SQL: SELECT * FROM `mf_shop` WHERE ( s_id=5 ) LIMIT 1   [ RunTime:0.0006s ]
NOTIC: [2] Cannot modify header information - headers already sent by (output started at /Users/hunkhe/Desktop/hf161028/work/ThinkPHP/Common/functions.php:850) /Users/hunkhe/Desktop/hf161028/work/ThinkPHP/Library/Think/Controller.class.php 第 215 行.

[ 2017-06-05T09:29:04+08:00 ] ::1 /work/index.php/Home/Details/closing_record.html
INFO: [ app_init ] --START--
INFO: Run Behavior\BuildLiteBehavior [ RunTime:0.000019s ]
INFO: [ app_init ] --END-- [ RunTime:0.000494s ]
INFO: [ app_begin ] --START--
INFO: Run Behavior\ReadHtmlCacheBehavior [ RunTime:0.000690s ]
INFO: [ app_begin ] --END-- [ RunTime:0.000764s ]
SQL: SHOW COLUMNS FROM `mf_orderlist` [ RunTime:0.0039s ]
SQL: SELECT COUNT(*) AS tp_count FROM `mf_orderlist` LIMIT 1   [ RunTime:0.0005s ]
SQL: SELECT * FROM `mf_orderlist` ORDER BY ol_id LIMIT 0,5   [ RunTime:0.0006s ]
SQL: SHOW COLUMNS FROM `mf_shop` [ RunTime:0.0037s ]
SQL: SHOW COLUMNS FROM `mf_user` [ RunTime:0.0045s ]
SQL: SELECT `s_name` FROM `mf_shop` WHERE ( s_id=1 ) LIMIT 1   [ RunTime:0.0005s ]
SQL: SELECT `account` FROM `mf_user` WHERE ( u_id=1 ) LIMIT 1   [ RunTime:0.0005s ]
SQL: SELECT `s_name` FROM `mf_shop` WHERE ( s_id=2 ) LIMIT 1   [ RunTime:0.0005s ]
SQL: SELECT `account` FROM `mf_user` WHERE ( u_id=2 ) LIMIT 1   [ RunTime:0.0005s ]
SQL: SELECT `s_name` FROM `mf_shop` WHERE ( s_id=3 ) LIMIT 1   [ RunTime:0.0003s ]
SQL: SELECT `account` FROM `mf_user` WHERE ( u_id=1 ) LIMIT 1   [ RunTime:0.0004s ]
SQL: SELECT `s_name` FROM `mf_shop` WHERE ( s_id=5 ) LIMIT 1   [ RunTime:0.0003s ]
SQL: SELECT `account` FROM `mf_user` WHERE ( u_id=1 ) LIMIT 1   [ RunTime:0.0003s ]
SQL: SELECT `s_name` FROM `mf_shop` WHERE ( s_id=1 ) LIMIT 1   [ RunTime:0.0003s ]
SQL: SELECT `account` FROM `mf_user` WHERE ( u_id=1 ) LIMIT 1   [ RunTime:0.0003s ]

[ 2017-06-05T09:29:13+08:00 ] ::1 /work/index.php/Home/Details/Details
INFO: [ app_init ] --START--
INFO: Run Behavior\BuildLiteBehavior [ RunTime:0.000020s ]
INFO: [ app_init ] --END-- [ RunTime:0.000675s ]
INFO: [ app_begin ] --START--
INFO: Run Behavior\ReadHtmlCacheBehavior [ RunTime:0.000782s ]
INFO: [ app_begin ] --END-- [ RunTime:0.000904s ]
INFO: [ view_parse ] --START--
INFO: [ template_filter ] --START--
INFO: Run Behavior\ContentReplaceBehavior [ RunTime:0.000066s ]
INFO: [ template_filter ] --END-- [ RunTime:0.000112s ]
INFO: Run Behavior\ParseTemplateBehavior [ RunTime:0.007880s ]
INFO: [ view_parse ] --END-- [ RunTime:0.007931s ]
INFO: [ view_filter ] --START--
INFO: Run Behavior\WriteHtmlCacheBehavior [ RunTime:0.000143s ]
INFO: [ view_filter ] --END-- [ RunTime:0.000169s ]
INFO: [ app_end ] --START--
INFO: Run Behavior\ShowPageTraceBehavior [ RunTime:0.000488s ]
INFO: [ app_end ] --END-- [ RunTime:0.000518s ]

[ 2017-06-05T09:29:13+08:00 ] ::1 /work/index.php/Home/Details/Details.html
INFO: [ app_init ] --START--
INFO: Run Behavior\BuildLiteBehavior [ RunTime:0.000026s ]
INFO: [ app_init ] --END-- [ RunTime:0.000691s ]
INFO: [ app_begin ] --START--
INFO: Run Behavior\ReadHtmlCacheBehavior [ RunTime:0.000691s ]
INFO: [ app_begin ] --END-- [ RunTime:0.000763s ]
SQL: SHOW COLUMNS FROM `mf_shop` [ RunTime:0.0054s ]
SQL: SELECT * FROM `mf_shop` WHERE ( s_id=5 ) LIMIT 1   [ RunTime:0.0010s ]

[ 2017-06-05T09:29:13+08:00 ] ::1 /work/index.php/Home/Details/closing_record.html
INFO: [ app_init ] --START--
INFO: Run Behavior\BuildLiteBehavior [ RunTime:0.000015s ]
INFO: [ app_init ] --END-- [ RunTime:0.000343s ]
INFO: [ app_begin ] --START--
INFO: Run Behavior\ReadHtmlCacheBehavior [ RunTime:0.000459s ]
INFO: [ app_begin ] --END-- [ RunTime:0.000506s ]
SQL: SHOW COLUMNS FROM `mf_orderlist` [ RunTime:0.0052s ]
SQL: SELECT COUNT(*) AS tp_count FROM `mf_orderlist` LIMIT 1   [ RunTime:0.0009s ]
SQL: SELECT * FROM `mf_orderlist` ORDER BY ol_id LIMIT 0,5   [ RunTime:0.0018s ]
SQL: SHOW COLUMNS FROM `mf_shop` [ RunTime:0.0062s ]
SQL: SHOW COLUMNS FROM `mf_user` [ RunTime:0.0047s ]
SQL: SELECT `s_name` FROM `mf_shop` WHERE ( s_id=1 ) LIMIT 1   [ RunTime:0.0005s ]
SQL: SELECT `account` FROM `mf_user` WHERE ( u_id=1 ) LIMIT 1   [ RunTime:0.0006s ]
SQL: SELECT `s_name` FROM `mf_shop` WHERE ( s_id=2 ) LIMIT 1   [ RunTime:0.0008s ]
SQL: SELECT `account` FROM `mf_user` WHERE ( u_id=2 ) LIMIT 1   [ RunTime:0.0005s ]
SQL: SELECT `s_name` FROM `mf_shop` WHERE ( s_id=3 ) LIMIT 1   [ RunTime:0.0004s ]
SQL: SELECT `account` FROM `mf_user` WHERE ( u_id=1 ) LIMIT 1   [ RunTime:0.0003s ]
SQL: SELECT `s_name` FROM `mf_shop` WHERE ( s_id=5 ) LIMIT 1   [ RunTime:0.0005s ]
SQL: SELECT `account` FROM `mf_user` WHERE ( u_id=1 ) LIMIT 1   [ RunTime:0.0003s ]
SQL: SELECT `s_name` FROM `mf_shop` WHERE ( s_id=1 ) LIMIT 1   [ RunTime:0.0004s ]
SQL: SELECT `account` FROM `mf_user` WHERE ( u_id=1 ) LIMIT 1   [ RunTime:0.0007s ]

[ 2017-06-05T09:29:22+08:00 ] ::1 /work/index.php/Home/Details/closing_record.html
INFO: [ app_init ] --START--
INFO: Run Behavior\BuildLiteBehavior [ RunTime:0.000012s ]
INFO: [ app_init ] --END-- [ RunTime:0.000299s ]
INFO: [ app_begin ] --START--
INFO: Run Behavior\ReadHtmlCacheBehavior [ RunTime:0.000399s ]
INFO: [ app_begin ] --END-- [ RunTime:0.000434s ]
SQL: SHOW COLUMNS FROM `mf_orderlist` [ RunTime:0.0044s ]
SQL: SELECT COUNT(*) AS tp_count FROM `mf_orderlist` LIMIT 1   [ RunTime:0.0006s ]
SQL: SELECT * FROM `mf_orderlist` ORDER BY ol_id LIMIT 5,5   [ RunTime:0.0006s ]
SQL: SHOW COLUMNS FROM `mf_shop` [ RunTime:0.0048s ]
SQL: SHOW COLUMNS FROM `mf_user` [ RunTime:0.0044s ]
SQL: SELECT `s_name` FROM `mf_shop` WHERE ( s_id=2 ) LIMIT 1   [ RunTime:0.0006s ]
SQL: SELECT `account` FROM `mf_user` WHERE ( u_id=2 ) LIMIT 1   [ RunTime:0.0005s ]
SQL: SELECT `s_name` FROM `mf_shop` WHERE ( s_id=3 ) LIMIT 1   [ RunTime:0.0005s ]
SQL: SELECT `account` FROM `mf_user` WHERE ( u_id=1 ) LIMIT 1   [ RunTime:0.0005s ]
SQL: SELECT `s_name` FROM `mf_shop` WHERE ( s_id=5 ) LIMIT 1   [ RunTime:0.0005s ]
SQL: SELECT `account` FROM `mf_user` WHERE ( u_id=1 ) LIMIT 1   [ RunTime:0.0005s ]
SQL: SELECT `s_name` FROM `mf_shop` WHERE ( s_id=1 ) LIMIT 1   [ RunTime:0.0005s ]
SQL: SELECT `account` FROM `mf_user` WHERE ( u_id=1 ) LIMIT 1   [ RunTime:0.0005s ]
SQL: SELECT `s_name` FROM `mf_shop` WHERE ( s_id=2 ) LIMIT 1   [ RunTime:0.0006s ]
SQL: SELECT `account` FROM `mf_user` WHERE ( u_id=2 ) LIMIT 1   [ RunTime:0.0006s ]

[ 2017-06-05T09:29:23+08:00 ] ::1 /work/index.php/Home/Details/closing_record.html
INFO: [ app_init ] --START--
INFO: Run Behavior\BuildLiteBehavior [ RunTime:0.000016s ]
INFO: [ app_init ] --END-- [ RunTime:0.000359s ]
INFO: [ app_begin ] --START--
INFO: Run Behavior\ReadHtmlCacheBehavior [ RunTime:0.000438s ]
INFO: [ app_begin ] --END-- [ RunTime:0.000478s ]
SQL: SHOW COLUMNS FROM `mf_orderlist` [ RunTime:0.0037s ]
SQL: SELECT COUNT(*) AS tp_count FROM `mf_orderlist` LIMIT 1   [ RunTime:0.0003s ]
SQL: SELECT * FROM `mf_orderlist` ORDER BY ol_id LIMIT 10,5   [ RunTime:0.0004s ]
SQL: SHOW COLUMNS FROM `mf_shop` [ RunTime:0.0039s ]
SQL: SHOW COLUMNS FROM `mf_user` [ RunTime:0.0038s ]
SQL: SELECT `s_name` FROM `mf_shop` WHERE ( s_id=3 ) LIMIT 1   [ RunTime:0.0004s ]
SQL: SELECT `account` FROM `mf_user` WHERE ( u_id=1 ) LIMIT 1   [ RunTime:0.0003s ]
SQL: SELECT `s_name` FROM `mf_shop` WHERE ( s_id=5 ) LIMIT 1   [ RunTime:0.0003s ]
SQL: SELECT `account` FROM `mf_user` WHERE ( u_id=1 ) LIMIT 1   [ RunTime:0.0003s ]
SQL: SELECT `s_name` FROM `mf_shop` WHERE ( s_id=1 ) LIMIT 1   [ RunTime:0.0003s ]
SQL: SELECT `account` FROM `mf_user` WHERE ( u_id=1 ) LIMIT 1   [ RunTime:0.0003s ]
SQL: SELECT `s_name` FROM `mf_shop` WHERE ( s_id=2 ) LIMIT 1   [ RunTime:0.0003s ]
SQL: SELECT `account` FROM `mf_user` WHERE ( u_id=2 ) LIMIT 1   [ RunTime:0.0003s ]
SQL: SELECT `s_name` FROM `mf_shop` WHERE ( s_id=3 ) LIMIT 1   [ RunTime:0.0003s ]
SQL: SELECT `account` FROM `mf_user` WHERE ( u_id=1 ) LIMIT 1   [ RunTime:0.0003s ]

[ 2017-06-05T09:29:23+08:00 ] ::1 /work/index.php/Home/Details/closing_record.html
INFO: [ app_init ] --START--
INFO: Run Behavior\BuildLiteBehavior [ RunTime:0.000013s ]
INFO: [ app_init ] --END-- [ RunTime:0.000353s ]
INFO: [ app_begin ] --START--
INFO: Run Behavior\ReadHtmlCacheBehavior [ RunTime:0.000407s ]
INFO: [ app_begin ] --END-- [ RunTime:0.000441s ]
SQL: SHOW COLUMNS FROM `mf_orderlist` [ RunTime:0.0039s ]
SQL: SELECT COUNT(*) AS tp_count FROM `mf_orderlist` LIMIT 1   [ RunTime:0.0003s ]
SQL: SELECT * FROM `mf_orderlist` ORDER BY ol_id LIMIT 15,5   [ RunTime:0.0004s ]
SQL: SHOW COLUMNS FROM `mf_shop` [ RunTime:0.0037s ]
SQL: SHOW COLUMNS FROM `mf_user` [ RunTime:0.0039s ]
SQL: SELECT `s_name` FROM `mf_shop` WHERE ( s_id=5 ) LIMIT 1   [ RunTime:0.0004s ]
SQL: SELECT `account` FROM `mf_user` WHERE ( u_id=1 ) LIMIT 1   [ RunTime:0.0003s ]
SQL: SELECT `s_name` FROM `mf_shop` WHERE ( s_id=1 ) LIMIT 1   [ RunTime:0.0003s ]
SQL: SELECT `account` FROM `mf_user` WHERE ( u_id=1 ) LIMIT 1   [ RunTime:0.0003s ]
SQL: SELECT `s_name` FROM `mf_shop` WHERE ( s_id=2 ) LIMIT 1   [ RunTime:0.0003s ]
SQL: SELECT `account` FROM `mf_user` WHERE ( u_id=2 ) LIMIT 1   [ RunTime:0.0003s ]
SQL: SELECT `s_name` FROM `mf_shop` WHERE ( s_id=3 ) LIMIT 1   [ RunTime:0.0003s ]
SQL: SELECT `account` FROM `mf_user` WHERE ( u_id=1 ) LIMIT 1   [ RunTime:0.0003s ]
SQL: SELECT `s_name` FROM `mf_shop` WHERE ( s_id=5 ) LIMIT 1   [ RunTime:0.0003s ]
SQL: SELECT `account` FROM `mf_user` WHERE ( u_id=1 ) LIMIT 1   [ RunTime:0.0003s ]

[ 2017-06-05T09:29:23+08:00 ] ::1 /work/index.php/Home/Details/closing_record.html
INFO: [ app_init ] --START--
INFO: Run Behavior\BuildLiteBehavior [ RunTime:0.000013s ]
INFO: [ app_init ] --END-- [ RunTime:0.000301s ]
INFO: [ app_begin ] --START--
INFO: Run Behavior\ReadHtmlCacheBehavior [ RunTime:0.000404s ]
INFO: [ app_begin ] --END-- [ RunTime:0.000440s ]
SQL: SHOW COLUMNS FROM `mf_orderlist` [ RunTime:0.0035s ]
SQL: SELECT COUNT(*) AS tp_count FROM `mf_orderlist` LIMIT 1   [ RunTime:0.0004s ]
SQL: SELECT * FROM `mf_orderlist` ORDER BY ol_id LIMIT 20,5   [ RunTime:0.0004s ]
SQL: SHOW COLUMNS FROM `mf_shop` [ RunTime:0.0037s ]
SQL: SHOW COLUMNS FROM `mf_user` [ RunTime:0.0040s ]
SQL: SELECT `s_name` FROM `mf_shop` WHERE ( s_id=1 ) LIMIT 1   [ RunTime:0.0005s ]
SQL: SELECT `account` FROM `mf_user` WHERE ( u_id=1 ) LIMIT 1   [ RunTime:0.0004s ]
SQL: SELECT `s_name` FROM `mf_shop` WHERE ( s_id=2 ) LIMIT 1   [ RunTime:0.0003s ]
SQL: SELECT `account` FROM `mf_user` WHERE ( u_id=2 ) LIMIT 1   [ RunTime:0.0003s ]
SQL: SELECT `s_name` FROM `mf_shop` WHERE ( s_id=3 ) LIMIT 1   [ RunTime:0.0003s ]
SQL: SELECT `account` FROM `mf_user` WHERE ( u_id=1 ) LIMIT 1   [ RunTime:0.0003s ]
SQL: SELECT `s_name` FROM `mf_shop` WHERE ( s_id=5 ) LIMIT 1   [ RunTime:0.0003s ]
SQL: SELECT `account` FROM `mf_user` WHERE ( u_id=1 ) LIMIT 1   [ RunTime:0.0003s ]
SQL: SELECT `s_name` FROM `mf_shop` WHERE ( s_id=1 ) LIMIT 1   [ RunTime:0.0003s ]
SQL: SELECT `account` FROM `mf_user` WHERE ( u_id=1 ) LIMIT 1   [ RunTime:0.0003s ]

[ 2017-06-05T16:47:03+08:00 ] ::1 /work/index.php/Home/User/VerifyImg.html
INFO: [ app_init ] --START--
INFO: Run Behavior\BuildLiteBehavior [ RunTime:0.000012s ]
INFO: [ app_init ] --END-- [ RunTime:0.000299s ]
INFO: [ app_begin ] --START--
INFO: Run Behavior\ReadHtmlCacheBehavior [ RunTime:0.000665s ]
INFO: [ app_begin ] --END-- [ RunTime:0.000732s ]
NOTIC: [8] Use of undefined constant AJAX_MSG - assumed 'AJAX_MSG' /Users/hunkhe/Desktop/hf161028/work/Application/Home/Controller/UserController.class.php 第 77 行.
INFO: [ app_end ] --START--
INFO: Run Behavior\ShowPageTraceBehavior [ RunTime:0.000462s ]
INFO: [ app_end ] --END-- [ RunTime:0.000502s ]

[ 2017-06-05T16:47:18+08:00 ] ::1 /work/index.php/
INFO: [ app_init ] --START--
INFO: Run Behavior\BuildLiteBehavior [ RunTime:0.000090s ]
INFO: [ app_init ] --END-- [ RunTime:0.001151s ]
INFO: [ app_begin ] --START--
INFO: Run Behavior\ReadHtmlCacheBehavior [ RunTime:0.000718s ]
INFO: [ app_begin ] --END-- [ RunTime:0.000783s ]
INFO: [ view_parse ] --START--
INFO: [ template_filter ] --START--
INFO: Run Behavior\ContentReplaceBehavior [ RunTime:0.000072s ]
INFO: [ template_filter ] --END-- [ RunTime:0.000116s ]
NOTIC: [8] Array to string conversion /Users/hunkhe/Desktop/hf161028/work/Application/Runtime/Cache/Home/3c2cb086f96d013b5e3406943f509c9c.php 第 188 行.
INFO: Run Behavior\ParseTemplateBehavior [ RunTime:0.017691s ]
INFO: [ view_parse ] --END-- [ RunTime:0.017749s ]
INFO: [ view_filter ] --START--
INFO: Run Behavior\WriteHtmlCacheBehavior [ RunTime:0.000310s ]
INFO: [ view_filter ] --END-- [ RunTime:0.000387s ]
INFO: [ app_end ] --START--
INFO: Run Behavior\ShowPageTraceBehavior [ RunTime:0.001071s ]
INFO: [ app_end ] --END-- [ RunTime:0.001162s ]

[ 2017-06-05T16:47:19+08:00 ] ::1 /work/index.php/Home/Pro/scech.html
INFO: [ app_init ] --START--
INFO: Run Behavior\BuildLiteBehavior [ RunTime:0.000025s ]
INFO: [ app_init ] --END-- [ RunTime:0.000583s ]
INFO: [ app_begin ] --START--
INFO: Run Behavior\ReadHtmlCacheBehavior [ RunTime:0.000777s ]
INFO: [ app_begin ] --END-- [ RunTime:0.000864s ]
SQL: SHOW COLUMNS FROM `mf_shop` [ RunTime:0.0044s ]
SQL: SELECT `s_name`,`s_pri`,`s_img`,`s_num` FROM `mf_shop` WHERE `s_num` > 0 ORDER BY s_num LIMIT 4   [ RunTime:0.0009s ]
NOTIC: [8] Use of undefined constant AJAX_MSG - assumed 'AJAX_MSG' /Users/hunkhe/Desktop/hf161028/work/Application/Home/Controller/ProController.class.php 第 26 行.
INFO: [ app_end ] --START--
INFO: Run Behavior\ShowPageTraceBehavior [ RunTime:0.000952s ]
INFO: [ app_end ] --END-- [ RunTime:0.001079s ]

[ 2017-06-05T16:47:46+08:00 ] ::1 /work/index.php
INFO: [ app_init ] --START--
INFO: Run Behavior\BuildLiteBehavior [ RunTime:0.000016s ]
INFO: [ app_init ] --END-- [ RunTime:0.000416s ]
INFO: [ app_begin ] --START--
INFO: Run Behavior\ReadHtmlCacheBehavior [ RunTime:0.000662s ]
INFO: [ app_begin ] --END-- [ RunTime:0.000715s ]
INFO: [ view_parse ] --START--
INFO: [ template_filter ] --START--
INFO: Run Behavior\ContentReplaceBehavior [ RunTime:0.000085s ]
INFO: [ template_filter ] --END-- [ RunTime:0.000141s ]
NOTIC: [8] Undefined variable: login /Users/hunkhe/Desktop/hf161028/work/Application/Runtime/Cache/Home/3c2cb086f96d013b5e3406943f509c9c.php 第 188 行.
INFO: Run Behavior\ParseTemplateBehavior [ RunTime:0.008818s ]
INFO: [ view_parse ] --END-- [ RunTime:0.008916s ]
INFO: [ view_filter ] --START--
INFO: Run Behavior\WriteHtmlCacheBehavior [ RunTime:0.000164s ]
INFO: [ view_filter ] --END-- [ RunTime:0.000194s ]
INFO: [ app_end ] --START--
INFO: Run Behavior\ShowPageTraceBehavior [ RunTime:0.000951s ]
INFO: [ app_end ] --END-- [ RunTime:0.001031s ]

[ 2017-06-05T16:47:47+08:00 ] ::1 /work/index.php/Home/Pro/scech.html
INFO: [ app_init ] --START--
INFO: Run Behavior\BuildLiteBehavior [ RunTime:0.000019s ]
INFO: [ app_init ] --END-- [ RunTime:0.000576s ]
INFO: [ app_begin ] --START--
INFO: Run Behavior\ReadHtmlCacheBehavior [ RunTime:0.000712s ]
INFO: [ app_begin ] --END-- [ RunTime:0.000797s ]
SQL: SHOW COLUMNS FROM `mf_shop` [ RunTime:0.0030s ]
SQL: SELECT `s_name`,`s_pri`,`s_img`,`s_num` FROM `mf_shop` WHERE `s_num` > 0 ORDER BY s_num LIMIT 4   [ RunTime:0.0011s ]
NOTIC: [8] Use of undefined constant AJAX_MSG - assumed 'AJAX_MSG' /Users/hunkhe/Desktop/hf161028/work/Application/Home/Controller/ProController.class.php 第 26 行.
INFO: [ app_end ] --START--
INFO: Run Behavior\ShowPageTraceBehavior [ RunTime:0.000679s ]
INFO: [ app_end ] --END-- [ RunTime:0.000732s ]

[ 2017-06-05T16:47:54+08:00 ] ::1 /work/index.php/Home/User/login.html
INFO: [ app_init ] --START--
INFO: Run Behavior\BuildLiteBehavior [ RunTime:0.000012s ]
INFO: [ app_init ] --END-- [ RunTime:0.000311s ]
INFO: [ app_begin ] --START--
INFO: Run Behavior\ReadHtmlCacheBehavior [ RunTime:0.000417s ]
INFO: [ app_begin ] --END-- [ RunTime:0.000452s ]
INFO: [ view_parse ] --START--
INFO: [ template_filter ] --START--
INFO: Run Behavior\ContentReplaceBehavior [ RunTime:0.000138s ]
INFO: [ template_filter ] --END-- [ RunTime:0.000247s ]
INFO: Run Behavior\ParseTemplateBehavior [ RunTime:0.016991s ]
INFO: [ view_parse ] --END-- [ RunTime:0.017049s ]
INFO: [ view_filter ] --START--
INFO: Run Behavior\WriteHtmlCacheBehavior [ RunTime:0.000378s ]
INFO: [ view_filter ] --END-- [ RunTime:0.000447s ]
INFO: [ app_end ] --START--
INFO: Run Behavior\ShowPageTraceBehavior [ RunTime:0.000753s ]
INFO: [ app_end ] --END-- [ RunTime:0.000818s ]

[ 2017-06-05T16:47:54+08:00 ] ::1 /work/index.php/Home/User/VerifyImg.html
INFO: [ app_init ] --START--
INFO: Run Behavior\BuildLiteBehavior [ RunTime:0.000014s ]
INFO: [ app_init ] --END-- [ RunTime:0.000335s ]
INFO: [ app_begin ] --START--
INFO: Run Behavior\ReadHtmlCacheBehavior [ RunTime:0.000445s ]
INFO: [ app_begin ] --END-- [ RunTime:0.000483s ]
INFO: [ app_end ] --START--
INFO: Run Behavior\ShowPageTraceBehavior [ RunTime:0.001261s ]
INFO: [ app_end ] --END-- [ RunTime:0.001436s ]

[ 2017-06-05T16:48:03+08:00 ] ::1 /work/index.php/Home/User/VerifyImg.html
INFO: [ app_init ] --START--
INFO: Run Behavior\BuildLiteBehavior [ RunTime:0.000014s ]
INFO: [ app_init ] --END-- [ RunTime:0.000347s ]
INFO: [ app_begin ] --START--
INFO: Run Behavior\ReadHtmlCacheBehavior [ RunTime:0.000440s ]
INFO: [ app_begin ] --END-- [ RunTime:0.000479s ]
NOTIC: [8] Use of undefined constant AJAX_MSG - assumed 'AJAX_MSG' /Users/hunkhe/Desktop/hf161028/work/Application/Home/Controller/UserController.class.php 第 77 行.
INFO: [ app_end ] --START--
INFO: Run Behavior\ShowPageTraceBehavior [ RunTime:0.000515s ]
INFO: [ app_end ] --END-- [ RunTime:0.000557s ]

[ 2017-06-05T16:48:03+08:00 ] ::1 /work/index.php/Home/User/login.html
INFO: [ app_init ] --START--
INFO: Run Behavior\BuildLiteBehavior [ RunTime:0.000012s ]
INFO: [ app_init ] --END-- [ RunTime:0.000305s ]
INFO: [ app_begin ] --START--
INFO: Run Behavior\ReadHtmlCacheBehavior [ RunTime:0.000405s ]
INFO: [ app_begin ] --END-- [ RunTime:0.000440s ]
SQL: SHOW COLUMNS FROM `mf_user` [ RunTime:0.0043s ]
SQL: SELECT `u_id`,`account`,`nick`,`pwd`,`h_img` FROM `mf_user` WHERE `account` = 'admin' AND `pwd` = '123456' LIMIT 1   [ RunTime:0.0004s ]
NOTIC: [8] Use of undefined constant AJAX_MSG - assumed 'AJAX_MSG' /Users/hunkhe/Desktop/hf161028/work/Application/Home/Controller/UserController.class.php 第 105 行.
NOTIC: [8] Use of undefined constant AJAX_LOGINS_MSG - assumed 'AJAX_LOGINS_MSG' /Users/hunkhe/Desktop/hf161028/work/Application/Home/Controller/UserController.class.php 第 107 行.
INFO: [ app_end ] --START--
INFO: Run Behavior\ShowPageTraceBehavior [ RunTime:0.000713s ]
INFO: [ app_end ] --END-- [ RunTime:0.000809s ]

[ 2017-06-05T16:48:05+08:00 ] ::1 /work/index.php/Home/User/home.html
INFO: [ app_init ] --START--
INFO: Run Behavior\BuildLiteBehavior [ RunTime:0.000014s ]
INFO: [ app_init ] --END-- [ RunTime:0.000384s ]
INFO: [ app_begin ] --START--
INFO: Run Behavior\ReadHtmlCacheBehavior [ RunTime:0.000418s ]
INFO: [ app_begin ] --END-- [ RunTime:0.000454s ]
INFO: [ view_parse ] --START--
INFO: [ template_filter ] --START--
INFO: Run Behavior\ContentReplaceBehavior [ RunTime:0.000085s ]
INFO: [ template_filter ] --END-- [ RunTime:0.000133s ]
NOTIC: [8] Array to string conversion /Users/hunkhe/Desktop/hf161028/work/Application/Runtime/Cache/Home/3c2cb086f96d013b5e3406943f509c9c.php 第 188 行.
INFO: Run Behavior\ParseTemplateBehavior [ RunTime:0.009958s ]
INFO: [ view_parse ] --END-- [ RunTime:0.009994s ]
INFO: [ view_filter ] --START--
INFO: Run Behavior\WriteHtmlCacheBehavior [ RunTime:0.000154s ]
INFO: [ view_filter ] --END-- [ RunTime:0.000181s ]
INFO: [ app_end ] --START--
INFO: Run Behavior\ShowPageTraceBehavior [ RunTime:0.000762s ]
INFO: [ app_end ] --END-- [ RunTime:0.000817s ]

[ 2017-06-05T16:48:05+08:00 ] ::1 /work/index.php/Home/Pro/scech.html
INFO: [ app_init ] --START--
INFO: Run Behavior\BuildLiteBehavior [ RunTime:0.000014s ]
INFO: [ app_init ] --END-- [ RunTime:0.000335s ]
INFO: [ app_begin ] --START--
INFO: Run Behavior\ReadHtmlCacheBehavior [ RunTime:0.000559s ]
INFO: [ app_begin ] --END-- [ RunTime:0.000603s ]
SQL: SHOW COLUMNS FROM `mf_shop` [ RunTime:0.0040s ]
SQL: SELECT `s_name`,`s_pri`,`s_img`,`s_num` FROM `mf_shop` WHERE `s_num` > 0 ORDER BY s_num LIMIT 4   [ RunTime:0.0023s ]
NOTIC: [8] Use of undefined constant AJAX_MSG - assumed 'AJAX_MSG' /Users/hunkhe/Desktop/hf161028/work/Application/Home/Controller/ProController.class.php 第 26 行.
INFO: [ app_end ] --START--
INFO: Run Behavior\ShowPageTraceBehavior [ RunTime:0.000918s ]
INFO: [ app_end ] --END-- [ RunTime:0.000988s ]

[ 2017-06-05T16:52:01+08:00 ] ::1 /work/index.php/Home/Pro/procon
INFO: [ app_init ] --START--
INFO: Run Behavior\BuildLiteBehavior [ RunTime:0.000013s ]
INFO: [ app_init ] --END-- [ RunTime:0.000353s ]
INFO: [ app_begin ] --START--
INFO: Run Behavior\ReadHtmlCacheBehavior [ RunTime:0.000743s ]
INFO: [ app_begin ] --END-- [ RunTime:0.000811s ]
INFO: [ view_parse ] --START--
INFO: [ template_filter ] --START--
INFO: Run Behavior\ContentReplaceBehavior [ RunTime:0.000073s ]
INFO: [ template_filter ] --END-- [ RunTime:0.000117s ]
INFO: Run Behavior\ParseTemplateBehavior [ RunTime:0.009233s ]
INFO: [ view_parse ] --END-- [ RunTime:0.009327s ]
INFO: [ view_filter ] --START--
INFO: Run Behavior\WriteHtmlCacheBehavior [ RunTime:0.000201s ]
INFO: [ view_filter ] --END-- [ RunTime:0.000239s ]
INFO: [ app_end ] --START--
INFO: Run Behavior\ShowPageTraceBehavior [ RunTime:0.000606s ]
INFO: [ app_end ] --END-- [ RunTime:0.000641s ]

[ 2017-06-05T16:52:03+08:00 ] ::1 /work/index.php/Home/Pro/index.html
INFO: [ app_init ] --START--
INFO: Run Behavior\BuildLiteBehavior [ RunTime:0.000011s ]
INFO: [ app_init ] --END-- [ RunTime:0.000300s ]
INFO: [ app_begin ] --START--
INFO: Run Behavior\ReadHtmlCacheBehavior [ RunTime:0.000409s ]
INFO: [ app_begin ] --END-- [ RunTime:0.000443s ]
INFO: [ view_parse ] --START--
INFO: [ template_filter ] --START--
INFO: Run Behavior\ContentReplaceBehavior [ RunTime:0.000084s ]
INFO: [ template_filter ] --END-- [ RunTime:0.000139s ]
INFO: Run Behavior\ParseTemplateBehavior [ RunTime:0.008847s ]
INFO: [ view_parse ] --END-- [ RunTime:0.008886s ]
INFO: [ view_filter ] --START--
INFO: Run Behavior\WriteHtmlCacheBehavior [ RunTime:0.000172s ]
INFO: [ view_filter ] --END-- [ RunTime:0.000208s ]
INFO: [ app_end ] --START--
INFO: Run Behavior\ShowPageTraceBehavior [ RunTime:0.000615s ]
INFO: [ app_end ] --END-- [ RunTime:0.000653s ]

[ 2017-06-05T16:52:05+08:00 ] ::1 /work/index.php/Home/Des/index.html
INFO: [ app_init ] --START--
INFO: Run Behavior\BuildLiteBehavior [ RunTime:0.000011s ]
INFO: [ app_init ] --END-- [ RunTime:0.000302s ]
INFO: [ app_begin ] --START--
INFO: Run Behavior\ReadHtmlCacheBehavior [ RunTime:0.000408s ]
INFO: [ app_begin ] --END-- [ RunTime:0.000443s ]
INFO: [ view_parse ] --START--
INFO: [ template_filter ] --START--
INFO: Run Behavior\ContentReplaceBehavior [ RunTime:0.000137s ]
INFO: [ template_filter ] --END-- [ RunTime:0.000183s ]
INFO: Run Behavior\ParseTemplateBehavior [ RunTime:0.018989s ]
INFO: [ view_parse ] --END-- [ RunTime:0.019048s ]
INFO: [ view_filter ] --START--
INFO: Run Behavior\WriteHtmlCacheBehavior [ RunTime:0.000218s ]
INFO: [ view_filter ] --END-- [ RunTime:0.000256s ]
INFO: [ app_end ] --START--
INFO: Run Behavior\ShowPageTraceBehavior [ RunTime:0.000905s ]
INFO: [ app_end ] --END-- [ RunTime:0.000983s ]

[ 2017-06-05T16:52:06+08:00 ] ::1 /work/index.php/Home/User/home.html
INFO: [ app_init ] --START--
INFO: Run Behavior\BuildLiteBehavior [ RunTime:0.000016s ]
INFO: [ app_init ] --END-- [ RunTime:0.000402s ]
INFO: [ app_begin ] --START--
INFO: Run Behavior\ReadHtmlCacheBehavior [ RunTime:0.000446s ]
INFO: [ app_begin ] --END-- [ RunTime:0.000482s ]
INFO: [ view_parse ] --START--
INFO: [ template_filter ] --START--
INFO: Run Behavior\ContentReplaceBehavior [ RunTime:0.000088s ]
INFO: [ template_filter ] --END-- [ RunTime:0.000186s ]
NOTIC: [8] Array to string conversion /Users/hunkhe/Desktop/hf161028/work/Application/Runtime/Cache/Home/3c2cb086f96d013b5e3406943f509c9c.php 第 188 行.
INFO: Run Behavior\ParseTemplateBehavior [ RunTime:0.013730s ]
INFO: [ view_parse ] --END-- [ RunTime:0.013800s ]
INFO: [ view_filter ] --START--
INFO: Run Behavior\WriteHtmlCacheBehavior [ RunTime:0.000260s ]
INFO: [ view_filter ] --END-- [ RunTime:0.000354s ]
INFO: [ app_end ] --START--
INFO: Run Behavior\ShowPageTraceBehavior [ RunTime:0.001130s ]
INFO: [ app_end ] --END-- [ RunTime:0.001212s ]

[ 2017-06-05T16:52:06+08:00 ] ::1 /work/index.php/Home/Pro/scech.html
INFO: [ app_init ] --START--
INFO: Run Behavior\BuildLiteBehavior [ RunTime:0.000017s ]
INFO: [ app_init ] --END-- [ RunTime:0.000475s ]
INFO: [ app_begin ] --START--
INFO: Run Behavior\ReadHtmlCacheBehavior [ RunTime:0.000687s ]
INFO: [ app_begin ] --END-- [ RunTime:0.000752s ]
SQL: SHOW COLUMNS FROM `mf_shop` [ RunTime:0.0024s ]
SQL: SELECT `s_name`,`s_pri`,`s_img`,`s_num` FROM `mf_shop` WHERE `s_num` > 0 ORDER BY s_num LIMIT 4   [ RunTime:0.0006s ]
NOTIC: [8] Use of undefined constant AJAX_MSG - assumed 'AJAX_MSG' /Users/hunkhe/Desktop/hf161028/work/Application/Home/Controller/ProController.class.php 第 26 行.
INFO: [ app_end ] --START--
INFO: Run Behavior\ShowPageTraceBehavior [ RunTime:0.001404s ]
INFO: [ app_end ] --END-- [ RunTime:0.001493s ]

[ 2017-06-05T16:52:07+08:00 ] ::1 /work/index.php/Home/Des/index.html
INFO: [ app_init ] --START--
INFO: Run Behavior\BuildLiteBehavior [ RunTime:0.000013s ]
INFO: [ app_init ] --END-- [ RunTime:0.000310s ]
INFO: [ app_begin ] --START--
INFO: Run Behavior\ReadHtmlCacheBehavior [ RunTime:0.000450s ]
INFO: [ app_begin ] --END-- [ RunTime:0.000488s ]
INFO: [ view_parse ] --START--
INFO: [ template_filter ] --START--
INFO: Run Behavior\ContentReplaceBehavior [ RunTime:0.000168s ]
INFO: [ template_filter ] --END-- [ RunTime:0.000222s ]
INFO: Run Behavior\ParseTemplateBehavior [ RunTime:0.013061s ]
INFO: [ view_parse ] --END-- [ RunTime:0.013101s ]
INFO: [ view_filter ] --START--
INFO: Run Behavior\WriteHtmlCacheBehavior [ RunTime:0.000166s ]
INFO: [ view_filter ] --END-- [ RunTime:0.000195s ]
INFO: [ app_end ] --START--
INFO: Run Behavior\ShowPageTraceBehavior [ RunTime:0.000663s ]
INFO: [ app_end ] --END-- [ RunTime:0.000725s ]

[ 2017-06-05T16:52:11+08:00 ] ::1 /work/index.php/Home/Des/detail.html
INFO: [ app_init ] --START--
INFO: Run Behavior\BuildLiteBehavior [ RunTime:0.000016s ]
INFO: [ app_init ] --END-- [ RunTime:0.000430s ]
INFO: [ app_begin ] --START--
INFO: Run Behavior\ReadHtmlCacheBehavior [ RunTime:0.000519s ]
INFO: [ app_begin ] --END-- [ RunTime:0.000567s ]
INFO: [ view_parse ] --START--
INFO: [ template_filter ] --START--
INFO: Run Behavior\ContentReplaceBehavior [ RunTime:0.000105s ]
INFO: [ template_filter ] --END-- [ RunTime:0.000200s ]
INFO: Run Behavior\ParseTemplateBehavior [ RunTime:0.011348s ]
INFO: [ view_parse ] --END-- [ RunTime:0.011413s ]
INFO: [ view_filter ] --START--
INFO: Run Behavior\WriteHtmlCacheBehavior [ RunTime:0.000265s ]
INFO: [ view_filter ] --END-- [ RunTime:0.000332s ]
INFO: [ app_end ] --START--
INFO: Run Behavior\ShowPageTraceBehavior [ RunTime:0.000741s ]
INFO: [ app_end ] --END-- [ RunTime:0.000802s ]

[ 2017-06-05T16:52:25+08:00 ] ::1 /work/index.php/Home/Pro/index.html
INFO: [ app_init ] --START--
INFO: Run Behavior\BuildLiteBehavior [ RunTime:0.000034s ]
INFO: [ app_init ] --END-- [ RunTime:0.000731s ]
INFO: [ app_begin ] --START--
INFO: Run Behavior\ReadHtmlCacheBehavior [ RunTime:0.000648s ]
INFO: [ app_begin ] --END-- [ RunTime:0.000733s ]
INFO: [ view_parse ] --START--
INFO: [ template_filter ] --START--
INFO: Run Behavior\ContentReplaceBehavior [ RunTime:0.000099s ]
INFO: [ template_filter ] --END-- [ RunTime:0.000144s ]
INFO: Run Behavior\ParseTemplateBehavior [ RunTime:0.007973s ]
INFO: [ view_parse ] --END-- [ RunTime:0.008044s ]
INFO: [ view_filter ] --START--
INFO: Run Behavior\WriteHtmlCacheBehavior [ RunTime:0.000207s ]
INFO: [ view_filter ] --END-- [ RunTime:0.000239s ]
INFO: [ app_end ] --START--
INFO: Run Behavior\ShowPageTraceBehavior [ RunTime:0.000593s ]
INFO: [ app_end ] --END-- [ RunTime:0.000627s ]

[ 2017-06-05T16:52:27+08:00 ] ::1 /work/index.php/Home/User/userCanter.html
INFO: [ app_init ] --START--
INFO: Run Behavior\BuildLiteBehavior [ RunTime:0.000016s ]
INFO: [ app_init ] --END-- [ RunTime:0.000469s ]
INFO: [ app_begin ] --START--
INFO: Run Behavior\ReadHtmlCacheBehavior [ RunTime:0.000571s ]
INFO: [ app_begin ] --END-- [ RunTime:0.000619s ]
INFO: [ view_parse ] --START--
INFO: [ template_filter ] --START--
INFO: Run Behavior\ContentReplaceBehavior [ RunTime:0.000086s ]
INFO: [ template_filter ] --END-- [ RunTime:0.000137s ]
NOTIC: [8] Undefined variable: login /Users/hunkhe/Desktop/hf161028/work/Application/Runtime/Cache/Home/d2d5dd2d7b340acb9d664bba668cab82.php 第 216 行.
INFO: Run Behavior\ParseTemplateBehavior [ RunTime:0.011937s ]
INFO: [ view_parse ] --END-- [ RunTime:0.011992s ]
INFO: [ view_filter ] --START--
INFO: Run Behavior\WriteHtmlCacheBehavior [ RunTime:0.000281s ]
INFO: [ view_filter ] --END-- [ RunTime:0.000338s ]
INFO: [ app_end ] --START--
INFO: Run Behavior\ShowPageTraceBehavior [ RunTime:0.000903s ]
INFO: [ app_end ] --END-- [ RunTime:0.000978s ]

[ 2017-06-05T16:52:30+08:00 ] ::1 /work/index.php/Home/User/home.html
INFO: [ app_init ] --START--
INFO: Run Behavior\BuildLiteBehavior [ RunTime:0.000019s ]
INFO: [ app_init ] --END-- [ RunTime:0.000672s ]
INFO: [ app_begin ] --START--
INFO: Run Behavior\ReadHtmlCacheBehavior [ RunTime:0.000444s ]
INFO: [ app_begin ] --END-- [ RunTime:0.000482s ]
INFO: [ view_parse ] --START--
INFO: [ template_filter ] --START--
INFO: Run Behavior\ContentReplaceBehavior [ RunTime:0.000071s ]
INFO: [ template_filter ] --END-- [ RunTime:0.000115s ]
NOTIC: [8] Array to string conversion /Users/hunkhe/Desktop/hf161028/work/Application/Runtime/Cache/Home/3c2cb086f96d013b5e3406943f509c9c.php 第 188 行.
INFO: Run Behavior\ParseTemplateBehavior [ RunTime:0.006293s ]
INFO: [ view_parse ] --END-- [ RunTime:0.006326s ]
INFO: [ view_filter ] --START--
INFO: Run Behavior\WriteHtmlCacheBehavior [ RunTime:0.000145s ]
INFO: [ view_filter ] --END-- [ RunTime:0.000173s ]
INFO: [ app_end ] --START--
INFO: Run Behavior\ShowPageTraceBehavior [ RunTime:0.000750s ]
INFO: [ app_end ] --END-- [ RunTime:0.000805s ]

[ 2017-06-05T16:52:30+08:00 ] ::1 /work/index.php/Home/Pro/scech.html
INFO: [ app_init ] --START--
INFO: Run Behavior\BuildLiteBehavior [ RunTime:0.000016s ]
INFO: [ app_init ] --END-- [ RunTime:0.000394s ]
INFO: [ app_begin ] --START--
INFO: Run Behavior\ReadHtmlCacheBehavior [ RunTime:0.000871s ]
INFO: [ app_begin ] --END-- [ RunTime:0.000945s ]
SQL: SHOW COLUMNS FROM `mf_shop` [ RunTime:0.0039s ]
SQL: SELECT `s_name`,`s_pri`,`s_img`,`s_num` FROM `mf_shop` WHERE `s_num` > 0 ORDER BY s_num LIMIT 4   [ RunTime:0.0005s ]
NOTIC: [8] Use of undefined constant AJAX_MSG - assumed 'AJAX_MSG' /Users/hunkhe/Desktop/hf161028/work/Application/Home/Controller/ProController.class.php 第 26 行.
INFO: [ app_end ] --START--
INFO: Run Behavior\ShowPageTraceBehavior [ RunTime:0.000875s ]
INFO: [ app_end ] --END-- [ RunTime:0.000979s ]

[ 2017-06-05T16:52:39+08:00 ] ::1 /work/index.php/Home/User/home.html
INFO: [ app_init ] --START--
INFO: Run Behavior\BuildLiteBehavior [ RunTime:0.000014s ]
INFO: [ app_init ] --END-- [ RunTime:0.000320s ]
INFO: [ app_begin ] --START--
INFO: Run Behavior\ReadHtmlCacheBehavior [ RunTime:0.000411s ]
INFO: [ app_begin ] --END-- [ RunTime:0.000446s ]
INFO: [ view_parse ] --START--
INFO: [ template_filter ] --START--
INFO: Run Behavior\ContentReplaceBehavior [ RunTime:0.000107s ]
INFO: [ template_filter ] --END-- [ RunTime:0.000184s ]
NOTIC: [8] Array to string conversion /Users/hunkhe/Desktop/hf161028/work/Application/Runtime/Cache/Home/3c2cb086f96d013b5e3406943f509c9c.php 第 188 行.
INFO: Run Behavior\ParseTemplateBehavior [ RunTime:0.007024s ]
INFO: [ view_parse ] --END-- [ RunTime:0.007077s ]
INFO: [ view_filter ] --START--
INFO: Run Behavior\WriteHtmlCacheBehavior [ RunTime:0.000267s ]
INFO: [ view_filter ] --END-- [ RunTime:0.000303s ]
INFO: [ app_end ] --START--
INFO: Run Behavior\ShowPageTraceBehavior [ RunTime:0.000876s ]
INFO: [ app_end ] --END-- [ RunTime:0.000971s ]

[ 2017-06-05T16:52:39+08:00 ] ::1 /work/index.php/Home/Pro/scech.html
INFO: [ app_init ] --START--
INFO: Run Behavior\BuildLiteBehavior [ RunTime:0.000027s ]
INFO: [ app_init ] --END-- [ RunTime:0.000582s ]
INFO: [ app_begin ] --START--
INFO: Run Behavior\ReadHtmlCacheBehavior [ RunTime:0.000802s ]
INFO: [ app_begin ] --END-- [ RunTime:0.000988s ]
SQL: SHOW COLUMNS FROM `mf_shop` [ RunTime:0.0047s ]
SQL: SELECT `s_name`,`s_pri`,`s_img`,`s_num` FROM `mf_shop` WHERE `s_num` > 0 ORDER BY s_num LIMIT 4   [ RunTime:0.0006s ]
NOTIC: [8] Use of undefined constant AJAX_MSG - assumed 'AJAX_MSG' /Users/hunkhe/Desktop/hf161028/work/Application/Home/Controller/ProController.class.php 第 26 行.
INFO: [ app_end ] --START--
INFO: Run Behavior\ShowPageTraceBehavior [ RunTime:0.001225s ]
INFO: [ app_end ] --END-- [ RunTime:0.001308s ]

