[ 2017-06-04T00:34:34+08:00 ] ::1 /work/index.php/Home/User/login.html
INFO: [ app_init ] --START--
INFO: Run Behavior\BuildLiteBehavior [ RunTime:0.000012s ]
INFO: [ app_init ] --END-- [ RunTime:0.000331s ]
INFO: [ app_begin ] --START--
INFO: Run Behavior\ReadHtmlCacheBehavior [ RunTime:0.000796s ]
INFO: [ app_begin ] --END-- [ RunTime:0.000877s ]
INFO: [ view_parse ] --START--
INFO: [ template_filter ] --START--
INFO: Run Behavior\ContentReplaceBehavior [ RunTime:0.000088s ]
INFO: [ template_filter ] --END-- [ RunTime:0.000139s ]
INFO: Run Behavior\ParseTemplateBehavior [ RunTime:0.012988s ]
INFO: [ view_parse ] --END-- [ RunTime:0.013077s ]
INFO: [ view_filter ] --START--
INFO: Run Behavior\WriteHtmlCacheBehavior [ RunTime:0.000193s ]
INFO: [ view_filter ] --END-- [ RunTime:0.000235s ]
INFO: [ app_end ] --START--
INFO: Run Behavior\ShowPageTraceBehavior [ RunTime:0.000483s ]
INFO: [ app_end ] --END-- [ RunTime:0.000513s ]

[ 2017-06-04T00:34:34+08:00 ] ::1 /work/index.php/Home/User/VerifyImg.html
INFO: [ app_init ] --START--
INFO: Run Behavior\BuildLiteBehavior [ RunTime:0.000017s ]
INFO: [ app_init ] --END-- [ RunTime:0.000375s ]
INFO: [ app_begin ] --START--
INFO: Run Behavior\ReadHtmlCacheBehavior [ RunTime:0.000547s ]
INFO: [ app_begin ] --END-- [ RunTime:0.000598s ]
INFO: [ app_end ] --START--
INFO: Run Behavior\ShowPageTraceBehavior [ RunTime:0.000663s ]
INFO: [ app_end ] --END-- [ RunTime:0.000750s ]

[ 2017-06-04T00:34:46+08:00 ] ::1 /work/index.php/Home/User/VerifyImg.html
INFO: [ app_init ] --START--
INFO: Run Behavior\BuildLiteBehavior [ RunTime:0.000017s ]
INFO: [ app_init ] --END-- [ RunTime:0.000604s ]
INFO: [ app_begin ] --START--
INFO: Run Behavior\ReadHtmlCacheBehavior [ RunTime:0.000424s ]
INFO: [ app_begin ] --END-- [ RunTime:0.000459s ]
NOTIC: [8] Use of undefined constant AJAX_MSG - assumed 'AJAX_MSG' /Users/hunkhe/Desktop/hf161028/work/Application/Home/Controller/UserController.class.php 第 77 行.
INFO: [ app_end ] --START--
INFO: Run Behavior\ShowPageTraceBehavior [ RunTime:0.000454s ]
INFO: [ app_end ] --END-- [ RunTime:0.000490s ]

[ 2017-06-04T00:34:46+08:00 ] ::1 /work/index.php/Home/User/login.html
INFO: [ app_init ] --START--
INFO: Run Behavior\BuildLiteBehavior [ RunTime:0.000011s ]
INFO: [ app_init ] --END-- [ RunTime:0.000302s ]
INFO: [ app_begin ] --START--
INFO: Run Behavior\ReadHtmlCacheBehavior [ RunTime:0.000404s ]
INFO: [ app_begin ] --END-- [ RunTime:0.000440s ]
SQL: SHOW COLUMNS FROM `mf_user` [ RunTime:0.0038s ]
SQL: SELECT `u_id`,`account`,`nick`,`pwd` FROM `mf_user` WHERE `account` = 'admin' AND `pwd` = '123456' LIMIT 1   [ RunTime:0.0023s ]
NOTIC: [8] Use of undefined constant AJAX_MSG - assumed 'AJAX_MSG' /Users/hunkhe/Desktop/hf161028/work/Application/Home/Controller/UserController.class.php 第 105 行.
NOTIC: [8] Use of undefined constant AJAX_LOGINS_MSG - assumed 'AJAX_LOGINS_MSG' /Users/hunkhe/Desktop/hf161028/work/Application/Home/Controller/UserController.class.php 第 107 行.
INFO: [ app_end ] --START--
INFO: Run Behavior\ShowPageTraceBehavior [ RunTime:0.000733s ]
INFO: [ app_end ] --END-- [ RunTime:0.000779s ]

[ 2017-06-04T00:34:48+08:00 ] ::1 /work/index.php/Home/User/home.html
INFO: [ app_init ] --START--
INFO: Run Behavior\BuildLiteBehavior [ RunTime:0.000023s ]
INFO: [ app_init ] --END-- [ RunTime:0.000580s ]
INFO: [ app_begin ] --START--
INFO: Run Behavior\ReadHtmlCacheBehavior [ RunTime:0.000930s ]
INFO: [ app_begin ] --END-- [ RunTime:0.001048s ]
INFO: [ view_parse ] --START--
INFO: [ template_filter ] --START--
INFO: Run Behavior\ContentReplaceBehavior [ RunTime:0.000079s ]
INFO: [ template_filter ] --END-- [ RunTime:0.000128s ]
NOTIC: [8] Array to string conversion /Users/hunkhe/Desktop/hf161028/work/Application/Runtime/Cache/Home/3c2cb086f96d013b5e3406943f509c9c.php 第 188 行.
INFO: Run Behavior\ParseTemplateBehavior [ RunTime:0.013712s ]
INFO: [ view_parse ] --END-- [ RunTime:0.013760s ]
INFO: [ view_filter ] --START--
INFO: Run Behavior\WriteHtmlCacheBehavior [ RunTime:0.000175s ]
INFO: [ view_filter ] --END-- [ RunTime:0.000211s ]
INFO: [ app_end ] --START--
INFO: Run Behavior\ShowPageTraceBehavior [ RunTime:0.000810s ]
INFO: [ app_end ] --END-- [ RunTime:0.000887s ]

[ 2017-06-04T00:34:48+08:00 ] ::1 /work/index.php/Home/Pro/scech.html
INFO: [ app_init ] --START--
INFO: Run Behavior\BuildLiteBehavior [ RunTime:0.000017s ]
INFO: [ app_init ] --END-- [ RunTime:0.000519s ]
INFO: [ app_begin ] --START--
INFO: Run Behavior\ReadHtmlCacheBehavior [ RunTime:0.000821s ]
INFO: [ app_begin ] --END-- [ RunTime:0.000906s ]
SQL: SHOW COLUMNS FROM `mf_shop` [ RunTime:0.0040s ]
SQL: SELECT `s_name`,`s_pri`,`s_img`,`s_num` FROM `mf_shop` WHERE `s_num` > 0 ORDER BY s_num LIMIT 4   [ RunTime:0.0007s ]
NOTIC: [8] Use of undefined constant AJAX_MSG - assumed 'AJAX_MSG' /Users/hunkhe/Desktop/hf161028/work/Application/Home/Controller/ProController.class.php 第 26 行.
INFO: [ app_end ] --START--
INFO: Run Behavior\ShowPageTraceBehavior [ RunTime:0.001104s ]
INFO: [ app_end ] --END-- [ RunTime:0.001179s ]

[ 2017-06-04T00:39:15+08:00 ] ::1 /work/index.php/Home/User/login.html
INFO: [ app_init ] --START--
INFO: Run Behavior\BuildLiteBehavior [ RunTime:0.000012s ]
INFO: [ app_init ] --END-- [ RunTime:0.000305s ]
INFO: [ app_begin ] --START--
INFO: Run Behavior\ReadHtmlCacheBehavior [ RunTime:0.000403s ]
INFO: [ app_begin ] --END-- [ RunTime:0.000437s ]
INFO: [ view_parse ] --START--
INFO: [ template_filter ] --START--
INFO: Run Behavior\ContentReplaceBehavior [ RunTime:0.000087s ]
INFO: [ template_filter ] --END-- [ RunTime:0.000127s ]
INFO: Run Behavior\ParseTemplateBehavior [ RunTime:0.006101s ]
INFO: [ view_parse ] --END-- [ RunTime:0.006137s ]
INFO: [ view_filter ] --START--
INFO: Run Behavior\WriteHtmlCacheBehavior [ RunTime:0.000139s ]
INFO: [ view_filter ] --END-- [ RunTime:0.000167s ]
INFO: [ app_end ] --START--
INFO: Run Behavior\ShowPageTraceBehavior [ RunTime:0.000560s ]
INFO: [ app_end ] --END-- [ RunTime:0.000592s ]

[ 2017-06-04T00:39:15+08:00 ] ::1 /work/index.php/Home/User/VerifyImg.html
INFO: [ app_init ] --START--
INFO: Run Behavior\BuildLiteBehavior [ RunTime:0.000015s ]
INFO: [ app_init ] --END-- [ RunTime:0.000351s ]
INFO: [ app_begin ] --START--
INFO: Run Behavior\ReadHtmlCacheBehavior [ RunTime:0.000601s ]
INFO: [ app_begin ] --END-- [ RunTime:0.000655s ]
INFO: [ app_end ] --START--
INFO: Run Behavior\ShowPageTraceBehavior [ RunTime:0.000824s ]
INFO: [ app_end ] --END-- [ RunTime:0.000968s ]

[ 2017-06-04T00:39:16+08:00 ] ::1 /work/index.php/Home/User/login.html
INFO: [ app_init ] --START--
INFO: Run Behavior\BuildLiteBehavior [ RunTime:0.000012s ]
INFO: [ app_init ] --END-- [ RunTime:0.000307s ]
INFO: [ app_begin ] --START--
INFO: Run Behavior\ReadHtmlCacheBehavior [ RunTime:0.000407s ]
INFO: [ app_begin ] --END-- [ RunTime:0.000440s ]
INFO: [ view_parse ] --START--
INFO: [ template_filter ] --START--
INFO: Run Behavior\ContentReplaceBehavior [ RunTime:0.000123s ]
INFO: [ template_filter ] --END-- [ RunTime:0.000211s ]
INFO: Run Behavior\ParseTemplateBehavior [ RunTime:0.010956s ]
INFO: [ view_parse ] --END-- [ RunTime:0.011026s ]
INFO: [ view_filter ] --START--
INFO: Run Behavior\WriteHtmlCacheBehavior [ RunTime:0.000228s ]
INFO: [ view_filter ] --END-- [ RunTime:0.000268s ]
INFO: [ app_end ] --START--
INFO: Run Behavior\ShowPageTraceBehavior [ RunTime:0.000670s ]
INFO: [ app_end ] --END-- [ RunTime:0.000712s ]

[ 2017-06-04T00:39:16+08:00 ] ::1 /work/index.php/Home/User/VerifyImg.html
INFO: [ app_init ] --START--
INFO: Run Behavior\BuildLiteBehavior [ RunTime:0.000015s ]
INFO: [ app_init ] --END-- [ RunTime:0.000433s ]
INFO: [ app_begin ] --START--
INFO: Run Behavior\ReadHtmlCacheBehavior [ RunTime:0.000491s ]
INFO: [ app_begin ] --END-- [ RunTime:0.000538s ]
INFO: [ app_end ] --START--
INFO: Run Behavior\ShowPageTraceBehavior [ RunTime:0.000962s ]
INFO: [ app_end ] --END-- [ RunTime:0.001038s ]

[ 2017-06-04T00:39:24+08:00 ] ::1 /work/index.php/Home/User/VerifyImg.html
INFO: [ app_init ] --START--
INFO: Run Behavior\BuildLiteBehavior [ RunTime:0.000022s ]
INFO: [ app_init ] --END-- [ RunTime:0.000417s ]
INFO: [ app_begin ] --START--
INFO: Run Behavior\ReadHtmlCacheBehavior [ RunTime:0.000439s ]
INFO: [ app_begin ] --END-- [ RunTime:0.000478s ]
NOTIC: [8] Use of undefined constant AJAX_MSG - assumed 'AJAX_MSG' /Users/hunkhe/Desktop/hf161028/work/Application/Home/Controller/UserController.class.php 第 81 行.
INFO: [ app_end ] --START--
INFO: Run Behavior\ShowPageTraceBehavior [ RunTime:0.000487s ]
INFO: [ app_end ] --END-- [ RunTime:0.000527s ]

[ 2017-06-04T00:39:26+08:00 ] ::1 /work/index.php/Home/User/VerifyImg.html?0.22420631055212192
INFO: [ app_init ] --START--
INFO: Run Behavior\BuildLiteBehavior [ RunTime:0.000014s ]
INFO: [ app_init ] --END-- [ RunTime:0.000338s ]
INFO: [ app_begin ] --START--
INFO: Run Behavior\ReadHtmlCacheBehavior [ RunTime:0.000463s ]
INFO: [ app_begin ] --END-- [ RunTime:0.000503s ]
INFO: [ app_end ] --START--
INFO: Run Behavior\ShowPageTraceBehavior [ RunTime:0.000567s ]
INFO: [ app_end ] --END-- [ RunTime:0.000617s ]

[ 2017-06-04T00:39:32+08:00 ] ::1 /work/index.php/Home/User/VerifyImg.html
INFO: [ app_init ] --START--
INFO: Run Behavior\BuildLiteBehavior [ RunTime:0.000012s ]
INFO: [ app_init ] --END-- [ RunTime:0.000310s ]
INFO: [ app_begin ] --START--
INFO: Run Behavior\ReadHtmlCacheBehavior [ RunTime:0.000408s ]
INFO: [ app_begin ] --END-- [ RunTime:0.000444s ]
NOTIC: [8] Use of undefined constant AJAX_MSG - assumed 'AJAX_MSG' /Users/hunkhe/Desktop/hf161028/work/Application/Home/Controller/UserController.class.php 第 77 行.
INFO: [ app_end ] --START--
INFO: Run Behavior\ShowPageTraceBehavior [ RunTime:0.000454s ]
INFO: [ app_end ] --END-- [ RunTime:0.000490s ]

[ 2017-06-04T00:39:32+08:00 ] ::1 /work/index.php/Home/User/login.html
INFO: [ app_init ] --START--
INFO: Run Behavior\BuildLiteBehavior [ RunTime:0.000012s ]
INFO: [ app_init ] --END-- [ RunTime:0.000301s ]
INFO: [ app_begin ] --START--
INFO: Run Behavior\ReadHtmlCacheBehavior [ RunTime:0.000400s ]
INFO: [ app_begin ] --END-- [ RunTime:0.000435s ]
SQL: SHOW COLUMNS FROM `mf_user` [ RunTime:0.0039s ]
SQL: SELECT `u_id`,`account`,`nick`,`pwd`,`h_img` FROM `mf_user` WHERE `account` = 'admin' AND `pwd` = '123456' LIMIT 1   [ RunTime:0.0004s ]
NOTIC: [8] Use of undefined constant AJAX_MSG - assumed 'AJAX_MSG' /Users/hunkhe/Desktop/hf161028/work/Application/Home/Controller/UserController.class.php 第 105 行.
NOTIC: [8] Use of undefined constant AJAX_LOGINS_MSG - assumed 'AJAX_LOGINS_MSG' /Users/hunkhe/Desktop/hf161028/work/Application/Home/Controller/UserController.class.php 第 107 行.
INFO: [ app_end ] --START--
INFO: Run Behavior\ShowPageTraceBehavior [ RunTime:0.000536s ]
INFO: [ app_end ] --END-- [ RunTime:0.000571s ]

[ 2017-06-04T00:39:34+08:00 ] ::1 /work/index.php/Home/User/home.html
INFO: [ app_init ] --START--
INFO: Run Behavior\BuildLiteBehavior [ RunTime:0.000048s ]
INFO: [ app_init ] --END-- [ RunTime:0.000834s ]
INFO: [ app_begin ] --START--
INFO: Run Behavior\ReadHtmlCacheBehavior [ RunTime:0.000636s ]
INFO: [ app_begin ] --END-- [ RunTime:0.000701s ]
INFO: [ view_parse ] --START--
INFO: [ template_filter ] --START--
INFO: Run Behavior\ContentReplaceBehavior [ RunTime:0.000077s ]
INFO: [ template_filter ] --END-- [ RunTime:0.000124s ]
NOTIC: [8] Array to string conversion /Users/hunkhe/Desktop/hf161028/work/Application/Runtime/Cache/Home/3c2cb086f96d013b5e3406943f509c9c.php 第 188 行.
INFO: Run Behavior\ParseTemplateBehavior [ RunTime:0.008678s ]
INFO: [ view_parse ] --END-- [ RunTime:0.008725s ]
INFO: [ view_filter ] --START--
INFO: Run Behavior\WriteHtmlCacheBehavior [ RunTime:0.000201s ]
INFO: [ view_filter ] --END-- [ RunTime:0.000239s ]
INFO: [ app_end ] --START--
INFO: Run Behavior\ShowPageTraceBehavior [ RunTime:0.000730s ]
INFO: [ app_end ] --END-- [ RunTime:0.000792s ]

[ 2017-06-04T00:39:34+08:00 ] ::1 /work/index.php/Home/Pro/scech.html
INFO: [ app_init ] --START--
INFO: Run Behavior\BuildLiteBehavior [ RunTime:0.000022s ]
INFO: [ app_init ] --END-- [ RunTime:0.000431s ]
INFO: [ app_begin ] --START--
INFO: Run Behavior\ReadHtmlCacheBehavior [ RunTime:0.000682s ]
INFO: [ app_begin ] --END-- [ RunTime:0.000735s ]
SQL: SHOW COLUMNS FROM `mf_shop` [ RunTime:0.0036s ]
SQL: SELECT `s_name`,`s_pri`,`s_img`,`s_num` FROM `mf_shop` WHERE `s_num` > 0 ORDER BY s_num LIMIT 4   [ RunTime:0.0005s ]
NOTIC: [8] Use of undefined constant AJAX_MSG - assumed 'AJAX_MSG' /Users/hunkhe/Desktop/hf161028/work/Application/Home/Controller/ProController.class.php 第 26 行.
INFO: [ app_end ] --START--
INFO: Run Behavior\ShowPageTraceBehavior [ RunTime:0.000558s ]
INFO: [ app_end ] --END-- [ RunTime:0.000598s ]

[ 2017-06-04T01:07:53+08:00 ] ::1 /work/index.php/Home/User/VerifyImg.html
INFO: [ app_init ] --START--
INFO: Run Behavior\BuildLiteBehavior [ RunTime:0.000013s ]
INFO: [ app_init ] --END-- [ RunTime:0.000302s ]
INFO: [ app_begin ] --START--
INFO: Run Behavior\ReadHtmlCacheBehavior [ RunTime:0.000911s ]
INFO: [ app_begin ] --END-- [ RunTime:0.000997s ]
NOTIC: [8] Use of undefined constant AJAX_MSG - assumed 'AJAX_MSG' /Users/hunkhe/Desktop/hf161028/work/Application/Home/Controller/UserController.class.php 第 77 行.
INFO: [ app_end ] --START--
INFO: Run Behavior\ShowPageTraceBehavior [ RunTime:0.000849s ]
INFO: [ app_end ] --END-- [ RunTime:0.000921s ]

[ 2017-06-04T14:59:52+08:00 ] ::1 /work/index.php/Home/User/login.html
INFO: [ app_init ] --START--
INFO: Run Behavior\BuildLiteBehavior [ RunTime:0.000014s ]
INFO: [ app_init ] --END-- [ RunTime:0.000314s ]
INFO: [ app_begin ] --START--
INFO: Run Behavior\ReadHtmlCacheBehavior [ RunTime:0.000748s ]
INFO: [ app_begin ] --END-- [ RunTime:0.000818s ]
INFO: [ view_parse ] --START--
INFO: [ template_filter ] --START--
INFO: Run Behavior\ContentReplaceBehavior [ RunTime:0.000075s ]
INFO: [ template_filter ] --END-- [ RunTime:0.000134s ]
INFO: Run Behavior\ParseTemplateBehavior [ RunTime:0.010244s ]
INFO: [ view_parse ] --END-- [ RunTime:0.010354s ]
INFO: [ view_filter ] --START--
INFO: Run Behavior\WriteHtmlCacheBehavior [ RunTime:0.000285s ]
INFO: [ view_filter ] --END-- [ RunTime:0.000326s ]
INFO: [ app_end ] --START--
INFO: Run Behavior\ShowPageTraceBehavior [ RunTime:0.000479s ]
INFO: [ app_end ] --END-- [ RunTime:0.000510s ]

[ 2017-06-04T15:01:03+08:00 ] ::1 /work/index.php/Home/User/login.html
INFO: [ app_init ] --START--
INFO: Run Behavior\BuildLiteBehavior [ RunTime:0.000012s ]
INFO: [ app_init ] --END-- [ RunTime:0.000311s ]
INFO: [ app_begin ] --START--
INFO: Run Behavior\ReadHtmlCacheBehavior [ RunTime:0.000414s ]
INFO: [ app_begin ] --END-- [ RunTime:0.000448s ]
INFO: [ view_parse ] --START--
INFO: [ template_filter ] --START--
INFO: Run Behavior\ContentReplaceBehavior [ RunTime:0.000136s ]
INFO: [ template_filter ] --END-- [ RunTime:0.000220s ]
INFO: Run Behavior\ParseTemplateBehavior [ RunTime:0.015804s ]
INFO: [ view_parse ] --END-- [ RunTime:0.015865s ]
INFO: [ view_filter ] --START--
INFO: Run Behavior\WriteHtmlCacheBehavior [ RunTime:0.000326s ]
INFO: [ view_filter ] --END-- [ RunTime:0.000383s ]
INFO: [ app_end ] --START--
INFO: Run Behavior\ShowPageTraceBehavior [ RunTime:0.000949s ]
INFO: [ app_end ] --END-- [ RunTime:0.001021s ]

[ 2017-06-04T15:01:07+08:00 ] ::1 /work/index.php/Home/User/VerifyImg.html
INFO: [ app_init ] --START--
INFO: Run Behavior\BuildLiteBehavior [ RunTime:0.000024s ]
INFO: [ app_init ] --END-- [ RunTime:0.000596s ]
INFO: [ app_begin ] --START--
INFO: Run Behavior\ReadHtmlCacheBehavior [ RunTime:0.001336s ]
INFO: [ app_begin ] --END-- [ RunTime:0.001420s ]
INFO: [ app_end ] --START--
INFO: Run Behavior\ShowPageTraceBehavior [ RunTime:0.000906s ]
INFO: [ app_end ] --END-- [ RunTime:0.001004s ]

[ 2017-06-04T15:01:09+08:00 ] ::1 /work/index.php/Home/User/login.html
INFO: [ app_init ] --START--
INFO: Run Behavior\BuildLiteBehavior [ RunTime:0.000015s ]
INFO: [ app_init ] --END-- [ RunTime:0.000346s ]
INFO: [ app_begin ] --START--
INFO: Run Behavior\ReadHtmlCacheBehavior [ RunTime:0.000456s ]
INFO: [ app_begin ] --END-- [ RunTime:0.000494s ]
INFO: [ view_parse ] --START--
INFO: [ template_filter ] --START--
INFO: Run Behavior\ContentReplaceBehavior [ RunTime:0.000099s ]
INFO: [ template_filter ] --END-- [ RunTime:0.000174s ]
INFO: Run Behavior\ParseTemplateBehavior [ RunTime:0.008168s ]
INFO: [ view_parse ] --END-- [ RunTime:0.008243s ]
INFO: [ view_filter ] --START--
INFO: Run Behavior\WriteHtmlCacheBehavior [ RunTime:0.000275s ]
INFO: [ view_filter ] --END-- [ RunTime:0.000327s ]
INFO: [ app_end ] --START--
INFO: Run Behavior\ShowPageTraceBehavior [ RunTime:0.000728s ]
INFO: [ app_end ] --END-- [ RunTime:0.000777s ]

[ 2017-06-04T15:01:09+08:00 ] ::1 /work/index.php/Home/User/VerifyImg.html
INFO: [ app_init ] --START--
INFO: Run Behavior\BuildLiteBehavior [ RunTime:0.000015s ]
INFO: [ app_init ] --END-- [ RunTime:0.000347s ]
INFO: [ app_begin ] --START--
INFO: Run Behavior\ReadHtmlCacheBehavior [ RunTime:0.000466s ]
INFO: [ app_begin ] --END-- [ RunTime:0.000506s ]
INFO: [ app_end ] --START--
INFO: Run Behavior\ShowPageTraceBehavior [ RunTime:0.000921s ]
INFO: [ app_end ] --END-- [ RunTime:0.001028s ]

[ 2017-06-04T15:01:10+08:00 ] ::1 /work/index.php/Home/User/login.html
INFO: [ app_init ] --START--
INFO: Run Behavior\BuildLiteBehavior [ RunTime:0.000017s ]
INFO: [ app_init ] --END-- [ RunTime:0.000439s ]
INFO: [ app_begin ] --START--
INFO: Run Behavior\ReadHtmlCacheBehavior [ RunTime:0.000674s ]
INFO: [ app_begin ] --END-- [ RunTime:0.000734s ]
INFO: [ view_parse ] --START--
INFO: [ template_filter ] --START--
INFO: Run Behavior\ContentReplaceBehavior [ RunTime:0.000287s ]
INFO: [ template_filter ] --END-- [ RunTime:0.000398s ]
INFO: Run Behavior\ParseTemplateBehavior [ RunTime:0.009887s ]
INFO: [ view_parse ] --END-- [ RunTime:0.009954s ]
INFO: [ view_filter ] --START--
INFO: Run Behavior\WriteHtmlCacheBehavior [ RunTime:0.000321s ]
INFO: [ view_filter ] --END-- [ RunTime:0.000373s ]
INFO: [ app_end ] --START--
INFO: Run Behavior\ShowPageTraceBehavior [ RunTime:0.000762s ]
INFO: [ app_end ] --END-- [ RunTime:0.000822s ]

[ 2017-06-04T15:01:10+08:00 ] ::1 /work/index.php/Home/User/VerifyImg.html
INFO: [ app_init ] --START--
INFO: Run Behavior\BuildLiteBehavior [ RunTime:0.000013s ]
INFO: [ app_init ] --END-- [ RunTime:0.000359s ]
INFO: [ app_begin ] --START--
INFO: Run Behavior\ReadHtmlCacheBehavior [ RunTime:0.000664s ]
INFO: [ app_begin ] --END-- [ RunTime:0.000753s ]
INFO: [ app_end ] --START--
INFO: Run Behavior\ShowPageTraceBehavior [ RunTime:0.000846s ]
INFO: [ app_end ] --END-- [ RunTime:0.000942s ]

[ 2017-06-04T15:01:23+08:00 ] ::1 /work/index.php/Home/User/VerifyImg.html
INFO: [ app_init ] --START--
INFO: Run Behavior\BuildLiteBehavior [ RunTime:0.000021s ]
INFO: [ app_init ] --END-- [ RunTime:0.000406s ]
INFO: [ app_begin ] --START--
INFO: Run Behavior\ReadHtmlCacheBehavior [ RunTime:0.000532s ]
INFO: [ app_begin ] --END-- [ RunTime:0.000574s ]
NOTIC: [8] Use of undefined constant AJAX_MSG - assumed 'AJAX_MSG' /Users/hunkhe/Desktop/hf161028/work/Application/Home/Controller/UserController.class.php 第 77 行.
INFO: [ app_end ] --START--
INFO: Run Behavior\ShowPageTraceBehavior [ RunTime:0.000639s ]
INFO: [ app_end ] --END-- [ RunTime:0.000705s ]

[ 2017-06-04T15:01:23+08:00 ] ::1 /work/index.php/Home/User/login.html
INFO: [ app_init ] --START--
INFO: Run Behavior\BuildLiteBehavior [ RunTime:0.000012s ]
INFO: [ app_init ] --END-- [ RunTime:0.000304s ]
INFO: [ app_begin ] --START--
INFO: Run Behavior\ReadHtmlCacheBehavior [ RunTime:0.000406s ]
INFO: [ app_begin ] --END-- [ RunTime:0.000440s ]
SQL: SHOW COLUMNS FROM `mf_user` [ RunTime:0.0038s ]
SQL: SELECT `u_id`,`account`,`nick`,`pwd`,`h_img` FROM `mf_user` WHERE `account` = 'admin2' AND `pwd` = '123456' LIMIT 1   [ RunTime:0.0004s ]
NOTIC: [8] Use of undefined constant AJAX_MSG - assumed 'AJAX_MSG' /Users/hunkhe/Desktop/hf161028/work/Application/Home/Controller/UserController.class.php 第 105 行.
NOTIC: [8] Use of undefined constant AJAX_LOGINS_MSG - assumed 'AJAX_LOGINS_MSG' /Users/hunkhe/Desktop/hf161028/work/Application/Home/Controller/UserController.class.php 第 107 行.
INFO: [ app_end ] --START--
INFO: Run Behavior\ShowPageTraceBehavior [ RunTime:0.000543s ]
INFO: [ app_end ] --END-- [ RunTime:0.000578s ]

[ 2017-06-04T15:01:25+08:00 ] ::1 /work/index.php/Home/User/home.html
INFO: [ app_init ] --START--
INFO: Run Behavior\BuildLiteBehavior [ RunTime:0.000014s ]
INFO: [ app_init ] --END-- [ RunTime:0.000336s ]
INFO: [ app_begin ] --START--
INFO: Run Behavior\ReadHtmlCacheBehavior [ RunTime:0.000657s ]
INFO: [ app_begin ] --END-- [ RunTime:0.000717s ]
INFO: [ view_parse ] --START--
INFO: [ template_filter ] --START--
INFO: Run Behavior\ContentReplaceBehavior [ RunTime:0.000151s ]
INFO: [ template_filter ] --END-- [ RunTime:0.000237s ]
NOTIC: [8] Array to string conversion /Users/hunkhe/Desktop/hf161028/work/Application/Runtime/Cache/Home/3c2cb086f96d013b5e3406943f509c9c.php 第 188 行.
INFO: Run Behavior\ParseTemplateBehavior [ RunTime:0.017256s ]
INFO: [ view_parse ] --END-- [ RunTime:0.017323s ]
INFO: [ view_filter ] --START--
INFO: Run Behavior\WriteHtmlCacheBehavior [ RunTime:0.000301s ]
INFO: [ view_filter ] --END-- [ RunTime:0.000356s ]
INFO: [ app_end ] --START--
INFO: Run Behavior\ShowPageTraceBehavior [ RunTime:0.001292s ]
INFO: [ app_end ] --END-- [ RunTime:0.001371s ]

[ 2017-06-04T15:01:25+08:00 ] ::1 /work/index.php/Home/Pro/scech.html
INFO: [ app_init ] --START--
INFO: Run Behavior\BuildLiteBehavior [ RunTime:0.000013s ]
INFO: [ app_init ] --END-- [ RunTime:0.000333s ]
INFO: [ app_begin ] --START--
INFO: Run Behavior\ReadHtmlCacheBehavior [ RunTime:0.000448s ]
INFO: [ app_begin ] --END-- [ RunTime:0.000487s ]
SQL: SHOW COLUMNS FROM `mf_shop` [ RunTime:0.0037s ]
SQL: SELECT `s_name`,`s_pri`,`s_img`,`s_num` FROM `mf_shop` WHERE `s_num` > 0 ORDER BY s_num LIMIT 4   [ RunTime:0.0005s ]
NOTIC: [8] Use of undefined constant AJAX_MSG - assumed 'AJAX_MSG' /Users/hunkhe/Desktop/hf161028/work/Application/Home/Controller/ProController.class.php 第 26 行.
INFO: [ app_end ] --START--
INFO: Run Behavior\ShowPageTraceBehavior [ RunTime:0.000555s ]
INFO: [ app_end ] --END-- [ RunTime:0.000593s ]

[ 2017-06-04T15:43:45+08:00 ] ::1 /work/index.php/Home/Details/Details
INFO: [ app_init ] --START--
INFO: Run Behavior\BuildLiteBehavior [ RunTime:0.000017s ]
INFO: [ app_init ] --END-- [ RunTime:0.000435s ]
INFO: [ app_begin ] --START--
INFO: Run Behavior\ReadHtmlCacheBehavior [ RunTime:0.000739s ]
INFO: [ app_begin ] --END-- [ RunTime:0.000806s ]
ERR: 模板不存在:./Application/Home/View/Details/Details.html

[ 2017-06-04T15:44:12+08:00 ] ::1 /work/index.php/Home/Details/Details
INFO: [ app_init ] --START--
INFO: Run Behavior\BuildLiteBehavior [ RunTime:0.000013s ]
INFO: [ app_init ] --END-- [ RunTime:0.000305s ]
INFO: [ app_begin ] --START--
INFO: Run Behavior\ReadHtmlCacheBehavior [ RunTime:0.000408s ]
INFO: [ app_begin ] --END-- [ RunTime:0.000443s ]
INFO: [ view_parse ] --START--
INFO: [ template_filter ] --START--
INFO: Run Behavior\ContentReplaceBehavior [ RunTime:0.000067s ]
INFO: [ template_filter ] --END-- [ RunTime:0.000114s ]
INFO: Run Behavior\ParseTemplateBehavior [ RunTime:0.005913s ]
INFO: [ view_parse ] --END-- [ RunTime:0.005953s ]
INFO: [ view_filter ] --START--
INFO: Run Behavior\WriteHtmlCacheBehavior [ RunTime:0.000161s ]
INFO: [ view_filter ] --END-- [ RunTime:0.000190s ]
INFO: [ app_end ] --START--
INFO: Run Behavior\ShowPageTraceBehavior [ RunTime:0.000505s ]
INFO: [ app_end ] --END-- [ RunTime:0.000534s ]

[ 2017-06-04T15:44:12+08:00 ] ::1 /work/index.php/Home/Details/Details.html
INFO: [ app_init ] --START--
INFO: Run Behavior\BuildLiteBehavior [ RunTime:0.000022s ]
INFO: [ app_init ] --END-- [ RunTime:0.000468s ]
INFO: [ app_begin ] --START--
INFO: Run Behavior\ReadHtmlCacheBehavior [ RunTime:0.000477s ]
INFO: [ app_begin ] --END-- [ RunTime:0.000525s ]
ERR: 1146:Table 'mf_wo.mf_mf_shop' doesn't exist
 [ SQL语句 ] : SHOW COLUMNS FROM `mf_mf_shop`
ERR: 1146:Table 'mf_wo.mf_mf_shop' doesn't exist
 [ SQL语句 ] : SHOW COLUMNS FROM `mf_mf_shop`

[ 2017-06-04T15:44:12+08:00 ] ::1 /work/index.php/Home/Details/closing_record.html
INFO: [ app_init ] --START--
INFO: Run Behavior\BuildLiteBehavior [ RunTime:0.000026s ]
INFO: [ app_init ] --END-- [ RunTime:0.000621s ]
INFO: [ app_begin ] --START--
INFO: Run Behavior\ReadHtmlCacheBehavior [ RunTime:0.000739s ]
INFO: [ app_begin ] --END-- [ RunTime:0.000858s ]
ERR: 1146:Table 'mf_wo.mf_mf_orderlist' doesn't exist
 [ SQL语句 ] : SHOW COLUMNS FROM `mf_mf_orderlist`
ERR: 1146:Table 'mf_wo.mf_mf_orderlist' doesn't exist
 [ SQL语句 ] : SHOW COLUMNS FROM `mf_mf_orderlist`

[ 2017-06-04T15:46:27+08:00 ] ::1 /work/index.php/Home/Details/Details
INFO: [ app_init ] --START--
INFO: Run Behavior\BuildLiteBehavior [ RunTime:0.000015s ]
INFO: [ app_init ] --END-- [ RunTime:0.000372s ]
INFO: [ app_begin ] --START--
INFO: Run Behavior\ReadHtmlCacheBehavior [ RunTime:0.000506s ]
INFO: [ app_begin ] --END-- [ RunTime:0.000553s ]
INFO: [ view_parse ] --START--
INFO: [ template_filter ] --START--
INFO: Run Behavior\ContentReplaceBehavior [ RunTime:0.000077s ]
INFO: [ template_filter ] --END-- [ RunTime:0.000138s ]
INFO: Run Behavior\ParseTemplateBehavior [ RunTime:0.007173s ]
INFO: [ view_parse ] --END-- [ RunTime:0.007235s ]
INFO: [ view_filter ] --START--
INFO: Run Behavior\WriteHtmlCacheBehavior [ RunTime:0.000203s ]
INFO: [ view_filter ] --END-- [ RunTime:0.000239s ]
INFO: [ app_end ] --START--
INFO: Run Behavior\ShowPageTraceBehavior [ RunTime:0.000602s ]
INFO: [ app_end ] --END-- [ RunTime:0.000647s ]

[ 2017-06-04T15:46:27+08:00 ] ::1 /work/index.php/Home/Details/closing_record.html
INFO: [ app_init ] --START--
INFO: Run Behavior\BuildLiteBehavior [ RunTime:0.000014s ]
INFO: [ app_init ] --END-- [ RunTime:0.000332s ]
INFO: [ app_begin ] --START--
INFO: Run Behavior\ReadHtmlCacheBehavior [ RunTime:0.000464s ]
INFO: [ app_begin ] --END-- [ RunTime:0.000508s ]
ERR: 1146:Table 'mf_wo.mf_mf_orderlist' doesn't exist
 [ SQL语句 ] : SHOW COLUMNS FROM `mf_mf_orderlist`
ERR: 1146:Table 'mf_wo.mf_mf_orderlist' doesn't exist
 [ SQL语句 ] : SHOW COLUMNS FROM `mf_mf_orderlist`

[ 2017-06-04T15:46:27+08:00 ] ::1 /work/index.php/Home/Details/Details.html
INFO: [ app_init ] --START--
INFO: Run Behavior\BuildLiteBehavior [ RunTime:0.000018s ]
INFO: [ app_init ] --END-- [ RunTime:0.000487s ]
INFO: [ app_begin ] --START--
INFO: Run Behavior\ReadHtmlCacheBehavior [ RunTime:0.000684s ]
INFO: [ app_begin ] --END-- [ RunTime:0.000741s ]
ERR: 1146:Table 'mf_wo.mf_mf_shop' doesn't exist
 [ SQL语句 ] : SHOW COLUMNS FROM `mf_mf_shop`
ERR: 1146:Table 'mf_wo.mf_mf_shop' doesn't exist
 [ SQL语句 ] : SHOW COLUMNS FROM `mf_mf_shop`

[ 2017-06-04T15:47:21+08:00 ] ::1 /work/index.php/Home/Details/Details
INFO: [ app_init ] --START--
INFO: Run Behavior\BuildLiteBehavior [ RunTime:0.000029s ]
INFO: [ app_init ] --END-- [ RunTime:0.000684s ]
INFO: [ app_begin ] --START--
INFO: Run Behavior\ReadHtmlCacheBehavior [ RunTime:0.000760s ]
INFO: [ app_begin ] --END-- [ RunTime:0.000839s ]
INFO: [ view_parse ] --START--
INFO: [ template_filter ] --START--
INFO: Run Behavior\ContentReplaceBehavior [ RunTime:0.000089s ]
INFO: [ template_filter ] --END-- [ RunTime:0.000162s ]
INFO: Run Behavior\ParseTemplateBehavior [ RunTime:0.011927s ]
INFO: [ view_parse ] --END-- [ RunTime:0.011984s ]
INFO: [ view_filter ] --START--
INFO: Run Behavior\WriteHtmlCacheBehavior [ RunTime:0.000198s ]
INFO: [ view_filter ] --END-- [ RunTime:0.000238s ]
INFO: [ app_end ] --START--
INFO: Run Behavior\ShowPageTraceBehavior [ RunTime:0.000621s ]
INFO: [ app_end ] --END-- [ RunTime:0.000663s ]

[ 2017-06-04T15:47:22+08:00 ] ::1 /work/index.php/Home/Details/closing_record.html
INFO: [ app_init ] --START--
INFO: Run Behavior\BuildLiteBehavior [ RunTime:0.000018s ]
INFO: [ app_init ] --END-- [ RunTime:0.000498s ]
INFO: [ app_begin ] --START--
INFO: Run Behavior\ReadHtmlCacheBehavior [ RunTime:0.000690s ]
INFO: [ app_begin ] --END-- [ RunTime:0.000755s ]
SQL: SHOW COLUMNS FROM `mf_orderlist` [ RunTime:0.0051s ]
SQL: SELECT COUNT(*) AS tp_count FROM `mf_orderlist` LIMIT 1   [ RunTime:0.0006s ]
SQL: SELECT * FROM `mf_orderlist` ORDER BY ol_id LIMIT 0,5   [ RunTime:0.0022s ]
SQL: SHOW COLUMNS FROM `mf_shop` [ RunTime:0.0055s ]
SQL: SHOW COLUMNS FROM `mf_user` [ RunTime:0.0042s ]
SQL: SELECT `s_name` FROM `mf_shop` WHERE ( s_id=1 ) LIMIT 1   [ RunTime:0.0005s ]
SQL: SELECT `account` FROM `mf_user` WHERE ( u_id=1 ) LIMIT 1   [ RunTime:0.0004s ]
SQL: SELECT `s_name` FROM `mf_shop` WHERE ( s_id=2 ) LIMIT 1   [ RunTime:0.0005s ]
SQL: SELECT `account` FROM `mf_user` WHERE ( u_id=2 ) LIMIT 1   [ RunTime:0.0004s ]
SQL: SELECT `s_name` FROM `mf_shop` WHERE ( s_id=3 ) LIMIT 1   [ RunTime:0.0004s ]
SQL: SELECT `account` FROM `mf_user` WHERE ( u_id=1 ) LIMIT 1   [ RunTime:0.0005s ]
SQL: SELECT `s_name` FROM `mf_shop` WHERE ( s_id=5 ) LIMIT 1   [ RunTime:0.0005s ]
SQL: SELECT `account` FROM `mf_user` WHERE ( u_id=1 ) LIMIT 1   [ RunTime:0.0005s ]
SQL: SELECT `s_name` FROM `mf_shop` WHERE ( s_id=1 ) LIMIT 1   [ RunTime:0.0005s ]
SQL: SELECT `account` FROM `mf_user` WHERE ( u_id=1 ) LIMIT 1   [ RunTime:0.0005s ]

[ 2017-06-04T15:47:22+08:00 ] ::1 /work/index.php/Home/Details/Details.html
INFO: [ app_init ] --START--
INFO: Run Behavior\BuildLiteBehavior [ RunTime:0.000016s ]
INFO: [ app_init ] --END-- [ RunTime:0.000455s ]
INFO: [ app_begin ] --START--
INFO: Run Behavior\ReadHtmlCacheBehavior [ RunTime:0.000599s ]
INFO: [ app_begin ] --END-- [ RunTime:0.000650s ]
SQL: SHOW COLUMNS FROM `mf_shop` [ RunTime:0.0051s ]
SQL: SELECT * FROM `mf_shop` WHERE ( s_id=7 ) LIMIT 1   [ RunTime:0.0006s ]

[ 2017-06-04T15:49:29+08:00 ] ::1 /work/index.php/Home/Details/Details
INFO: [ app_init ] --START--
INFO: Run Behavior\BuildLiteBehavior [ RunTime:0.000021s ]
INFO: [ app_init ] --END-- [ RunTime:0.000547s ]
INFO: [ app_begin ] --START--
INFO: Run Behavior\ReadHtmlCacheBehavior [ RunTime:0.000811s ]
INFO: [ app_begin ] --END-- [ RunTime:0.000935s ]
INFO: [ view_parse ] --START--
INFO: [ template_filter ] --START--
INFO: Run Behavior\ContentReplaceBehavior [ RunTime:0.000074s ]
INFO: [ template_filter ] --END-- [ RunTime:0.000126s ]
INFO: Run Behavior\ParseTemplateBehavior [ RunTime:0.005907s ]
INFO: [ view_parse ] --END-- [ RunTime:0.005954s ]
INFO: [ view_filter ] --START--
INFO: Run Behavior\WriteHtmlCacheBehavior [ RunTime:0.000170s ]
INFO: [ view_filter ] --END-- [ RunTime:0.000200s ]
INFO: [ app_end ] --START--
INFO: Run Behavior\ShowPageTraceBehavior [ RunTime:0.000528s ]
INFO: [ app_end ] --END-- [ RunTime:0.000563s ]

[ 2017-06-04T15:49:29+08:00 ] ::1 /work/index.php/Home/Details/Details.html
INFO: [ app_init ] --START--
INFO: Run Behavior\BuildLiteBehavior [ RunTime:0.000014s ]
INFO: [ app_init ] --END-- [ RunTime:0.000341s ]
INFO: [ app_begin ] --START--
INFO: Run Behavior\ReadHtmlCacheBehavior [ RunTime:0.000462s ]
INFO: [ app_begin ] --END-- [ RunTime:0.000508s ]
SQL: SHOW COLUMNS FROM `mf_shop` [ RunTime:0.0043s ]
SQL: SELECT * FROM `mf_shop` WHERE ( s_id=7 ) LIMIT 1   [ RunTime:0.0005s ]

[ 2017-06-04T15:49:29+08:00 ] ::1 /work/index.php/Home/Details/closing_record.html
INFO: [ app_init ] --START--
INFO: Run Behavior\BuildLiteBehavior [ RunTime:0.000026s ]
INFO: [ app_init ] --END-- [ RunTime:0.000573s ]
INFO: [ app_begin ] --START--
INFO: Run Behavior\ReadHtmlCacheBehavior [ RunTime:0.000748s ]
INFO: [ app_begin ] --END-- [ RunTime:0.000836s ]
SQL: SHOW COLUMNS FROM `mf_orderlist` [ RunTime:0.0031s ]
SQL: SELECT COUNT(*) AS tp_count FROM `mf_orderlist` LIMIT 1   [ RunTime:0.0003s ]
SQL: SELECT * FROM `mf_orderlist` ORDER BY ol_id LIMIT 0,5   [ RunTime:0.0004s ]
SQL: SHOW COLUMNS FROM `mf_shop` [ RunTime:0.0038s ]
SQL: SHOW COLUMNS FROM `mf_user` [ RunTime:0.0039s ]
SQL: SELECT `s_name` FROM `mf_shop` WHERE ( s_id=1 ) LIMIT 1   [ RunTime:0.0005s ]
SQL: SELECT `account` FROM `mf_user` WHERE ( u_id=1 ) LIMIT 1   [ RunTime:0.0004s ]
SQL: SELECT `s_name` FROM `mf_shop` WHERE ( s_id=2 ) LIMIT 1   [ RunTime:0.0003s ]
SQL: SELECT `account` FROM `mf_user` WHERE ( u_id=2 ) LIMIT 1   [ RunTime:0.0003s ]
SQL: SELECT `s_name` FROM `mf_shop` WHERE ( s_id=3 ) LIMIT 1   [ RunTime:0.0003s ]
SQL: SELECT `account` FROM `mf_user` WHERE ( u_id=1 ) LIMIT 1   [ RunTime:0.0003s ]
SQL: SELECT `s_name` FROM `mf_shop` WHERE ( s_id=5 ) LIMIT 1   [ RunTime:0.0003s ]
SQL: SELECT `account` FROM `mf_user` WHERE ( u_id=1 ) LIMIT 1   [ RunTime:0.0003s ]
SQL: SELECT `s_name` FROM `mf_shop` WHERE ( s_id=1 ) LIMIT 1   [ RunTime:0.0003s ]
SQL: SELECT `account` FROM `mf_user` WHERE ( u_id=1 ) LIMIT 1   [ RunTime:0.0003s ]

[ 2017-06-04T15:49:43+08:00 ] ::1 /work/index.php/Home/Details/Details
INFO: [ app_init ] --START--
INFO: Run Behavior\BuildLiteBehavior [ RunTime:0.000012s ]
INFO: [ app_init ] --END-- [ RunTime:0.000314s ]
INFO: [ app_begin ] --START--
INFO: Run Behavior\ReadHtmlCacheBehavior [ RunTime:0.000416s ]
INFO: [ app_begin ] --END-- [ RunTime:0.000449s ]
INFO: [ view_parse ] --START--
INFO: [ template_filter ] --START--
INFO: Run Behavior\ContentReplaceBehavior [ RunTime:0.000175s ]
INFO: [ template_filter ] --END-- [ RunTime:0.000368s ]
INFO: Run Behavior\ParseTemplateBehavior [ RunTime:0.009234s ]
INFO: [ view_parse ] --END-- [ RunTime:0.009299s ]
INFO: [ view_filter ] --START--
INFO: Run Behavior\WriteHtmlCacheBehavior [ RunTime:0.000301s ]
INFO: [ view_filter ] --END-- [ RunTime:0.000357s ]
INFO: [ app_end ] --START--
INFO: Run Behavior\ShowPageTraceBehavior [ RunTime:0.000954s ]
INFO: [ app_end ] --END-- [ RunTime:0.001016s ]

[ 2017-06-04T15:49:43+08:00 ] ::1 /work/index.php/Home/Details/closing_record.html
INFO: [ app_init ] --START--
INFO: Run Behavior\BuildLiteBehavior [ RunTime:0.000018s ]
INFO: [ app_init ] --END-- [ RunTime:0.000367s ]
INFO: [ app_begin ] --START--
INFO: Run Behavior\ReadHtmlCacheBehavior [ RunTime:0.000819s ]
INFO: [ app_begin ] --END-- [ RunTime:0.000906s ]
SQL: SHOW COLUMNS FROM `mf_orderlist` [ RunTime:0.0053s ]
SQL: SELECT COUNT(*) AS tp_count FROM `mf_orderlist` LIMIT 1   [ RunTime:0.0004s ]
SQL: SELECT * FROM `mf_orderlist` ORDER BY ol_id LIMIT 0,5   [ RunTime:0.0004s ]
SQL: SHOW COLUMNS FROM `mf_shop` [ RunTime:0.0049s ]
SQL: SHOW COLUMNS FROM `mf_user` [ RunTime:0.0044s ]
SQL: SELECT `s_name` FROM `mf_shop` WHERE ( s_id=1 ) LIMIT 1   [ RunTime:0.0006s ]
SQL: SELECT `account` FROM `mf_user` WHERE ( u_id=1 ) LIMIT 1   [ RunTime:0.0007s ]
SQL: SELECT `s_name` FROM `mf_shop` WHERE ( s_id=2 ) LIMIT 1   [ RunTime:0.0008s ]
SQL: SELECT `account` FROM `mf_user` WHERE ( u_id=2 ) LIMIT 1   [ RunTime:0.0009s ]
SQL: SELECT `s_name` FROM `mf_shop` WHERE ( s_id=3 ) LIMIT 1   [ RunTime:0.0003s ]
SQL: SELECT `account` FROM `mf_user` WHERE ( u_id=1 ) LIMIT 1   [ RunTime:0.0006s ]
SQL: SELECT `s_name` FROM `mf_shop` WHERE ( s_id=5 ) LIMIT 1   [ RunTime:0.0005s ]
SQL: SELECT `account` FROM `mf_user` WHERE ( u_id=1 ) LIMIT 1   [ RunTime:0.0005s ]
SQL: SELECT `s_name` FROM `mf_shop` WHERE ( s_id=1 ) LIMIT 1   [ RunTime:0.0004s ]
SQL: SELECT `account` FROM `mf_user` WHERE ( u_id=1 ) LIMIT 1   [ RunTime:0.0003s ]

[ 2017-06-04T15:49:43+08:00 ] ::1 /work/index.php/Home/Details/Details.html
INFO: [ app_init ] --START--
INFO: Run Behavior\BuildLiteBehavior [ RunTime:0.000023s ]
INFO: [ app_init ] --END-- [ RunTime:0.000604s ]
INFO: [ app_begin ] --START--
INFO: Run Behavior\ReadHtmlCacheBehavior [ RunTime:0.000672s ]
INFO: [ app_begin ] --END-- [ RunTime:0.000736s ]
SQL: SHOW COLUMNS FROM `mf_shop` [ RunTime:0.0037s ]
SQL: SELECT * FROM `mf_shop` WHERE ( s_id=7 ) LIMIT 1   [ RunTime:0.0004s ]

