[ 2017-06-01T13:11:08+08:00 ] ::1 /work/
INFO: [ app_init ] --START--
INFO: Run Behavior\BuildLiteBehavior [ RunTime:0.000027s ]
INFO: [ app_init ] --END-- [ RunTime:0.001199s ]
INFO: [ app_begin ] --START--
INFO: Run Behavior\ReadHtmlCacheBehavior [ RunTime:0.002423s ]
INFO: [ app_begin ] --END-- [ RunTime:0.002530s ]
INFO: [ view_parse ] --START--
INFO: [ template_filter ] --START--
INFO: Run Behavior\ContentReplaceBehavior [ RunTime:0.000068s ]
INFO: [ template_filter ] --END-- [ RunTime:0.000111s ]
NOTIC: [8] Undefined variable: login /Users/hunkhe/Desktop/hf161028/work/Application/Runtime/Cache/Home/3c2cb086f96d013b5e3406943f509c9c.php 第 175 行.
INFO: Run Behavior\ParseTemplateBehavior [ RunTime:0.015844s ]
INFO: [ view_parse ] --END-- [ RunTime:0.015889s ]
INFO: [ view_filter ] --START--
INFO: Run Behavior\WriteHtmlCacheBehavior [ RunTime:0.000139s ]
INFO: [ view_filter ] --END-- [ RunTime:0.000165s ]
NOTIC: [2] Cannot modify header information - headers already sent by (output started at /Users/hunkhe/Desktop/hf161028/work/Application/Home/Controller/UserController.class.php:13) /Users/hunkhe/Desktop/hf161028/work/ThinkPHP/Library/Think/View.class.php 第 91 行.
NOTIC: [2] Cannot modify header information - headers already sent by (output started at /Users/hunkhe/Desktop/hf161028/work/Application/Home/Controller/UserController.class.php:13) /Users/hunkhe/Desktop/hf161028/work/ThinkPHP/Library/Think/View.class.php 第 92 行.
NOTIC: [2] Cannot modify header information - headers already sent by (output started at /Users/hunkhe/Desktop/hf161028/work/Application/Home/Controller/UserController.class.php:13) /Users/hunkhe/Desktop/hf161028/work/ThinkPHP/Library/Think/View.class.php 第 93 行.
INFO: [ app_end ] --START--
INFO: Run Behavior\ShowPageTraceBehavior [ RunTime:0.000739s ]
INFO: [ app_end ] --END-- [ RunTime:0.000771s ]

[ 2017-06-01T13:11:26+08:00 ] ::1 /work/
INFO: [ app_init ] --START--
INFO: Run Behavior\BuildLiteBehavior [ RunTime:0.000013s ]
INFO: [ app_init ] --END-- [ RunTime:0.000344s ]
INFO: [ app_begin ] --START--
INFO: Run Behavior\ReadHtmlCacheBehavior [ RunTime:0.000613s ]
INFO: [ app_begin ] --END-- [ RunTime:0.000679s ]
INFO: [ view_parse ] --START--
INFO: [ template_filter ] --START--
INFO: Run Behavior\ContentReplaceBehavior [ RunTime:0.000083s ]
INFO: [ template_filter ] --END-- [ RunTime:0.000136s ]
NOTIC: [8] Undefined variable: login /Users/hunkhe/Desktop/hf161028/work/Application/Runtime/Cache/Home/3c2cb086f96d013b5e3406943f509c9c.php 第 175 行.
INFO: Run Behavior\ParseTemplateBehavior [ RunTime:0.010015s ]
INFO: [ view_parse ] --END-- [ RunTime:0.010078s ]
INFO: [ view_filter ] --START--
INFO: Run Behavior\WriteHtmlCacheBehavior [ RunTime:0.000257s ]
INFO: [ view_filter ] --END-- [ RunTime:0.000310s ]
NOTIC: [2] Cannot modify header information - headers already sent by (output started at /Users/hunkhe/Desktop/hf161028/work/Application/Home/Controller/UserController.class.php:13) /Users/hunkhe/Desktop/hf161028/work/ThinkPHP/Library/Think/View.class.php 第 91 行.
NOTIC: [2] Cannot modify header information - headers already sent by (output started at /Users/hunkhe/Desktop/hf161028/work/Application/Home/Controller/UserController.class.php:13) /Users/hunkhe/Desktop/hf161028/work/ThinkPHP/Library/Think/View.class.php 第 92 行.
NOTIC: [2] Cannot modify header information - headers already sent by (output started at /Users/hunkhe/Desktop/hf161028/work/Application/Home/Controller/UserController.class.php:13) /Users/hunkhe/Desktop/hf161028/work/ThinkPHP/Library/Think/View.class.php 第 93 行.
INFO: [ app_end ] --START--
INFO: Run Behavior\ShowPageTraceBehavior [ RunTime:0.000865s ]
INFO: [ app_end ] --END-- [ RunTime:0.000920s ]

[ 2017-06-01T13:18:20+08:00 ] ::1 /work/
INFO: [ app_init ] --START--
INFO: Run Behavior\BuildLiteBehavior [ RunTime:0.000037s ]
INFO: [ app_init ] --END-- [ RunTime:0.000524s ]
INFO: [ app_begin ] --START--
INFO: Run Behavior\ReadHtmlCacheBehavior [ RunTime:0.000890s ]
INFO: [ app_begin ] --END-- [ RunTime:0.000964s ]
INFO: [ view_parse ] --START--
INFO: [ template_filter ] --START--
INFO: Run Behavior\ContentReplaceBehavior [ RunTime:0.000103s ]
INFO: [ template_filter ] --END-- [ RunTime:0.000165s ]
NOTIC: [8] Undefined variable: login /Users/hunkhe/Desktop/hf161028/work/Application/Runtime/Cache/Home/3c2cb086f96d013b5e3406943f509c9c.php 第 175 行.
INFO: Run Behavior\ParseTemplateBehavior [ RunTime:0.008023s ]
INFO: [ view_parse ] --END-- [ RunTime:0.008071s ]
INFO: [ view_filter ] --START--
INFO: Run Behavior\WriteHtmlCacheBehavior [ RunTime:0.000230s ]
INFO: [ view_filter ] --END-- [ RunTime:0.000266s ]
NOTIC: [2] Cannot modify header information - headers already sent by (output started at /Users/hunkhe/Desktop/hf161028/work/Application/Home/Controller/UserController.class.php:13) /Users/hunkhe/Desktop/hf161028/work/ThinkPHP/Library/Think/View.class.php 第 91 行.
NOTIC: [2] Cannot modify header information - headers already sent by (output started at /Users/hunkhe/Desktop/hf161028/work/Application/Home/Controller/UserController.class.php:13) /Users/hunkhe/Desktop/hf161028/work/ThinkPHP/Library/Think/View.class.php 第 92 行.
NOTIC: [2] Cannot modify header information - headers already sent by (output started at /Users/hunkhe/Desktop/hf161028/work/Application/Home/Controller/UserController.class.php:13) /Users/hunkhe/Desktop/hf161028/work/ThinkPHP/Library/Think/View.class.php 第 93 行.
INFO: [ app_end ] --START--
INFO: Run Behavior\ShowPageTraceBehavior [ RunTime:0.000614s ]
INFO: [ app_end ] --END-- [ RunTime:0.000659s ]

[ 2017-06-01T13:18:24+08:00 ] ::1 /work/
INFO: [ app_init ] --START--
INFO: Run Behavior\BuildLiteBehavior [ RunTime:0.000026s ]
INFO: [ app_init ] --END-- [ RunTime:0.001056s ]
INFO: [ app_begin ] --START--
INFO: Run Behavior\ReadHtmlCacheBehavior [ RunTime:0.000753s ]
INFO: [ app_begin ] --END-- [ RunTime:0.000833s ]
INFO: [ view_parse ] --START--
INFO: [ template_filter ] --START--
INFO: Run Behavior\ContentReplaceBehavior [ RunTime:0.000101s ]
INFO: [ template_filter ] --END-- [ RunTime:0.000185s ]
NOTIC: [8] Undefined variable: login /Users/hunkhe/Desktop/hf161028/work/Application/Runtime/Cache/Home/3c2cb086f96d013b5e3406943f509c9c.php 第 175 行.
INFO: Run Behavior\ParseTemplateBehavior [ RunTime:0.012625s ]
INFO: [ view_parse ] --END-- [ RunTime:0.012696s ]
INFO: [ view_filter ] --START--
INFO: Run Behavior\WriteHtmlCacheBehavior [ RunTime:0.000327s ]
INFO: [ view_filter ] --END-- [ RunTime:0.000397s ]
NOTIC: [2] Cannot modify header information - headers already sent by (output started at /Users/hunkhe/Desktop/hf161028/work/Application/Home/Controller/UserController.class.php:13) /Users/hunkhe/Desktop/hf161028/work/ThinkPHP/Library/Think/View.class.php 第 91 行.
NOTIC: [2] Cannot modify header information - headers already sent by (output started at /Users/hunkhe/Desktop/hf161028/work/Application/Home/Controller/UserController.class.php:13) /Users/hunkhe/Desktop/hf161028/work/ThinkPHP/Library/Think/View.class.php 第 92 行.
NOTIC: [2] Cannot modify header information - headers already sent by (output started at /Users/hunkhe/Desktop/hf161028/work/Application/Home/Controller/UserController.class.php:13) /Users/hunkhe/Desktop/hf161028/work/ThinkPHP/Library/Think/View.class.php 第 93 行.
INFO: [ app_end ] --START--
INFO: Run Behavior\ShowPageTraceBehavior [ RunTime:0.001263s ]
INFO: [ app_end ] --END-- [ RunTime:0.001456s ]

[ 2017-06-01T13:34:37+08:00 ] ::1 /work/
INFO: [ app_init ] --START--
INFO: Run Behavior\BuildLiteBehavior [ RunTime:0.000054s ]
INFO: [ app_init ] --END-- [ RunTime:0.004218s ]
INFO: [ app_begin ] --START--
INFO: Run Behavior\ReadHtmlCacheBehavior [ RunTime:0.002449s ]
INFO: [ app_begin ] --END-- [ RunTime:0.002553s ]
NOTIC: [2] Redis::connect(): connect() failed: Connection refused /Users/hunkhe/Desktop/hf161028/work/ThinkPHP/Library/Think/Cache/Driver/Redis.class.php 第 43 行.
ERR: Redis server went away

[ 2017-06-01T13:35:12+08:00 ] ::1 /work/
INFO: [ app_init ] --START--
INFO: Run Behavior\BuildLiteBehavior [ RunTime:0.000034s ]
INFO: [ app_init ] --END-- [ RunTime:0.000703s ]
INFO: [ app_begin ] --START--
INFO: Run Behavior\ReadHtmlCacheBehavior [ RunTime:0.000838s ]
INFO: [ app_begin ] --END-- [ RunTime:0.000928s ]
INFO: [ view_parse ] --START--
INFO: [ template_filter ] --START--
INFO: Run Behavior\ContentReplaceBehavior [ RunTime:0.000132s ]
INFO: [ template_filter ] --END-- [ RunTime:0.000206s ]
NOTIC: [8] Undefined variable: login /Users/hunkhe/Desktop/hf161028/work/Application/Runtime/Cache/Home/3c2cb086f96d013b5e3406943f509c9c.php 第 175 行.
INFO: Run Behavior\ParseTemplateBehavior [ RunTime:0.041009s ]
INFO: [ view_parse ] --END-- [ RunTime:0.041082s ]
INFO: [ view_filter ] --START--
INFO: Run Behavior\WriteHtmlCacheBehavior [ RunTime:0.000672s ]
INFO: [ view_filter ] --END-- [ RunTime:0.000742s ]
NOTIC: [2] Cannot modify header information - headers already sent by (output started at /Users/hunkhe/Desktop/hf161028/work/Application/Home/Controller/UserController.class.php:13) /Users/hunkhe/Desktop/hf161028/work/ThinkPHP/Library/Think/View.class.php 第 91 行.
NOTIC: [2] Cannot modify header information - headers already sent by (output started at /Users/hunkhe/Desktop/hf161028/work/Application/Home/Controller/UserController.class.php:13) /Users/hunkhe/Desktop/hf161028/work/ThinkPHP/Library/Think/View.class.php 第 92 行.
NOTIC: [2] Cannot modify header information - headers already sent by (output started at /Users/hunkhe/Desktop/hf161028/work/Application/Home/Controller/UserController.class.php:13) /Users/hunkhe/Desktop/hf161028/work/ThinkPHP/Library/Think/View.class.php 第 93 行.
INFO: [ app_end ] --START--
INFO: Run Behavior\ShowPageTraceBehavior [ RunTime:0.001882s ]
INFO: [ app_end ] --END-- [ RunTime:0.001942s ]

[ 2017-06-01T15:40:01+08:00 ] ::1 /work/
INFO: [ app_init ] --START--
INFO: Run Behavior\BuildLiteBehavior [ RunTime:0.000017s ]
INFO: [ app_init ] --END-- [ RunTime:0.000485s ]
INFO: [ app_begin ] --START--
INFO: Run Behavior\ReadHtmlCacheBehavior [ RunTime:0.000566s ]
INFO: [ app_begin ] --END-- [ RunTime:0.000610s ]
INFO: [ view_parse ] --START--
INFO: [ template_filter ] --START--
INFO: Run Behavior\ContentReplaceBehavior [ RunTime:0.000068s ]
INFO: [ template_filter ] --END-- [ RunTime:0.000110s ]
NOTIC: [8] Undefined variable: login /Users/hunkhe/Desktop/hf161028/work/Application/Runtime/Cache/Home/3c2cb086f96d013b5e3406943f509c9c.php 第 175 行.
INFO: Run Behavior\ParseTemplateBehavior [ RunTime:0.009109s ]
INFO: [ view_parse ] --END-- [ RunTime:0.009147s ]
INFO: [ view_filter ] --START--
INFO: Run Behavior\WriteHtmlCacheBehavior [ RunTime:0.000149s ]
INFO: [ view_filter ] --END-- [ RunTime:0.000176s ]
NOTIC: [2] Cannot modify header information - headers already sent by (output started at /Users/hunkhe/Desktop/hf161028/work/Application/Home/Controller/UserController.class.php:13) /Users/hunkhe/Desktop/hf161028/work/ThinkPHP/Library/Think/View.class.php 第 91 行.
NOTIC: [2] Cannot modify header information - headers already sent by (output started at /Users/hunkhe/Desktop/hf161028/work/Application/Home/Controller/UserController.class.php:13) /Users/hunkhe/Desktop/hf161028/work/ThinkPHP/Library/Think/View.class.php 第 92 行.
NOTIC: [2] Cannot modify header information - headers already sent by (output started at /Users/hunkhe/Desktop/hf161028/work/Application/Home/Controller/UserController.class.php:13) /Users/hunkhe/Desktop/hf161028/work/ThinkPHP/Library/Think/View.class.php 第 93 行.
INFO: [ app_end ] --START--
INFO: Run Behavior\ShowPageTraceBehavior [ RunTime:0.000535s ]
INFO: [ app_end ] --END-- [ RunTime:0.000568s ]

[ 2017-06-01T15:40:42+08:00 ] ::1 /work/
INFO: [ app_init ] --START--
INFO: Run Behavior\BuildLiteBehavior [ RunTime:0.000012s ]
INFO: [ app_init ] --END-- [ RunTime:0.000301s ]
INFO: [ app_begin ] --START--
INFO: Run Behavior\ReadHtmlCacheBehavior [ RunTime:0.000728s ]
INFO: [ app_begin ] --END-- [ RunTime:0.000792s ]
INFO: [ view_parse ] --START--
INFO: [ template_filter ] --START--
INFO: Run Behavior\ContentReplaceBehavior [ RunTime:0.000065s ]
INFO: [ template_filter ] --END-- [ RunTime:0.000104s ]
NOTIC: [8] Undefined variable: login /Users/hunkhe/Desktop/hf161028/work/Application/Runtime/Cache/Home/3c2cb086f96d013b5e3406943f509c9c.php 第 175 行.
INFO: Run Behavior\ParseTemplateBehavior [ RunTime:0.007165s ]
INFO: [ view_parse ] --END-- [ RunTime:0.007209s ]
INFO: [ view_filter ] --START--
INFO: Run Behavior\WriteHtmlCacheBehavior [ RunTime:0.000215s ]
INFO: [ view_filter ] --END-- [ RunTime:0.000255s ]
NOTIC: [2] Cannot modify header information - headers already sent by (output started at /Users/hunkhe/Desktop/hf161028/work/Application/Home/Controller/UserController.class.php:13) /Users/hunkhe/Desktop/hf161028/work/ThinkPHP/Library/Think/View.class.php 第 91 行.
NOTIC: [2] Cannot modify header information - headers already sent by (output started at /Users/hunkhe/Desktop/hf161028/work/Application/Home/Controller/UserController.class.php:13) /Users/hunkhe/Desktop/hf161028/work/ThinkPHP/Library/Think/View.class.php 第 92 行.
NOTIC: [2] Cannot modify header information - headers already sent by (output started at /Users/hunkhe/Desktop/hf161028/work/Application/Home/Controller/UserController.class.php:13) /Users/hunkhe/Desktop/hf161028/work/ThinkPHP/Library/Think/View.class.php 第 93 行.
INFO: [ app_end ] --START--
INFO: Run Behavior\ShowPageTraceBehavior [ RunTime:0.000530s ]
INFO: [ app_end ] --END-- [ RunTime:0.000667s ]

[ 2017-06-01T15:40:46+08:00 ] ::1 /work/index.php/Home/Des/index.html
INFO: [ app_init ] --START--
INFO: Run Behavior\BuildLiteBehavior [ RunTime:0.000023s ]
INFO: [ app_init ] --END-- [ RunTime:0.000497s ]
INFO: [ app_begin ] --START--
INFO: Run Behavior\ReadHtmlCacheBehavior [ RunTime:0.000464s ]
INFO: [ app_begin ] --END-- [ RunTime:0.000508s ]
INFO: [ view_parse ] --START--
INFO: [ template_filter ] --START--
INFO: Run Behavior\ContentReplaceBehavior [ RunTime:0.000135s ]
INFO: [ template_filter ] --END-- [ RunTime:0.000180s ]
INFO: Run Behavior\ParseTemplateBehavior [ RunTime:0.009252s ]
INFO: [ view_parse ] --END-- [ RunTime:0.009294s ]
INFO: [ view_filter ] --START--
INFO: Run Behavior\WriteHtmlCacheBehavior [ RunTime:0.000157s ]
INFO: [ view_filter ] --END-- [ RunTime:0.000186s ]
INFO: [ app_end ] --START--
INFO: Run Behavior\ShowPageTraceBehavior [ RunTime:0.000818s ]
INFO: [ app_end ] --END-- [ RunTime:0.000869s ]

[ 2017-06-01T15:40:48+08:00 ] ::1 /work/index.php/Home/Des/index.html
INFO: [ app_init ] --START--
INFO: Run Behavior\BuildLiteBehavior [ RunTime:0.000016s ]
INFO: [ app_init ] --END-- [ RunTime:0.000419s ]
INFO: [ app_begin ] --START--
INFO: Run Behavior\ReadHtmlCacheBehavior [ RunTime:0.000456s ]
INFO: [ app_begin ] --END-- [ RunTime:0.000494s ]
INFO: [ view_parse ] --START--
INFO: [ template_filter ] --START--
INFO: Run Behavior\ContentReplaceBehavior [ RunTime:0.000150s ]
INFO: [ template_filter ] --END-- [ RunTime:0.000202s ]
INFO: Run Behavior\ParseTemplateBehavior [ RunTime:0.010388s ]
INFO: [ view_parse ] --END-- [ RunTime:0.010431s ]
INFO: [ view_filter ] --START--
INFO: Run Behavior\WriteHtmlCacheBehavior [ RunTime:0.000228s ]
INFO: [ view_filter ] --END-- [ RunTime:0.000261s ]
INFO: [ app_end ] --START--
INFO: Run Behavior\ShowPageTraceBehavior [ RunTime:0.000805s ]
INFO: [ app_end ] --END-- [ RunTime:0.000875s ]

[ 2017-06-01T15:40:58+08:00 ] ::1 /work/index.php/Home/Pro/index.html
INFO: [ app_init ] --START--
INFO: Run Behavior\BuildLiteBehavior [ RunTime:0.000013s ]
INFO: [ app_init ] --END-- [ RunTime:0.000314s ]
INFO: [ app_begin ] --START--
INFO: Run Behavior\ReadHtmlCacheBehavior [ RunTime:0.000420s ]
INFO: [ app_begin ] --END-- [ RunTime:0.000456s ]
INFO: [ view_parse ] --START--
INFO: [ template_filter ] --START--
INFO: Run Behavior\ContentReplaceBehavior [ RunTime:0.000071s ]
INFO: [ template_filter ] --END-- [ RunTime:0.000122s ]
INFO: Run Behavior\ParseTemplateBehavior [ RunTime:0.007102s ]
INFO: [ view_parse ] --END-- [ RunTime:0.007159s ]
INFO: [ view_filter ] --START--
INFO: Run Behavior\WriteHtmlCacheBehavior [ RunTime:0.000222s ]
INFO: [ view_filter ] --END-- [ RunTime:0.000261s ]
INFO: [ app_end ] --START--
INFO: Run Behavior\ShowPageTraceBehavior [ RunTime:0.001018s ]
INFO: [ app_end ] --END-- [ RunTime:0.001071s ]

[ 2017-06-01T15:41:03+08:00 ] ::1 /work/index.php/Home/User/userCanter.html
INFO: [ app_init ] --START--
INFO: Run Behavior\BuildLiteBehavior [ RunTime:0.000037s ]
INFO: [ app_init ] --END-- [ RunTime:0.000635s ]
INFO: [ app_begin ] --START--
INFO: Run Behavior\ReadHtmlCacheBehavior [ RunTime:0.000655s ]
INFO: [ app_begin ] --END-- [ RunTime:0.000710s ]
INFO: [ view_parse ] --START--
INFO: [ template_filter ] --START--
INFO: Run Behavior\ContentReplaceBehavior [ RunTime:0.000107s ]
INFO: [ template_filter ] --END-- [ RunTime:0.000149s ]
NOTIC: [8] Undefined variable: login /Users/hunkhe/Desktop/hf161028/work/Application/Runtime/Cache/Home/d2d5dd2d7b340acb9d664bba668cab82.php 第 222 行.
INFO: Run Behavior\ParseTemplateBehavior [ RunTime:0.008635s ]
INFO: [ view_parse ] --END-- [ RunTime:0.008669s ]
INFO: [ view_filter ] --START--
INFO: Run Behavior\WriteHtmlCacheBehavior [ RunTime:0.000153s ]
INFO: [ view_filter ] --END-- [ RunTime:0.000181s ]
INFO: [ app_end ] --START--
INFO: Run Behavior\ShowPageTraceBehavior [ RunTime:0.000810s ]
INFO: [ app_end ] --END-- [ RunTime:0.000887s ]

