[ 2017-06-11T14:26:44+08:00 ] ::1 /work/index.php/Admin/Index/VerifyImg.html?0.1441400333666243
INFO: [ app_init ] --START--
INFO: Run Behavior\BuildLiteBehavior [ RunTime:0.000012s ]
INFO: [ app_init ] --END-- [ RunTime:0.000386s ]
INFO: [ app_begin ] --START--
INFO: Run Behavior\ReadHtmlCacheBehavior [ RunTime:0.000747s ]
INFO: [ app_begin ] --END-- [ RunTime:0.000819s ]
INFO: [ app_end ] --START--
INFO: Run Behavior\ShowPageTraceBehavior [ RunTime:0.000841s ]
INFO: [ app_end ] --END-- [ RunTime:0.000932s ]

[ 2017-06-11T14:26:53+08:00 ] ::1 /work/index.php/Admin/Index/VerifyImg.html?0.1441400333666243
INFO: [ app_init ] --START--
INFO: Run Behavior\BuildLiteBehavior [ RunTime:0.000013s ]
INFO: [ app_init ] --END-- [ RunTime:0.000323s ]
INFO: [ app_begin ] --START--
INFO: Run Behavior\ReadHtmlCacheBehavior [ RunTime:0.000426s ]
INFO: [ app_begin ] --END-- [ RunTime:0.000463s ]
INFO: [ app_end ] --START--
INFO: Run Behavior\ShowPageTraceBehavior [ RunTime:0.000694s ]
INFO: [ app_end ] --END-- [ RunTime:0.000776s ]

[ 2017-06-11T14:27:02+08:00 ] ::1 /work/index.php/Admin/Index/VerifyImg.html?0.1441400333666243
INFO: [ app_init ] --START--
INFO: Run Behavior\BuildLiteBehavior [ RunTime:0.000012s ]
INFO: [ app_init ] --END-- [ RunTime:0.000350s ]
INFO: [ app_begin ] --START--
INFO: Run Behavior\ReadHtmlCacheBehavior [ RunTime:0.000419s ]
INFO: [ app_begin ] --END-- [ RunTime:0.000452s ]
INFO: [ app_end ] --START--
INFO: Run Behavior\ShowPageTraceBehavior [ RunTime:0.000865s ]
INFO: [ app_end ] --END-- [ RunTime:0.000945s ]

[ 2017-06-11T14:27:09+08:00 ] ::1 /work/index.php/Admin/Index/login.html
INFO: [ app_init ] --START--
INFO: Run Behavior\BuildLiteBehavior [ RunTime:0.000012s ]
INFO: [ app_init ] --END-- [ RunTime:0.000318s ]
INFO: [ app_begin ] --START--
INFO: Run Behavior\ReadHtmlCacheBehavior [ RunTime:0.000427s ]
INFO: [ app_begin ] --END-- [ RunTime:0.000463s ]
INFO: [ view_parse ] --START--
INFO: [ template_filter ] --START--
INFO: Run Behavior\ContentReplaceBehavior [ RunTime:0.000065s ]
INFO: [ template_filter ] --END-- [ RunTime:0.000112s ]
INFO: Run Behavior\ParseTemplateBehavior [ RunTime:0.012845s ]
INFO: [ view_parse ] --END-- [ RunTime:0.012884s ]
INFO: [ view_filter ] --START--
INFO: Run Behavior\WriteHtmlCacheBehavior [ RunTime:0.000167s ]
INFO: [ view_filter ] --END-- [ RunTime:0.000195s ]
INFO: [ app_end ] --START--
INFO: Run Behavior\ShowPageTraceBehavior [ RunTime:0.000590s ]
INFO: [ app_end ] --END-- [ RunTime:0.000630s ]

[ 2017-06-11T14:27:09+08:00 ] ::1 /work/index.php/Admin/Index/VerifyImg.html
INFO: [ app_init ] --START--
INFO: Run Behavior\BuildLiteBehavior [ RunTime:0.000025s ]
INFO: [ app_init ] --END-- [ RunTime:0.001052s ]
INFO: [ app_begin ] --START--
INFO: Run Behavior\ReadHtmlCacheBehavior [ RunTime:0.000778s ]
INFO: [ app_begin ] --END-- [ RunTime:0.000858s ]
INFO: [ app_end ] --START--
INFO: Run Behavior\ShowPageTraceBehavior [ RunTime:0.001012s ]
INFO: [ app_end ] --END-- [ RunTime:0.001127s ]

[ 2017-06-11T14:27:20+08:00 ] ::1 /work/index.php/Admin/Index/login.html
INFO: [ app_init ] --START--
INFO: Run Behavior\BuildLiteBehavior [ RunTime:0.000013s ]
INFO: [ app_init ] --END-- [ RunTime:0.000312s ]
INFO: [ app_begin ] --START--
INFO: Run Behavior\ReadHtmlCacheBehavior [ RunTime:0.000414s ]
INFO: [ app_begin ] --END-- [ RunTime:0.000449s ]
SQL: SHOW COLUMNS FROM `mf_staff` [ RunTime:0.0042s ]
SQL: SELECT `s_id`,`account`,`s_name`,`s_pwd` FROM `mf_staff` WHERE `account` = 'admin' AND `s_pwd` = 'e10adc3949ba59abbe56e057f20f883e' LIMIT 1   [ RunTime:0.0005s ]
NOTIC: [8] Use of undefined constant AJAX_MSG - assumed 'AJAX_MSG' /Users/hunkhe/Desktop/hf161028/work/Application/Admin/Controller/IndexController.class.php 第 31 行.
NOTIC: [8] Use of undefined constant AJAX_LOGINS_MSG - assumed 'AJAX_LOGINS_MSG' /Users/hunkhe/Desktop/hf161028/work/Application/Admin/Controller/IndexController.class.php 第 33 行.
INFO: [ app_end ] --START--
INFO: Run Behavior\ShowPageTraceBehavior [ RunTime:0.000530s ]
INFO: [ app_end ] --END-- [ RunTime:0.000565s ]

[ 2017-06-11T14:27:21+08:00 ] ::1 /work/index.php/admin/index/index.html
INFO: [ app_init ] --START--
INFO: Run Behavior\BuildLiteBehavior [ RunTime:0.000033s ]
INFO: [ app_init ] --END-- [ RunTime:0.000872s ]
INFO: [ app_begin ] --START--
INFO: Run Behavior\ReadHtmlCacheBehavior [ RunTime:0.000635s ]
INFO: [ app_begin ] --END-- [ RunTime:0.000692s ]
SQL: SHOW COLUMNS FROM `mf_menutable` [ RunTime:0.0035s ]
SQL: SELECT * FROM `mf_menutable`  [ RunTime:0.0005s ]
INFO: [ view_parse ] --START--
INFO: [ template_filter ] --START--
INFO: Run Behavior\ContentReplaceBehavior [ RunTime:0.000086s ]
INFO: [ template_filter ] --END-- [ RunTime:0.000155s ]
INFO: Run Behavior\ParseTemplateBehavior [ RunTime:0.013143s ]
INFO: [ view_parse ] --END-- [ RunTime:0.013206s ]
INFO: [ view_filter ] --START--
INFO: Run Behavior\WriteHtmlCacheBehavior [ RunTime:0.000290s ]
INFO: [ view_filter ] --END-- [ RunTime:0.000358s ]
INFO: [ app_end ] --START--
INFO: Run Behavior\ShowPageTraceBehavior [ RunTime:0.000989s ]
INFO: [ app_end ] --END-- [ RunTime:0.001064s ]

[ 2017-06-11T14:27:21+08:00 ] ::1 /work/index.php/Admin/Index/wellcom.html
INFO: [ app_init ] --START--
INFO: Run Behavior\BuildLiteBehavior [ RunTime:0.000027s ]
INFO: [ app_init ] --END-- [ RunTime:0.001000s ]
INFO: [ app_begin ] --START--
INFO: Run Behavior\ReadHtmlCacheBehavior [ RunTime:0.001139s ]
INFO: [ app_begin ] --END-- [ RunTime:0.001267s ]
INFO: [ view_parse ] --START--
INFO: [ template_filter ] --START--
INFO: Run Behavior\ContentReplaceBehavior [ RunTime:0.000046s ]
INFO: [ template_filter ] --END-- [ RunTime:0.000128s ]
INFO: Run Behavior\ParseTemplateBehavior [ RunTime:0.009594s ]
INFO: [ view_parse ] --END-- [ RunTime:0.009683s ]
INFO: [ view_filter ] --START--
INFO: Run Behavior\WriteHtmlCacheBehavior [ RunTime:0.000270s ]
INFO: [ view_filter ] --END-- [ RunTime:0.000324s ]
INFO: [ app_end ] --START--
INFO: Run Behavior\ShowPageTraceBehavior [ RunTime:0.000913s ]
INFO: [ app_end ] --END-- [ RunTime:0.000999s ]

[ 2017-06-11T14:27:28+08:00 ] ::1 /work/index.php/admin/index/application/views/creatSalesVi
INFO: [ app_init ] --START--
INFO: Run Behavior\BuildLiteBehavior [ RunTime:0.000013s ]
INFO: [ app_init ] --END-- [ RunTime:0.000312s ]
INFO: [ app_begin ] --START--
INFO: Run Behavior\ReadHtmlCacheBehavior [ RunTime:0.000422s ]
INFO: [ app_begin ] --END-- [ RunTime:0.000459s ]
ERR: 非法操作:application

[ 2017-06-11T14:27:33+08:00 ] ::1 /work/index.php/admin/index/index.html
INFO: [ app_init ] --START--
INFO: Run Behavior\BuildLiteBehavior [ RunTime:0.000013s ]
INFO: [ app_init ] --END-- [ RunTime:0.000313s ]
INFO: [ app_begin ] --START--
INFO: Run Behavior\ReadHtmlCacheBehavior [ RunTime:0.000414s ]
INFO: [ app_begin ] --END-- [ RunTime:0.000487s ]
SQL: SHOW COLUMNS FROM `mf_menutable` [ RunTime:0.0041s ]
SQL: SELECT * FROM `mf_menutable`  [ RunTime:0.0004s ]
INFO: [ view_parse ] --START--
INFO: [ template_filter ] --START--
INFO: Run Behavior\ContentReplaceBehavior [ RunTime:0.000134s ]
INFO: [ template_filter ] --END-- [ RunTime:0.000208s ]
INFO: Run Behavior\ParseTemplateBehavior [ RunTime:0.009094s ]
INFO: [ view_parse ] --END-- [ RunTime:0.009161s ]
INFO: [ view_filter ] --START--
INFO: Run Behavior\WriteHtmlCacheBehavior [ RunTime:0.000309s ]
INFO: [ view_filter ] --END-- [ RunTime:0.000365s ]
INFO: [ app_end ] --START--
INFO: Run Behavior\ShowPageTraceBehavior [ RunTime:0.000722s ]
INFO: [ app_end ] --END-- [ RunTime:0.000816s ]

[ 2017-06-11T14:27:33+08:00 ] ::1 /work/index.php/Admin/Index/wellcom.html
INFO: [ app_init ] --START--
INFO: Run Behavior\BuildLiteBehavior [ RunTime:0.000021s ]
INFO: [ app_init ] --END-- [ RunTime:0.000611s ]
INFO: [ app_begin ] --START--
INFO: Run Behavior\ReadHtmlCacheBehavior [ RunTime:0.000947s ]
INFO: [ app_begin ] --END-- [ RunTime:0.001051s ]
INFO: [ view_parse ] --START--
INFO: [ template_filter ] --START--
INFO: Run Behavior\ContentReplaceBehavior [ RunTime:0.000051s ]
INFO: [ template_filter ] --END-- [ RunTime:0.000141s ]
INFO: Run Behavior\ParseTemplateBehavior [ RunTime:0.009344s ]
INFO: [ view_parse ] --END-- [ RunTime:0.009411s ]
INFO: [ view_filter ] --START--
INFO: Run Behavior\WriteHtmlCacheBehavior [ RunTime:0.000257s ]
INFO: [ view_filter ] --END-- [ RunTime:0.000307s ]
INFO: [ app_end ] --START--
INFO: Run Behavior\ShowPageTraceBehavior [ RunTime:0.000924s ]
INFO: [ app_end ] --END-- [ RunTime:0.001001s ]

[ 2017-06-11T14:27:36+08:00 ] ::1 /work/index.php/admin/index/application/views/creatSalesVi
INFO: [ app_init ] --START--
INFO: Run Behavior\BuildLiteBehavior [ RunTime:0.000013s ]
INFO: [ app_init ] --END-- [ RunTime:0.000335s ]
INFO: [ app_begin ] --START--
INFO: Run Behavior\ReadHtmlCacheBehavior [ RunTime:0.000538s ]
INFO: [ app_begin ] --END-- [ RunTime:0.000596s ]
ERR: 非法操作:application

[ 2017-06-11T14:28:20+08:00 ] ::1 /work/index.php/admin/index/admin/Comm/index
INFO: [ app_init ] --START--
INFO: Run Behavior\BuildLiteBehavior [ RunTime:0.000014s ]
INFO: [ app_init ] --END-- [ RunTime:0.000349s ]
INFO: [ app_begin ] --START--
INFO: Run Behavior\ReadHtmlCacheBehavior [ RunTime:0.000447s ]
INFO: [ app_begin ] --END-- [ RunTime:0.000487s ]
ERR: 非法操作:admin

[ 2017-06-11T14:28:22+08:00 ] ::1 /work/index.php/admin/index/application/views/salesShowVie
INFO: [ app_init ] --START--
INFO: Run Behavior\BuildLiteBehavior [ RunTime:0.000028s ]
INFO: [ app_init ] --END-- [ RunTime:0.000788s ]
INFO: [ app_begin ] --START--
INFO: Run Behavior\ReadHtmlCacheBehavior [ RunTime:0.000691s ]
INFO: [ app_begin ] --END-- [ RunTime:0.000775s ]
ERR: 非法操作:application

[ 2017-06-11T14:29:48+08:00 ] ::1 /work/index.php/admin
INFO: [ app_init ] --START--
INFO: Run Behavior\BuildLiteBehavior [ RunTime:0.000012s ]
INFO: [ app_init ] --END-- [ RunTime:0.000309s ]
INFO: [ app_begin ] --START--
INFO: Run Behavior\ReadHtmlCacheBehavior [ RunTime:0.000414s ]
INFO: [ app_begin ] --END-- [ RunTime:0.000448s ]
SQL: SHOW COLUMNS FROM `mf_menutable` [ RunTime:0.0046s ]
SQL: SELECT * FROM `mf_menutable`  [ RunTime:0.0005s ]
INFO: [ view_parse ] --START--
INFO: [ template_filter ] --START--
INFO: Run Behavior\ContentReplaceBehavior [ RunTime:0.000085s ]
INFO: [ template_filter ] --END-- [ RunTime:0.000179s ]
INFO: Run Behavior\ParseTemplateBehavior [ RunTime:0.011262s ]
INFO: [ view_parse ] --END-- [ RunTime:0.011300s ]
INFO: [ view_filter ] --START--
INFO: Run Behavior\WriteHtmlCacheBehavior [ RunTime:0.000167s ]
INFO: [ view_filter ] --END-- [ RunTime:0.000195s ]
INFO: [ app_end ] --START--
INFO: Run Behavior\ShowPageTraceBehavior [ RunTime:0.000723s ]
INFO: [ app_end ] --END-- [ RunTime:0.000786s ]

[ 2017-06-11T14:29:48+08:00 ] ::1 /work/index.php/Admin/Index/wellcom.html
INFO: [ app_init ] --START--
INFO: Run Behavior\BuildLiteBehavior [ RunTime:0.000015s ]
INFO: [ app_init ] --END-- [ RunTime:0.000362s ]
INFO: [ app_begin ] --START--
INFO: Run Behavior\ReadHtmlCacheBehavior [ RunTime:0.000460s ]
INFO: [ app_begin ] --END-- [ RunTime:0.000497s ]
INFO: [ view_parse ] --START--
INFO: [ template_filter ] --START--
INFO: Run Behavior\ContentReplaceBehavior [ RunTime:0.000177s ]
INFO: [ template_filter ] --END-- [ RunTime:0.000255s ]
INFO: Run Behavior\ParseTemplateBehavior [ RunTime:0.005720s ]
INFO: [ view_parse ] --END-- [ RunTime:0.005768s ]
INFO: [ view_filter ] --START--
INFO: Run Behavior\WriteHtmlCacheBehavior [ RunTime:0.000172s ]
INFO: [ view_filter ] --END-- [ RunTime:0.000202s ]
INFO: [ app_end ] --START--
INFO: Run Behavior\ShowPageTraceBehavior [ RunTime:0.000557s ]
INFO: [ app_end ] --END-- [ RunTime:0.000607s ]

[ 2017-06-11T14:30:05+08:00 ] ::1 /work/index.php/admin/Comm/index
INFO: [ app_init ] --START--
INFO: Run Behavior\BuildLiteBehavior [ RunTime:0.000013s ]
INFO: [ app_init ] --END-- [ RunTime:0.000316s ]
INFO: [ app_begin ] --START--
INFO: Run Behavior\ReadHtmlCacheBehavior [ RunTime:0.000511s ]
INFO: [ app_begin ] --END-- [ RunTime:0.000557s ]
INFO: [ view_parse ] --START--
INFO: [ template_filter ] --START--
INFO: Run Behavior\ContentReplaceBehavior [ RunTime:0.000064s ]
INFO: [ template_filter ] --END-- [ RunTime:0.000119s ]
INFO: Run Behavior\ParseTemplateBehavior [ RunTime:0.009113s ]
INFO: [ view_parse ] --END-- [ RunTime:0.009177s ]
INFO: [ view_filter ] --START--
INFO: Run Behavior\WriteHtmlCacheBehavior [ RunTime:0.000201s ]
INFO: [ view_filter ] --END-- [ RunTime:0.000236s ]
INFO: [ app_end ] --START--
INFO: Run Behavior\ShowPageTraceBehavior [ RunTime:0.000613s ]
INFO: [ app_end ] --END-- [ RunTime:0.000648s ]

[ 2017-06-11T14:30:06+08:00 ] ::1 /work/index.php/Admin/Comm/nowpage.html
INFO: [ app_init ] --START--
INFO: Run Behavior\BuildLiteBehavior [ RunTime:0.000027s ]
INFO: [ app_init ] --END-- [ RunTime:0.000649s ]
INFO: [ app_begin ] --START--
INFO: Run Behavior\ReadHtmlCacheBehavior [ RunTime:0.000966s ]
INFO: [ app_begin ] --END-- [ RunTime:0.001059s ]
SQL: SHOW COLUMNS FROM `mf_comments` [ RunTime:0.0036s ]
SQL: SELECT COUNT(*) AS tp_count FROM `mf_comments` LIMIT 1   [ RunTime:0.0006s ]
SQL: SELECT * FROM `mf_comments` LIMIT 0,4   [ RunTime:0.0004s ]

[ 2017-06-11T14:30:17+08:00 ] ::1 /work/index.php/admin/Order/unpaidOrder
INFO: [ app_init ] --START--
INFO: Run Behavior\BuildLiteBehavior [ RunTime:0.000013s ]
INFO: [ app_init ] --END-- [ RunTime:0.000323s ]
INFO: [ app_begin ] --START--
INFO: Run Behavior\ReadHtmlCacheBehavior [ RunTime:0.000427s ]
INFO: [ app_begin ] --END-- [ RunTime:0.000461s ]
INFO: [ view_parse ] --START--
INFO: [ template_filter ] --START--
INFO: Run Behavior\ContentReplaceBehavior [ RunTime:0.000073s ]
INFO: [ template_filter ] --END-- [ RunTime:0.000119s ]
INFO: Run Behavior\ParseTemplateBehavior [ RunTime:0.008863s ]
INFO: [ view_parse ] --END-- [ RunTime:0.008924s ]
INFO: [ view_filter ] --START--
INFO: Run Behavior\WriteHtmlCacheBehavior [ RunTime:0.000149s ]
INFO: [ view_filter ] --END-- [ RunTime:0.000177s ]
INFO: [ app_end ] --START--
INFO: Run Behavior\ShowPageTraceBehavior [ RunTime:0.000795s ]
INFO: [ app_end ] --END-- [ RunTime:0.000843s ]

[ 2017-06-11T14:30:17+08:00 ] ::1 /work/index.php/Admin/Order/unpaidOrder.html
INFO: [ app_init ] --START--
INFO: Run Behavior\BuildLiteBehavior [ RunTime:0.000014s ]
INFO: [ app_init ] --END-- [ RunTime:0.000359s ]
INFO: [ app_begin ] --START--
INFO: Run Behavior\ReadHtmlCacheBehavior [ RunTime:0.000487s ]
INFO: [ app_begin ] --END-- [ RunTime:0.000532s ]
SQL: SHOW COLUMNS FROM `mf_orderlist` [ RunTime:0.0055s ]
SQL: SELECT COUNT(*) AS tp_count FROM `mf_orderlist` WHERE ( os_id = 2 ) LIMIT 1   [ RunTime:0.0033s ]
SQL: SELECT * FROM `mf_orderlist` WHERE ( os_id = 2 ) ORDER BY ol_id LIMIT 0,5   [ RunTime:0.0007s ]
SQL: SHOW COLUMNS FROM `mf_orderstate` [ RunTime:0.0039s ]
SQL: SHOW COLUMNS FROM `mf_shop` [ RunTime:0.0049s ]
SQL: SHOW COLUMNS FROM `mf_user` [ RunTime:0.0056s ]
SQL: SELECT `os_state` FROM `mf_orderstate` WHERE ( os_id=2 ) LIMIT 1   [ RunTime:0.0004s ]
SQL: SELECT `s_name` FROM `mf_shop` WHERE ( s_id=2 ) LIMIT 1   [ RunTime:0.0003s ]
SQL: SELECT `account` FROM `mf_user` WHERE ( u_id=2 ) LIMIT 1   [ RunTime:0.0003s ]
SQL: SELECT `os_state` FROM `mf_orderstate` WHERE ( os_id=2 ) LIMIT 1   [ RunTime:0.0003s ]
SQL: SELECT `s_name` FROM `mf_shop` WHERE ( s_id=3 ) LIMIT 1   [ RunTime:0.0004s ]
SQL: SELECT `account` FROM `mf_user` WHERE ( u_id=1 ) LIMIT 1   [ RunTime:0.0006s ]
SQL: SELECT `os_state` FROM `mf_orderstate` WHERE ( os_id=2 ) LIMIT 1   [ RunTime:0.0004s ]
SQL: SELECT `s_name` FROM `mf_shop` WHERE ( s_id=2 ) LIMIT 1   [ RunTime:0.0004s ]
SQL: SELECT `account` FROM `mf_user` WHERE ( u_id=2 ) LIMIT 1   [ RunTime:0.0005s ]
SQL: SELECT `os_state` FROM `mf_orderstate` WHERE ( os_id=2 ) LIMIT 1   [ RunTime:0.0005s ]
SQL: SELECT `s_name` FROM `mf_shop` WHERE ( s_id=3 ) LIMIT 1   [ RunTime:0.0008s ]
SQL: SELECT `account` FROM `mf_user` WHERE ( u_id=1 ) LIMIT 1   [ RunTime:0.0009s ]
SQL: SELECT `os_state` FROM `mf_orderstate` WHERE ( os_id=2 ) LIMIT 1   [ RunTime:0.0013s ]
SQL: SELECT `s_name` FROM `mf_shop` WHERE ( s_id=2 ) LIMIT 1   [ RunTime:0.0006s ]
SQL: SELECT `account` FROM `mf_user` WHERE ( u_id=2 ) LIMIT 1   [ RunTime:0.0005s ]

[ 2017-06-11T14:30:17+08:00 ] ::1 /work/index.php/admin/Order/paidOrder
INFO: [ app_init ] --START--
INFO: Run Behavior\BuildLiteBehavior [ RunTime:0.000013s ]
INFO: [ app_init ] --END-- [ RunTime:0.000308s ]
INFO: [ app_begin ] --START--
INFO: Run Behavior\ReadHtmlCacheBehavior [ RunTime:0.000413s ]
INFO: [ app_begin ] --END-- [ RunTime:0.000448s ]
INFO: [ view_parse ] --START--
INFO: [ template_filter ] --START--
INFO: Run Behavior\ContentReplaceBehavior [ RunTime:0.000100s ]
INFO: [ template_filter ] --END-- [ RunTime:0.000222s ]
INFO: Run Behavior\ParseTemplateBehavior [ RunTime:0.011813s ]
INFO: [ view_parse ] --END-- [ RunTime:0.011869s ]
INFO: [ view_filter ] --START--
INFO: Run Behavior\WriteHtmlCacheBehavior [ RunTime:0.000292s ]
INFO: [ view_filter ] --END-- [ RunTime:0.000327s ]
INFO: [ app_end ] --START--
INFO: Run Behavior\ShowPageTraceBehavior [ RunTime:0.001148s ]
INFO: [ app_end ] --END-- [ RunTime:0.001312s ]

[ 2017-06-11T14:30:18+08:00 ] ::1 /work/index.php/Admin/Order/paidOrder.html
INFO: [ app_init ] --START--
INFO: Run Behavior\BuildLiteBehavior [ RunTime:0.000025s ]
INFO: [ app_init ] --END-- [ RunTime:0.000575s ]
INFO: [ app_begin ] --START--
INFO: Run Behavior\ReadHtmlCacheBehavior [ RunTime:0.001072s ]
INFO: [ app_begin ] --END-- [ RunTime:0.001164s ]
SQL: SHOW COLUMNS FROM `mf_orderlist` [ RunTime:0.0028s ]
SQL: SELECT COUNT(*) AS tp_count FROM `mf_orderlist` WHERE ( os_id != 2 ) LIMIT 1   [ RunTime:0.0006s ]
SQL: SELECT * FROM `mf_orderlist` WHERE ( os_id != 2 ) ORDER BY ol_id LIMIT 0,5   [ RunTime:0.0005s ]
SQL: SHOW COLUMNS FROM `mf_orderstate` [ RunTime:0.0030s ]
SQL: SHOW COLUMNS FROM `mf_shop` [ RunTime:0.0046s ]
SQL: SHOW COLUMNS FROM `mf_user` [ RunTime:0.0037s ]
SQL: SELECT `os_state` FROM `mf_orderstate` WHERE ( os_id=1 ) LIMIT 1   [ RunTime:0.0004s ]
SQL: SELECT `s_name` FROM `mf_shop` WHERE ( s_id=1 ) LIMIT 1   [ RunTime:0.0003s ]
SQL: SELECT `account` FROM `mf_user` WHERE ( u_id=1 ) LIMIT 1   [ RunTime:0.0003s ]
SQL: SELECT `os_state` FROM `mf_orderstate` WHERE ( os_id=1 ) LIMIT 1   [ RunTime:0.0003s ]
SQL: SELECT `s_name` FROM `mf_shop` WHERE ( s_id=5 ) LIMIT 1   [ RunTime:0.0003s ]
SQL: SELECT `account` FROM `mf_user` WHERE ( u_id=1 ) LIMIT 1   [ RunTime:0.0003s ]
SQL: SELECT `os_state` FROM `mf_orderstate` WHERE ( os_id=1 ) LIMIT 1   [ RunTime:0.0003s ]
SQL: SELECT `s_name` FROM `mf_shop` WHERE ( s_id=1 ) LIMIT 1   [ RunTime:0.0002s ]
SQL: SELECT `account` FROM `mf_user` WHERE ( u_id=1 ) LIMIT 1   [ RunTime:0.0003s ]
SQL: SELECT `os_state` FROM `mf_orderstate` WHERE ( os_id=1 ) LIMIT 1   [ RunTime:0.0003s ]
SQL: SELECT `s_name` FROM `mf_shop` WHERE ( s_id=5 ) LIMIT 1   [ RunTime:0.0003s ]
SQL: SELECT `account` FROM `mf_user` WHERE ( u_id=1 ) LIMIT 1   [ RunTime:0.0004s ]
SQL: SELECT `os_state` FROM `mf_orderstate` WHERE ( os_id=1 ) LIMIT 1   [ RunTime:0.0005s ]
SQL: SELECT `s_name` FROM `mf_shop` WHERE ( s_id=1 ) LIMIT 1   [ RunTime:0.0004s ]
SQL: SELECT `account` FROM `mf_user` WHERE ( u_id=1 ) LIMIT 1   [ RunTime:0.0004s ]

[ 2017-06-11T14:30:19+08:00 ] ::1 /work/index.php/Admin/Order/paidOrder.html
INFO: [ app_init ] --START--
INFO: Run Behavior\BuildLiteBehavior [ RunTime:0.000020s ]
INFO: [ app_init ] --END-- [ RunTime:0.000542s ]
INFO: [ app_begin ] --START--
INFO: Run Behavior\ReadHtmlCacheBehavior [ RunTime:0.000689s ]
INFO: [ app_begin ] --END-- [ RunTime:0.000760s ]
SQL: SHOW COLUMNS FROM `mf_orderlist` [ RunTime:0.0030s ]
SQL: SELECT COUNT(*) AS tp_count FROM `mf_orderlist` WHERE ( os_id != 2 ) LIMIT 1   [ RunTime:0.0005s ]
SQL: SELECT * FROM `mf_orderlist` WHERE ( os_id != 2 ) ORDER BY ol_id LIMIT 5,5   [ RunTime:0.0005s ]
SQL: SHOW COLUMNS FROM `mf_orderstate` [ RunTime:0.0031s ]
SQL: SHOW COLUMNS FROM `mf_shop` [ RunTime:0.0032s ]
SQL: SHOW COLUMNS FROM `mf_user` [ RunTime:0.0037s ]
SQL: SELECT `os_state` FROM `mf_orderstate` WHERE ( os_id=1 ) LIMIT 1   [ RunTime:0.0003s ]
SQL: SELECT `s_name` FROM `mf_shop` WHERE ( s_id=5 ) LIMIT 1   [ RunTime:0.0002s ]
SQL: SELECT `account` FROM `mf_user` WHERE ( u_id=1 ) LIMIT 1   [ RunTime:0.0002s ]
SQL: SELECT `os_state` FROM `mf_orderstate` WHERE ( os_id=1 ) LIMIT 1   [ RunTime:0.0002s ]
SQL: SELECT `s_name` FROM `mf_shop` WHERE ( s_id=1 ) LIMIT 1   [ RunTime:0.0002s ]
SQL: SELECT `account` FROM `mf_user` WHERE ( u_id=1 ) LIMIT 1   [ RunTime:0.0003s ]
SQL: SELECT `os_state` FROM `mf_orderstate` WHERE ( os_id=1 ) LIMIT 1   [ RunTime:0.0002s ]
SQL: SELECT `s_name` FROM `mf_shop` WHERE ( s_id=5 ) LIMIT 1   [ RunTime:0.0002s ]
SQL: SELECT `account` FROM `mf_user` WHERE ( u_id=1 ) LIMIT 1   [ RunTime:0.0003s ]
SQL: SELECT `os_state` FROM `mf_orderstate` WHERE ( os_id=1 ) LIMIT 1   [ RunTime:0.0004s ]
SQL: SELECT `s_name` FROM `mf_shop` WHERE ( s_id=1 ) LIMIT 1   [ RunTime:0.0005s ]
SQL: SELECT `account` FROM `mf_user` WHERE ( u_id=1 ) LIMIT 1   [ RunTime:0.0003s ]
SQL: SELECT `os_state` FROM `mf_orderstate` WHERE ( os_id=1 ) LIMIT 1   [ RunTime:0.0005s ]
SQL: SELECT `s_name` FROM `mf_shop` WHERE ( s_id=5 ) LIMIT 1   [ RunTime:0.0005s ]
SQL: SELECT `account` FROM `mf_user` WHERE ( u_id=1 ) LIMIT 1   [ RunTime:0.0005s ]

[ 2017-06-11T14:30:20+08:00 ] ::1 /work/index.php/Admin/Order/paidOrder.html
INFO: [ app_init ] --START--
INFO: Run Behavior\BuildLiteBehavior [ RunTime:0.000012s ]
INFO: [ app_init ] --END-- [ RunTime:0.000302s ]
INFO: [ app_begin ] --START--
INFO: Run Behavior\ReadHtmlCacheBehavior [ RunTime:0.000506s ]
INFO: [ app_begin ] --END-- [ RunTime:0.000554s ]
SQL: SHOW COLUMNS FROM `mf_orderlist` [ RunTime:0.0041s ]
SQL: SELECT COUNT(*) AS tp_count FROM `mf_orderlist` WHERE ( os_id != 2 ) LIMIT 1   [ RunTime:0.0006s ]
SQL: SELECT * FROM `mf_orderlist` WHERE ( os_id != 2 ) ORDER BY ol_id LIMIT 0,5   [ RunTime:0.0005s ]
SQL: SHOW COLUMNS FROM `mf_orderstate` [ RunTime:0.0040s ]
SQL: SHOW COLUMNS FROM `mf_shop` [ RunTime:0.0050s ]
SQL: SHOW COLUMNS FROM `mf_user` [ RunTime:0.0042s ]
SQL: SELECT `os_state` FROM `mf_orderstate` WHERE ( os_id=1 ) LIMIT 1   [ RunTime:0.0005s ]
SQL: SELECT `s_name` FROM `mf_shop` WHERE ( s_id=1 ) LIMIT 1   [ RunTime:0.0003s ]
SQL: SELECT `account` FROM `mf_user` WHERE ( u_id=1 ) LIMIT 1   [ RunTime:0.0003s ]
SQL: SELECT `os_state` FROM `mf_orderstate` WHERE ( os_id=1 ) LIMIT 1   [ RunTime:0.0003s ]
SQL: SELECT `s_name` FROM `mf_shop` WHERE ( s_id=5 ) LIMIT 1   [ RunTime:0.0003s ]
SQL: SELECT `account` FROM `mf_user` WHERE ( u_id=1 ) LIMIT 1   [ RunTime:0.0004s ]
SQL: SELECT `os_state` FROM `mf_orderstate` WHERE ( os_id=1 ) LIMIT 1   [ RunTime:0.0003s ]
SQL: SELECT `s_name` FROM `mf_shop` WHERE ( s_id=1 ) LIMIT 1   [ RunTime:0.0003s ]
SQL: SELECT `account` FROM `mf_user` WHERE ( u_id=1 ) LIMIT 1   [ RunTime:0.0003s ]
SQL: SELECT `os_state` FROM `mf_orderstate` WHERE ( os_id=1 ) LIMIT 1   [ RunTime:0.0003s ]
SQL: SELECT `s_name` FROM `mf_shop` WHERE ( s_id=5 ) LIMIT 1   [ RunTime:0.0004s ]
SQL: SELECT `account` FROM `mf_user` WHERE ( u_id=1 ) LIMIT 1   [ RunTime:0.0003s ]
SQL: SELECT `os_state` FROM `mf_orderstate` WHERE ( os_id=1 ) LIMIT 1   [ RunTime:0.0003s ]
SQL: SELECT `s_name` FROM `mf_shop` WHERE ( s_id=1 ) LIMIT 1   [ RunTime:0.0003s ]
SQL: SELECT `account` FROM `mf_user` WHERE ( u_id=1 ) LIMIT 1   [ RunTime:0.0003s ]

[ 2017-06-11T14:31:14+08:00 ] ::1 /work/index.php/admin/Link/index
INFO: [ app_init ] --START--
INFO: Run Behavior\BuildLiteBehavior [ RunTime:0.000028s ]
INFO: [ app_init ] --END-- [ RunTime:0.001049s ]
INFO: [ app_begin ] --START--
INFO: Run Behavior\ReadHtmlCacheBehavior [ RunTime:0.001177s ]
INFO: [ app_begin ] --END-- [ RunTime:0.001317s ]
SQL: SHOW COLUMNS FROM `mf_link` [ RunTime:0.0043s ]
SQL: SELECT `f_id`,`f_adr`,`f_name` FROM `mf_link`  [ RunTime:0.0011s ]
INFO: [ view_parse ] --START--
INFO: [ template_filter ] --START--
INFO: Run Behavior\ContentReplaceBehavior [ RunTime:0.000086s ]
INFO: [ template_filter ] --END-- [ RunTime:0.000129s ]
NOTIC: [8] Undefined variable: page /Users/hunkhe/Desktop/hf161028/work/Application/Runtime/Cache/Admin/1e2c869bd8911c3f098d2a5c15bf2453.php 第 134 行.
INFO: Run Behavior\ParseTemplateBehavior [ RunTime:0.009681s ]
INFO: [ view_parse ] --END-- [ RunTime:0.009759s ]
INFO: [ view_filter ] --START--
INFO: Run Behavior\WriteHtmlCacheBehavior [ RunTime:0.000157s ]
INFO: [ view_filter ] --END-- [ RunTime:0.000185s ]
INFO: [ app_end ] --START--
INFO: Run Behavior\ShowPageTraceBehavior [ RunTime:0.000894s ]
INFO: [ app_end ] --END-- [ RunTime:0.000975s ]

[ 2017-06-11T14:31:50+08:00 ] ::1 /work/index.php/admin/staff/index
INFO: [ app_init ] --START--
INFO: Run Behavior\BuildLiteBehavior [ RunTime:0.000019s ]
INFO: [ app_init ] --END-- [ RunTime:0.000483s ]
INFO: [ app_begin ] --START--
INFO: Run Behavior\ReadHtmlCacheBehavior [ RunTime:0.000447s ]
INFO: [ app_begin ] --END-- [ RunTime:0.000488s ]
INFO: [ view_parse ] --START--
INFO: [ template_filter ] --START--
INFO: Run Behavior\ContentReplaceBehavior [ RunTime:0.000101s ]
INFO: [ template_filter ] --END-- [ RunTime:0.000145s ]
INFO: Run Behavior\ParseTemplateBehavior [ RunTime:0.010372s ]
INFO: [ view_parse ] --END-- [ RunTime:0.010423s ]
INFO: [ view_filter ] --START--
INFO: Run Behavior\WriteHtmlCacheBehavior [ RunTime:0.000146s ]
INFO: [ view_filter ] --END-- [ RunTime:0.000174s ]
INFO: [ app_end ] --START--
INFO: Run Behavior\ShowPageTraceBehavior [ RunTime:0.000903s ]
INFO: [ app_end ] --END-- [ RunTime:0.000956s ]

[ 2017-06-11T14:31:50+08:00 ] ::1 /work/index.php/Admin/staff/nowpage.html
INFO: [ app_init ] --START--
INFO: Run Behavior\BuildLiteBehavior [ RunTime:0.000018s ]
INFO: [ app_init ] --END-- [ RunTime:0.000493s ]
INFO: [ app_begin ] --START--
INFO: Run Behavior\ReadHtmlCacheBehavior [ RunTime:0.000512s ]
INFO: [ app_begin ] --END-- [ RunTime:0.000561s ]
SQL: SHOW COLUMNS FROM `mf_staff` [ RunTime:0.0039s ]
SQL: SELECT COUNT(*) AS tp_count FROM `mf_staff` LIMIT 1   [ RunTime:0.0004s ]
SQL: SELECT * FROM `mf_staff` ORDER BY s_id LIMIT 0,5   [ RunTime:0.0004s ]
SQL: SHOW COLUMNS FROM `mf_rolestable` [ RunTime:0.0043s ]
SQL: SELECT `r_id`,`rolesname` FROM `mf_rolestable`  [ RunTime:0.0008s ]
SQL: SHOW COLUMNS FROM `mf_usest` [ RunTime:0.0052s ]
SQL: SELECT * FROM `mf_usest`  [ RunTime:0.0003s ]

[ 2017-06-11T14:31:50+08:00 ] ::1 /work/index.php/admin/roles/index
INFO: [ app_init ] --START--
INFO: Run Behavior\BuildLiteBehavior [ RunTime:0.000013s ]
INFO: [ app_init ] --END-- [ RunTime:0.000346s ]
INFO: [ app_begin ] --START--
INFO: Run Behavior\ReadHtmlCacheBehavior [ RunTime:0.000453s ]
INFO: [ app_begin ] --END-- [ RunTime:0.000491s ]
INFO: [ view_parse ] --START--
INFO: [ template_filter ] --START--
INFO: Run Behavior\ContentReplaceBehavior [ RunTime:0.000095s ]
INFO: [ template_filter ] --END-- [ RunTime:0.000152s ]
INFO: Run Behavior\ParseTemplateBehavior [ RunTime:0.010815s ]
INFO: [ view_parse ] --END-- [ RunTime:0.010860s ]
INFO: [ view_filter ] --START--
INFO: Run Behavior\WriteHtmlCacheBehavior [ RunTime:0.000163s ]
INFO: [ view_filter ] --END-- [ RunTime:0.000191s ]
INFO: [ app_end ] --START--
INFO: Run Behavior\ShowPageTraceBehavior [ RunTime:0.000967s ]
INFO: [ app_end ] --END-- [ RunTime:0.001021s ]

[ 2017-06-11T14:31:50+08:00 ] ::1 /work/index.php/Admin/roles/nowpage.html
INFO: [ app_init ] --START--
INFO: Run Behavior\BuildLiteBehavior [ RunTime:0.000026s ]
INFO: [ app_init ] --END-- [ RunTime:0.000595s ]
INFO: [ app_begin ] --START--
INFO: Run Behavior\ReadHtmlCacheBehavior [ RunTime:0.000858s ]
INFO: [ app_begin ] --END-- [ RunTime:0.000956s ]
SQL: SHOW COLUMNS FROM `mf_rolestable` [ RunTime:0.0031s ]
SQL: SELECT COUNT(*) AS tp_count FROM `mf_rolestable` LIMIT 1   [ RunTime:0.0006s ]
SQL: SELECT * FROM `mf_rolestable` ORDER BY r_id LIMIT 0,5   [ RunTime:0.0005s ]

[ 2017-06-11T20:55:35+08:00 ] ::1 /work/index.php/admin/staff/index
INFO: [ app_init ] --START--
INFO: Run Behavior\BuildLiteBehavior [ RunTime:0.000024s ]
INFO: [ app_init ] --END-- [ RunTime:0.000987s ]
INFO: [ app_begin ] --START--
INFO: Run Behavior\ReadHtmlCacheBehavior [ RunTime:0.001954s ]
INFO: [ app_begin ] --END-- [ RunTime:0.002022s ]
INFO: [ view_parse ] --START--
INFO: [ template_filter ] --START--
INFO: Run Behavior\ContentReplaceBehavior [ RunTime:0.000165s ]
INFO: [ template_filter ] --END-- [ RunTime:0.000248s ]
INFO: Run Behavior\ParseTemplateBehavior [ RunTime:0.019294s ]
INFO: [ view_parse ] --END-- [ RunTime:0.019402s ]
INFO: [ view_filter ] --START--
INFO: Run Behavior\WriteHtmlCacheBehavior [ RunTime:0.001422s ]
INFO: [ view_filter ] --END-- [ RunTime:0.001477s ]
INFO: [ app_end ] --START--
INFO: Run Behavior\ShowPageTraceBehavior [ RunTime:0.001900s ]
INFO: [ app_end ] --END-- [ RunTime:0.001984s ]

[ 2017-06-11T20:55:36+08:00 ] ::1 /work/index.php/Admin/staff/nowpage.html
INFO: [ app_init ] --START--
INFO: Run Behavior\BuildLiteBehavior [ RunTime:0.000015s ]
INFO: [ app_init ] --END-- [ RunTime:0.000389s ]
INFO: [ app_begin ] --START--
INFO: Run Behavior\ReadHtmlCacheBehavior [ RunTime:0.000518s ]
INFO: [ app_begin ] --END-- [ RunTime:0.000572s ]
SQL: SHOW COLUMNS FROM `mf_staff` [ RunTime:0.0066s ]
SQL: SELECT COUNT(*) AS tp_count FROM `mf_staff` LIMIT 1   [ RunTime:0.0004s ]
SQL: SELECT * FROM `mf_staff` ORDER BY s_id LIMIT 0,5   [ RunTime:0.0004s ]
SQL: SHOW COLUMNS FROM `mf_rolestable` [ RunTime:0.0044s ]
SQL: SELECT `r_id`,`rolesname` FROM `mf_rolestable`  [ RunTime:0.0007s ]
SQL: SHOW COLUMNS FROM `mf_usest` [ RunTime:0.0067s ]
SQL: SELECT * FROM `mf_usest`  [ RunTime:0.0006s ]

[ 2017-06-11T20:55:50+08:00 ] ::1 /work/index.php/admin/Shop/shopPreview
INFO: [ app_init ] --START--
INFO: Run Behavior\BuildLiteBehavior [ RunTime:0.000018s ]
INFO: [ app_init ] --END-- [ RunTime:0.000398s ]
INFO: [ app_begin ] --START--
INFO: Run Behavior\ReadHtmlCacheBehavior [ RunTime:0.000666s ]
INFO: [ app_begin ] --END-- [ RunTime:0.000724s ]
INFO: [ view_parse ] --START--
INFO: [ template_filter ] --START--
INFO: Run Behavior\ContentReplaceBehavior [ RunTime:0.000185s ]
INFO: [ template_filter ] --END-- [ RunTime:0.000296s ]
INFO: Run Behavior\ParseTemplateBehavior [ RunTime:0.011673s ]
INFO: [ view_parse ] --END-- [ RunTime:0.011751s ]
INFO: [ view_filter ] --START--
INFO: Run Behavior\WriteHtmlCacheBehavior [ RunTime:0.000298s ]
INFO: [ view_filter ] --END-- [ RunTime:0.000354s ]
INFO: [ app_end ] --START--
INFO: Run Behavior\ShowPageTraceBehavior [ RunTime:0.000884s ]
INFO: [ app_end ] --END-- [ RunTime:0.000974s ]

[ 2017-06-11T20:55:50+08:00 ] ::1 /work/index.php/Admin/Shop/shopPreview.html
INFO: [ app_init ] --START--
INFO: Run Behavior\BuildLiteBehavior [ RunTime:0.000023s ]
INFO: [ app_init ] --END-- [ RunTime:0.000570s ]
INFO: [ app_begin ] --START--
INFO: Run Behavior\ReadHtmlCacheBehavior [ RunTime:0.000955s ]
INFO: [ app_begin ] --END-- [ RunTime:0.001039s ]
SQL: SHOW COLUMNS FROM `mf_shop` [ RunTime:0.0064s ]
SQL: SELECT COUNT(*) AS tp_count FROM `mf_shop` LIMIT 1   [ RunTime:0.0005s ]
SQL: SELECT * FROM `mf_shop` LIMIT 0,5   [ RunTime:0.0006s ]

[ 2017-06-11T20:57:06+08:00 ] ::1 /work/index.php/admin/Shop/shopRelease
INFO: [ app_init ] --START--
INFO: Run Behavior\BuildLiteBehavior [ RunTime:0.000012s ]
INFO: [ app_init ] --END-- [ RunTime:0.000313s ]
INFO: [ app_begin ] --START--
INFO: Run Behavior\ReadHtmlCacheBehavior [ RunTime:0.000425s ]
INFO: [ app_begin ] --END-- [ RunTime:0.000471s ]
INFO: [ view_parse ] --START--
INFO: [ template_filter ] --START--
INFO: Run Behavior\ContentReplaceBehavior [ RunTime:0.000093s ]
INFO: [ template_filter ] --END-- [ RunTime:0.000171s ]
INFO: Run Behavior\ParseTemplateBehavior [ RunTime:0.009201s ]
INFO: [ view_parse ] --END-- [ RunTime:0.009263s ]
INFO: [ view_filter ] --START--
INFO: Run Behavior\WriteHtmlCacheBehavior [ RunTime:0.000305s ]
INFO: [ view_filter ] --END-- [ RunTime:0.000370s ]
INFO: [ app_end ] --START--
INFO: Run Behavior\ShowPageTraceBehavior [ RunTime:0.000845s ]
INFO: [ app_end ] --END-- [ RunTime:0.000920s ]

[ 2017-06-11T20:57:23+08:00 ] ::1 /work/index.php/admin
INFO: [ app_init ] --START--
INFO: Run Behavior\BuildLiteBehavior [ RunTime:0.000020s ]
INFO: [ app_init ] --END-- [ RunTime:0.000458s ]
INFO: [ app_begin ] --START--
INFO: Run Behavior\ReadHtmlCacheBehavior [ RunTime:0.000500s ]
INFO: [ app_begin ] --END-- [ RunTime:0.000547s ]
SQL: SHOW COLUMNS FROM `mf_menutable` [ RunTime:0.0039s ]
SQL: SELECT * FROM `mf_menutable`  [ RunTime:0.0004s ]
INFO: [ view_parse ] --START--
INFO: [ template_filter ] --START--
INFO: Run Behavior\ContentReplaceBehavior [ RunTime:0.000060s ]
INFO: [ template_filter ] --END-- [ RunTime:0.000101s ]
INFO: Run Behavior\ParseTemplateBehavior [ RunTime:0.011660s ]
INFO: [ view_parse ] --END-- [ RunTime:0.011718s ]
INFO: [ view_filter ] --START--
INFO: Run Behavior\WriteHtmlCacheBehavior [ RunTime:0.000202s ]
INFO: [ view_filter ] --END-- [ RunTime:0.000240s ]
INFO: [ app_end ] --START--
INFO: Run Behavior\ShowPageTraceBehavior [ RunTime:0.000703s ]
INFO: [ app_end ] --END-- [ RunTime:0.000761s ]

[ 2017-06-11T20:57:23+08:00 ] ::1 /work/index.php/Admin/Index/wellcom.html
INFO: [ app_init ] --START--
INFO: Run Behavior\BuildLiteBehavior [ RunTime:0.000040s ]
INFO: [ app_init ] --END-- [ RunTime:0.004332s ]
INFO: [ app_begin ] --START--
INFO: Run Behavior\ReadHtmlCacheBehavior [ RunTime:0.000795s ]
INFO: [ app_begin ] --END-- [ RunTime:0.000883s ]
INFO: [ view_parse ] --START--
INFO: [ template_filter ] --START--
INFO: Run Behavior\ContentReplaceBehavior [ RunTime:0.000140s ]
INFO: [ template_filter ] --END-- [ RunTime:0.000398s ]
INFO: Run Behavior\ParseTemplateBehavior [ RunTime:0.012559s ]
INFO: [ view_parse ] --END-- [ RunTime:0.012644s ]
INFO: [ view_filter ] --START--
INFO: Run Behavior\WriteHtmlCacheBehavior [ RunTime:0.000287s ]
INFO: [ view_filter ] --END-- [ RunTime:0.000349s ]
INFO: [ app_end ] --START--
INFO: Run Behavior\ShowPageTraceBehavior [ RunTime:0.001469s ]
INFO: [ app_end ] --END-- [ RunTime:0.001551s ]

[ 2017-06-11T20:57:28+08:00 ] ::1 /work/index.php/admin
INFO: [ app_init ] --START--
INFO: Run Behavior\BuildLiteBehavior [ RunTime:0.000022s ]
INFO: [ app_init ] --END-- [ RunTime:0.000544s ]
INFO: [ app_begin ] --START--
INFO: Run Behavior\ReadHtmlCacheBehavior [ RunTime:0.000524s ]
INFO: [ app_begin ] --END-- [ RunTime:0.000570s ]
SQL: SHOW COLUMNS FROM `mf_menutable` [ RunTime:0.0037s ]
SQL: SELECT * FROM `mf_menutable`  [ RunTime:0.0004s ]
INFO: [ view_parse ] --START--
INFO: [ template_filter ] --START--
INFO: Run Behavior\ContentReplaceBehavior [ RunTime:0.000061s ]
INFO: [ template_filter ] --END-- [ RunTime:0.000106s ]
INFO: Run Behavior\ParseTemplateBehavior [ RunTime:0.009984s ]
INFO: [ view_parse ] --END-- [ RunTime:0.010034s ]
INFO: [ view_filter ] --START--
INFO: Run Behavior\WriteHtmlCacheBehavior [ RunTime:0.000156s ]
INFO: [ view_filter ] --END-- [ RunTime:0.000196s ]
INFO: [ app_end ] --START--
INFO: Run Behavior\ShowPageTraceBehavior [ RunTime:0.000768s ]
INFO: [ app_end ] --END-- [ RunTime:0.000820s ]

[ 2017-06-11T20:57:28+08:00 ] ::1 /work/index.php/Admin/Index/wellcom.html
INFO: [ app_init ] --START--
INFO: Run Behavior\BuildLiteBehavior [ RunTime:0.000022s ]
INFO: [ app_init ] --END-- [ RunTime:0.000516s ]
INFO: [ app_begin ] --START--
INFO: Run Behavior\ReadHtmlCacheBehavior [ RunTime:0.000724s ]
INFO: [ app_begin ] --END-- [ RunTime:0.000790s ]
INFO: [ view_parse ] --START--
INFO: [ template_filter ] --START--
INFO: Run Behavior\ContentReplaceBehavior [ RunTime:0.000031s ]
INFO: [ template_filter ] --END-- [ RunTime:0.000080s ]
INFO: Run Behavior\ParseTemplateBehavior [ RunTime:0.005320s ]
INFO: [ view_parse ] --END-- [ RunTime:0.005368s ]
INFO: [ view_filter ] --START--
INFO: Run Behavior\WriteHtmlCacheBehavior [ RunTime:0.000187s ]
INFO: [ view_filter ] --END-- [ RunTime:0.000224s ]
INFO: [ app_end ] --START--
INFO: Run Behavior\ShowPageTraceBehavior [ RunTime:0.000786s ]
INFO: [ app_end ] --END-- [ RunTime:0.000839s ]

[ 2017-06-11T20:57:35+08:00 ] ::1 /work/index.php/Admin/Index/login.html
INFO: [ app_init ] --START--
INFO: Run Behavior\BuildLiteBehavior [ RunTime:0.000013s ]
INFO: [ app_init ] --END-- [ RunTime:0.000344s ]
INFO: [ app_begin ] --START--
INFO: Run Behavior\ReadHtmlCacheBehavior [ RunTime:0.000434s ]
INFO: [ app_begin ] --END-- [ RunTime:0.000467s ]
INFO: [ view_parse ] --START--
INFO: [ template_filter ] --START--
INFO: Run Behavior\ContentReplaceBehavior [ RunTime:0.000060s ]
INFO: [ template_filter ] --END-- [ RunTime:0.000104s ]
INFO: Run Behavior\ParseTemplateBehavior [ RunTime:0.006727s ]
INFO: [ view_parse ] --END-- [ RunTime:0.006763s ]
INFO: [ view_filter ] --START--
INFO: Run Behavior\WriteHtmlCacheBehavior [ RunTime:0.000142s ]
INFO: [ view_filter ] --END-- [ RunTime:0.000170s ]
INFO: [ app_end ] --START--
INFO: Run Behavior\ShowPageTraceBehavior [ RunTime:0.000498s ]
INFO: [ app_end ] --END-- [ RunTime:0.000528s ]

[ 2017-06-11T20:57:36+08:00 ] ::1 /work/index.php/Admin/Index/VerifyImg.html
INFO: [ app_init ] --START--
INFO: Run Behavior\BuildLiteBehavior [ RunTime:0.000017s ]
INFO: [ app_init ] --END-- [ RunTime:0.000401s ]
INFO: [ app_begin ] --START--
INFO: Run Behavior\ReadHtmlCacheBehavior [ RunTime:0.000541s ]
INFO: [ app_begin ] --END-- [ RunTime:0.000588s ]
INFO: [ app_end ] --START--
INFO: Run Behavior\ShowPageTraceBehavior [ RunTime:0.000651s ]
INFO: [ app_end ] --END-- [ RunTime:0.000719s ]

[ 2017-06-11T20:57:37+08:00 ] ::1 /work/index.php/Admin/Index/login.html
INFO: [ app_init ] --START--
INFO: Run Behavior\BuildLiteBehavior [ RunTime:0.000013s ]
INFO: [ app_init ] --END-- [ RunTime:0.000332s ]
INFO: [ app_begin ] --START--
INFO: Run Behavior\ReadHtmlCacheBehavior [ RunTime:0.000457s ]
INFO: [ app_begin ] --END-- [ RunTime:0.000497s ]
INFO: [ view_parse ] --START--
INFO: [ template_filter ] --START--
INFO: Run Behavior\ContentReplaceBehavior [ RunTime:0.000131s ]
INFO: [ template_filter ] --END-- [ RunTime:0.000194s ]
INFO: Run Behavior\ParseTemplateBehavior [ RunTime:0.006140s ]
INFO: [ view_parse ] --END-- [ RunTime:0.006183s ]
INFO: [ view_filter ] --START--
INFO: Run Behavior\WriteHtmlCacheBehavior [ RunTime:0.000176s ]
INFO: [ view_filter ] --END-- [ RunTime:0.000205s ]
INFO: [ app_end ] --START--
INFO: Run Behavior\ShowPageTraceBehavior [ RunTime:0.000611s ]
INFO: [ app_end ] --END-- [ RunTime:0.000653s ]

[ 2017-06-11T20:57:37+08:00 ] ::1 /work/index.php/Admin/Index/VerifyImg.html
INFO: [ app_init ] --START--
INFO: Run Behavior\BuildLiteBehavior [ RunTime:0.000021s ]
INFO: [ app_init ] --END-- [ RunTime:0.000413s ]
INFO: [ app_begin ] --START--
INFO: Run Behavior\ReadHtmlCacheBehavior [ RunTime:0.001055s ]
INFO: [ app_begin ] --END-- [ RunTime:0.001138s ]
INFO: [ app_end ] --START--
INFO: Run Behavior\ShowPageTraceBehavior [ RunTime:0.000718s ]
INFO: [ app_end ] --END-- [ RunTime:0.000802s ]

[ 2017-06-11T20:57:52+08:00 ] ::1 /work/index.php/Admin/Index/login.html
INFO: [ app_init ] --START--
INFO: Run Behavior\BuildLiteBehavior [ RunTime:0.000013s ]
INFO: [ app_init ] --END-- [ RunTime:0.000335s ]
INFO: [ app_begin ] --START--
INFO: Run Behavior\ReadHtmlCacheBehavior [ RunTime:0.000425s ]
INFO: [ app_begin ] --END-- [ RunTime:0.000461s ]
SQL: SHOW COLUMNS FROM `mf_staff` [ RunTime:0.0037s ]
SQL: SELECT `s_id`,`account`,`s_name`,`s_pwd` FROM `mf_staff` WHERE `account` = 'admin' AND `s_pwd` = 'e10adc3949ba59abbe56e057f20f883e' LIMIT 1   [ RunTime:0.0004s ]
NOTIC: [8] Use of undefined constant AJAX_MSG - assumed 'AJAX_MSG' /Users/hunkhe/Desktop/hf161028/work/Application/Admin/Controller/IndexController.class.php 第 31 行.
NOTIC: [8] Use of undefined constant AJAX_LOGINS_MSG - assumed 'AJAX_LOGINS_MSG' /Users/hunkhe/Desktop/hf161028/work/Application/Admin/Controller/IndexController.class.php 第 33 行.
INFO: [ app_end ] --START--
INFO: Run Behavior\ShowPageTraceBehavior [ RunTime:0.000532s ]
INFO: [ app_end ] --END-- [ RunTime:0.000567s ]

[ 2017-06-11T20:57:53+08:00 ] ::1 /work/index.php/admin/index/index.html
INFO: [ app_init ] --START--
INFO: Run Behavior\BuildLiteBehavior [ RunTime:0.000015s ]
INFO: [ app_init ] --END-- [ RunTime:0.000356s ]
INFO: [ app_begin ] --START--
INFO: Run Behavior\ReadHtmlCacheBehavior [ RunTime:0.000493s ]
INFO: [ app_begin ] --END-- [ RunTime:0.000537s ]
SQL: SHOW COLUMNS FROM `mf_menutable` [ RunTime:0.0035s ]
SQL: SELECT * FROM `mf_menutable`  [ RunTime:0.0004s ]
INFO: [ view_parse ] --START--
INFO: [ template_filter ] --START--
INFO: Run Behavior\ContentReplaceBehavior [ RunTime:0.000087s ]
INFO: [ template_filter ] --END-- [ RunTime:0.000157s ]
INFO: Run Behavior\ParseTemplateBehavior [ RunTime:0.009379s ]
INFO: [ view_parse ] --END-- [ RunTime:0.009447s ]
INFO: [ view_filter ] --START--
INFO: Run Behavior\WriteHtmlCacheBehavior [ RunTime:0.000317s ]
INFO: [ view_filter ] --END-- [ RunTime:0.000371s ]
INFO: [ app_end ] --START--
INFO: Run Behavior\ShowPageTraceBehavior [ RunTime:0.000948s ]
INFO: [ app_end ] --END-- [ RunTime:0.001024s ]

[ 2017-06-11T20:57:53+08:00 ] ::1 /work/index.php/Admin/Index/wellcom.html
INFO: [ app_init ] --START--
INFO: Run Behavior\BuildLiteBehavior [ RunTime:0.000025s ]
INFO: [ app_init ] --END-- [ RunTime:0.000675s ]
INFO: [ app_begin ] --START--
INFO: Run Behavior\ReadHtmlCacheBehavior [ RunTime:0.001286s ]
INFO: [ app_begin ] --END-- [ RunTime:0.001377s ]
INFO: [ view_parse ] --START--
INFO: [ template_filter ] --START--
INFO: Run Behavior\ContentReplaceBehavior [ RunTime:0.000047s ]
INFO: [ template_filter ] --END-- [ RunTime:0.000122s ]
INFO: Run Behavior\ParseTemplateBehavior [ RunTime:0.011942s ]
INFO: [ view_parse ] --END-- [ RunTime:0.012182s ]
INFO: [ view_filter ] --START--
INFO: Run Behavior\WriteHtmlCacheBehavior [ RunTime:0.001453s ]
INFO: [ view_filter ] --END-- [ RunTime:0.001564s ]
INFO: [ app_end ] --START--
INFO: Run Behavior\ShowPageTraceBehavior [ RunTime:0.001029s ]
INFO: [ app_end ] --END-- [ RunTime:0.001102s ]

[ 2017-06-11T20:57:58+08:00 ] ::1 /work/index.php/admin/index/admin/staff/index
INFO: [ app_init ] --START--
INFO: Run Behavior\BuildLiteBehavior [ RunTime:0.000024s ]
INFO: [ app_init ] --END-- [ RunTime:0.000616s ]
INFO: [ app_begin ] --START--
INFO: Run Behavior\ReadHtmlCacheBehavior [ RunTime:0.001269s ]
INFO: [ app_begin ] --END-- [ RunTime:0.001382s ]
ERR: 非法操作:admin

[ 2017-06-11T21:03:32+08:00 ] ::1 /work/index.php/Admin/Index/login.html
INFO: [ app_init ] --START--
INFO: Run Behavior\BuildLiteBehavior [ RunTime:0.000020s ]
INFO: [ app_init ] --END-- [ RunTime:0.000585s ]
INFO: [ app_begin ] --START--
INFO: Run Behavior\ReadHtmlCacheBehavior [ RunTime:0.001154s ]
INFO: [ app_begin ] --END-- [ RunTime:0.001230s ]
INFO: [ view_parse ] --START--
INFO: [ template_filter ] --START--
INFO: Run Behavior\ContentReplaceBehavior [ RunTime:0.000119s ]
INFO: [ template_filter ] --END-- [ RunTime:0.000181s ]
INFO: Run Behavior\ParseTemplateBehavior [ RunTime:0.006658s ]
INFO: [ view_parse ] --END-- [ RunTime:0.006703s ]
INFO: [ view_filter ] --START--
INFO: Run Behavior\WriteHtmlCacheBehavior [ RunTime:0.000174s ]
INFO: [ view_filter ] --END-- [ RunTime:0.000209s ]
INFO: [ app_end ] --START--
INFO: Run Behavior\ShowPageTraceBehavior [ RunTime:0.000760s ]
INFO: [ app_end ] --END-- [ RunTime:0.000836s ]

[ 2017-06-11T21:03:34+08:00 ] ::1 /work/index.php/Admin/Index/login.html
INFO: [ app_init ] --START--
INFO: Run Behavior\BuildLiteBehavior [ RunTime:0.000017s ]
INFO: [ app_init ] --END-- [ RunTime:0.000458s ]
INFO: [ app_begin ] --START--
INFO: Run Behavior\ReadHtmlCacheBehavior [ RunTime:0.000656s ]
INFO: [ app_begin ] --END-- [ RunTime:0.000706s ]
INFO: [ view_parse ] --START--
INFO: [ template_filter ] --START--
INFO: Run Behavior\ContentReplaceBehavior [ RunTime:0.000068s ]
INFO: [ template_filter ] --END-- [ RunTime:0.000117s ]
INFO: Run Behavior\ParseTemplateBehavior [ RunTime:0.007425s ]
INFO: [ view_parse ] --END-- [ RunTime:0.007469s ]
INFO: [ view_filter ] --START--
INFO: Run Behavior\WriteHtmlCacheBehavior [ RunTime:0.000164s ]
INFO: [ view_filter ] --END-- [ RunTime:0.000194s ]
INFO: [ app_end ] --START--
INFO: Run Behavior\ShowPageTraceBehavior [ RunTime:0.000530s ]
INFO: [ app_end ] --END-- [ RunTime:0.000566s ]

[ 2017-06-11T21:03:34+08:00 ] ::1 /work/index.php/Admin/Index/VerifyImg.html
INFO: [ app_init ] --START--
INFO: Run Behavior\BuildLiteBehavior [ RunTime:0.000021s ]
INFO: [ app_init ] --END-- [ RunTime:0.000513s ]
INFO: [ app_begin ] --START--
INFO: Run Behavior\ReadHtmlCacheBehavior [ RunTime:0.000704s ]
INFO: [ app_begin ] --END-- [ RunTime:0.000771s ]
INFO: [ app_end ] --START--
INFO: Run Behavior\ShowPageTraceBehavior [ RunTime:0.000893s ]
INFO: [ app_end ] --END-- [ RunTime:0.000983s ]

[ 2017-06-11T21:03:47+08:00 ] ::1 /work/index.php/Admin/Index/login.html
INFO: [ app_init ] --START--
INFO: Run Behavior\BuildLiteBehavior [ RunTime:0.000015s ]
INFO: [ app_init ] --END-- [ RunTime:0.000626s ]
INFO: [ app_begin ] --START--
INFO: Run Behavior\ReadHtmlCacheBehavior [ RunTime:0.000429s ]
INFO: [ app_begin ] --END-- [ RunTime:0.000466s ]
SQL: SHOW COLUMNS FROM `mf_staff` [ RunTime:0.0060s ]
SQL: SELECT `s_id`,`account`,`s_name`,`s_pwd` FROM `mf_staff` WHERE `account` = 'admin' AND `s_pwd` = 'e10adc3949ba59abbe56e057f20f883e' LIMIT 1   [ RunTime:0.0005s ]
NOTIC: [8] Use of undefined constant AJAX_MSG - assumed 'AJAX_MSG' /Users/hunkhe/Desktop/hf161028/work/Application/Admin/Controller/IndexController.class.php 第 31 行.
NOTIC: [8] Use of undefined constant AJAX_LOGINS_MSG - assumed 'AJAX_LOGINS_MSG' /Users/hunkhe/Desktop/hf161028/work/Application/Admin/Controller/IndexController.class.php 第 33 行.
INFO: [ app_end ] --START--
INFO: Run Behavior\ShowPageTraceBehavior [ RunTime:0.000751s ]
INFO: [ app_end ] --END-- [ RunTime:0.000792s ]

[ 2017-06-11T21:03:48+08:00 ] ::1 /work/index.php/admin
INFO: [ app_init ] --START--
INFO: Run Behavior\BuildLiteBehavior [ RunTime:0.000044s ]
INFO: [ app_init ] --END-- [ RunTime:0.000843s ]
INFO: [ app_begin ] --START--
INFO: Run Behavior\ReadHtmlCacheBehavior [ RunTime:0.000804s ]
INFO: [ app_begin ] --END-- [ RunTime:0.000886s ]
SQL: SHOW COLUMNS FROM `mf_menutable` [ RunTime:0.0031s ]
SQL: SELECT * FROM `mf_menutable`  [ RunTime:0.0010s ]
INFO: [ view_parse ] --START--
INFO: [ template_filter ] --START--
INFO: Run Behavior\ContentReplaceBehavior [ RunTime:0.000087s ]
INFO: [ template_filter ] --END-- [ RunTime:0.000155s ]
INFO: Run Behavior\ParseTemplateBehavior [ RunTime:0.009785s ]
INFO: [ view_parse ] --END-- [ RunTime:0.009877s ]
INFO: [ view_filter ] --START--
INFO: Run Behavior\WriteHtmlCacheBehavior [ RunTime:0.000293s ]
INFO: [ view_filter ] --END-- [ RunTime:0.000351s ]
INFO: [ app_end ] --START--
INFO: Run Behavior\ShowPageTraceBehavior [ RunTime:0.000890s ]
INFO: [ app_end ] --END-- [ RunTime:0.000966s ]

[ 2017-06-11T21:03:48+08:00 ] ::1 /work/index.php/Admin/Index/wellcom.html
INFO: [ app_init ] --START--
INFO: Run Behavior\BuildLiteBehavior [ RunTime:0.000022s ]
INFO: [ app_init ] --END-- [ RunTime:0.000557s ]
INFO: [ app_begin ] --START--
INFO: Run Behavior\ReadHtmlCacheBehavior [ RunTime:0.000974s ]
INFO: [ app_begin ] --END-- [ RunTime:0.001056s ]
INFO: [ view_parse ] --START--
INFO: [ template_filter ] --START--
INFO: Run Behavior\ContentReplaceBehavior [ RunTime:0.000047s ]
INFO: [ template_filter ] --END-- [ RunTime:0.000121s ]
INFO: Run Behavior\ParseTemplateBehavior [ RunTime:0.009364s ]
INFO: [ view_parse ] --END-- [ RunTime:0.009442s ]
INFO: [ view_filter ] --START--
INFO: Run Behavior\WriteHtmlCacheBehavior [ RunTime:0.000228s ]
INFO: [ view_filter ] --END-- [ RunTime:0.000271s ]
INFO: [ app_end ] --START--
INFO: Run Behavior\ShowPageTraceBehavior [ RunTime:0.000926s ]
INFO: [ app_end ] --END-- [ RunTime:0.000995s ]

[ 2017-06-11T21:03:50+08:00 ] ::1 /work/index.php/admin/Shop/shopRelease
INFO: [ app_init ] --START--
INFO: Run Behavior\BuildLiteBehavior [ RunTime:0.000023s ]
INFO: [ app_init ] --END-- [ RunTime:0.000564s ]
INFO: [ app_begin ] --START--
INFO: Run Behavior\ReadHtmlCacheBehavior [ RunTime:0.000857s ]
INFO: [ app_begin ] --END-- [ RunTime:0.000940s ]
INFO: [ view_parse ] --START--
INFO: [ template_filter ] --START--
INFO: Run Behavior\ContentReplaceBehavior [ RunTime:0.000088s ]
INFO: [ template_filter ] --END-- [ RunTime:0.000159s ]
INFO: Run Behavior\ParseTemplateBehavior [ RunTime:0.012947s ]
INFO: [ view_parse ] --END-- [ RunTime:0.013016s ]
INFO: [ view_filter ] --START--
INFO: Run Behavior\WriteHtmlCacheBehavior [ RunTime:0.000243s ]
INFO: [ view_filter ] --END-- [ RunTime:0.000286s ]
INFO: [ app_end ] --START--
INFO: Run Behavior\ShowPageTraceBehavior [ RunTime:0.000809s ]
INFO: [ app_end ] --END-- [ RunTime:0.000877s ]

[ 2017-06-11T21:03:51+08:00 ] ::1 /work/index.php/admin/Shop/shopPreview
INFO: [ app_init ] --START--
INFO: Run Behavior\BuildLiteBehavior [ RunTime:0.000027s ]
INFO: [ app_init ] --END-- [ RunTime:0.000381s ]
INFO: [ app_begin ] --START--
INFO: Run Behavior\ReadHtmlCacheBehavior [ RunTime:0.000558s ]
INFO: [ app_begin ] --END-- [ RunTime:0.000601s ]
INFO: [ view_parse ] --START--
INFO: [ template_filter ] --START--
INFO: Run Behavior\ContentReplaceBehavior [ RunTime:0.000088s ]
INFO: [ template_filter ] --END-- [ RunTime:0.000133s ]
INFO: Run Behavior\ParseTemplateBehavior [ RunTime:0.008607s ]
INFO: [ view_parse ] --END-- [ RunTime:0.008664s ]
INFO: [ view_filter ] --START--
INFO: Run Behavior\WriteHtmlCacheBehavior [ RunTime:0.000278s ]
INFO: [ view_filter ] --END-- [ RunTime:0.000330s ]
INFO: [ app_end ] --START--
INFO: Run Behavior\ShowPageTraceBehavior [ RunTime:0.000910s ]
INFO: [ app_end ] --END-- [ RunTime:0.000991s ]

[ 2017-06-11T21:03:51+08:00 ] ::1 /work/index.php/Admin/Shop/shopPreview.html
INFO: [ app_init ] --START--
INFO: Run Behavior\BuildLiteBehavior [ RunTime:0.000016s ]
INFO: [ app_init ] --END-- [ RunTime:0.000399s ]
INFO: [ app_begin ] --START--
INFO: Run Behavior\ReadHtmlCacheBehavior [ RunTime:0.000513s ]
INFO: [ app_begin ] --END-- [ RunTime:0.000566s ]
SQL: SHOW COLUMNS FROM `mf_shop` [ RunTime:0.0042s ]
SQL: SELECT COUNT(*) AS tp_count FROM `mf_shop` LIMIT 1   [ RunTime:0.0004s ]
SQL: SELECT * FROM `mf_shop` LIMIT 0,5   [ RunTime:0.0004s ]

[ 2017-06-11T21:03:52+08:00 ] ::1 /work/index.php/admin/staff/index
INFO: [ app_init ] --START--
INFO: Run Behavior\BuildLiteBehavior [ RunTime:0.000013s ]
INFO: [ app_init ] --END-- [ RunTime:0.000352s ]
INFO: [ app_begin ] --START--
INFO: Run Behavior\ReadHtmlCacheBehavior [ RunTime:0.000615s ]
INFO: [ app_begin ] --END-- [ RunTime:0.001111s ]
INFO: [ view_parse ] --START--
INFO: [ template_filter ] --START--
INFO: Run Behavior\ContentReplaceBehavior [ RunTime:0.000221s ]
INFO: [ template_filter ] --END-- [ RunTime:0.000309s ]
INFO: Run Behavior\ParseTemplateBehavior [ RunTime:0.011184s ]
INFO: [ view_parse ] --END-- [ RunTime:0.011248s ]
INFO: [ view_filter ] --START--
INFO: Run Behavior\WriteHtmlCacheBehavior [ RunTime:0.000178s ]
INFO: [ view_filter ] --END-- [ RunTime:0.000208s ]
INFO: [ app_end ] --START--
INFO: Run Behavior\ShowPageTraceBehavior [ RunTime:0.000696s ]
INFO: [ app_end ] --END-- [ RunTime:0.000762s ]

[ 2017-06-11T21:03:52+08:00 ] ::1 /work/index.php/Admin/staff/nowpage.html
INFO: [ app_init ] --START--
INFO: Run Behavior\BuildLiteBehavior [ RunTime:0.000016s ]
INFO: [ app_init ] --END-- [ RunTime:0.000501s ]
INFO: [ app_begin ] --START--
INFO: Run Behavior\ReadHtmlCacheBehavior [ RunTime:0.000522s ]
INFO: [ app_begin ] --END-- [ RunTime:0.000568s ]
SQL: SHOW COLUMNS FROM `mf_staff` [ RunTime:0.0041s ]
SQL: SELECT COUNT(*) AS tp_count FROM `mf_staff` LIMIT 1   [ RunTime:0.0008s ]
SQL: SELECT * FROM `mf_staff` ORDER BY s_id LIMIT 0,5   [ RunTime:0.0008s ]
SQL: SHOW COLUMNS FROM `mf_rolestable` [ RunTime:0.0054s ]
SQL: SELECT `r_id`,`rolesname` FROM `mf_rolestable`  [ RunTime:0.0004s ]
SQL: SHOW COLUMNS FROM `mf_usest` [ RunTime:0.0045s ]
SQL: SELECT * FROM `mf_usest`  [ RunTime:0.0003s ]

[ 2017-06-11T21:03:53+08:00 ] ::1 /work/index.php/admin/roles/index
INFO: [ app_init ] --START--
INFO: Run Behavior\BuildLiteBehavior [ RunTime:0.000034s ]
INFO: [ app_init ] --END-- [ RunTime:0.000631s ]
INFO: [ app_begin ] --START--
INFO: Run Behavior\ReadHtmlCacheBehavior [ RunTime:0.000509s ]
INFO: [ app_begin ] --END-- [ RunTime:0.000563s ]
INFO: [ view_parse ] --START--
INFO: [ template_filter ] --START--
INFO: Run Behavior\ContentReplaceBehavior [ RunTime:0.000127s ]
INFO: [ template_filter ] --END-- [ RunTime:0.000202s ]
INFO: Run Behavior\ParseTemplateBehavior [ RunTime:0.010872s ]
INFO: [ view_parse ] --END-- [ RunTime:0.010923s ]
INFO: [ view_filter ] --START--
INFO: Run Behavior\WriteHtmlCacheBehavior [ RunTime:0.000166s ]
INFO: [ view_filter ] --END-- [ RunTime:0.000196s ]
INFO: [ app_end ] --START--
INFO: Run Behavior\ShowPageTraceBehavior [ RunTime:0.000654s ]
INFO: [ app_end ] --END-- [ RunTime:0.000729s ]

[ 2017-06-11T21:03:53+08:00 ] ::1 /work/index.php/Admin/roles/nowpage.html
INFO: [ app_init ] --START--
INFO: Run Behavior\BuildLiteBehavior [ RunTime:0.000018s ]
INFO: [ app_init ] --END-- [ RunTime:0.000488s ]
INFO: [ app_begin ] --START--
INFO: Run Behavior\ReadHtmlCacheBehavior [ RunTime:0.000741s ]
INFO: [ app_begin ] --END-- [ RunTime:0.000823s ]
SQL: SHOW COLUMNS FROM `mf_rolestable` [ RunTime:0.0040s ]
SQL: SELECT COUNT(*) AS tp_count FROM `mf_rolestable` LIMIT 1   [ RunTime:0.0004s ]
SQL: SELECT * FROM `mf_rolestable` ORDER BY r_id LIMIT 0,5   [ RunTime:0.0004s ]

[ 2017-06-11T21:04:00+08:00 ] ::1 /work/index.php/admin/Shop/shopPreview
INFO: [ app_init ] --START--
INFO: Run Behavior\BuildLiteBehavior [ RunTime:0.000015s ]
INFO: [ app_init ] --END-- [ RunTime:0.000400s ]
INFO: [ app_begin ] --START--
INFO: Run Behavior\ReadHtmlCacheBehavior [ RunTime:0.000550s ]
INFO: [ app_begin ] --END-- [ RunTime:0.000642s ]
INFO: [ view_parse ] --START--
INFO: [ template_filter ] --START--
INFO: Run Behavior\ContentReplaceBehavior [ RunTime:0.000089s ]
INFO: [ template_filter ] --END-- [ RunTime:0.000137s ]
INFO: Run Behavior\ParseTemplateBehavior [ RunTime:0.009002s ]
INFO: [ view_parse ] --END-- [ RunTime:0.009055s ]
INFO: [ view_filter ] --START--
INFO: Run Behavior\WriteHtmlCacheBehavior [ RunTime:0.000151s ]
INFO: [ view_filter ] --END-- [ RunTime:0.000177s ]
INFO: [ app_end ] --START--
INFO: Run Behavior\ShowPageTraceBehavior [ RunTime:0.000710s ]
INFO: [ app_end ] --END-- [ RunTime:0.000764s ]

[ 2017-06-11T21:04:01+08:00 ] ::1 /work/index.php/Admin/Shop/shopPreview.html
INFO: [ app_init ] --START--
INFO: Run Behavior\BuildLiteBehavior [ RunTime:0.000026s ]
INFO: [ app_init ] --END-- [ RunTime:0.001266s ]
INFO: [ app_begin ] --START--
INFO: Run Behavior\ReadHtmlCacheBehavior [ RunTime:0.001263s ]
INFO: [ app_begin ] --END-- [ RunTime:0.001345s ]
SQL: SHOW COLUMNS FROM `mf_shop` [ RunTime:0.0062s ]
SQL: SELECT COUNT(*) AS tp_count FROM `mf_shop` LIMIT 1   [ RunTime:0.0003s ]
SQL: SELECT * FROM `mf_shop` LIMIT 0,5   [ RunTime:0.0003s ]

[ 2017-06-11T21:04:01+08:00 ] ::1 /work/index.php/admin/Shop/shopRelease
INFO: [ app_init ] --START--
INFO: Run Behavior\BuildLiteBehavior [ RunTime:0.000022s ]
INFO: [ app_init ] --END-- [ RunTime:0.000473s ]
INFO: [ app_begin ] --START--
INFO: Run Behavior\ReadHtmlCacheBehavior [ RunTime:0.000873s ]
INFO: [ app_begin ] --END-- [ RunTime:0.000960s ]
INFO: [ view_parse ] --START--
INFO: [ template_filter ] --START--
INFO: Run Behavior\ContentReplaceBehavior [ RunTime:0.000068s ]
INFO: [ template_filter ] --END-- [ RunTime:0.000122s ]
INFO: Run Behavior\ParseTemplateBehavior [ RunTime:0.008276s ]
INFO: [ view_parse ] --END-- [ RunTime:0.008328s ]
INFO: [ view_filter ] --START--
INFO: Run Behavior\WriteHtmlCacheBehavior [ RunTime:0.000298s ]
INFO: [ view_filter ] --END-- [ RunTime:0.000360s ]
INFO: [ app_end ] --START--
INFO: Run Behavior\ShowPageTraceBehavior [ RunTime:0.000782s ]
INFO: [ app_end ] --END-- [ RunTime:0.000843s ]

[ 2017-06-11T21:04:13+08:00 ] ::1 /work/index.php/Admin/Shop/Get_edit_info.html
INFO: [ app_init ] --START--
INFO: Run Behavior\BuildLiteBehavior [ RunTime:0.000014s ]
INFO: [ app_init ] --END-- [ RunTime:0.000372s ]
INFO: [ app_begin ] --START--
INFO: Run Behavior\ReadHtmlCacheBehavior [ RunTime:0.000473s ]
INFO: [ app_begin ] --END-- [ RunTime:0.000513s ]
SQL: SHOW COLUMNS FROM `mf_shop` [ RunTime:0.0042s ]
SQL: SELECT * FROM `mf_shop` WHERE ( s_id=1 ) LIMIT 1   [ RunTime:0.0004s ]

[ 2017-06-11T21:04:38+08:00 ] ::1 /work/index.php/Admin/Shop/shopPreview.html
INFO: [ app_init ] --START--
INFO: Run Behavior\BuildLiteBehavior [ RunTime:0.000025s ]
INFO: [ app_init ] --END-- [ RunTime:0.000649s ]
INFO: [ app_begin ] --START--
INFO: Run Behavior\ReadHtmlCacheBehavior [ RunTime:0.000503s ]
INFO: [ app_begin ] --END-- [ RunTime:0.000546s ]
SQL: SHOW COLUMNS FROM `mf_shop` [ RunTime:0.0039s ]
SQL: SELECT COUNT(*) AS tp_count FROM `mf_shop` LIMIT 1   [ RunTime:0.0004s ]
SQL: SELECT * FROM `mf_shop` LIMIT 5,5   [ RunTime:0.0004s ]

[ 2017-06-11T21:04:38+08:00 ] ::1 /work/index.php/Admin/Shop/shopPreview.html
INFO: [ app_init ] --START--
INFO: Run Behavior\BuildLiteBehavior [ RunTime:0.000013s ]
INFO: [ app_init ] --END-- [ RunTime:0.000322s ]
INFO: [ app_begin ] --START--
INFO: Run Behavior\ReadHtmlCacheBehavior [ RunTime:0.000424s ]
INFO: [ app_begin ] --END-- [ RunTime:0.000459s ]
SQL: SHOW COLUMNS FROM `mf_shop` [ RunTime:0.0040s ]
SQL: SELECT COUNT(*) AS tp_count FROM `mf_shop` LIMIT 1   [ RunTime:0.0004s ]
SQL: SELECT * FROM `mf_shop` LIMIT 0,5   [ RunTime:0.0004s ]

[ 2017-06-11T21:04:49+08:00 ] ::1 /work/index.php/admin/User/index
INFO: [ app_init ] --START--
INFO: Run Behavior\BuildLiteBehavior [ RunTime:0.000017s ]
INFO: [ app_init ] --END-- [ RunTime:0.000438s ]
INFO: [ app_begin ] --START--
INFO: Run Behavior\ReadHtmlCacheBehavior [ RunTime:0.000636s ]
INFO: [ app_begin ] --END-- [ RunTime:0.000711s ]
INFO: [ view_parse ] --START--
INFO: [ template_filter ] --START--
INFO: Run Behavior\ContentReplaceBehavior [ RunTime:0.000055s ]
INFO: [ template_filter ] --END-- [ RunTime:0.000097s ]
INFO: Run Behavior\ParseTemplateBehavior [ RunTime:0.009356s ]
INFO: [ view_parse ] --END-- [ RunTime:0.009409s ]
INFO: [ view_filter ] --START--
INFO: Run Behavior\WriteHtmlCacheBehavior [ RunTime:0.000139s ]
INFO: [ view_filter ] --END-- [ RunTime:0.000166s ]
INFO: [ app_end ] --START--
INFO: Run Behavior\ShowPageTraceBehavior [ RunTime:0.000698s ]
INFO: [ app_end ] --END-- [ RunTime:0.000752s ]

[ 2017-06-11T21:04:49+08:00 ] ::1 /work/index.php/Admin/user/nowpage.html
INFO: [ app_init ] --START--
INFO: Run Behavior\BuildLiteBehavior [ RunTime:0.000024s ]
INFO: [ app_init ] --END-- [ RunTime:0.000526s ]
INFO: [ app_begin ] --START--
INFO: Run Behavior\ReadHtmlCacheBehavior [ RunTime:0.000816s ]
INFO: [ app_begin ] --END-- [ RunTime:0.000892s ]
SQL: SHOW COLUMNS FROM `mf_user` [ RunTime:0.0040s ]
SQL: SELECT COUNT(*) AS tp_count FROM `mf_user` LIMIT 1   [ RunTime:0.0004s ]
SQL: SELECT * FROM `mf_user` LIMIT 0,5   [ RunTime:0.0023s ]

[ 2017-06-11T21:05:14+08:00 ] ::1 /work/index.php/admin/Destin/index
INFO: [ app_init ] --START--
INFO: Run Behavior\BuildLiteBehavior [ RunTime:0.000020s ]
INFO: [ app_init ] --END-- [ RunTime:0.000513s ]
INFO: [ app_begin ] --START--
INFO: Run Behavior\ReadHtmlCacheBehavior [ RunTime:0.000574s ]
INFO: [ app_begin ] --END-- [ RunTime:0.000613s ]
SQL: SHOW COLUMNS FROM `mf_des` [ RunTime:0.0027s ]
SQL: SELECT COUNT(*) AS tp_count FROM `mf_des` WHERE ( d_st<3 ) LIMIT 1   [ RunTime:0.0010s ]
SQL: SELECT `d_id`,`d_city`,`d_img`,`d_st` FROM `mf_des` WHERE ( d_st<3 ) LIMIT 0,6   [ RunTime:0.0004s ]
SQL: SHOW COLUMNS FROM `mf_st` [ RunTime:0.0044s ]
SQL: SELECT `s_id`,`s_name` FROM `mf_st` WHERE ( s_id<3 )  [ RunTime:0.0008s ]
SQL: SELECT `s_id`,`s_name` FROM `mf_st` WHERE ( s_id=1 )  [ RunTime:0.0011s ]
SQL: SHOW COLUMNS FROM `mf_area` [ RunTime:0.0038s ]
SQL: SELECT `a_id`,`a_name` FROM `mf_area`  [ RunTime:0.0003s ]
SQL: SELECT `s_id`,`s_name` FROM `mf_st` WHERE ( s_id=3 )  [ RunTime:0.0003s ]
INFO: [ view_parse ] --START--
INFO: [ template_filter ] --START--
INFO: Run Behavior\ContentReplaceBehavior [ RunTime:0.000104s ]
INFO: [ template_filter ] --END-- [ RunTime:0.000155s ]
INFO: Run Behavior\ParseTemplateBehavior [ RunTime:0.015461s ]
INFO: [ view_parse ] --END-- [ RunTime:0.015506s ]
INFO: [ view_filter ] --START--
INFO: Run Behavior\WriteHtmlCacheBehavior [ RunTime:0.000217s ]
INFO: [ view_filter ] --END-- [ RunTime:0.000250s ]
INFO: [ app_end ] --START--
INFO: Run Behavior\ShowPageTraceBehavior [ RunTime:0.000943s ]
INFO: [ app_end ] --END-- [ RunTime:0.001127s ]

[ 2017-06-11T21:05:15+08:00 ] ::1 /work/index.php/admin/Audit/index
INFO: [ app_init ] --START--
INFO: Run Behavior\BuildLiteBehavior [ RunTime:0.000012s ]
INFO: [ app_init ] --END-- [ RunTime:0.000303s ]
INFO: [ app_begin ] --START--
INFO: Run Behavior\ReadHtmlCacheBehavior [ RunTime:0.000415s ]
INFO: [ app_begin ] --END-- [ RunTime:0.000450s ]
SQL: SHOW COLUMNS FROM `mf_des` [ RunTime:0.0040s ]
SQL: SELECT `d_id`,`d_city`,`d_img`,`d_st` FROM `mf_des` WHERE ( d_st=3 )  [ RunTime:0.0005s ]
SQL: SHOW COLUMNS FROM `mf_st` [ RunTime:0.0040s ]
SQL: SELECT `s_id`,`s_name` FROM `mf_st` WHERE ( s_id<>2 )  [ RunTime:0.0005s ]
SQL: SHOW COLUMNS FROM `mf_area` [ RunTime:0.0059s ]
SQL: SELECT `a_id`,`a_name` FROM `mf_area`  [ RunTime:0.0004s ]
INFO: [ view_parse ] --START--
INFO: [ template_filter ] --START--
INFO: Run Behavior\ContentReplaceBehavior [ RunTime:0.000125s ]
INFO: [ template_filter ] --END-- [ RunTime:0.000198s ]
NOTIC: [8] Undefined variable: page /Users/hunkhe/Desktop/hf161028/work/Application/Runtime/Cache/Admin/6f2b7fee1c1cac74c6583143e476272b.php 第 119 行.
NOTIC: [8] Undefined variable: Sta /Users/hunkhe/Desktop/hf161028/work/Application/Runtime/Cache/Admin/6f2b7fee1c1cac74c6583143e476272b.php 第 138 行.
INFO: Run Behavior\ParseTemplateBehavior [ RunTime:0.014431s ]
INFO: [ view_parse ] --END-- [ RunTime:0.014531s ]
INFO: [ view_filter ] --START--
INFO: Run Behavior\WriteHtmlCacheBehavior [ RunTime:0.000357s ]
INFO: [ view_filter ] --END-- [ RunTime:0.000412s ]
INFO: [ app_end ] --START--
INFO: Run Behavior\ShowPageTraceBehavior [ RunTime:0.000828s ]
INFO: [ app_end ] --END-- [ RunTime:0.000888s ]

[ 2017-06-11T21:05:17+08:00 ] ::1 /work/index.php/admin/Order/unpaidOrder
INFO: [ app_init ] --START--
INFO: Run Behavior\BuildLiteBehavior [ RunTime:0.000014s ]
INFO: [ app_init ] --END-- [ RunTime:0.000340s ]
INFO: [ app_begin ] --START--
INFO: Run Behavior\ReadHtmlCacheBehavior [ RunTime:0.000465s ]
INFO: [ app_begin ] --END-- [ RunTime:0.000512s ]
INFO: [ view_parse ] --START--
INFO: [ template_filter ] --START--
INFO: Run Behavior\ContentReplaceBehavior [ RunTime:0.000104s ]
INFO: [ template_filter ] --END-- [ RunTime:0.000220s ]
INFO: Run Behavior\ParseTemplateBehavior [ RunTime:0.010661s ]
INFO: [ view_parse ] --END-- [ RunTime:0.010723s ]
INFO: [ view_filter ] --START--
INFO: Run Behavior\WriteHtmlCacheBehavior [ RunTime:0.000237s ]
INFO: [ view_filter ] --END-- [ RunTime:0.000283s ]
INFO: [ app_end ] --START--
INFO: Run Behavior\ShowPageTraceBehavior [ RunTime:0.000834s ]
INFO: [ app_end ] --END-- [ RunTime:0.000912s ]

[ 2017-06-11T21:05:18+08:00 ] ::1 /work/index.php/Admin/Order/unpaidOrder.html
INFO: [ app_init ] --START--
INFO: Run Behavior\BuildLiteBehavior [ RunTime:0.000030s ]
INFO: [ app_init ] --END-- [ RunTime:0.001032s ]
INFO: [ app_begin ] --START--
INFO: Run Behavior\ReadHtmlCacheBehavior [ RunTime:0.000803s ]
INFO: [ app_begin ] --END-- [ RunTime:0.000900s ]
SQL: SHOW COLUMNS FROM `mf_orderlist` [ RunTime:0.0048s ]
SQL: SELECT COUNT(*) AS tp_count FROM `mf_orderlist` WHERE ( os_id = 2 ) LIMIT 1   [ RunTime:0.0004s ]
SQL: SELECT * FROM `mf_orderlist` WHERE ( os_id = 2 ) ORDER BY ol_id LIMIT 0,5   [ RunTime:0.0005s ]
SQL: SHOW COLUMNS FROM `mf_orderstate` [ RunTime:0.0032s ]
SQL: SHOW COLUMNS FROM `mf_shop` [ RunTime:0.0042s ]
SQL: SHOW COLUMNS FROM `mf_user` [ RunTime:0.0054s ]
SQL: SELECT `os_state` FROM `mf_orderstate` WHERE ( os_id=2 ) LIMIT 1   [ RunTime:0.0004s ]
SQL: SELECT `s_name` FROM `mf_shop` WHERE ( s_id=2 ) LIMIT 1   [ RunTime:0.0003s ]
SQL: SELECT `account` FROM `mf_user` WHERE ( u_id=2 ) LIMIT 1   [ RunTime:0.0003s ]
SQL: SELECT `os_state` FROM `mf_orderstate` WHERE ( os_id=2 ) LIMIT 1   [ RunTime:0.0003s ]
SQL: SELECT `s_name` FROM `mf_shop` WHERE ( s_id=3 ) LIMIT 1   [ RunTime:0.0003s ]
SQL: SELECT `account` FROM `mf_user` WHERE ( u_id=1 ) LIMIT 1   [ RunTime:0.0003s ]
SQL: SELECT `os_state` FROM `mf_orderstate` WHERE ( os_id=2 ) LIMIT 1   [ RunTime:0.0004s ]
SQL: SELECT `s_name` FROM `mf_shop` WHERE ( s_id=2 ) LIMIT 1   [ RunTime:0.0003s ]
SQL: SELECT `account` FROM `mf_user` WHERE ( u_id=2 ) LIMIT 1   [ RunTime:0.0002s ]
SQL: SELECT `os_state` FROM `mf_orderstate` WHERE ( os_id=2 ) LIMIT 1   [ RunTime:0.0002s ]
SQL: SELECT `s_name` FROM `mf_shop` WHERE ( s_id=3 ) LIMIT 1   [ RunTime:0.0002s ]
SQL: SELECT `account` FROM `mf_user` WHERE ( u_id=1 ) LIMIT 1   [ RunTime:0.0002s ]
SQL: SELECT `os_state` FROM `mf_orderstate` WHERE ( os_id=2 ) LIMIT 1   [ RunTime:0.0002s ]
SQL: SELECT `s_name` FROM `mf_shop` WHERE ( s_id=2 ) LIMIT 1   [ RunTime:0.0002s ]
SQL: SELECT `account` FROM `mf_user` WHERE ( u_id=2 ) LIMIT 1   [ RunTime:0.0003s ]

[ 2017-06-11T21:05:18+08:00 ] ::1 /work/index.php/admin/Order/paidOrder
INFO: [ app_init ] --START--
INFO: Run Behavior\BuildLiteBehavior [ RunTime:0.000012s ]
INFO: [ app_init ] --END-- [ RunTime:0.000301s ]
INFO: [ app_begin ] --START--
INFO: Run Behavior\ReadHtmlCacheBehavior [ RunTime:0.000662s ]
INFO: [ app_begin ] --END-- [ RunTime:0.000716s ]
INFO: [ view_parse ] --START--
INFO: [ template_filter ] --START--
INFO: Run Behavior\ContentReplaceBehavior [ RunTime:0.000066s ]
INFO: [ template_filter ] --END-- [ RunTime:0.000112s ]
INFO: Run Behavior\ParseTemplateBehavior [ RunTime:0.008609s ]
INFO: [ view_parse ] --END-- [ RunTime:0.008687s ]
INFO: [ view_filter ] --START--
INFO: Run Behavior\WriteHtmlCacheBehavior [ RunTime:0.000247s ]
INFO: [ view_filter ] --END-- [ RunTime:0.000294s ]
INFO: [ app_end ] --START--
INFO: Run Behavior\ShowPageTraceBehavior [ RunTime:0.000764s ]
INFO: [ app_end ] --END-- [ RunTime:0.000807s ]

[ 2017-06-11T21:05:18+08:00 ] ::1 /work/index.php/Admin/Order/paidOrder.html
INFO: [ app_init ] --START--
INFO: Run Behavior\BuildLiteBehavior [ RunTime:0.000019s ]
INFO: [ app_init ] --END-- [ RunTime:0.000504s ]
INFO: [ app_begin ] --START--
INFO: Run Behavior\ReadHtmlCacheBehavior [ RunTime:0.000446s ]
INFO: [ app_begin ] --END-- [ RunTime:0.000484s ]
SQL: SHOW COLUMNS FROM `mf_orderlist` [ RunTime:0.0043s ]
SQL: SELECT COUNT(*) AS tp_count FROM `mf_orderlist` WHERE ( os_id != 2 ) LIMIT 1   [ RunTime:0.0004s ]
SQL: SELECT * FROM `mf_orderlist` WHERE ( os_id != 2 ) ORDER BY ol_id LIMIT 0,5   [ RunTime:0.0004s ]
SQL: SHOW COLUMNS FROM `mf_orderstate` [ RunTime:0.0047s ]
SQL: SHOW COLUMNS FROM `mf_shop` [ RunTime:0.0046s ]
SQL: SHOW COLUMNS FROM `mf_user` [ RunTime:0.0044s ]
SQL: SELECT `os_state` FROM `mf_orderstate` WHERE ( os_id=1 ) LIMIT 1   [ RunTime:0.0004s ]
SQL: SELECT `s_name` FROM `mf_shop` WHERE ( s_id=1 ) LIMIT 1   [ RunTime:0.0003s ]
SQL: SELECT `account` FROM `mf_user` WHERE ( u_id=1 ) LIMIT 1   [ RunTime:0.0003s ]
SQL: SELECT `os_state` FROM `mf_orderstate` WHERE ( os_id=1 ) LIMIT 1   [ RunTime:0.0003s ]
SQL: SELECT `s_name` FROM `mf_shop` WHERE ( s_id=5 ) LIMIT 1   [ RunTime:0.0003s ]
SQL: SELECT `account` FROM `mf_user` WHERE ( u_id=1 ) LIMIT 1   [ RunTime:0.0005s ]
SQL: SELECT `os_state` FROM `mf_orderstate` WHERE ( os_id=1 ) LIMIT 1   [ RunTime:0.0005s ]
SQL: SELECT `s_name` FROM `mf_shop` WHERE ( s_id=1 ) LIMIT 1   [ RunTime:0.0006s ]
SQL: SELECT `account` FROM `mf_user` WHERE ( u_id=1 ) LIMIT 1   [ RunTime:0.0005s ]
SQL: SELECT `os_state` FROM `mf_orderstate` WHERE ( os_id=1 ) LIMIT 1   [ RunTime:0.0005s ]
SQL: SELECT `s_name` FROM `mf_shop` WHERE ( s_id=5 ) LIMIT 1   [ RunTime:0.0007s ]
SQL: SELECT `account` FROM `mf_user` WHERE ( u_id=1 ) LIMIT 1   [ RunTime:0.0006s ]
SQL: SELECT `os_state` FROM `mf_orderstate` WHERE ( os_id=1 ) LIMIT 1   [ RunTime:0.0006s ]
SQL: SELECT `s_name` FROM `mf_shop` WHERE ( s_id=1 ) LIMIT 1   [ RunTime:0.0005s ]
SQL: SELECT `account` FROM `mf_user` WHERE ( u_id=1 ) LIMIT 1   [ RunTime:0.0004s ]

[ 2017-06-11T21:05:51+08:00 ] ::1 /work/index.php/admin
INFO: [ app_init ] --START--
INFO: Run Behavior\BuildLiteBehavior [ RunTime:0.000017s ]
INFO: [ app_init ] --END-- [ RunTime:0.000463s ]
INFO: [ app_begin ] --START--
INFO: Run Behavior\ReadHtmlCacheBehavior [ RunTime:0.000695s ]
INFO: [ app_begin ] --END-- [ RunTime:0.000786s ]
SQL: SHOW COLUMNS FROM `mf_menutable` [ RunTime:0.0042s ]
SQL: SELECT * FROM `mf_menutable`  [ RunTime:0.0006s ]
INFO: [ view_parse ] --START--
INFO: [ template_filter ] --START--
INFO: Run Behavior\ContentReplaceBehavior [ RunTime:0.000074s ]
INFO: [ template_filter ] --END-- [ RunTime:0.000122s ]
INFO: Run Behavior\ParseTemplateBehavior [ RunTime:0.007400s ]
INFO: [ view_parse ] --END-- [ RunTime:0.007438s ]
INFO: [ view_filter ] --START--
INFO: Run Behavior\WriteHtmlCacheBehavior [ RunTime:0.000161s ]
INFO: [ view_filter ] --END-- [ RunTime:0.000189s ]
INFO: [ app_end ] --START--
INFO: Run Behavior\ShowPageTraceBehavior [ RunTime:0.000792s ]
INFO: [ app_end ] --END-- [ RunTime:0.000860s ]

[ 2017-06-11T21:05:51+08:00 ] ::1 /work/index.php/Admin/Index/wellcom.html
INFO: [ app_init ] --START--
INFO: Run Behavior\BuildLiteBehavior [ RunTime:0.000030s ]
INFO: [ app_init ] --END-- [ RunTime:0.002781s ]
INFO: [ app_begin ] --START--
INFO: Run Behavior\ReadHtmlCacheBehavior [ RunTime:0.000892s ]
INFO: [ app_begin ] --END-- [ RunTime:0.000979s ]
INFO: [ view_parse ] --START--
INFO: [ template_filter ] --START--
INFO: Run Behavior\ContentReplaceBehavior [ RunTime:0.000049s ]
INFO: [ template_filter ] --END-- [ RunTime:0.000128s ]
INFO: Run Behavior\ParseTemplateBehavior [ RunTime:0.009361s ]
INFO: [ view_parse ] --END-- [ RunTime:0.009439s ]
INFO: [ view_filter ] --START--
INFO: Run Behavior\WriteHtmlCacheBehavior [ RunTime:0.000267s ]
INFO: [ view_filter ] --END-- [ RunTime:0.000317s ]
INFO: [ app_end ] --START--
INFO: Run Behavior\ShowPageTraceBehavior [ RunTime:0.001030s ]
INFO: [ app_end ] --END-- [ RunTime:0.001101s ]

[ 2017-06-11T21:05:55+08:00 ] ::1 /work/index.php/admin/Audit/index
INFO: [ app_init ] --START--
INFO: Run Behavior\BuildLiteBehavior [ RunTime:0.000013s ]
INFO: [ app_init ] --END-- [ RunTime:0.000337s ]
INFO: [ app_begin ] --START--
INFO: Run Behavior\ReadHtmlCacheBehavior [ RunTime:0.000455s ]
INFO: [ app_begin ] --END-- [ RunTime:0.000495s ]
SQL: SHOW COLUMNS FROM `mf_des` [ RunTime:0.0052s ]
SQL: SELECT `d_id`,`d_city`,`d_img`,`d_st` FROM `mf_des` WHERE ( d_st=3 )  [ RunTime:0.0017s ]
SQL: SHOW COLUMNS FROM `mf_st` [ RunTime:0.0049s ]
SQL: SELECT `s_id`,`s_name` FROM `mf_st` WHERE ( s_id<>2 )  [ RunTime:0.0005s ]
SQL: SHOW COLUMNS FROM `mf_area` [ RunTime:0.0038s ]
SQL: SELECT `a_id`,`a_name` FROM `mf_area`  [ RunTime:0.0004s ]
INFO: [ view_parse ] --START--
INFO: [ template_filter ] --START--
INFO: Run Behavior\ContentReplaceBehavior [ RunTime:0.000091s ]
INFO: [ template_filter ] --END-- [ RunTime:0.000141s ]
NOTIC: [8] Undefined variable: page /Users/hunkhe/Desktop/hf161028/work/Application/Runtime/Cache/Admin/6f2b7fee1c1cac74c6583143e476272b.php 第 119 行.
NOTIC: [8] Undefined variable: Sta /Users/hunkhe/Desktop/hf161028/work/Application/Runtime/Cache/Admin/6f2b7fee1c1cac74c6583143e476272b.php 第 138 行.
INFO: Run Behavior\ParseTemplateBehavior [ RunTime:0.011178s ]
INFO: [ view_parse ] --END-- [ RunTime:0.011223s ]
INFO: [ view_filter ] --START--
INFO: Run Behavior\WriteHtmlCacheBehavior [ RunTime:0.000238s ]
INFO: [ view_filter ] --END-- [ RunTime:0.000272s ]
INFO: [ app_end ] --START--
INFO: Run Behavior\ShowPageTraceBehavior [ RunTime:0.000971s ]
INFO: [ app_end ] --END-- [ RunTime:0.001043s ]

[ 2017-06-11T21:06:01+08:00 ] ::1 /work/index.php/Admin/Audit/checkin.html
INFO: [ app_init ] --START--
INFO: Run Behavior\BuildLiteBehavior [ RunTime:0.000018s ]
INFO: [ app_init ] --END-- [ RunTime:0.000628s ]
INFO: [ app_begin ] --START--
INFO: Run Behavior\ReadHtmlCacheBehavior [ RunTime:0.000711s ]
INFO: [ app_begin ] --END-- [ RunTime:0.000825s ]
SQL: SHOW COLUMNS FROM `mf_des` [ RunTime:0.0063s ]
SQL: SELECT * FROM `mf_des` WHERE `d_id` = 92 LIMIT 1   [ RunTime:0.0004s ]
INFO: [ app_end ] --START--
INFO: Run Behavior\ShowPageTraceBehavior [ RunTime:0.000559s ]
INFO: [ app_end ] --END-- [ RunTime:0.000596s ]

[ 2017-06-11T21:56:15+08:00 ] ::1 /work/index.php/admin/staff/index
INFO: [ app_init ] --START--
INFO: Run Behavior\BuildLiteBehavior [ RunTime:0.000024s ]
INFO: [ app_init ] --END-- [ RunTime:0.000527s ]
INFO: [ app_begin ] --START--
INFO: Run Behavior\ReadHtmlCacheBehavior [ RunTime:0.000672s ]
INFO: [ app_begin ] --END-- [ RunTime:0.000725s ]
INFO: [ view_parse ] --START--
INFO: [ template_filter ] --START--
INFO: Run Behavior\ContentReplaceBehavior [ RunTime:0.000117s ]
INFO: [ template_filter ] --END-- [ RunTime:0.000162s ]
INFO: Run Behavior\ParseTemplateBehavior [ RunTime:0.015839s ]
INFO: [ view_parse ] --END-- [ RunTime:0.015879s ]
INFO: [ view_filter ] --START--
INFO: Run Behavior\WriteHtmlCacheBehavior [ RunTime:0.000193s ]
INFO: [ view_filter ] --END-- [ RunTime:0.000221s ]
INFO: [ app_end ] --START--
INFO: Run Behavior\ShowPageTraceBehavior [ RunTime:0.000730s ]
INFO: [ app_end ] --END-- [ RunTime:0.000786s ]

[ 2017-06-11T21:56:15+08:00 ] ::1 /work/index.php/Admin/staff/nowpage.html
INFO: [ app_init ] --START--
INFO: Run Behavior\BuildLiteBehavior [ RunTime:0.000014s ]
INFO: [ app_init ] --END-- [ RunTime:0.000360s ]
INFO: [ app_begin ] --START--
INFO: Run Behavior\ReadHtmlCacheBehavior [ RunTime:0.000569s ]
INFO: [ app_begin ] --END-- [ RunTime:0.000636s ]
SQL: SHOW COLUMNS FROM `mf_staff` [ RunTime:0.0089s ]
SQL: SELECT COUNT(*) AS tp_count FROM `mf_staff` LIMIT 1   [ RunTime:0.0009s ]
SQL: SELECT * FROM `mf_staff` ORDER BY s_id LIMIT 0,5   [ RunTime:0.0012s ]
SQL: SHOW COLUMNS FROM `mf_rolestable` [ RunTime:0.0045s ]
SQL: SELECT `r_id`,`rolesname` FROM `mf_rolestable`  [ RunTime:0.0006s ]
SQL: SHOW COLUMNS FROM `mf_usest` [ RunTime:0.0064s ]
SQL: SELECT * FROM `mf_usest`  [ RunTime:0.0005s ]

