[ 2017-06-06T10:27:10+08:00 ] ::1 /work/admin
INFO: [ app_init ] --START--
INFO: Run Behavior\BuildLiteBehavior [ RunTime:0.000013s ]
INFO: [ app_init ] --END-- [ RunTime:0.000340s ]
INFO: [ app_begin ] --START--
INFO: Run Behavior\ReadHtmlCacheBehavior [ RunTime:0.000740s ]
INFO: [ app_begin ] --END-- [ RunTime:0.000804s ]
SQL: SHOW COLUMNS FROM `mf_menutable` [ RunTime:0.0040s ]
SQL: SELECT * FROM `mf_menutable`  [ RunTime:0.0008s ]
INFO: [ view_parse ] --START--
INFO: [ template_filter ] --START--
INFO: Run Behavior\ContentReplaceBehavior [ RunTime:0.000080s ]
INFO: [ template_filter ] --END-- [ RunTime:0.000134s ]
INFO: Run Behavior\ParseTemplateBehavior [ RunTime:0.012558s ]
INFO: [ view_parse ] --END-- [ RunTime:0.012608s ]
INFO: [ view_filter ] --START--
INFO: Run Behavior\WriteHtmlCacheBehavior [ RunTime:0.000178s ]
INFO: [ view_filter ] --END-- [ RunTime:0.000208s ]
INFO: [ app_end ] --START--
INFO: Run Behavior\ShowPageTraceBehavior [ RunTime:0.000844s ]
INFO: [ app_end ] --END-- [ RunTime:0.000937s ]

[ 2017-06-06T10:27:10+08:00 ] ::1 /work/index.php/Admin/Index/wellcom.html
INFO: [ app_init ] --START--
INFO: Run Behavior\BuildLiteBehavior [ RunTime:0.000018s ]
INFO: [ app_init ] --END-- [ RunTime:0.000399s ]
INFO: [ app_begin ] --START--
INFO: Run Behavior\ReadHtmlCacheBehavior [ RunTime:0.000917s ]
INFO: [ app_begin ] --END-- [ RunTime:0.001020s ]
INFO: [ view_parse ] --START--
INFO: [ template_filter ] --START--
INFO: Run Behavior\ContentReplaceBehavior [ RunTime:0.000036s ]
INFO: [ template_filter ] --END-- [ RunTime:0.000140s ]
INFO: Run Behavior\ParseTemplateBehavior [ RunTime:0.005680s ]
INFO: [ view_parse ] --END-- [ RunTime:0.005732s ]
INFO: [ view_filter ] --START--
INFO: Run Behavior\WriteHtmlCacheBehavior [ RunTime:0.000187s ]
INFO: [ view_filter ] --END-- [ RunTime:0.000220s ]
INFO: [ app_end ] --START--
INFO: Run Behavior\ShowPageTraceBehavior [ RunTime:0.000964s ]
INFO: [ app_end ] --END-- [ RunTime:0.001017s ]

[ 2017-06-06T10:33:16+08:00 ] ::1 /work/admin/staff/index
INFO: [ app_init ] --START--
INFO: Run Behavior\BuildLiteBehavior [ RunTime:0.000013s ]
INFO: [ app_init ] --END-- [ RunTime:0.000311s ]
INFO: [ app_begin ] --START--
INFO: Run Behavior\ReadHtmlCacheBehavior [ RunTime:0.000411s ]
INFO: [ app_begin ] --END-- [ RunTime:0.000445s ]
INFO: [ view_parse ] --START--
INFO: [ template_filter ] --START--
INFO: Run Behavior\ContentReplaceBehavior [ RunTime:0.000088s ]
INFO: [ template_filter ] --END-- [ RunTime:0.000133s ]
INFO: Run Behavior\ParseTemplateBehavior [ RunTime:0.010841s ]
INFO: [ view_parse ] --END-- [ RunTime:0.010884s ]
INFO: [ view_filter ] --START--
INFO: Run Behavior\WriteHtmlCacheBehavior [ RunTime:0.000162s ]
INFO: [ view_filter ] --END-- [ RunTime:0.000191s ]
INFO: [ app_end ] --START--
INFO: Run Behavior\ShowPageTraceBehavior [ RunTime:0.000801s ]
INFO: [ app_end ] --END-- [ RunTime:0.000851s ]

[ 2017-06-06T10:33:16+08:00 ] ::1 /work/admin/roles/index
INFO: [ app_init ] --START--
INFO: Run Behavior\BuildLiteBehavior [ RunTime:0.000040s ]
INFO: [ app_init ] --END-- [ RunTime:0.000876s ]
INFO: [ app_begin ] --START--
INFO: Run Behavior\ReadHtmlCacheBehavior [ RunTime:0.000541s ]
INFO: [ app_begin ] --END-- [ RunTime:0.000592s ]
INFO: [ view_parse ] --START--
INFO: [ template_filter ] --START--
INFO: Run Behavior\ContentReplaceBehavior [ RunTime:0.000132s ]
INFO: [ template_filter ] --END-- [ RunTime:0.000214s ]
INFO: Run Behavior\ParseTemplateBehavior [ RunTime:0.009236s ]
INFO: [ view_parse ] --END-- [ RunTime:0.009369s ]
INFO: [ view_filter ] --START--
INFO: Run Behavior\WriteHtmlCacheBehavior [ RunTime:0.000593s ]
INFO: [ view_filter ] --END-- [ RunTime:0.000685s ]
INFO: [ app_end ] --START--
INFO: Run Behavior\ShowPageTraceBehavior [ RunTime:0.000855s ]
INFO: [ app_end ] --END-- [ RunTime:0.000938s ]

[ 2017-06-06T10:33:17+08:00 ] ::1 /work/index.php/Admin/roles/nowpage.html
INFO: [ app_init ] --START--
INFO: Run Behavior\BuildLiteBehavior [ RunTime:0.000027s ]
INFO: [ app_init ] --END-- [ RunTime:0.000663s ]
INFO: [ app_begin ] --START--
INFO: Run Behavior\ReadHtmlCacheBehavior [ RunTime:0.000860s ]
INFO: [ app_begin ] --END-- [ RunTime:0.000953s ]
SQL: SHOW COLUMNS FROM `mf_rolestable` [ RunTime:0.0040s ]
SQL: SELECT COUNT(*) AS tp_count FROM `mf_rolestable` LIMIT 1   [ RunTime:0.0004s ]
SQL: SELECT * FROM `mf_rolestable` ORDER BY r_id LIMIT 0,5   [ RunTime:0.0004s ]

[ 2017-06-06T10:33:17+08:00 ] ::1 /work/index.php/Admin/staff/nowpage.html
INFO: [ app_init ] --START--
INFO: Run Behavior\BuildLiteBehavior [ RunTime:0.000014s ]
INFO: [ app_init ] --END-- [ RunTime:0.000372s ]
INFO: [ app_begin ] --START--
INFO: Run Behavior\ReadHtmlCacheBehavior [ RunTime:0.000523s ]
INFO: [ app_begin ] --END-- [ RunTime:0.000579s ]
SQL: SHOW COLUMNS FROM `mf_staff` [ RunTime:0.0042s ]
SQL: SELECT COUNT(*) AS tp_count FROM `mf_staff` LIMIT 1   [ RunTime:0.0006s ]
SQL: SELECT * FROM `mf_staff` ORDER BY s_id LIMIT 0,5   [ RunTime:0.0006s ]
SQL: SHOW COLUMNS FROM `mf_rolestable` [ RunTime:0.0054s ]
SQL: SELECT `r_id`,`rolesname` FROM `mf_rolestable`  [ RunTime:0.0004s ]
SQL: SHOW COLUMNS FROM `mf_usest` [ RunTime:0.0038s ]
SQL: SELECT * FROM `mf_usest`  [ RunTime:0.0005s ]

[ 2017-06-06T10:33:21+08:00 ] ::1 /work/admin/roles/index
INFO: [ app_init ] --START--
INFO: Run Behavior\BuildLiteBehavior [ RunTime:0.000019s ]
INFO: [ app_init ] --END-- [ RunTime:0.000513s ]
INFO: [ app_begin ] --START--
INFO: Run Behavior\ReadHtmlCacheBehavior [ RunTime:0.000749s ]
INFO: [ app_begin ] --END-- [ RunTime:0.000821s ]
INFO: [ view_parse ] --START--
INFO: [ template_filter ] --START--
INFO: Run Behavior\ContentReplaceBehavior [ RunTime:0.000094s ]
INFO: [ template_filter ] --END-- [ RunTime:0.000140s ]
INFO: Run Behavior\ParseTemplateBehavior [ RunTime:0.007738s ]
INFO: [ view_parse ] --END-- [ RunTime:0.007810s ]
INFO: [ view_filter ] --START--
INFO: Run Behavior\WriteHtmlCacheBehavior [ RunTime:0.000154s ]
INFO: [ view_filter ] --END-- [ RunTime:0.000183s ]
INFO: [ app_end ] --START--
INFO: Run Behavior\ShowPageTraceBehavior [ RunTime:0.000779s ]
INFO: [ app_end ] --END-- [ RunTime:0.000872s ]

[ 2017-06-06T10:33:21+08:00 ] ::1 /work/index.php/Admin/roles/nowpage.html
INFO: [ app_init ] --START--
INFO: Run Behavior\BuildLiteBehavior [ RunTime:0.000030s ]
INFO: [ app_init ] --END-- [ RunTime:0.000755s ]
INFO: [ app_begin ] --START--
INFO: Run Behavior\ReadHtmlCacheBehavior [ RunTime:0.001033s ]
INFO: [ app_begin ] --END-- [ RunTime:0.001130s ]
SQL: SHOW COLUMNS FROM `mf_rolestable` [ RunTime:0.0050s ]
SQL: SELECT COUNT(*) AS tp_count FROM `mf_rolestable` LIMIT 1   [ RunTime:0.0011s ]
SQL: SELECT * FROM `mf_rolestable` ORDER BY r_id LIMIT 0,5   [ RunTime:0.0008s ]

[ 2017-06-06T10:33:23+08:00 ] ::1 /work/admin/Shop/shopPreview
INFO: [ app_init ] --START--
INFO: Run Behavior\BuildLiteBehavior [ RunTime:0.000011s ]
INFO: [ app_init ] --END-- [ RunTime:0.000310s ]
INFO: [ app_begin ] --START--
INFO: Run Behavior\ReadHtmlCacheBehavior [ RunTime:0.000408s ]
INFO: [ app_begin ] --END-- [ RunTime:0.000443s ]
INFO: [ view_parse ] --START--
INFO: [ template_filter ] --START--
INFO: Run Behavior\ContentReplaceBehavior [ RunTime:0.000134s ]
INFO: [ template_filter ] --END-- [ RunTime:0.000203s ]
INFO: Run Behavior\ParseTemplateBehavior [ RunTime:0.009884s ]
INFO: [ view_parse ] --END-- [ RunTime:0.009934s ]
INFO: [ view_filter ] --START--
INFO: Run Behavior\WriteHtmlCacheBehavior [ RunTime:0.000152s ]
INFO: [ view_filter ] --END-- [ RunTime:0.000178s ]
INFO: [ app_end ] --START--
INFO: Run Behavior\ShowPageTraceBehavior [ RunTime:0.000786s ]
INFO: [ app_end ] --END-- [ RunTime:0.000836s ]

[ 2017-06-06T10:33:23+08:00 ] ::1 /work/index.php/Admin/Shop/shopPreview.html
INFO: [ app_init ] --START--
INFO: Run Behavior\BuildLiteBehavior [ RunTime:0.000024s ]
INFO: [ app_init ] --END-- [ RunTime:0.000534s ]
INFO: [ app_begin ] --START--
INFO: Run Behavior\ReadHtmlCacheBehavior [ RunTime:0.000738s ]
INFO: [ app_begin ] --END-- [ RunTime:0.000834s ]
SQL: SHOW COLUMNS FROM `mf_shop` [ RunTime:0.0035s ]
SQL: SELECT COUNT(*) AS tp_count FROM `mf_shop` LIMIT 1   [ RunTime:0.0004s ]
SQL: SELECT * FROM `mf_shop` LIMIT 0,5   [ RunTime:0.0005s ]

[ 2017-06-06T10:33:23+08:00 ] ::1 /work/admin/Shop/shopRelease
INFO: [ app_init ] --START--
INFO: Run Behavior\BuildLiteBehavior [ RunTime:0.000012s ]
INFO: [ app_init ] --END-- [ RunTime:0.000313s ]
INFO: [ app_begin ] --START--
INFO: Run Behavior\ReadHtmlCacheBehavior [ RunTime:0.000423s ]
INFO: [ app_begin ] --END-- [ RunTime:0.000458s ]
INFO: [ view_parse ] --START--
INFO: [ template_filter ] --START--
INFO: Run Behavior\ContentReplaceBehavior [ RunTime:0.000096s ]
INFO: [ template_filter ] --END-- [ RunTime:0.000182s ]
INFO: Run Behavior\ParseTemplateBehavior [ RunTime:0.008352s ]
INFO: [ view_parse ] --END-- [ RunTime:0.008418s ]
INFO: [ view_filter ] --START--
INFO: Run Behavior\WriteHtmlCacheBehavior [ RunTime:0.000286s ]
INFO: [ view_filter ] --END-- [ RunTime:0.000354s ]
INFO: [ app_end ] --START--
INFO: Run Behavior\ShowPageTraceBehavior [ RunTime:0.000831s ]
INFO: [ app_end ] --END-- [ RunTime:0.000901s ]

[ 2017-06-06T10:33:29+08:00 ] ::1 /work/admin/User/index
INFO: [ app_init ] --START--
INFO: Run Behavior\BuildLiteBehavior [ RunTime:0.000012s ]
INFO: [ app_init ] --END-- [ RunTime:0.000302s ]
INFO: [ app_begin ] --START--
INFO: Run Behavior\ReadHtmlCacheBehavior [ RunTime:0.000416s ]
INFO: [ app_begin ] --END-- [ RunTime:0.000450s ]
INFO: [ view_parse ] --START--
INFO: [ template_filter ] --START--
INFO: Run Behavior\ContentReplaceBehavior [ RunTime:0.000056s ]
INFO: [ template_filter ] --END-- [ RunTime:0.000099s ]
INFO: Run Behavior\ParseTemplateBehavior [ RunTime:0.009378s ]
INFO: [ view_parse ] --END-- [ RunTime:0.009422s ]
INFO: [ view_filter ] --START--
INFO: Run Behavior\WriteHtmlCacheBehavior [ RunTime:0.000153s ]
INFO: [ view_filter ] --END-- [ RunTime:0.000180s ]
INFO: [ app_end ] --START--
INFO: Run Behavior\ShowPageTraceBehavior [ RunTime:0.000778s ]
INFO: [ app_end ] --END-- [ RunTime:0.000829s ]

[ 2017-06-06T10:33:29+08:00 ] ::1 /work/index.php/Admin/user/nowpage.html
INFO: [ app_init ] --START--
INFO: Run Behavior\BuildLiteBehavior [ RunTime:0.000018s ]
INFO: [ app_init ] --END-- [ RunTime:0.000524s ]
INFO: [ app_begin ] --START--
INFO: Run Behavior\ReadHtmlCacheBehavior [ RunTime:0.000996s ]
INFO: [ app_begin ] --END-- [ RunTime:0.001107s ]
SQL: SHOW COLUMNS FROM `mf_user` [ RunTime:0.0042s ]
SQL: SELECT COUNT(*) AS tp_count FROM `mf_user` LIMIT 1   [ RunTime:0.0009s ]
SQL: SELECT * FROM `mf_user` LIMIT 0,5   [ RunTime:0.0023s ]

[ 2017-06-06T10:33:39+08:00 ] ::1 /work/admin/Comm/index
INFO: [ app_init ] --START--
INFO: Run Behavior\BuildLiteBehavior [ RunTime:0.000013s ]
INFO: [ app_init ] --END-- [ RunTime:0.000319s ]
INFO: [ app_begin ] --START--
INFO: Run Behavior\ReadHtmlCacheBehavior [ RunTime:0.000498s ]
INFO: [ app_begin ] --END-- [ RunTime:0.000535s ]
INFO: [ view_parse ] --START--
INFO: [ template_filter ] --START--
INFO: Run Behavior\ContentReplaceBehavior [ RunTime:0.000049s ]
INFO: [ template_filter ] --END-- [ RunTime:0.000095s ]
INFO: Run Behavior\ParseTemplateBehavior [ RunTime:0.009529s ]
INFO: [ view_parse ] --END-- [ RunTime:0.009588s ]
INFO: [ view_filter ] --START--
INFO: Run Behavior\WriteHtmlCacheBehavior [ RunTime:0.000170s ]
INFO: [ view_filter ] --END-- [ RunTime:0.000198s ]
INFO: [ app_end ] --START--
INFO: Run Behavior\ShowPageTraceBehavior [ RunTime:0.000520s ]
INFO: [ app_end ] --END-- [ RunTime:0.000550s ]

[ 2017-06-06T10:33:39+08:00 ] ::1 /work/index.php/Admin/Comm/nowpage.html
INFO: [ app_init ] --START--
INFO: Run Behavior\BuildLiteBehavior [ RunTime:0.000026s ]
INFO: [ app_init ] --END-- [ RunTime:0.000693s ]
INFO: [ app_begin ] --START--
INFO: Run Behavior\ReadHtmlCacheBehavior [ RunTime:0.000767s ]
INFO: [ app_begin ] --END-- [ RunTime:0.000860s ]
SQL: SHOW COLUMNS FROM `mf_comments` [ RunTime:0.0118s ]
SQL: SELECT COUNT(*) AS tp_count FROM `mf_comments` LIMIT 1   [ RunTime:0.0003s ]
SQL: SELECT * FROM `mf_comments` LIMIT 0,4   [ RunTime:0.0003s ]

[ 2017-06-06T10:33:41+08:00 ] ::1 /work/admin/Order/unpaidOrder
INFO: [ app_init ] --START--
INFO: Run Behavior\BuildLiteBehavior [ RunTime:0.000017s ]
INFO: [ app_init ] --END-- [ RunTime:0.000463s ]
INFO: [ app_begin ] --START--
INFO: Run Behavior\ReadHtmlCacheBehavior [ RunTime:0.000781s ]
INFO: [ app_begin ] --END-- [ RunTime:0.000856s ]
INFO: [ view_parse ] --START--
INFO: [ template_filter ] --START--
INFO: Run Behavior\ContentReplaceBehavior [ RunTime:0.000077s ]
INFO: [ template_filter ] --END-- [ RunTime:0.000126s ]
INFO: Run Behavior\ParseTemplateBehavior [ RunTime:0.009296s ]
INFO: [ view_parse ] --END-- [ RunTime:0.009371s ]
INFO: [ view_filter ] --START--
INFO: Run Behavior\WriteHtmlCacheBehavior [ RunTime:0.000154s ]
INFO: [ view_filter ] --END-- [ RunTime:0.000183s ]
INFO: [ app_end ] --START--
INFO: Run Behavior\ShowPageTraceBehavior [ RunTime:0.000673s ]
INFO: [ app_end ] --END-- [ RunTime:0.000738s ]

[ 2017-06-06T10:33:42+08:00 ] ::1 /work/index.php/Admin/Order/unpaidOrder.html
INFO: [ app_init ] --START--
INFO: Run Behavior\BuildLiteBehavior [ RunTime:0.000019s ]
INFO: [ app_init ] --END-- [ RunTime:0.000685s ]
INFO: [ app_begin ] --START--
INFO: Run Behavior\ReadHtmlCacheBehavior [ RunTime:0.000769s ]
INFO: [ app_begin ] --END-- [ RunTime:0.000851s ]
SQL: SHOW COLUMNS FROM `mf_orderlist` [ RunTime:0.0059s ]
SQL: SELECT COUNT(*) AS tp_count FROM `mf_orderlist` WHERE ( os_id = 2 ) LIMIT 1   [ RunTime:0.0005s ]
SQL: SELECT * FROM `mf_orderlist` WHERE ( os_id = 2 ) ORDER BY ol_id LIMIT 0,5   [ RunTime:0.0006s ]
SQL: SHOW COLUMNS FROM `mf_orderstate` [ RunTime:0.0027s ]
SQL: SHOW COLUMNS FROM `mf_shop` [ RunTime:0.0040s ]
SQL: SHOW COLUMNS FROM `mf_user` [ RunTime:0.0048s ]
SQL: SELECT `os_state` FROM `mf_orderstate` WHERE ( os_id=2 ) LIMIT 1   [ RunTime:0.0006s ]
SQL: SELECT `s_name` FROM `mf_shop` WHERE ( s_id=2 ) LIMIT 1   [ RunTime:0.0003s ]
SQL: SELECT `account` FROM `mf_user` WHERE ( u_id=2 ) LIMIT 1   [ RunTime:0.0003s ]
SQL: SELECT `os_state` FROM `mf_orderstate` WHERE ( os_id=2 ) LIMIT 1   [ RunTime:0.0003s ]
SQL: SELECT `s_name` FROM `mf_shop` WHERE ( s_id=3 ) LIMIT 1   [ RunTime:0.0003s ]
SQL: SELECT `account` FROM `mf_user` WHERE ( u_id=1 ) LIMIT 1   [ RunTime:0.0003s ]
SQL: SELECT `os_state` FROM `mf_orderstate` WHERE ( os_id=2 ) LIMIT 1   [ RunTime:0.0003s ]
SQL: SELECT `s_name` FROM `mf_shop` WHERE ( s_id=2 ) LIMIT 1   [ RunTime:0.0003s ]
SQL: SELECT `account` FROM `mf_user` WHERE ( u_id=2 ) LIMIT 1   [ RunTime:0.0003s ]
SQL: SELECT `os_state` FROM `mf_orderstate` WHERE ( os_id=2 ) LIMIT 1   [ RunTime:0.0003s ]
SQL: SELECT `s_name` FROM `mf_shop` WHERE ( s_id=3 ) LIMIT 1   [ RunTime:0.0003s ]
SQL: SELECT `account` FROM `mf_user` WHERE ( u_id=1 ) LIMIT 1   [ RunTime:0.0003s ]
SQL: SELECT `os_state` FROM `mf_orderstate` WHERE ( os_id=2 ) LIMIT 1   [ RunTime:0.0003s ]
SQL: SELECT `s_name` FROM `mf_shop` WHERE ( s_id=2 ) LIMIT 1   [ RunTime:0.0003s ]
SQL: SELECT `account` FROM `mf_user` WHERE ( u_id=2 ) LIMIT 1   [ RunTime:0.0003s ]

[ 2017-06-06T10:33:42+08:00 ] ::1 /work/admin/Order/paidOrder
INFO: [ app_init ] --START--
INFO: Run Behavior\BuildLiteBehavior [ RunTime:0.000012s ]
INFO: [ app_init ] --END-- [ RunTime:0.000302s ]
INFO: [ app_begin ] --START--
INFO: Run Behavior\ReadHtmlCacheBehavior [ RunTime:0.000411s ]
INFO: [ app_begin ] --END-- [ RunTime:0.000446s ]
INFO: [ view_parse ] --START--
INFO: [ template_filter ] --START--
INFO: Run Behavior\ContentReplaceBehavior [ RunTime:0.000084s ]
INFO: [ template_filter ] --END-- [ RunTime:0.000203s ]
INFO: Run Behavior\ParseTemplateBehavior [ RunTime:0.009000s ]
INFO: [ view_parse ] --END-- [ RunTime:0.009067s ]
INFO: [ view_filter ] --START--
INFO: Run Behavior\WriteHtmlCacheBehavior [ RunTime:0.000335s ]
INFO: [ view_filter ] --END-- [ RunTime:0.000392s ]
INFO: [ app_end ] --START--
INFO: Run Behavior\ShowPageTraceBehavior [ RunTime:0.000624s ]
INFO: [ app_end ] --END-- [ RunTime:0.000671s ]

[ 2017-06-06T10:33:42+08:00 ] ::1 /work/index.php/Admin/Order/paidOrder.html
INFO: [ app_init ] --START--
INFO: Run Behavior\BuildLiteBehavior [ RunTime:0.000017s ]
INFO: [ app_init ] --END-- [ RunTime:0.000440s ]
INFO: [ app_begin ] --START--
INFO: Run Behavior\ReadHtmlCacheBehavior [ RunTime:0.000711s ]
INFO: [ app_begin ] --END-- [ RunTime:0.000783s ]
SQL: SHOW COLUMNS FROM `mf_orderlist` [ RunTime:0.0037s ]
SQL: SELECT COUNT(*) AS tp_count FROM `mf_orderlist` WHERE ( os_id != 2 ) LIMIT 1   [ RunTime:0.0006s ]
SQL: SELECT * FROM `mf_orderlist` WHERE ( os_id != 2 ) ORDER BY ol_id LIMIT 0,5   [ RunTime:0.0007s ]
SQL: SHOW COLUMNS FROM `mf_orderstate` [ RunTime:0.0040s ]
SQL: SHOW COLUMNS FROM `mf_shop` [ RunTime:0.0038s ]
SQL: SHOW COLUMNS FROM `mf_user` [ RunTime:0.0038s ]
SQL: SELECT `os_state` FROM `mf_orderstate` WHERE ( os_id=1 ) LIMIT 1   [ RunTime:0.0004s ]
SQL: SELECT `s_name` FROM `mf_shop` WHERE ( s_id=1 ) LIMIT 1   [ RunTime:0.0003s ]
SQL: SELECT `account` FROM `mf_user` WHERE ( u_id=1 ) LIMIT 1   [ RunTime:0.0003s ]
SQL: SELECT `os_state` FROM `mf_orderstate` WHERE ( os_id=1 ) LIMIT 1   [ RunTime:0.0003s ]
SQL: SELECT `s_name` FROM `mf_shop` WHERE ( s_id=5 ) LIMIT 1   [ RunTime:0.0003s ]
SQL: SELECT `account` FROM `mf_user` WHERE ( u_id=1 ) LIMIT 1   [ RunTime:0.0003s ]
SQL: SELECT `os_state` FROM `mf_orderstate` WHERE ( os_id=1 ) LIMIT 1   [ RunTime:0.0003s ]
SQL: SELECT `s_name` FROM `mf_shop` WHERE ( s_id=1 ) LIMIT 1   [ RunTime:0.0003s ]
SQL: SELECT `account` FROM `mf_user` WHERE ( u_id=1 ) LIMIT 1   [ RunTime:0.0005s ]
SQL: SELECT `os_state` FROM `mf_orderstate` WHERE ( os_id=1 ) LIMIT 1   [ RunTime:0.0007s ]
SQL: SELECT `s_name` FROM `mf_shop` WHERE ( s_id=5 ) LIMIT 1   [ RunTime:0.0005s ]
SQL: SELECT `account` FROM `mf_user` WHERE ( u_id=1 ) LIMIT 1   [ RunTime:0.0008s ]
SQL: SELECT `os_state` FROM `mf_orderstate` WHERE ( os_id=1 ) LIMIT 1   [ RunTime:0.0004s ]
SQL: SELECT `s_name` FROM `mf_shop` WHERE ( s_id=1 ) LIMIT 1   [ RunTime:0.0004s ]
SQL: SELECT `account` FROM `mf_user` WHERE ( u_id=1 ) LIMIT 1   [ RunTime:0.0005s ]

[ 2017-06-06T10:33:44+08:00 ] ::1 /work/admin/Destin/index
INFO: [ app_init ] --START--
INFO: Run Behavior\BuildLiteBehavior [ RunTime:0.000021s ]
INFO: [ app_init ] --END-- [ RunTime:0.000539s ]
INFO: [ app_begin ] --START--
INFO: Run Behavior\ReadHtmlCacheBehavior [ RunTime:0.000742s ]
INFO: [ app_begin ] --END-- [ RunTime:0.000827s ]
SQL: SHOW COLUMNS FROM `mf_des` [ RunTime:0.0045s ]
SQL: SELECT COUNT(*) AS tp_count FROM `mf_des` WHERE ( d_st<3 ) LIMIT 1   [ RunTime:0.0011s ]
SQL: SELECT `d_id`,`d_city`,`d_img`,`d_st` FROM `mf_des` WHERE ( d_st<3 ) LIMIT 0,6   [ RunTime:0.0006s ]
SQL: SHOW COLUMNS FROM `mf_st` [ RunTime:0.0034s ]
SQL: SELECT `s_id`,`s_name` FROM `mf_st` WHERE ( s_id<3 )  [ RunTime:0.0004s ]
SQL: SELECT `s_id`,`s_name` FROM `mf_st` WHERE ( s_id=1 )  [ RunTime:0.0003s ]
SQL: SHOW COLUMNS FROM `mf_area` [ RunTime:0.0023s ]
SQL: SELECT `a_id`,`a_name` FROM `mf_area`  [ RunTime:0.0004s ]
SQL: SELECT `s_id`,`s_name` FROM `mf_st` WHERE ( s_id=3 )  [ RunTime:0.0003s ]
INFO: [ view_parse ] --START--
INFO: [ template_filter ] --START--
INFO: Run Behavior\ContentReplaceBehavior [ RunTime:0.000145s ]
INFO: [ template_filter ] --END-- [ RunTime:0.000200s ]
INFO: Run Behavior\ParseTemplateBehavior [ RunTime:0.015350s ]
INFO: [ view_parse ] --END-- [ RunTime:0.015396s ]
INFO: [ view_filter ] --START--
INFO: Run Behavior\WriteHtmlCacheBehavior [ RunTime:0.000173s ]
INFO: [ view_filter ] --END-- [ RunTime:0.000206s ]
INFO: [ app_end ] --START--
INFO: Run Behavior\ShowPageTraceBehavior [ RunTime:0.000758s ]
INFO: [ app_end ] --END-- [ RunTime:0.000821s ]

[ 2017-06-06T10:33:45+08:00 ] ::1 /work/admin/Audit/index
INFO: [ app_init ] --START--
INFO: Run Behavior\BuildLiteBehavior [ RunTime:0.000012s ]
INFO: [ app_init ] --END-- [ RunTime:0.000308s ]
INFO: [ app_begin ] --START--
INFO: Run Behavior\ReadHtmlCacheBehavior [ RunTime:0.000407s ]
INFO: [ app_begin ] --END-- [ RunTime:0.000440s ]
SQL: SHOW COLUMNS FROM `mf_des` [ RunTime:0.0041s ]
SQL: SELECT `d_id`,`d_city`,`d_img`,`d_st` FROM `mf_des` WHERE ( d_st=3 )  [ RunTime:0.0005s ]
SQL: SHOW COLUMNS FROM `mf_st` [ RunTime:0.0040s ]
SQL: SELECT `s_id`,`s_name` FROM `mf_st` WHERE ( s_id<>2 )  [ RunTime:0.0007s ]
SQL: SHOW COLUMNS FROM `mf_area` [ RunTime:0.0051s ]
SQL: SELECT `a_id`,`a_name` FROM `mf_area`  [ RunTime:0.0006s ]
INFO: [ view_parse ] --START--
INFO: [ template_filter ] --START--
INFO: Run Behavior\ContentReplaceBehavior [ RunTime:0.000081s ]
INFO: [ template_filter ] --END-- [ RunTime:0.000123s ]
NOTIC: [8] Undefined variable: page /Users/hunkhe/Desktop/hf161028/work/Application/Runtime/Cache/Admin/6f2b7fee1c1cac74c6583143e476272b.php 第 119 行.
NOTIC: [8] Undefined variable: Sta /Users/hunkhe/Desktop/hf161028/work/Application/Runtime/Cache/Admin/6f2b7fee1c1cac74c6583143e476272b.php 第 138 行.
INFO: Run Behavior\ParseTemplateBehavior [ RunTime:0.008804s ]
INFO: [ view_parse ] --END-- [ RunTime:0.008882s ]
INFO: [ view_filter ] --START--
INFO: Run Behavior\WriteHtmlCacheBehavior [ RunTime:0.000194s ]
INFO: [ view_filter ] --END-- [ RunTime:0.000311s ]
INFO: [ app_end ] --START--
INFO: Run Behavior\ShowPageTraceBehavior [ RunTime:0.001041s ]
INFO: [ app_end ] --END-- [ RunTime:0.001215s ]

[ 2017-06-06T10:34:15+08:00 ] ::1 /work/admin/User/index
INFO: [ app_init ] --START--
INFO: Run Behavior\BuildLiteBehavior [ RunTime:0.000016s ]
INFO: [ app_init ] --END-- [ RunTime:0.000375s ]
INFO: [ app_begin ] --START--
INFO: Run Behavior\ReadHtmlCacheBehavior [ RunTime:0.000507s ]
INFO: [ app_begin ] --END-- [ RunTime:0.000553s ]
INFO: [ view_parse ] --START--
INFO: [ template_filter ] --START--
INFO: Run Behavior\ContentReplaceBehavior [ RunTime:0.000057s ]
INFO: [ template_filter ] --END-- [ RunTime:0.000101s ]
INFO: Run Behavior\ParseTemplateBehavior [ RunTime:0.007410s ]
INFO: [ view_parse ] --END-- [ RunTime:0.007495s ]
INFO: [ view_filter ] --START--
INFO: Run Behavior\WriteHtmlCacheBehavior [ RunTime:0.000153s ]
INFO: [ view_filter ] --END-- [ RunTime:0.000179s ]
INFO: [ app_end ] --START--
INFO: Run Behavior\ShowPageTraceBehavior [ RunTime:0.000872s ]
INFO: [ app_end ] --END-- [ RunTime:0.000927s ]

[ 2017-06-06T10:34:15+08:00 ] ::1 /work/index.php/Admin/user/nowpage.html
INFO: [ app_init ] --START--
INFO: Run Behavior\BuildLiteBehavior [ RunTime:0.000024s ]
INFO: [ app_init ] --END-- [ RunTime:0.001111s ]
INFO: [ app_begin ] --START--
INFO: Run Behavior\ReadHtmlCacheBehavior [ RunTime:0.000820s ]
INFO: [ app_begin ] --END-- [ RunTime:0.000907s ]
SQL: SHOW COLUMNS FROM `mf_user` [ RunTime:0.0047s ]
SQL: SELECT COUNT(*) AS tp_count FROM `mf_user` LIMIT 1   [ RunTime:0.0009s ]
SQL: SELECT * FROM `mf_user` LIMIT 0,5   [ RunTime:0.0010s ]

[ 2017-06-06T10:34:41+08:00 ] ::1 /work/admin/Comm/index
INFO: [ app_init ] --START--
INFO: Run Behavior\BuildLiteBehavior [ RunTime:0.000015s ]
INFO: [ app_init ] --END-- [ RunTime:0.000398s ]
INFO: [ app_begin ] --START--
INFO: Run Behavior\ReadHtmlCacheBehavior [ RunTime:0.000722s ]
INFO: [ app_begin ] --END-- [ RunTime:0.000779s ]
INFO: [ view_parse ] --START--
INFO: [ template_filter ] --START--
INFO: Run Behavior\ContentReplaceBehavior [ RunTime:0.000048s ]
INFO: [ template_filter ] --END-- [ RunTime:0.000090s ]
INFO: Run Behavior\ParseTemplateBehavior [ RunTime:0.008570s ]
INFO: [ view_parse ] --END-- [ RunTime:0.008626s ]
INFO: [ view_filter ] --START--
INFO: Run Behavior\WriteHtmlCacheBehavior [ RunTime:0.000208s ]
INFO: [ view_filter ] --END-- [ RunTime:0.000271s ]
INFO: [ app_end ] --START--
INFO: Run Behavior\ShowPageTraceBehavior [ RunTime:0.000599s ]
INFO: [ app_end ] --END-- [ RunTime:0.000638s ]

[ 2017-06-06T10:34:42+08:00 ] ::1 /work/index.php/Admin/Comm/nowpage.html
INFO: [ app_init ] --START--
INFO: Run Behavior\BuildLiteBehavior [ RunTime:0.000014s ]
INFO: [ app_init ] --END-- [ RunTime:0.000386s ]
INFO: [ app_begin ] --START--
INFO: Run Behavior\ReadHtmlCacheBehavior [ RunTime:0.000430s ]
INFO: [ app_begin ] --END-- [ RunTime:0.000465s ]
SQL: SHOW COLUMNS FROM `mf_comments` [ RunTime:0.0051s ]
SQL: SELECT COUNT(*) AS tp_count FROM `mf_comments` LIMIT 1   [ RunTime:0.0003s ]
SQL: SELECT * FROM `mf_comments` LIMIT 0,4   [ RunTime:0.0003s ]

[ 2017-06-06T10:34:52+08:00 ] ::1 /work/admin/Shop/shopRelease
INFO: [ app_init ] --START--
INFO: Run Behavior\BuildLiteBehavior [ RunTime:0.000012s ]
INFO: [ app_init ] --END-- [ RunTime:0.000314s ]
INFO: [ app_begin ] --START--
INFO: Run Behavior\ReadHtmlCacheBehavior [ RunTime:0.000416s ]
INFO: [ app_begin ] --END-- [ RunTime:0.000452s ]
INFO: [ view_parse ] --START--
INFO: [ template_filter ] --START--
INFO: Run Behavior\ContentReplaceBehavior [ RunTime:0.000065s ]
INFO: [ template_filter ] --END-- [ RunTime:0.000101s ]
INFO: Run Behavior\ParseTemplateBehavior [ RunTime:0.006022s ]
INFO: [ view_parse ] --END-- [ RunTime:0.006108s ]
INFO: [ view_filter ] --START--
INFO: Run Behavior\WriteHtmlCacheBehavior [ RunTime:0.000181s ]
INFO: [ view_filter ] --END-- [ RunTime:0.000214s ]
INFO: [ app_end ] --START--
INFO: Run Behavior\ShowPageTraceBehavior [ RunTime:0.000898s ]
INFO: [ app_end ] --END-- [ RunTime:0.000972s ]

[ 2017-06-06T10:34:53+08:00 ] ::1 /work/admin/Shop/shopPreview
INFO: [ app_init ] --START--
INFO: Run Behavior\BuildLiteBehavior [ RunTime:0.000012s ]
INFO: [ app_init ] --END-- [ RunTime:0.000302s ]
INFO: [ app_begin ] --START--
INFO: Run Behavior\ReadHtmlCacheBehavior [ RunTime:0.000612s ]
INFO: [ app_begin ] --END-- [ RunTime:0.000668s ]
INFO: [ view_parse ] --START--
INFO: [ template_filter ] --START--
INFO: Run Behavior\ContentReplaceBehavior [ RunTime:0.000087s ]
INFO: [ template_filter ] --END-- [ RunTime:0.000134s ]
INFO: Run Behavior\ParseTemplateBehavior [ RunTime:0.009278s ]
INFO: [ view_parse ] --END-- [ RunTime:0.009322s ]
INFO: [ view_filter ] --START--
INFO: Run Behavior\WriteHtmlCacheBehavior [ RunTime:0.000139s ]
INFO: [ view_filter ] --END-- [ RunTime:0.000168s ]
INFO: [ app_end ] --START--
INFO: Run Behavior\ShowPageTraceBehavior [ RunTime:0.000798s ]
INFO: [ app_end ] --END-- [ RunTime:0.000864s ]

[ 2017-06-06T10:34:53+08:00 ] ::1 /work/index.php/Admin/Shop/shopPreview.html
INFO: [ app_init ] --START--
INFO: Run Behavior\BuildLiteBehavior [ RunTime:0.000023s ]
INFO: [ app_init ] --END-- [ RunTime:0.000679s ]
INFO: [ app_begin ] --START--
INFO: Run Behavior\ReadHtmlCacheBehavior [ RunTime:0.000587s ]
INFO: [ app_begin ] --END-- [ RunTime:0.000650s ]
SQL: SHOW COLUMNS FROM `mf_shop` [ RunTime:0.0044s ]
SQL: SELECT COUNT(*) AS tp_count FROM `mf_shop` LIMIT 1   [ RunTime:0.0005s ]
SQL: SELECT * FROM `mf_shop` LIMIT 0,5   [ RunTime:0.0004s ]

[ 2017-06-06T10:35:16+08:00 ] ::1 /work/index.php/Admin/Shop/downHide.html
INFO: [ app_init ] --START--
INFO: Run Behavior\BuildLiteBehavior [ RunTime:0.000019s ]
INFO: [ app_init ] --END-- [ RunTime:0.000406s ]
INFO: [ app_begin ] --START--
INFO: Run Behavior\ReadHtmlCacheBehavior [ RunTime:0.000512s ]
INFO: [ app_begin ] --END-- [ RunTime:0.000554s ]
SQL: SHOW COLUMNS FROM `mf_shop` [ RunTime:0.0040s ]
SQL: SELECT `s_state` FROM `mf_shop` WHERE ( s_id=1 ) LIMIT 1   [ RunTime:0.0004s ]
SQL: UPDATE `mf_shop` SET `s_state`='已下架' WHERE ( s_id=1 ) [ RunTime:0.0079s ]

[ 2017-06-06T10:35:18+08:00 ] ::1 /work/index.php/Admin/Shop/Get_edit_info.html
INFO: [ app_init ] --START--
INFO: Run Behavior\BuildLiteBehavior [ RunTime:0.000023s ]
INFO: [ app_init ] --END-- [ RunTime:0.000679s ]
INFO: [ app_begin ] --START--
INFO: Run Behavior\ReadHtmlCacheBehavior [ RunTime:0.000739s ]
INFO: [ app_begin ] --END-- [ RunTime:0.000815s ]
SQL: SHOW COLUMNS FROM `mf_shop` [ RunTime:0.0044s ]
SQL: SELECT * FROM `mf_shop` WHERE ( s_id=1 ) LIMIT 1   [ RunTime:0.0007s ]

[ 2017-06-06T10:40:11+08:00 ] ::1 /work/admin/roles/index
INFO: [ app_init ] --START--
INFO: Run Behavior\BuildLiteBehavior [ RunTime:0.000012s ]
INFO: [ app_init ] --END-- [ RunTime:0.000318s ]
INFO: [ app_begin ] --START--
INFO: Run Behavior\ReadHtmlCacheBehavior [ RunTime:0.000420s ]
INFO: [ app_begin ] --END-- [ RunTime:0.000455s ]
INFO: [ view_parse ] --START--
INFO: [ template_filter ] --START--
INFO: Run Behavior\ContentReplaceBehavior [ RunTime:0.000106s ]
INFO: [ template_filter ] --END-- [ RunTime:0.000166s ]
INFO: Run Behavior\ParseTemplateBehavior [ RunTime:0.008012s ]
INFO: [ view_parse ] --END-- [ RunTime:0.008141s ]
INFO: [ view_filter ] --START--
INFO: Run Behavior\WriteHtmlCacheBehavior [ RunTime:0.000467s ]
INFO: [ view_filter ] --END-- [ RunTime:0.000526s ]
INFO: [ app_end ] --START--
INFO: Run Behavior\ShowPageTraceBehavior [ RunTime:0.001170s ]
INFO: [ app_end ] --END-- [ RunTime:0.001248s ]

[ 2017-06-06T10:40:11+08:00 ] ::1 /work/index.php/Admin/roles/nowpage.html
INFO: [ app_init ] --START--
INFO: Run Behavior\BuildLiteBehavior [ RunTime:0.000029s ]
INFO: [ app_init ] --END-- [ RunTime:0.000664s ]
INFO: [ app_begin ] --START--
INFO: Run Behavior\ReadHtmlCacheBehavior [ RunTime:0.001225s ]
INFO: [ app_begin ] --END-- [ RunTime:0.001334s ]
SQL: SHOW COLUMNS FROM `mf_rolestable` [ RunTime:0.0056s ]
SQL: SELECT COUNT(*) AS tp_count FROM `mf_rolestable` LIMIT 1   [ RunTime:0.0006s ]
SQL: SELECT * FROM `mf_rolestable` ORDER BY r_id LIMIT 0,5   [ RunTime:0.0005s ]

[ 2017-06-06T10:40:13+08:00 ] ::1 /work/admin/Shop/shopRelease
INFO: [ app_init ] --START--
INFO: Run Behavior\BuildLiteBehavior [ RunTime:0.000013s ]
INFO: [ app_init ] --END-- [ RunTime:0.000306s ]
INFO: [ app_begin ] --START--
INFO: Run Behavior\ReadHtmlCacheBehavior [ RunTime:0.000410s ]
INFO: [ app_begin ] --END-- [ RunTime:0.000443s ]
INFO: [ view_parse ] --START--
INFO: [ template_filter ] --START--
INFO: Run Behavior\ContentReplaceBehavior [ RunTime:0.000068s ]
INFO: [ template_filter ] --END-- [ RunTime:0.000115s ]
INFO: Run Behavior\ParseTemplateBehavior [ RunTime:0.009070s ]
INFO: [ view_parse ] --END-- [ RunTime:0.009129s ]
INFO: [ view_filter ] --START--
INFO: Run Behavior\WriteHtmlCacheBehavior [ RunTime:0.000218s ]
INFO: [ view_filter ] --END-- [ RunTime:0.000282s ]
INFO: [ app_end ] --START--
INFO: Run Behavior\ShowPageTraceBehavior [ RunTime:0.000703s ]
INFO: [ app_end ] --END-- [ RunTime:0.000752s ]

[ 2017-06-06T10:40:14+08:00 ] ::1 /work/admin/Shop/shopPreview
INFO: [ app_init ] --START--
INFO: Run Behavior\BuildLiteBehavior [ RunTime:0.000026s ]
INFO: [ app_init ] --END-- [ RunTime:0.000446s ]
INFO: [ app_begin ] --START--
INFO: Run Behavior\ReadHtmlCacheBehavior [ RunTime:0.000874s ]
INFO: [ app_begin ] --END-- [ RunTime:0.000961s ]
INFO: [ view_parse ] --START--
INFO: [ template_filter ] --START--
INFO: Run Behavior\ContentReplaceBehavior [ RunTime:0.000088s ]
INFO: [ template_filter ] --END-- [ RunTime:0.000130s ]
INFO: Run Behavior\ParseTemplateBehavior [ RunTime:0.008356s ]
INFO: [ view_parse ] --END-- [ RunTime:0.008407s ]
INFO: [ view_filter ] --START--
INFO: Run Behavior\WriteHtmlCacheBehavior [ RunTime:0.000145s ]
INFO: [ view_filter ] --END-- [ RunTime:0.000173s ]
INFO: [ app_end ] --START--
INFO: Run Behavior\ShowPageTraceBehavior [ RunTime:0.000696s ]
INFO: [ app_end ] --END-- [ RunTime:0.000747s ]

[ 2017-06-06T10:40:14+08:00 ] ::1 /work/index.php/Admin/Shop/shopPreview.html
INFO: [ app_init ] --START--
INFO: Run Behavior\BuildLiteBehavior [ RunTime:0.000023s ]
INFO: [ app_init ] --END-- [ RunTime:0.000557s ]
INFO: [ app_begin ] --START--
INFO: Run Behavior\ReadHtmlCacheBehavior [ RunTime:0.000818s ]
INFO: [ app_begin ] --END-- [ RunTime:0.000905s ]
SQL: SHOW COLUMNS FROM `mf_shop` [ RunTime:0.0055s ]
SQL: SELECT COUNT(*) AS tp_count FROM `mf_shop` LIMIT 1   [ RunTime:0.0003s ]
SQL: SELECT * FROM `mf_shop` LIMIT 0,5   [ RunTime:0.0004s ]

[ 2017-06-06T10:40:18+08:00 ] ::1 /work/admin/User/index
INFO: [ app_init ] --START--
INFO: Run Behavior\BuildLiteBehavior [ RunTime:0.000024s ]
INFO: [ app_init ] --END-- [ RunTime:0.000555s ]
INFO: [ app_begin ] --START--
INFO: Run Behavior\ReadHtmlCacheBehavior [ RunTime:0.000719s ]
INFO: [ app_begin ] --END-- [ RunTime:0.000791s ]
INFO: [ view_parse ] --START--
INFO: [ template_filter ] --START--
INFO: Run Behavior\ContentReplaceBehavior [ RunTime:0.000060s ]
INFO: [ template_filter ] --END-- [ RunTime:0.000107s ]
INFO: Run Behavior\ParseTemplateBehavior [ RunTime:0.006424s ]
INFO: [ view_parse ] --END-- [ RunTime:0.006467s ]
INFO: [ view_filter ] --START--
INFO: Run Behavior\WriteHtmlCacheBehavior [ RunTime:0.000175s ]
INFO: [ view_filter ] --END-- [ RunTime:0.000205s ]
INFO: [ app_end ] --START--
INFO: Run Behavior\ShowPageTraceBehavior [ RunTime:0.000655s ]
INFO: [ app_end ] --END-- [ RunTime:0.000717s ]

[ 2017-06-06T10:40:18+08:00 ] ::1 /work/index.php/Admin/user/nowpage.html
INFO: [ app_init ] --START--
INFO: Run Behavior\BuildLiteBehavior [ RunTime:0.000024s ]
INFO: [ app_init ] --END-- [ RunTime:0.000812s ]
INFO: [ app_begin ] --START--
INFO: Run Behavior\ReadHtmlCacheBehavior [ RunTime:0.000942s ]
INFO: [ app_begin ] --END-- [ RunTime:0.001040s ]
SQL: SHOW COLUMNS FROM `mf_user` [ RunTime:0.0051s ]
SQL: SELECT COUNT(*) AS tp_count FROM `mf_user` LIMIT 1   [ RunTime:0.0007s ]
SQL: SELECT * FROM `mf_user` LIMIT 0,5   [ RunTime:0.0011s ]

[ 2017-06-06T10:40:24+08:00 ] ::1 /work/admin/Destin/index
INFO: [ app_init ] --START--
INFO: Run Behavior\BuildLiteBehavior [ RunTime:0.000013s ]
INFO: [ app_init ] --END-- [ RunTime:0.000356s ]
INFO: [ app_begin ] --START--
INFO: Run Behavior\ReadHtmlCacheBehavior [ RunTime:0.000866s ]
INFO: [ app_begin ] --END-- [ RunTime:0.000945s ]
SQL: SHOW COLUMNS FROM `mf_des` [ RunTime:0.0039s ]
SQL: SELECT COUNT(*) AS tp_count FROM `mf_des` WHERE ( d_st<3 ) LIMIT 1   [ RunTime:0.0007s ]
SQL: SELECT `d_id`,`d_city`,`d_img`,`d_st` FROM `mf_des` WHERE ( d_st<3 ) LIMIT 0,6   [ RunTime:0.0008s ]
SQL: SHOW COLUMNS FROM `mf_st` [ RunTime:0.0047s ]
SQL: SELECT `s_id`,`s_name` FROM `mf_st` WHERE ( s_id<3 )  [ RunTime:0.0004s ]
SQL: SELECT `s_id`,`s_name` FROM `mf_st` WHERE ( s_id=1 )  [ RunTime:0.0003s ]
SQL: SHOW COLUMNS FROM `mf_area` [ RunTime:0.0037s ]
SQL: SELECT `a_id`,`a_name` FROM `mf_area`  [ RunTime:0.0003s ]
SQL: SELECT `s_id`,`s_name` FROM `mf_st` WHERE ( s_id=3 )  [ RunTime:0.0003s ]
INFO: [ view_parse ] --START--
INFO: [ template_filter ] --START--
INFO: Run Behavior\ContentReplaceBehavior [ RunTime:0.000097s ]
INFO: [ template_filter ] --END-- [ RunTime:0.000142s ]
INFO: Run Behavior\ParseTemplateBehavior [ RunTime:0.013086s ]
INFO: [ view_parse ] --END-- [ RunTime:0.013133s ]
INFO: [ view_filter ] --START--
INFO: Run Behavior\WriteHtmlCacheBehavior [ RunTime:0.000308s ]
INFO: [ view_filter ] --END-- [ RunTime:0.000348s ]
INFO: [ app_end ] --START--
INFO: Run Behavior\ShowPageTraceBehavior [ RunTime:0.000828s ]
INFO: [ app_end ] --END-- [ RunTime:0.000904s ]

[ 2017-06-06T10:40:25+08:00 ] ::1 /work/admin/Audit/index
INFO: [ app_init ] --START--
INFO: Run Behavior\BuildLiteBehavior [ RunTime:0.000014s ]
INFO: [ app_init ] --END-- [ RunTime:0.000440s ]
INFO: [ app_begin ] --START--
INFO: Run Behavior\ReadHtmlCacheBehavior [ RunTime:0.000439s ]
INFO: [ app_begin ] --END-- [ RunTime:0.000474s ]
SQL: SHOW COLUMNS FROM `mf_des` [ RunTime:0.0048s ]
SQL: SELECT `d_id`,`d_city`,`d_img`,`d_st` FROM `mf_des` WHERE ( d_st=3 )  [ RunTime:0.0005s ]
SQL: SHOW COLUMNS FROM `mf_st` [ RunTime:0.0039s ]
SQL: SELECT `s_id`,`s_name` FROM `mf_st` WHERE ( s_id<>2 )  [ RunTime:0.0007s ]
SQL: SHOW COLUMNS FROM `mf_area` [ RunTime:0.0043s ]
SQL: SELECT `a_id`,`a_name` FROM `mf_area`  [ RunTime:0.0005s ]
INFO: [ view_parse ] --START--
INFO: [ template_filter ] --START--
INFO: Run Behavior\ContentReplaceBehavior [ RunTime:0.000083s ]
INFO: [ template_filter ] --END-- [ RunTime:0.000129s ]
NOTIC: [8] Undefined variable: page /Users/hunkhe/Desktop/hf161028/work/Application/Runtime/Cache/Admin/6f2b7fee1c1cac74c6583143e476272b.php 第 119 行.
NOTIC: [8] Undefined variable: Sta /Users/hunkhe/Desktop/hf161028/work/Application/Runtime/Cache/Admin/6f2b7fee1c1cac74c6583143e476272b.php 第 138 行.
INFO: Run Behavior\ParseTemplateBehavior [ RunTime:0.008828s ]
INFO: [ view_parse ] --END-- [ RunTime:0.008867s ]
INFO: [ view_filter ] --START--
INFO: Run Behavior\WriteHtmlCacheBehavior [ RunTime:0.000158s ]
INFO: [ view_filter ] --END-- [ RunTime:0.000189s ]
INFO: [ app_end ] --START--
INFO: Run Behavior\ShowPageTraceBehavior [ RunTime:0.000812s ]
INFO: [ app_end ] --END-- [ RunTime:0.000866s ]

[ 2017-06-06T10:40:45+08:00 ] ::1 /work/admin/Order/unpaidOrder
INFO: [ app_init ] --START--
INFO: Run Behavior\BuildLiteBehavior [ RunTime:0.000012s ]
INFO: [ app_init ] --END-- [ RunTime:0.000330s ]
INFO: [ app_begin ] --START--
INFO: Run Behavior\ReadHtmlCacheBehavior [ RunTime:0.000425s ]
INFO: [ app_begin ] --END-- [ RunTime:0.000461s ]
INFO: [ view_parse ] --START--
INFO: [ template_filter ] --START--
INFO: Run Behavior\ContentReplaceBehavior [ RunTime:0.000128s ]
INFO: [ template_filter ] --END-- [ RunTime:0.000217s ]
INFO: Run Behavior\ParseTemplateBehavior [ RunTime:0.010198s ]
INFO: [ view_parse ] --END-- [ RunTime:0.010254s ]
INFO: [ view_filter ] --START--
INFO: Run Behavior\WriteHtmlCacheBehavior [ RunTime:0.000190s ]
INFO: [ view_filter ] --END-- [ RunTime:0.000220s ]
INFO: [ app_end ] --START--
INFO: Run Behavior\ShowPageTraceBehavior [ RunTime:0.000790s ]
INFO: [ app_end ] --END-- [ RunTime:0.000841s ]

[ 2017-06-06T10:40:45+08:00 ] ::1 /work/index.php/Admin/Order/unpaidOrder.html
INFO: [ app_init ] --START--
INFO: Run Behavior\BuildLiteBehavior [ RunTime:0.000025s ]
INFO: [ app_init ] --END-- [ RunTime:0.000618s ]
INFO: [ app_begin ] --START--
INFO: Run Behavior\ReadHtmlCacheBehavior [ RunTime:0.000893s ]
INFO: [ app_begin ] --END-- [ RunTime:0.000980s ]
SQL: SHOW COLUMNS FROM `mf_orderlist` [ RunTime:0.0040s ]
SQL: SELECT COUNT(*) AS tp_count FROM `mf_orderlist` WHERE ( os_id = 2 ) LIMIT 1   [ RunTime:0.0006s ]
SQL: SELECT * FROM `mf_orderlist` WHERE ( os_id = 2 ) ORDER BY ol_id LIMIT 0,5   [ RunTime:0.0009s ]
SQL: SHOW COLUMNS FROM `mf_orderstate` [ RunTime:0.0052s ]
SQL: SHOW COLUMNS FROM `mf_shop` [ RunTime:0.0043s ]
SQL: SHOW COLUMNS FROM `mf_user` [ RunTime:0.0043s ]
SQL: SELECT `os_state` FROM `mf_orderstate` WHERE ( os_id=2 ) LIMIT 1   [ RunTime:0.0006s ]
SQL: SELECT `s_name` FROM `mf_shop` WHERE ( s_id=2 ) LIMIT 1   [ RunTime:0.0004s ]
SQL: SELECT `account` FROM `mf_user` WHERE ( u_id=2 ) LIMIT 1   [ RunTime:0.0005s ]
SQL: SELECT `os_state` FROM `mf_orderstate` WHERE ( os_id=2 ) LIMIT 1   [ RunTime:0.0007s ]
SQL: SELECT `s_name` FROM `mf_shop` WHERE ( s_id=3 ) LIMIT 1   [ RunTime:0.0005s ]
SQL: SELECT `account` FROM `mf_user` WHERE ( u_id=1 ) LIMIT 1   [ RunTime:0.0006s ]
SQL: SELECT `os_state` FROM `mf_orderstate` WHERE ( os_id=2 ) LIMIT 1   [ RunTime:0.0006s ]
SQL: SELECT `s_name` FROM `mf_shop` WHERE ( s_id=2 ) LIMIT 1   [ RunTime:0.0004s ]
SQL: SELECT `account` FROM `mf_user` WHERE ( u_id=2 ) LIMIT 1   [ RunTime:0.0004s ]
SQL: SELECT `os_state` FROM `mf_orderstate` WHERE ( os_id=2 ) LIMIT 1   [ RunTime:0.0003s ]
SQL: SELECT `s_name` FROM `mf_shop` WHERE ( s_id=3 ) LIMIT 1   [ RunTime:0.0003s ]
SQL: SELECT `account` FROM `mf_user` WHERE ( u_id=1 ) LIMIT 1   [ RunTime:0.0003s ]
SQL: SELECT `os_state` FROM `mf_orderstate` WHERE ( os_id=2 ) LIMIT 1   [ RunTime:0.0003s ]
SQL: SELECT `s_name` FROM `mf_shop` WHERE ( s_id=2 ) LIMIT 1   [ RunTime:0.0003s ]
SQL: SELECT `account` FROM `mf_user` WHERE ( u_id=2 ) LIMIT 1   [ RunTime:0.0004s ]

[ 2017-06-06T10:40:46+08:00 ] ::1 /work/admin/Order/paidOrder
INFO: [ app_init ] --START--
INFO: Run Behavior\BuildLiteBehavior [ RunTime:0.000024s ]
INFO: [ app_init ] --END-- [ RunTime:0.000466s ]
INFO: [ app_begin ] --START--
INFO: Run Behavior\ReadHtmlCacheBehavior [ RunTime:0.000454s ]
INFO: [ app_begin ] --END-- [ RunTime:0.000490s ]
INFO: [ view_parse ] --START--
INFO: [ template_filter ] --START--
INFO: Run Behavior\ContentReplaceBehavior [ RunTime:0.000068s ]
INFO: [ template_filter ] --END-- [ RunTime:0.000120s ]
INFO: Run Behavior\ParseTemplateBehavior [ RunTime:0.008966s ]
INFO: [ view_parse ] --END-- [ RunTime:0.009003s ]
INFO: [ view_filter ] --START--
INFO: Run Behavior\WriteHtmlCacheBehavior [ RunTime:0.000161s ]
INFO: [ view_filter ] --END-- [ RunTime:0.000190s ]
INFO: [ app_end ] --START--
INFO: Run Behavior\ShowPageTraceBehavior [ RunTime:0.000506s ]
INFO: [ app_end ] --END-- [ RunTime:0.000538s ]

[ 2017-06-06T10:40:46+08:00 ] ::1 /work/index.php/Admin/Order/paidOrder.html
INFO: [ app_init ] --START--
INFO: Run Behavior\BuildLiteBehavior [ RunTime:0.000024s ]
INFO: [ app_init ] --END-- [ RunTime:0.000574s ]
INFO: [ app_begin ] --START--
INFO: Run Behavior\ReadHtmlCacheBehavior [ RunTime:0.000596s ]
INFO: [ app_begin ] --END-- [ RunTime:0.000665s ]
SQL: SHOW COLUMNS FROM `mf_orderlist` [ RunTime:0.0036s ]
SQL: SELECT COUNT(*) AS tp_count FROM `mf_orderlist` WHERE ( os_id != 2 ) LIMIT 1   [ RunTime:0.0007s ]
SQL: SELECT * FROM `mf_orderlist` WHERE ( os_id != 2 ) ORDER BY ol_id LIMIT 0,5   [ RunTime:0.0006s ]
SQL: SHOW COLUMNS FROM `mf_orderstate` [ RunTime:0.0052s ]
SQL: SHOW COLUMNS FROM `mf_shop` [ RunTime:0.0038s ]
SQL: SHOW COLUMNS FROM `mf_user` [ RunTime:0.0037s ]
SQL: SELECT `os_state` FROM `mf_orderstate` WHERE ( os_id=1 ) LIMIT 1   [ RunTime:0.0004s ]
SQL: SELECT `s_name` FROM `mf_shop` WHERE ( s_id=1 ) LIMIT 1   [ RunTime:0.0003s ]
SQL: SELECT `account` FROM `mf_user` WHERE ( u_id=1 ) LIMIT 1   [ RunTime:0.0003s ]
SQL: SELECT `os_state` FROM `mf_orderstate` WHERE ( os_id=1 ) LIMIT 1   [ RunTime:0.0005s ]
SQL: SELECT `s_name` FROM `mf_shop` WHERE ( s_id=5 ) LIMIT 1   [ RunTime:0.0003s ]
SQL: SELECT `account` FROM `mf_user` WHERE ( u_id=1 ) LIMIT 1   [ RunTime:0.0005s ]
SQL: SELECT `os_state` FROM `mf_orderstate` WHERE ( os_id=1 ) LIMIT 1   [ RunTime:0.0007s ]
SQL: SELECT `s_name` FROM `mf_shop` WHERE ( s_id=1 ) LIMIT 1   [ RunTime:0.0004s ]
SQL: SELECT `account` FROM `mf_user` WHERE ( u_id=1 ) LIMIT 1   [ RunTime:0.0014s ]
SQL: SELECT `os_state` FROM `mf_orderstate` WHERE ( os_id=1 ) LIMIT 1   [ RunTime:0.0005s ]
SQL: SELECT `s_name` FROM `mf_shop` WHERE ( s_id=5 ) LIMIT 1   [ RunTime:0.0005s ]
SQL: SELECT `account` FROM `mf_user` WHERE ( u_id=1 ) LIMIT 1   [ RunTime:0.0005s ]
SQL: SELECT `os_state` FROM `mf_orderstate` WHERE ( os_id=1 ) LIMIT 1   [ RunTime:0.0003s ]
SQL: SELECT `s_name` FROM `mf_shop` WHERE ( s_id=1 ) LIMIT 1   [ RunTime:0.0003s ]
SQL: SELECT `account` FROM `mf_user` WHERE ( u_id=1 ) LIMIT 1   [ RunTime:0.0003s ]

